12:50:37.328 [main                     ] DEBUG Logger               - Configured Logger
12:50:37.359 [main                     ] DEBUG GameApplication      - Logging settings
Title: WorldHELL 0 
Version: 0.1
Width: 800
Height: 800
Fullscreen: false
Intro: false
Profiling: false
Single step:false
App Mode: DEVELOPER
Menu Key: ESCAPE
Stage Style: DECORATED
Scene Factory: class com.almasb.fxgl.app.scene.SceneFactory

12:50:37.866 [JavaFX Application Thread] DEBUG FXGLApplication      - Initializing FXGL
12:50:37.872 [JavaFX Application Thread] INFO  Engine               - FXGL-17.2 (20.08.2022 16.50) on WINDOWS (J:20.0.2 FX:20.0.1)
12:50:37.873 [JavaFX Application Thread] DEBUG Engine               - JRE Vendor Name: Oracle Corporation
12:50:37.874 [JavaFX Application Thread] DEBUG Engine               - Running on OS: Windows 11 version 10.0
12:50:37.874 [JavaFX Application Thread] DEBUG Engine               - Architecture: amd64
12:50:37.874 [JavaFX Application Thread] INFO  Engine               - Source code and latest versions at: https://github.com/AlmasB/FXGL
12:50:37.875 [JavaFX Application Thread] INFO  Engine               -       Ask questions and discuss at: https://github.com/AlmasB/FXGL/discussions
12:50:37.875 [JavaFX Application Thread] INFO  Engine               -              Join the FXGL chat at: https://gitter.im/AlmasB/FXGL
12:50:38.066 [JavaFX Application Thread] DEBUG PrimaryStageWindow   - Creating a JavaFX scene
12:50:38.066 [JavaFX Application Thread] DEBUG PrimaryStageWindow   - Target size > screen size
12:50:38.136 [JavaFX Application Thread] DEBUG PrimaryStageWindow   - Target settings size: 800.0 x 800.0
12:50:38.136 [JavaFX Application Thread] DEBUG PrimaryStageWindow   - Scaled scene size:    695.0 x 720.0
12:50:38.136 [JavaFX Application Thread] DEBUG PrimaryStageWindow   - Scaled ratio: (0.86875, 0.9)
12:50:38.137 [JavaFX Application Thread] DEBUG PrimaryStageWindow   - Set initial scene to FXGLStartupScene
12:50:38.144 [JavaFX Application Thread] DEBUG PrimaryStageWindow   - Opening main window
12:50:38.243 [JavaFX Application Thread] DEBUG PrimaryStageWindow   - Window border size: (16.0, 39.0)
12:50:38.243 [JavaFX Application Thread] DEBUG PrimaryStageWindow   - Scaled size: 695.0 x 720.0
12:50:38.244 [JavaFX Application Thread] DEBUG PrimaryStageWindow   - Scaled ratio: (0.86875, 0.9)
12:50:38.244 [JavaFX Application Thread] DEBUG PrimaryStageWindow   - Scene size: 695.0 x 720.0
12:50:38.245 [JavaFX Application Thread] DEBUG PrimaryStageWindow   - Stage size: 711.0 x 759.0
12:50:38.258 [FXGL Background Thread 1 ] DEBUG Engine               - Initializing environment variables
12:50:38.334 [FXGL Background Thread 1 ] DEBUG FXGLAssetLoaderServi - User app class for loading assets: class com.example.basicgameapp.BasicGameApp
12:50:38.334 [FXGL Background Thread 1 ] DEBUG GameApplicationServi - Applying CSS: fxgl_dark.css
12:50:38.335 [FXGL Background Thread 1 ] DEBUG FXGLAssetLoaderServi - Loading from file system: jar:file:///C:/Users/majah/.m2/repository/com/github/almasb/fxgl/17.2/fxgl-17.2.jar!/fxglassets/ui/css/fxgl_dark.css
12:50:38.397 [FXGL Background Thread 1 ] DEBUG GameApplicationServi - Initializing application scenes
12:50:38.442 [FXGL Background Thread 1 ] DEBUG GameWorld            - Game world initialized
12:50:38.533 [FXGL Background Thread 1 ] DEBUG PhysicsWorld         - Physics world initialized: appHeight=800, physics.ppm=50.0
12:50:38.533 [FXGL Background Thread 1 ] DEBUG PhysicsWorld         - Using strategy: BRUTE_FORCE
12:50:38.538 [FXGL Background Thread 1 ] DEBUG GameScene            - Game scene initialized: 800x800
12:50:38.556 [FXGL Background Thread 1 ] DEBUG FXGL.DefaultMenu     - createMenuBodyMainMenu()
12:50:38.577 [FXGL Background Thread 1 ] DEBUG FXGL.DefaultMenu     - createOptionsMenu()
12:50:38.594 [FXGL Background Thread 1 ] DEBUG FXGLAssetLoaderServi - Loading from file system: jar:file:///C:/Users/majah/.m2/repository/com/github/almasb/fxgl/17.2/fxgl-17.2.jar!/fxglassets/textures/particles/smoke.png
12:50:38.722 [FXGL Background Thread 1 ] DEBUG FXGLAssetLoaderServi - Loading from file system: jar:file:///C:/Users/majah/.m2/repository/com/github/almasb/fxgl/17.2/fxgl-17.2.jar!/fxglassets/textures/particles/trace_horizontal.png
12:50:38.758 [FXGL Background Thread 1 ] DEBUG FXGL.DefaultMenu     - createMenuBodyGameMenu()
12:50:38.760 [FXGL Background Thread 1 ] DEBUG FXGL.DefaultMenu     - createOptionsMenu()
12:50:38.785 [FXGL Background Thread 1 ] DEBUG GameApplicationServi - Application scenes initialized
12:50:38.802 [FXGL Background Thread 1 ] DEBUG SystemBundleService  - Loading FXGL system data
12:50:38.819 [FXGL Background Thread 1 ] DEBUG FileSystemAccess     - Reading from: C:\Users\majah\OneDrive\Desktop\world-hell\BasicGameApp\system\fxgl.bundle
12:50:38.844 [FXGL Background Thread 1 ] DEBUG SystemBundleService  - Bundle FXGL: {}
12:50:38.844 [FXGL Background Thread 1 ] DEBUG UpdaterService       - Checking for updates
12:50:38.853 [FXGL Background Thread 1 ] DEBUG FXGLApplication      - Loading default localization
12:50:38.853 [FXGL Background Thread 4 ] DEBUG FXGLApplication      - Loading fonts
12:50:38.854 [FXGL Background Thread 1 ] DEBUG FXGLAssetLoaderServi - Loading from file system: jar:file:///C:/Users/majah/.m2/repository/com/github/almasb/fxgl/17.2/fxgl-17.2.jar!/fxglassets/languages/english.lang
12:50:38.854 [FXGL Background Thread 4 ] DEBUG FXGLAssetLoaderServi - Loading from file system: jar:file:///C:/Users/majah/.m2/repository/com/github/almasb/fxgl/17.2/fxgl-17.2.jar!/fxglassets/ui/fonts/VarelaRound-Regular.ttf
12:50:38.873 [FXGL Background Thread 1 ] INFO  FXGLApplication      - FXGL initialization took: 0.615 sec
12:50:38.890 [JavaFX Application Thread] DEBUG Input                - Registered new binding: action0 - D
12:50:38.890 [JavaFX Application Thread] DEBUG Input                - Registered new binding: action1 - A
12:50:38.891 [JavaFX Application Thread] DEBUG Input                - Registered new binding: action2 - W
12:50:38.891 [JavaFX Application Thread] DEBUG Input                - Registered new binding: action3 - S
12:50:38.892 [JavaFX Application Thread] DEBUG FXGLAssetLoaderServi - Loading from file system: jar:file:///C:/Users/majah/.m2/repository/com/github/almasb/fxgl/17.2/fxgl-17.2.jar!/fxglassets/textures/fxgl_icon.png
12:50:38.910 [JavaFX Application Thread] DEBUG FXGLAssetLoaderServi - Loading from file system: jar:file:///C:/Users/majah/.m2/repository/com/github/almasb/fxgl/17.2/fxgl-17.2.jar!/fxglassets/textures/fxgl_default_cursor.png
12:50:38.913 [JavaFX Application Thread] DEBUG Input                - Registered new binding: Screenshot - CTRL+8
12:50:38.914 [JavaFX Application Thread] DEBUG Input                - Registered new binding: System info dump - CTRL+9
12:50:38.914 [JavaFX Application Thread] DEBUG Input                - Registered new binding: Restart - CTRL+R
12:50:38.915 [JavaFX Application Thread] DEBUG Input                - Registered new binding: Toggle Debug Camera - CTRL+7
12:50:38.916 [JavaFX Application Thread] DEBUG LoopRunner           - Starting loop
12:50:38.916 [JavaFX Application Thread] DEBUG LoopRunner           - Initializing JavaFX AnimationTimerLoop
12:50:38.919 [JavaFX Application Thread] DEBUG Input                - Clearing active input actions
12:50:38.928 [JavaFX Application Thread] DEBUG GameApplicationServi - Removing overlay from FXGLStartupScene and adding to FXGLMainMenuDummyScene
12:50:38.928 [JavaFX Application Thread] DEBUG PrimaryStageWindow   - FXGLStartupScene -> FXGLMainMenuDummyScene
12:50:38.929 [JavaFX Application Thread] DEBUG PrimaryStageWindow   - Push state: FXGLDefaultMenu
12:50:38.935 [JavaFX Application Thread] DEBUG Input                - Clearing active input actions
12:50:38.948 [JavaFX Application Thread] DEBUG GameApplicationServi - Removing overlay from FXGLMainMenuDummyScene and adding to FXGLDefaultMenu
12:50:38.948 [JavaFX Application Thread] DEBUG PrimaryStageWindow   - FXGLMainMenuDummyScene -> FXGLDefaultMenu
12:50:39.108 [FXGL Background Thread 4 ] DEBUG FXGLAssetLoaderServi - Loading from file system: jar:file:///C:/Users/majah/.m2/repository/com/github/almasb/fxgl/17.2/fxgl-17.2.jar!/fxglassets/ui/fonts/Abel-Regular.ttf
12:50:39.187 [FXGL Background Thread 4 ] DEBUG FXGLAssetLoaderServi - Loading from file system: jar:file:///C:/Users/majah/.m2/repository/com/github/almasb/fxgl/17.2/fxgl-17.2.jar!/fxglassets/ui/fonts/TerminalLandMono-Regular.otf
12:50:39.192 [FXGL Background Thread 4 ] DEBUG FXGLAssetLoaderServi - Loading from file system: jar:file:///C:/Users/majah/.m2/repository/com/github/almasb/fxgl/17.2/fxgl-17.2.jar!/fxglassets/ui/fonts/Courier-Prime.ttf
12:50:39.329 [JavaFX Application Thread] DEBUG FXGLApplication      - Registering font factories with UI factory
12:50:39.667 [FXGL Background Thread 2 ] INFO  UpdaterService       - Your current version:  17.2
12:50:39.667 [FXGL Background Thread 2 ] INFO  UpdaterService       - Latest stable version: 17.3
12:50:41.850 [FXGL Background Thread 3 ] DEBUG Engine               - Logging environment variables
12:50:41.851 [FXGL Background Thread 3 ] DEBUG Engine               - achievements: []
12:50:41.851 [FXGL Background Thread 3 ] DEBUG Engine               - actualHeight: 720.0
12:50:41.851 [FXGL Background Thread 3 ] DEBUG Engine               - actualHeightProperty: ReadOnlyDoubleProperty [value: 720.0]
12:50:41.851 [FXGL Background Thread 3 ] DEBUG Engine               - actualWidth: 695.0
12:50:41.851 [FXGL Background Thread 3 ] DEBUG Engine               - actualWidthProperty: ReadOnlyDoubleProperty [value: 695.0]
12:50:41.851 [FXGL Background Thread 3 ] DEBUG Engine               - appIcon: fxgl_icon.png
12:50:41.851 [FXGL Background Thread 3 ] DEBUG Engine               - applicationMode: DEVELOPER
12:50:41.852 [FXGL Background Thread 3 ] DEBUG Engine               - cSSList: [fxgl_dark.css]
12:50:41.852 [FXGL Background Thread 3 ] DEBUG Engine               - collisionDetectionStrategy: BRUTE_FORCE
12:50:41.852 [FXGL Background Thread 3 ] DEBUG Engine               - configClass: Optional.empty
12:50:41.852 [FXGL Background Thread 3 ] DEBUG Engine               - credits: []
12:50:41.852 [FXGL Background Thread 3 ] DEBUG Engine               - defaultCursor: CursorInfo(imageName=fxgl_default_cursor.png, hotspotX=7.0, hotspotY=6.0)
12:50:41.853 [FXGL Background Thread 3 ] DEBUG Engine               - devBBoxColorProperty: ObjectProperty [value: 0xff0000ff]
12:50:41.853 [FXGL Background Thread 3 ] DEBUG Engine               - devEnableDebugCameraProperty: BooleanProperty [value: false]
12:50:41.853 [FXGL Background Thread 3 ] DEBUG Engine               - devSensorColorProperty: ObjectProperty [value: 0xffff00ff]
12:50:41.853 [FXGL Background Thread 3 ] DEBUG Engine               - devShowBBoxProperty: BooleanProperty [value: false]
12:50:41.853 [FXGL Background Thread 3 ] DEBUG Engine               - devShowPositionProperty: BooleanProperty [value: false]
12:50:41.853 [FXGL Background Thread 3 ] DEBUG Engine               - enabledMenuItems: []
12:50:41.853 [FXGL Background Thread 3 ] DEBUG Engine               - engineServices: [class com.almasb.fxgl.app.services.FXGLAssetLoaderService, class com.almasb.fxgl.app.FXGLApplication$GameApplicationService, class com.almasb.fxgl.app.services.FXGLDialogService, class com.almasb.fxgl.app.services.IOTaskExecutorService, class com.almasb.fxgl.io.FileSystemService, class com.almasb.fxgl.localization.LocalizationService, class com.almasb.fxgl.app.services.SystemBundleService, class com.almasb.fxgl.profile.SaveLoadService, class com.almasb.fxgl.ui.FXGLUIFactoryServiceProvider, class com.almasb.fxgl.ui.FXGLDialogFactoryServiceProvider, class com.almasb.fxgl.audio.AudioPlayer, class com.almasb.fxgl.notification.impl.NotificationServiceProvider, class com.almasb.fxgl.achievement.AchievementService, class com.almasb.fxgl.cutscene.CutsceneService, class com.almasb.fxgl.minigames.MiniGameService, class com.almasb.fxgl.net.NetService, class com.almasb.fxgl.app.services.UpdaterService, class com.almasb.fxgl.dev.DevService]
12:50:41.853 [FXGL Background Thread 3 ] DEBUG Engine               - fontGame: Abel-Regular.ttf
12:50:41.854 [FXGL Background Thread 3 ] DEBUG Engine               - fontMono: TerminalLandMono-Regular.otf
12:50:41.854 [FXGL Background Thread 3 ] DEBUG Engine               - fontText: Courier-Prime.ttf
12:50:41.854 [FXGL Background Thread 3 ] DEBUG Engine               - fontUI: VarelaRound-Regular.ttf
12:50:41.854 [FXGL Background Thread 3 ] DEBUG Engine               - fullScreen: BooleanProperty [value: false]
12:50:41.854 [FXGL Background Thread 3 ] DEBUG Engine               - gameDifficulty: MEDIUM
12:50:41.854 [FXGL Background Thread 3 ] DEBUG Engine               - gameDifficultyProperty: ObjectProperty [value: MEDIUM]
12:50:41.854 [FXGL Background Thread 3 ] DEBUG Engine               - globalMusicVolume: 0.5
12:50:41.854 [FXGL Background Thread 3 ] DEBUG Engine               - globalMusicVolumeProperty: DoubleProperty [value: 0.5]
12:50:41.854 [FXGL Background Thread 3 ] DEBUG Engine               - globalSoundVolume: 0.5
12:50:41.854 [FXGL Background Thread 3 ] DEBUG Engine               - globalSoundVolumeProperty: DoubleProperty [value: 0.5]
12:50:41.854 [FXGL Background Thread 3 ] DEBUG Engine               - height: 800
12:50:41.854 [FXGL Background Thread 3 ] DEBUG Engine               - is3D: false
12:50:41.854 [FXGL Background Thread 3 ] DEBUG Engine               - isAndroid: false
12:50:41.856 [FXGL Background Thread 3 ] DEBUG Engine               - isBrowser: false
12:50:41.856 [FXGL Background Thread 3 ] DEBUG Engine               - isClickFeedbackEnabled: false
12:50:41.856 [FXGL Background Thread 3 ] DEBUG Engine               - isCloseConfirmation: false
12:50:41.856 [FXGL Background Thread 3 ] DEBUG Engine               - isDesktop: true
12:50:41.856 [FXGL Background Thread 3 ] DEBUG Engine               - isDeveloperMenuEnabled: false
12:50:41.856 [FXGL Background Thread 3 ] DEBUG Engine               - isEmbedded: false
12:50:41.856 [FXGL Background Thread 3 ] DEBUG Engine               - isEntityPreloadEnabled: true
12:50:41.856 [FXGL Background Thread 3 ] DEBUG Engine               - isExperimentalTiledLargeMap: false
12:50:41.856 [FXGL Background Thread 3 ] DEBUG Engine               - isFileSystemWriteAllowed: true
12:50:41.856 [FXGL Background Thread 3 ] DEBUG Engine               - isFullScreenAllowed: false
12:50:41.856 [FXGL Background Thread 3 ] DEBUG Engine               - isFullScreenFromStart: false
12:50:41.857 [FXGL Background Thread 3 ] DEBUG Engine               - isGameMenuEnabled: true
12:50:41.857 [FXGL Background Thread 3 ] DEBUG Engine               - isIOS: false
12:50:41.857 [FXGL Background Thread 3 ] DEBUG Engine               - isIntroEnabled: false
12:50:41.857 [FXGL Background Thread 3 ] DEBUG Engine               - isLinux: false
12:50:41.857 [FXGL Background Thread 3 ] DEBUG Engine               - isMac: false
12:50:41.857 [FXGL Background Thread 3 ] DEBUG Engine               - isMainMenuEnabled: true
12:50:41.857 [FXGL Background Thread 3 ] DEBUG Engine               - isManualResizeEnabled: false
12:50:41.857 [FXGL Background Thread 3 ] DEBUG Engine               - isMobile: false
12:50:41.857 [FXGL Background Thread 3 ] DEBUG Engine               - isNative: false
12:50:41.857 [FXGL Background Thread 3 ] DEBUG Engine               - isPauseMusicWhenMinimized: true
12:50:41.857 [FXGL Background Thread 3 ] DEBUG Engine               - isPreserveResizeRatio: false
12:50:41.857 [FXGL Background Thread 3 ] DEBUG Engine               - isProfilingEnabled: false
12:50:41.857 [FXGL Background Thread 3 ] DEBUG Engine               - isScaleAffectedOnResize: true
12:50:41.858 [FXGL Background Thread 3 ] DEBUG Engine               - isSingleStep: false
12:50:41.858 [FXGL Background Thread 3 ] DEBUG Engine               - isUserProfileEnabled: false
12:50:41.858 [FXGL Background Thread 3 ] DEBUG Engine               - isWindows: true
12:50:41.858 [FXGL Background Thread 3 ] DEBUG Engine               - language: ObjectProperty [value: ENGLISH]
12:50:41.858 [FXGL Background Thread 3 ] DEBUG Engine               - menuKey: ESCAPE
12:50:41.858 [FXGL Background Thread 3 ] DEBUG Engine               - mouseSensitivity: 0.2
12:50:41.858 [FXGL Background Thread 3 ] DEBUG Engine               - notificationViewClass: class com.almasb.fxgl.notification.view.XboxNotificationView
12:50:41.858 [FXGL Background Thread 3 ] DEBUG Engine               - pixelsPerMeter: 50.0
12:50:41.858 [FXGL Background Thread 3 ] DEBUG Engine               - platform: WINDOWS
12:50:41.858 [FXGL Background Thread 3 ] DEBUG Engine               - prefHeightProperty: ReadOnlyDoubleProperty [value: 800.0]
12:50:41.858 [FXGL Background Thread 3 ] DEBUG Engine               - prefWidthProperty: ReadOnlyDoubleProperty [value: 800.0]
12:50:41.858 [FXGL Background Thread 3 ] DEBUG Engine               - profileDir: profiles/
12:50:41.858 [FXGL Background Thread 3 ] DEBUG Engine               - profileName: StringProperty [value: DEFAULT]
12:50:41.858 [FXGL Background Thread 3 ] DEBUG Engine               - randomSeed: -1
12:50:41.859 [FXGL Background Thread 3 ] DEBUG Engine               - runtimeInfo: RuntimeInfo(platform=WINDOWS, version=17.2, build=20.08.2022 16.50)
12:50:41.859 [FXGL Background Thread 3 ] DEBUG Engine               - saveFileExt: sav
12:50:41.859 [FXGL Background Thread 3 ] DEBUG Engine               - scaledHeightProp$fxgl: DoubleProperty [bound, value: 720.0]
12:50:41.859 [FXGL Background Thread 3 ] DEBUG Engine               - scaledWidthProp$fxgl: DoubleProperty [bound, value: 695.0]
12:50:41.859 [FXGL Background Thread 3 ] DEBUG Engine               - sceneFactory: com.almasb.fxgl.app.scene.SceneFactory@70b3c5b2
12:50:41.859 [FXGL Background Thread 3 ] DEBUG Engine               - secondsIn24h: 60
12:50:41.859 [FXGL Background Thread 3 ] DEBUG Engine               - soundMenuBack: menu/back.wav
12:50:41.860 [FXGL Background Thread 3 ] DEBUG Engine               - soundMenuPress: menu/press.wav
12:50:41.860 [FXGL Background Thread 3 ] DEBUG Engine               - soundMenuSelect: menu/select.wav
12:50:41.860 [FXGL Background Thread 3 ] DEBUG Engine               - soundNotification: core/notification.wav
12:50:41.860 [FXGL Background Thread 3 ] DEBUG Engine               - stageStyle: DECORATED
12:50:41.860 [FXGL Background Thread 3 ] DEBUG Engine               - supportedLanguages: [ENGLISH, FRENCH, GERMAN, HUNGARIAN, RUSSIAN]
12:50:41.860 [FXGL Background Thread 3 ] DEBUG Engine               - ticksPerSecond: -1
12:50:41.860 [FXGL Background Thread 3 ] DEBUG Engine               - title: WorldHELL 0 
12:50:41.860 [FXGL Background Thread 3 ] DEBUG Engine               - urlGithub: https://github.com/AlmasB/FXGL
12:50:41.860 [FXGL Background Thread 3 ] DEBUG Engine               - urlLeaderboard: http://fxgl-top.herokuapp.com/
12:50:41.860 [FXGL Background Thread 3 ] DEBUG Engine               - urlPOM: https://raw.githubusercontent.com/AlmasB/FXGL/release/README.md
12:50:41.860 [FXGL Background Thread 3 ] DEBUG Engine               - userAppClass: class com.example.basicgameapp.BasicGameApp
12:50:41.860 [FXGL Background Thread 3 ] DEBUG Engine               - version: 0.1
12:50:41.860 [FXGL Background Thread 3 ] DEBUG Engine               - versionCheckDays: 7
12:50:41.860 [FXGL Background Thread 3 ] DEBUG Engine               - width: 800
12:50:41.861 [FXGL Background Thread 3 ] DEBUG Engine               - Logging services
12:50:41.861 [FXGL Background Thread 3 ] DEBUG Engine               - class com.almasb.fxgl.app.services.FXGLAssetLoaderService
12:50:41.861 [FXGL Background Thread 3 ] DEBUG Engine               - class com.almasb.fxgl.app.FXGLApplication$GameApplicationService
12:50:41.861 [FXGL Background Thread 3 ] DEBUG Engine               - class com.almasb.fxgl.app.services.FXGLDialogService
12:50:41.861 [FXGL Background Thread 3 ] DEBUG Engine               - class com.almasb.fxgl.app.services.IOTaskExecutorService
12:50:41.861 [FXGL Background Thread 3 ] DEBUG Engine               - class com.almasb.fxgl.io.FileSystemService
12:50:41.861 [FXGL Background Thread 3 ] DEBUG Engine               - class com.almasb.fxgl.localization.LocalizationService
12:50:41.861 [FXGL Background Thread 3 ] DEBUG Engine               - class com.almasb.fxgl.app.services.SystemBundleService
12:50:41.861 [FXGL Background Thread 3 ] DEBUG Engine               - class com.almasb.fxgl.profile.SaveLoadService
12:50:41.861 [FXGL Background Thread 3 ] DEBUG Engine               - class com.almasb.fxgl.ui.FXGLUIFactoryServiceProvider
12:50:41.861 [FXGL Background Thread 3 ] DEBUG Engine               - class com.almasb.fxgl.ui.FXGLDialogFactoryServiceProvider
12:50:41.861 [FXGL Background Thread 3 ] DEBUG Engine               - class com.almasb.fxgl.audio.AudioPlayer
12:50:41.861 [FXGL Background Thread 3 ] DEBUG Engine               - class com.almasb.fxgl.notification.impl.NotificationServiceProvider
12:50:41.861 [FXGL Background Thread 3 ] DEBUG Engine               - class com.almasb.fxgl.achievement.AchievementService
12:50:41.861 [FXGL Background Thread 3 ] DEBUG Engine               - class com.almasb.fxgl.cutscene.CutsceneService
12:50:41.862 [FXGL Background Thread 3 ] DEBUG Engine               - class com.almasb.fxgl.minigames.MiniGameService
12:50:41.862 [FXGL Background Thread 3 ] DEBUG Engine               - class com.almasb.fxgl.net.NetService
12:50:41.862 [FXGL Background Thread 3 ] DEBUG Engine               - class com.almasb.fxgl.app.services.UpdaterService
12:50:41.862 [FXGL Background Thread 3 ] DEBUG Engine               - class com.almasb.fxgl.dev.DevService
12:51:46.454 [JavaFX Application Thread] DEBUG FXGLApplication      - Exiting FXGL
12:51:46.454 [JavaFX Application Thread] DEBUG LoopRunner           - Stopping loop
12:51:46.454 [JavaFX Application Thread] DEBUG SystemBundleService  - Saving FXGL system data
12:51:46.457 [JavaFX Application Thread] DEBUG FileSystemAccess     - Writing to: C:\Users\majah\OneDrive\Desktop\world-hell\BasicGameApp\system\fxgl.bundle
12:51:46.461 [JavaFX Application Thread] DEBUG Async                - Shutting down background threads
12:51:46.461 [JavaFX Application Thread] DEBUG PrimaryStageWindow   - Closing main window
12:51:46.478 [JavaFX Application Thread] DEBUG Logger               - Closing Logger
