10:51:21.024 [main                     ] DEBUG Logger               - Configured Logger
10:51:21.055 [main                     ] DEBUG GameApplication      - Logging settings
Title: WorldHELL0 
Version: version 0
Width: 800
Height: 800
Fullscreen: false
Intro: false
Profiling: false
Single step:false
App Mode: DEVELOPER
Menu Key: ESCAPE
Stage Style: DECORATED
Scene Factory: class com.example.basicgameapp.sceneFactory

10:51:21.408 [JavaFX Application Thread] DEBUG FXGLApplication      - Initializing FXGL
10:51:21.414 [JavaFX Application Thread] INFO  Engine               - FXGL-17.2 (20.08.2022 16.50) on WINDOWS (J:20.0.2 FX:20.0.1)
10:51:21.414 [JavaFX Application Thread] DEBUG Engine               - JRE Vendor Name: Oracle Corporation
10:51:21.414 [JavaFX Application Thread] DEBUG Engine               - Running on OS: Windows 11 version 10.0
10:51:21.414 [JavaFX Application Thread] DEBUG Engine               - Architecture: amd64
10:51:21.415 [JavaFX Application Thread] INFO  Engine               - Source code and latest versions at: https://github.com/AlmasB/FXGL
10:51:21.415 [JavaFX Application Thread] INFO  Engine               -       Ask questions and discuss at: https://github.com/AlmasB/FXGL/discussions
10:51:21.415 [JavaFX Application Thread] INFO  Engine               -              Join the FXGL chat at: https://gitter.im/AlmasB/FXGL
10:51:21.520 [JavaFX Application Thread] DEBUG PrimaryStageWindow   - Creating a JavaFX scene
10:51:21.582 [JavaFX Application Thread] DEBUG PrimaryStageWindow   - Target settings size: 800.0 x 800.0
10:51:21.582 [JavaFX Application Thread] DEBUG PrimaryStageWindow   - Scaled scene size:    800.0 x 800.0
10:51:21.583 [JavaFX Application Thread] DEBUG PrimaryStageWindow   - Scaled ratio: (1.0, 1.0)
10:51:21.584 [JavaFX Application Thread] DEBUG PrimaryStageWindow   - Set initial scene to FXGLStartupScene
10:51:21.588 [JavaFX Application Thread] DEBUG PrimaryStageWindow   - Opening main window
10:51:21.674 [JavaFX Application Thread] DEBUG PrimaryStageWindow   - Window border size: (14.4000244140625, 37.5999755859375)
10:51:21.675 [JavaFX Application Thread] DEBUG PrimaryStageWindow   - Scaled size: 800.0 x 800.0
10:51:21.675 [JavaFX Application Thread] DEBUG PrimaryStageWindow   - Scaled ratio: (1.0, 1.0)
10:51:21.675 [JavaFX Application Thread] DEBUG PrimaryStageWindow   - Scene size: 800.0 x 800.0
10:51:21.676 [JavaFX Application Thread] DEBUG PrimaryStageWindow   - Stage size: 814.4000244140625 x 837.5999755859375
10:51:21.686 [FXGL Background Thread 1 ] DEBUG Engine               - Initializing environment variables
10:51:21.751 [FXGL Background Thread 1 ] DEBUG FXGLAssetLoaderServi - User app class for loading assets: class com.example.basicgameapp.BasicGameApp
10:51:21.751 [FXGL Background Thread 1 ] DEBUG GameApplicationServi - Applying CSS: fxgl_dark.css
10:51:21.752 [FXGL Background Thread 1 ] DEBUG FXGLAssetLoaderServi - Loading from file system: jar:file:///C:/Users/majah/.m2/repository/com/github/almasb/fxgl/17.2/fxgl-17.2.jar!/fxglassets/ui/css/fxgl_dark.css
10:51:21.803 [FXGL Background Thread 1 ] DEBUG GameApplicationServi - Initializing application scenes
10:51:21.845 [FXGL Background Thread 1 ] DEBUG GameWorld            - Game world initialized
10:51:21.915 [FXGL Background Thread 1 ] DEBUG PhysicsWorld         - Physics world initialized: appHeight=800, physics.ppm=50.0
10:51:21.915 [FXGL Background Thread 1 ] DEBUG PhysicsWorld         - Using strategy: BRUTE_FORCE
10:51:21.920 [FXGL Background Thread 1 ] DEBUG GameScene            - Game scene initialized: 800x800
10:51:21.934 [FXGL Background Thread 1 ] DEBUG FXGL.DefaultMenu     - createMenuBodyGameMenu()
10:51:21.949 [FXGL Background Thread 1 ] DEBUG FXGL.DefaultMenu     - createOptionsMenu()
10:51:21.961 [FXGL Background Thread 1 ] DEBUG FXGLAssetLoaderServi - Loading from file system: jar:file:///C:/Users/majah/.m2/repository/com/github/almasb/fxgl/17.2/fxgl-17.2.jar!/fxglassets/textures/particles/smoke.png
10:51:22.065 [FXGL Background Thread 1 ] DEBUG FXGLAssetLoaderServi - Loading from file system: jar:file:///C:/Users/majah/.m2/repository/com/github/almasb/fxgl/17.2/fxgl-17.2.jar!/fxglassets/textures/particles/trace_horizontal.png
10:51:22.105 [FXGL Background Thread 1 ] DEBUG GameApplicationServi - Application scenes initialized
10:51:22.120 [FXGL Background Thread 1 ] DEBUG SystemBundleService  - Loading FXGL system data
10:51:22.126 [FXGL Background Thread 1 ] DEBUG FileSystemAccess     - Reading from: C:\Users\majah\IdeaProjects\BasicGameApp\system\fxgl.bundle
10:51:22.138 [FXGL Background Thread 1 ] DEBUG SystemBundleService  - Bundle FXGL: {}
10:51:22.138 [FXGL Background Thread 1 ] DEBUG UpdaterService       - Checking for updates
10:51:22.144 [FXGL Background Thread 4 ] DEBUG FXGLApplication      - Loading fonts
10:51:22.145 [FXGL Background Thread 4 ] DEBUG FXGLAssetLoaderServi - Loading from file system: jar:file:///C:/Users/majah/.m2/repository/com/github/almasb/fxgl/17.2/fxgl-17.2.jar!/fxglassets/ui/fonts/VarelaRound-Regular.ttf
10:51:22.144 [FXGL Background Thread 1 ] DEBUG FXGLApplication      - Loading default localization
10:51:22.145 [FXGL Background Thread 1 ] DEBUG FXGLAssetLoaderServi - Loading from file system: jar:file:///C:/Users/majah/.m2/repository/com/github/almasb/fxgl/17.2/fxgl-17.2.jar!/fxglassets/languages/english.lang
10:51:22.178 [FXGL Background Thread 1 ] INFO  FXGLApplication      - FXGL initialization took: 0.493 sec
10:51:22.192 [JavaFX Application Thread] DEBUG Input                - Registered new binding: action0 - D
10:51:22.193 [JavaFX Application Thread] DEBUG Input                - Registered new binding: action1 - A
10:51:22.193 [JavaFX Application Thread] DEBUG Input                - Registered new binding: action2 - W
10:51:22.194 [JavaFX Application Thread] DEBUG Input                - Registered new binding: action3 - S
10:51:22.195 [JavaFX Application Thread] DEBUG FXGLAssetLoaderServi - Loading from file system: jar:file:///C:/Users/majah/.m2/repository/com/github/almasb/fxgl/17.2/fxgl-17.2.jar!/fxglassets/textures/fxgl_icon.png
10:51:22.217 [JavaFX Application Thread] DEBUG FXGLAssetLoaderServi - Loading from file system: jar:file:///C:/Users/majah/.m2/repository/com/github/almasb/fxgl/17.2/fxgl-17.2.jar!/fxglassets/textures/fxgl_default_cursor.png
10:51:22.220 [JavaFX Application Thread] DEBUG Input                - Registered new binding: Screenshot - CTRL+8
10:51:22.220 [JavaFX Application Thread] DEBUG Input                - Registered new binding: System info dump - CTRL+9
10:51:22.220 [JavaFX Application Thread] DEBUG Input                - Registered new binding: Restart - CTRL+R
10:51:22.222 [JavaFX Application Thread] DEBUG Input                - Registered new binding: Toggle Debug Camera - CTRL+7
10:51:22.225 [JavaFX Application Thread] DEBUG LoopRunner           - Starting loop
10:51:22.226 [JavaFX Application Thread] DEBUG LoopRunner           - Initializing JavaFX AnimationTimerLoop
10:51:22.227 [JavaFX Application Thread] DEBUG GameApplicationServi - Starting new game
10:51:22.228 [JavaFX Application Thread] DEBUG Input                - Clearing active input actions
10:51:22.242 [JavaFX Application Thread] DEBUG GameApplicationServi - Removing overlay from FXGLStartupScene and adding to FXGLLoadingScene
10:51:22.242 [JavaFX Application Thread] DEBUG PrimaryStageWindow   - FXGLStartupScene -> FXGLLoadingScene
10:51:22.242 [JavaFX Application Thread] DEBUG GameApplicationServi - Clearing previous game
10:51:22.243 [JavaFX Application Thread] DEBUG GameScene            - Clearing game scene
10:51:22.243 [JavaFX Application Thread] DEBUG GameWorld            - Clearing game world
10:51:22.243 [JavaFX Application Thread] DEBUG PhysicsWorld         - Clearing physics world
10:51:22.245 [FXGL Background Thread 1 ] DEBUG FXGLApplication      - Initializing game
10:51:22.252 [FXGL Background Thread 1 ] DEBUG FXGLAssetLoaderServi - Loading from file system: file:/C:/Users/majah/IdeaProjects/BasicGameApp/target/classes/assets/textures/girl_colored.png
10:51:22.262 [FXGL Background Thread 1 ] DEBUG FXGLAssetLoaderServi - Loading from file system: file:/C:/Users/majah/IdeaProjects/BasicGameApp/target/classes/assets/textures/girl_bbox.png
10:51:22.265 [FXGL Background Thread 4 ] DEBUG FXGLAssetLoaderServi - Loading from file system: jar:file:///C:/Users/majah/.m2/repository/com/github/almasb/fxgl/17.2/fxgl-17.2.jar!/fxglassets/ui/fonts/Abel-Regular.ttf
10:51:22.270 [FXGL Background Thread 4 ] DEBUG FXGLAssetLoaderServi - Loading from file system: jar:file:///C:/Users/majah/.m2/repository/com/github/almasb/fxgl/17.2/fxgl-17.2.jar!/fxglassets/ui/fonts/TerminalLandMono-Regular.otf
10:51:22.275 [FXGL Background Thread 4 ] DEBUG FXGLAssetLoaderServi - Loading from file system: jar:file:///C:/Users/majah/.m2/repository/com/github/almasb/fxgl/17.2/fxgl-17.2.jar!/fxglassets/ui/fonts/Courier-Prime.ttf
10:51:22.298 [JavaFX Application Thread] DEBUG FXGLApplication      - Registering font factories with UI factory
10:51:22.301 [FXGL Background Thread 1 ] INFO  FXGLApplication      - Game initialization took: 0.055 sec
10:51:22.302 [JavaFX Application Thread] DEBUG Input                - Clearing active input actions
10:51:22.310 [JavaFX Application Thread] DEBUG GameApplicationServi - Removing overlay from FXGLLoadingScene and adding to GameScene
10:51:22.310 [JavaFX Application Thread] DEBUG PrimaryStageWindow   - FXGLLoadingScene -> GameScene
10:51:22.363 [FXGL Background Thread 2 ] WARN  UpdaterService       - Failed to find updates: java.net.UnknownHostException: raw.githubusercontent.com
10:51:22.856 [JavaFX Application Thread] DEBUG FXGLAssetLoaderServi - Loading from file system: file:/C:/Users/majah/IdeaProjects/BasicGameApp/target/classes/assets/textures/zombie_colored.png
10:51:22.942 [JavaFX Application Thread] DEBUG FXGLAssetLoaderServi - Loading from file system: file:/C:/Users/majah/IdeaProjects/BasicGameApp/target/classes/assets/textures/eagle_colored.png
10:51:23.536 [JavaFX Application Thread] DEBUG FXGLApplication      - Exiting FXGL
10:51:23.536 [JavaFX Application Thread] DEBUG LoopRunner           - Stopping loop
10:51:23.536 [JavaFX Application Thread] DEBUG SystemBundleService  - Saving FXGL system data
10:51:23.541 [JavaFX Application Thread] DEBUG FileSystemAccess     - Writing to: C:\Users\majah\IdeaProjects\BasicGameApp\system\fxgl.bundle
10:51:23.546 [JavaFX Application Thread] DEBUG Async                - Shutting down background threads
10:51:23.547 [JavaFX Application Thread] DEBUG PrimaryStageWindow   - Closing main window
10:51:23.576 [JavaFX Application Thread] DEBUG Logger               - Closing Logger
