16:37:46.939 [main                     ] DEBUG Logger               - Configured Logger
16:37:46.966 [main                     ] DEBUG GameApplication      - Logging settings
Title: WorldHELL 0 
Version: 0.1
Width: 800
Height: 800
Fullscreen: false
Intro: false
Profiling: false
Single step:false
App Mode: DEVELOPER
Menu Key: ESCAPE
Stage Style: DECORATED
Scene Factory: class com.almasb.fxgl.app.scene.SceneFactory

16:37:47.380 [JavaFX Application Thread] DEBUG FXGLApplication      - Initializing FXGL
16:37:47.385 [JavaFX Application Thread] INFO  Engine               - FXGL-17.2 (20.08.2022 16.50) on WINDOWS (J:20.0.2 FX:20.0.1)
16:37:47.385 [JavaFX Application Thread] DEBUG Engine               - JRE Vendor Name: Oracle Corporation
16:37:47.385 [JavaFX Application Thread] DEBUG Engine               - Running on OS: Windows 11 version 10.0
16:37:47.385 [JavaFX Application Thread] DEBUG Engine               - Architecture: amd64
16:37:47.385 [JavaFX Application Thread] INFO  Engine               - Source code and latest versions at: https://github.com/AlmasB/FXGL
16:37:47.386 [JavaFX Application Thread] INFO  Engine               -       Ask questions and discuss at: https://github.com/AlmasB/FXGL/discussions
16:37:47.386 [JavaFX Application Thread] INFO  Engine               -              Join the FXGL chat at: https://gitter.im/AlmasB/FXGL
16:37:47.494 [JavaFX Application Thread] DEBUG PrimaryStageWindow   - Creating a JavaFX scene
16:37:47.495 [JavaFX Application Thread] DEBUG PrimaryStageWindow   - Target size > screen size
16:37:47.547 [JavaFX Application Thread] DEBUG PrimaryStageWindow   - Target settings size: 800.0 x 800.0
16:37:47.548 [JavaFX Application Thread] DEBUG PrimaryStageWindow   - Scaled scene size:    695.0 x 720.0
16:37:47.548 [JavaFX Application Thread] DEBUG PrimaryStageWindow   - Scaled ratio: (0.86875, 0.9)
16:37:47.548 [JavaFX Application Thread] DEBUG PrimaryStageWindow   - Set initial scene to FXGLStartupScene
16:37:47.551 [JavaFX Application Thread] DEBUG PrimaryStageWindow   - Opening main window
16:37:47.618 [JavaFX Application Thread] DEBUG PrimaryStageWindow   - Window border size: (16.0, 39.0)
16:37:47.620 [JavaFX Application Thread] DEBUG PrimaryStageWindow   - Scaled size: 695.0 x 720.0
16:37:47.620 [JavaFX Application Thread] DEBUG PrimaryStageWindow   - Scaled ratio: (0.86875, 0.9)
16:37:47.620 [JavaFX Application Thread] DEBUG PrimaryStageWindow   - Scene size: 695.0 x 720.0
16:37:47.621 [JavaFX Application Thread] DEBUG PrimaryStageWindow   - Stage size: 711.0 x 759.0
16:37:47.632 [FXGL Background Thread 1 ] DEBUG Engine               - Initializing environment variables
16:37:47.694 [FXGL Background Thread 1 ] DEBUG FXGLAssetLoaderServi - User app class for loading assets: class com.example.basicgameapp.BasicGameApp
16:37:47.694 [FXGL Background Thread 1 ] DEBUG GameApplicationServi - Applying CSS: fxgl_dark.css
16:37:47.695 [FXGL Background Thread 1 ] DEBUG FXGLAssetLoaderServi - Loading from file system: jar:file:///C:/Users/majah/.m2/repository/com/github/almasb/fxgl/17.2/fxgl-17.2.jar!/fxglassets/ui/css/fxgl_dark.css
16:37:47.734 [FXGL Background Thread 1 ] DEBUG GameApplicationServi - Initializing application scenes
16:37:47.771 [FXGL Background Thread 1 ] DEBUG GameWorld            - Game world initialized
16:37:47.846 [FXGL Background Thread 1 ] DEBUG PhysicsWorld         - Physics world initialized: appHeight=800, physics.ppm=50.0
16:37:47.847 [FXGL Background Thread 1 ] DEBUG PhysicsWorld         - Using strategy: BRUTE_FORCE
16:37:47.851 [FXGL Background Thread 1 ] DEBUG GameScene            - Game scene initialized: 800x800
16:37:47.862 [FXGL Background Thread 1 ] DEBUG FXGL.DefaultMenu     - createMenuBodyMainMenu()
16:37:47.873 [FXGL Background Thread 1 ] DEBUG FXGL.DefaultMenu     - createOptionsMenu()
16:37:47.882 [FXGL Background Thread 1 ] DEBUG FXGLAssetLoaderServi - Loading from file system: jar:file:///C:/Users/majah/.m2/repository/com/github/almasb/fxgl/17.2/fxgl-17.2.jar!/fxglassets/textures/particles/smoke.png
16:37:47.974 [FXGL Background Thread 1 ] DEBUG FXGLAssetLoaderServi - Loading from file system: jar:file:///C:/Users/majah/.m2/repository/com/github/almasb/fxgl/17.2/fxgl-17.2.jar!/fxglassets/textures/particles/trace_horizontal.png
16:37:48.005 [FXGL Background Thread 1 ] DEBUG FXGL.DefaultMenu     - createMenuBodyGameMenu()
16:37:48.006 [FXGL Background Thread 1 ] DEBUG FXGL.DefaultMenu     - createOptionsMenu()
16:37:48.019 [FXGL Background Thread 1 ] DEBUG GameApplicationServi - Application scenes initialized
16:37:48.030 [FXGL Background Thread 1 ] DEBUG SystemBundleService  - Loading FXGL system data
16:37:48.037 [FXGL Background Thread 1 ] DEBUG FileSystemAccess     - Reading from: C:\Users\majah\OneDrive\Desktop\world-hell\BasicGameApp\system\fxgl.bundle
16:37:48.051 [FXGL Background Thread 1 ] DEBUG SystemBundleService  - Bundle FXGL: {}
16:37:48.051 [FXGL Background Thread 1 ] DEBUG UpdaterService       - Checking for updates
16:37:48.055 [FXGL Background Thread 4 ] DEBUG FXGLApplication      - Loading fonts
16:37:48.055 [FXGL Background Thread 1 ] DEBUG FXGLApplication      - Loading default localization
16:37:48.056 [FXGL Background Thread 4 ] DEBUG FXGLAssetLoaderServi - Loading from file system: jar:file:///C:/Users/majah/.m2/repository/com/github/almasb/fxgl/17.2/fxgl-17.2.jar!/fxglassets/ui/fonts/VarelaRound-Regular.ttf
16:37:48.056 [FXGL Background Thread 1 ] DEBUG FXGLAssetLoaderServi - Loading from file system: jar:file:///C:/Users/majah/.m2/repository/com/github/almasb/fxgl/17.2/fxgl-17.2.jar!/fxglassets/languages/english.lang
16:37:48.086 [FXGL Background Thread 1 ] INFO  FXGLApplication      - FXGL initialization took: 0.454 sec
16:37:48.097 [JavaFX Application Thread] DEBUG Input                - Registered new binding: action0 - D
16:37:48.097 [JavaFX Application Thread] DEBUG Input                - Registered new binding: action1 - A
16:37:48.098 [JavaFX Application Thread] DEBUG Input                - Registered new binding: action2 - W
16:37:48.098 [JavaFX Application Thread] DEBUG Input                - Registered new binding: action3 - S
16:37:48.099 [JavaFX Application Thread] DEBUG FXGLAssetLoaderServi - Loading from file system: jar:file:///C:/Users/majah/.m2/repository/com/github/almasb/fxgl/17.2/fxgl-17.2.jar!/fxglassets/textures/fxgl_icon.png
16:37:48.120 [JavaFX Application Thread] DEBUG FXGLAssetLoaderServi - Loading from file system: jar:file:///C:/Users/majah/.m2/repository/com/github/almasb/fxgl/17.2/fxgl-17.2.jar!/fxglassets/textures/fxgl_default_cursor.png
16:37:48.123 [JavaFX Application Thread] DEBUG Input                - Registered new binding: Screenshot - CTRL+8
16:37:48.124 [JavaFX Application Thread] DEBUG Input                - Registered new binding: System info dump - CTRL+9
16:37:48.124 [JavaFX Application Thread] DEBUG Input                - Registered new binding: Restart - CTRL+R
16:37:48.124 [JavaFX Application Thread] DEBUG Input                - Registered new binding: Toggle Debug Camera - CTRL+7
16:37:48.126 [JavaFX Application Thread] DEBUG LoopRunner           - Starting loop
16:37:48.126 [JavaFX Application Thread] DEBUG LoopRunner           - Initializing JavaFX AnimationTimerLoop
16:37:48.131 [JavaFX Application Thread] DEBUG Input                - Clearing active input actions
16:37:48.138 [JavaFX Application Thread] DEBUG GameApplicationServi - Removing overlay from FXGLStartupScene and adding to FXGLMainMenuDummyScene
16:37:48.138 [JavaFX Application Thread] DEBUG PrimaryStageWindow   - FXGLStartupScene -> FXGLMainMenuDummyScene
16:37:48.139 [JavaFX Application Thread] DEBUG PrimaryStageWindow   - Push state: FXGLDefaultMenu
16:37:48.147 [JavaFX Application Thread] DEBUG Input                - Clearing active input actions
16:37:48.157 [JavaFX Application Thread] DEBUG GameApplicationServi - Removing overlay from FXGLMainMenuDummyScene and adding to FXGLDefaultMenu
16:37:48.158 [JavaFX Application Thread] DEBUG PrimaryStageWindow   - FXGLMainMenuDummyScene -> FXGLDefaultMenu
16:37:48.175 [FXGL Background Thread 4 ] DEBUG FXGLAssetLoaderServi - Loading from file system: jar:file:///C:/Users/majah/.m2/repository/com/github/almasb/fxgl/17.2/fxgl-17.2.jar!/fxglassets/ui/fonts/Abel-Regular.ttf
16:37:48.181 [FXGL Background Thread 4 ] DEBUG FXGLAssetLoaderServi - Loading from file system: jar:file:///C:/Users/majah/.m2/repository/com/github/almasb/fxgl/17.2/fxgl-17.2.jar!/fxglassets/ui/fonts/TerminalLandMono-Regular.otf
16:37:48.187 [FXGL Background Thread 4 ] DEBUG FXGLAssetLoaderServi - Loading from file system: jar:file:///C:/Users/majah/.m2/repository/com/github/almasb/fxgl/17.2/fxgl-17.2.jar!/fxglassets/ui/fonts/Courier-Prime.ttf
16:37:48.234 [JavaFX Application Thread] DEBUG FXGLApplication      - Registering font factories with UI factory
16:37:49.090 [FXGL Background Thread 2 ] INFO  UpdaterService       - Your current version:  17.2
16:37:49.090 [FXGL Background Thread 2 ] INFO  UpdaterService       - Latest stable version: 17.3
16:37:49.401 [JavaFX Application Thread] DEBUG Menu                 - fireNewGame()
16:37:49.401 [JavaFX Application Thread] DEBUG GameApplicationServi - Starting new game
16:37:49.402 [JavaFX Application Thread] DEBUG PrimaryStageWindow   - Pop state: FXGLDefaultMenu
16:37:49.403 [JavaFX Application Thread] DEBUG Input                - Clearing active input actions
16:37:49.403 [JavaFX Application Thread] DEBUG GameApplicationServi - Removing overlay from FXGLDefaultMenu and adding to FXGLMainMenuDummyScene
16:37:49.404 [JavaFX Application Thread] DEBUG PrimaryStageWindow   - FXGLMainMenuDummyScene <- FXGLDefaultMenu
16:37:49.405 [JavaFX Application Thread] DEBUG Input                - Clearing active input actions
16:37:49.412 [JavaFX Application Thread] DEBUG GameApplicationServi - Removing overlay from FXGLMainMenuDummyScene and adding to FXGLLoadingScene
16:37:49.412 [JavaFX Application Thread] DEBUG PrimaryStageWindow   - FXGLMainMenuDummyScene -> FXGLLoadingScene
16:37:49.412 [JavaFX Application Thread] DEBUG GameApplicationServi - Clearing previous game
16:37:49.412 [JavaFX Application Thread] DEBUG GameScene            - Clearing game scene
16:37:49.412 [JavaFX Application Thread] DEBUG GameWorld            - Clearing game world
16:37:49.412 [JavaFX Application Thread] DEBUG PhysicsWorld         - Clearing physics world
16:37:49.415 [FXGL Background Thread 2 ] DEBUG FXGLApplication      - Initializing game
16:37:49.420 [FXGL Background Thread 2 ] DEBUG FXGLAssetLoaderServi - Loading from file system: file:/C:/Users/majah/OneDrive/Desktop/world-hell/BasicGameApp/target/classes/assets/textures/background.jpg
16:37:49.453 [FXGL Background Thread 2 ] DEBUG FXGLAssetLoaderServi - Loading from file system: file:/C:/Users/majah/OneDrive/Desktop/world-hell/BasicGameApp/target/classes/assets/textures/girl_colored.png
16:37:49.472 [FXGL Background Thread 2 ] INFO  FXGLApplication      - Game initialization took: 0.057 sec
16:37:49.472 [JavaFX Application Thread] DEBUG Input                - Clearing active input actions
16:37:49.478 [JavaFX Application Thread] DEBUG GameApplicationServi - Removing overlay from FXGLLoadingScene and adding to GameScene
16:37:49.478 [JavaFX Application Thread] DEBUG PrimaryStageWindow   - FXGLLoadingScene -> GameScene
16:37:49.947 [JavaFX Application Thread] DEBUG FXGLAssetLoaderServi - Loading from file system: file:/C:/Users/majah/OneDrive/Desktop/world-hell/BasicGameApp/target/classes/assets/textures/zombie_colored.png
16:37:49.951 [JavaFX Application Thread] DEBUG FXGLAssetLoaderServi - Loading from file system: file:/C:/Users/majah/OneDrive/Desktop/world-hell/BasicGameApp/target/classes/assets/textures/eagle_colored.png
16:37:49.954 [JavaFX Application Thread] DEBUG FXGLAssetLoaderServi - Loading from file system: file:/C:/Users/majah/OneDrive/Desktop/world-hell/BasicGameApp/target/classes/assets/textures/joshua.jpg
16:37:50.408 [JavaFX Application Thread] DEBUG FXGLAssetLoaderServi - Loading from file system: file:/C:/Users/majah/OneDrive/Desktop/world-hell/BasicGameApp/target/classes/assets/textures/swipe.png
16:37:51.056 [FXGL Background Thread 3 ] DEBUG Engine               - Logging environment variables
16:37:51.056 [FXGL Background Thread 3 ] DEBUG Engine               - achievements: []
16:37:51.056 [FXGL Background Thread 3 ] DEBUG Engine               - actualHeight: 720.0
16:37:51.056 [FXGL Background Thread 3 ] DEBUG Engine               - actualHeightProperty: ReadOnlyDoubleProperty [value: 720.0]
16:37:51.056 [FXGL Background Thread 3 ] DEBUG Engine               - actualWidth: 695.0
16:37:51.056 [FXGL Background Thread 3 ] DEBUG Engine               - actualWidthProperty: ReadOnlyDoubleProperty [value: 695.0]
16:37:51.057 [FXGL Background Thread 3 ] DEBUG Engine               - appIcon: fxgl_icon.png
16:37:51.057 [FXGL Background Thread 3 ] DEBUG Engine               - applicationMode: DEVELOPER
16:37:51.057 [FXGL Background Thread 3 ] DEBUG Engine               - cSSList: [fxgl_dark.css]
16:37:51.057 [FXGL Background Thread 3 ] DEBUG Engine               - collisionDetectionStrategy: BRUTE_FORCE
16:37:51.057 [FXGL Background Thread 3 ] DEBUG Engine               - configClass: Optional.empty
16:37:51.057 [FXGL Background Thread 3 ] DEBUG Engine               - credits: []
16:37:51.057 [FXGL Background Thread 3 ] DEBUG Engine               - defaultCursor: CursorInfo(imageName=fxgl_default_cursor.png, hotspotX=7.0, hotspotY=6.0)
16:37:51.057 [FXGL Background Thread 3 ] DEBUG Engine               - devBBoxColorProperty: ObjectProperty [value: 0xff0000ff]
16:37:51.057 [FXGL Background Thread 3 ] DEBUG Engine               - devEnableDebugCameraProperty: BooleanProperty [value: false]
16:37:51.057 [FXGL Background Thread 3 ] DEBUG Engine               - devSensorColorProperty: ObjectProperty [value: 0xffff00ff]
16:37:51.057 [FXGL Background Thread 3 ] DEBUG Engine               - devShowBBoxProperty: BooleanProperty [value: false]
16:37:51.057 [FXGL Background Thread 3 ] DEBUG Engine               - devShowPositionProperty: BooleanProperty [value: false]
16:37:51.057 [FXGL Background Thread 3 ] DEBUG Engine               - enabledMenuItems: []
16:37:51.057 [FXGL Background Thread 3 ] DEBUG Engine               - engineServices: [class com.almasb.fxgl.app.services.FXGLAssetLoaderService, class com.almasb.fxgl.app.FXGLApplication$GameApplicationService, class com.almasb.fxgl.app.services.FXGLDialogService, class com.almasb.fxgl.app.services.IOTaskExecutorService, class com.almasb.fxgl.io.FileSystemService, class com.almasb.fxgl.localization.LocalizationService, class com.almasb.fxgl.app.services.SystemBundleService, class com.almasb.fxgl.profile.SaveLoadService, class com.almasb.fxgl.ui.FXGLUIFactoryServiceProvider, class com.almasb.fxgl.ui.FXGLDialogFactoryServiceProvider, class com.almasb.fxgl.audio.AudioPlayer, class com.almasb.fxgl.notification.impl.NotificationServiceProvider, class com.almasb.fxgl.achievement.AchievementService, class com.almasb.fxgl.cutscene.CutsceneService, class com.almasb.fxgl.minigames.MiniGameService, class com.almasb.fxgl.net.NetService, class com.almasb.fxgl.app.services.UpdaterService, class com.almasb.fxgl.dev.DevService]
16:37:51.057 [FXGL Background Thread 3 ] DEBUG Engine               - fontGame: Abel-Regular.ttf
16:37:51.057 [FXGL Background Thread 3 ] DEBUG Engine               - fontMono: TerminalLandMono-Regular.otf
16:37:51.058 [FXGL Background Thread 3 ] DEBUG Engine               - fontText: Courier-Prime.ttf
16:37:51.058 [FXGL Background Thread 3 ] DEBUG Engine               - fontUI: VarelaRound-Regular.ttf
16:37:51.058 [FXGL Background Thread 3 ] DEBUG Engine               - fullScreen: BooleanProperty [value: false]
16:37:51.058 [FXGL Background Thread 3 ] DEBUG Engine               - gameDifficulty: MEDIUM
16:37:51.058 [FXGL Background Thread 3 ] DEBUG Engine               - gameDifficultyProperty: ObjectProperty [value: MEDIUM]
16:37:51.058 [FXGL Background Thread 3 ] DEBUG Engine               - globalMusicVolume: 0.5
16:37:51.058 [FXGL Background Thread 3 ] DEBUG Engine               - globalMusicVolumeProperty: DoubleProperty [value: 0.5]
16:37:51.058 [FXGL Background Thread 3 ] DEBUG Engine               - globalSoundVolume: 0.5
16:37:51.058 [FXGL Background Thread 3 ] DEBUG Engine               - globalSoundVolumeProperty: DoubleProperty [value: 0.5]
16:37:51.058 [FXGL Background Thread 3 ] DEBUG Engine               - height: 800
16:37:51.058 [FXGL Background Thread 3 ] DEBUG Engine               - is3D: false
16:37:51.058 [FXGL Background Thread 3 ] DEBUG Engine               - isAndroid: false
16:37:51.058 [FXGL Background Thread 3 ] DEBUG Engine               - isBrowser: false
16:37:51.058 [FXGL Background Thread 3 ] DEBUG Engine               - isClickFeedbackEnabled: false
16:37:51.058 [FXGL Background Thread 3 ] DEBUG Engine               - isCloseConfirmation: false
16:37:51.058 [FXGL Background Thread 3 ] DEBUG Engine               - isDesktop: true
16:37:51.058 [FXGL Background Thread 3 ] DEBUG Engine               - isDeveloperMenuEnabled: false
16:37:51.058 [FXGL Background Thread 3 ] DEBUG Engine               - isEmbedded: false
16:37:51.058 [FXGL Background Thread 3 ] DEBUG Engine               - isEntityPreloadEnabled: true
16:37:51.058 [FXGL Background Thread 3 ] DEBUG Engine               - isExperimentalTiledLargeMap: false
16:37:51.058 [FXGL Background Thread 3 ] DEBUG Engine               - isFileSystemWriteAllowed: true
16:37:51.058 [FXGL Background Thread 3 ] DEBUG Engine               - isFullScreenAllowed: false
16:37:51.058 [FXGL Background Thread 3 ] DEBUG Engine               - isFullScreenFromStart: false
16:37:51.058 [FXGL Background Thread 3 ] DEBUG Engine               - isGameMenuEnabled: true
16:37:51.058 [FXGL Background Thread 3 ] DEBUG Engine               - isIOS: false
16:37:51.058 [FXGL Background Thread 3 ] DEBUG Engine               - isIntroEnabled: false
16:37:51.059 [FXGL Background Thread 3 ] DEBUG Engine               - isLinux: false
16:37:51.059 [FXGL Background Thread 3 ] DEBUG Engine               - isMac: false
16:37:51.059 [FXGL Background Thread 3 ] DEBUG Engine               - isMainMenuEnabled: true
16:37:51.059 [FXGL Background Thread 3 ] DEBUG Engine               - isManualResizeEnabled: false
16:37:51.059 [FXGL Background Thread 3 ] DEBUG Engine               - isMobile: false
16:37:51.059 [FXGL Background Thread 3 ] DEBUG Engine               - isNative: false
16:37:51.059 [FXGL Background Thread 3 ] DEBUG Engine               - isPauseMusicWhenMinimized: true
16:37:51.059 [FXGL Background Thread 3 ] DEBUG Engine               - isPreserveResizeRatio: false
16:37:51.059 [FXGL Background Thread 3 ] DEBUG Engine               - isProfilingEnabled: false
16:37:51.059 [FXGL Background Thread 3 ] DEBUG Engine               - isScaleAffectedOnResize: true
16:37:51.059 [FXGL Background Thread 3 ] DEBUG Engine               - isSingleStep: false
16:37:51.059 [FXGL Background Thread 3 ] DEBUG Engine               - isUserProfileEnabled: false
16:37:51.059 [FXGL Background Thread 3 ] DEBUG Engine               - isWindows: true
16:37:51.059 [FXGL Background Thread 3 ] DEBUG Engine               - language: ObjectProperty [value: ENGLISH]
16:37:51.059 [FXGL Background Thread 3 ] DEBUG Engine               - menuKey: ESCAPE
16:37:51.059 [FXGL Background Thread 3 ] DEBUG Engine               - mouseSensitivity: 0.2
16:37:51.059 [FXGL Background Thread 3 ] DEBUG Engine               - notificationViewClass: class com.almasb.fxgl.notification.view.XboxNotificationView
16:37:51.059 [FXGL Background Thread 3 ] DEBUG Engine               - pixelsPerMeter: 50.0
16:37:51.059 [FXGL Background Thread 3 ] DEBUG Engine               - platform: WINDOWS
16:37:51.059 [FXGL Background Thread 3 ] DEBUG Engine               - prefHeightProperty: ReadOnlyDoubleProperty [value: 800.0]
16:37:51.059 [FXGL Background Thread 3 ] DEBUG Engine               - prefWidthProperty: ReadOnlyDoubleProperty [value: 800.0]
16:37:51.059 [FXGL Background Thread 3 ] DEBUG Engine               - profileDir: profiles/
16:37:51.059 [FXGL Background Thread 3 ] DEBUG Engine               - profileName: StringProperty [value: DEFAULT]
16:37:51.059 [FXGL Background Thread 3 ] DEBUG Engine               - randomSeed: -1
16:37:51.060 [FXGL Background Thread 3 ] DEBUG Engine               - runtimeInfo: RuntimeInfo(platform=WINDOWS, version=17.2, build=20.08.2022 16.50)
16:37:51.060 [FXGL Background Thread 3 ] DEBUG Engine               - saveFileExt: sav
16:37:51.060 [FXGL Background Thread 3 ] DEBUG Engine               - scaledHeightProp$fxgl: DoubleProperty [bound, value: 720.0]
16:37:51.060 [FXGL Background Thread 3 ] DEBUG Engine               - scaledWidthProp$fxgl: DoubleProperty [bound, value: 695.0]
16:37:51.060 [FXGL Background Thread 3 ] DEBUG Engine               - sceneFactory: com.almasb.fxgl.app.scene.SceneFactory@37414751
16:37:51.060 [FXGL Background Thread 3 ] DEBUG Engine               - secondsIn24h: 60
16:37:51.060 [FXGL Background Thread 3 ] DEBUG Engine               - soundMenuBack: menu/back.wav
16:37:51.060 [FXGL Background Thread 3 ] DEBUG Engine               - soundMenuPress: menu/press.wav
16:37:51.060 [FXGL Background Thread 3 ] DEBUG Engine               - soundMenuSelect: menu/select.wav
16:37:51.060 [FXGL Background Thread 3 ] DEBUG Engine               - soundNotification: core/notification.wav
16:37:51.060 [FXGL Background Thread 3 ] DEBUG Engine               - stageStyle: DECORATED
16:37:51.060 [FXGL Background Thread 3 ] DEBUG Engine               - supportedLanguages: [ENGLISH, FRENCH, GERMAN, HUNGARIAN, RUSSIAN]
16:37:51.060 [FXGL Background Thread 3 ] DEBUG Engine               - ticksPerSecond: -1
16:37:51.060 [FXGL Background Thread 3 ] DEBUG Engine               - title: WorldHELL 0 
16:37:51.060 [FXGL Background Thread 3 ] DEBUG Engine               - urlGithub: https://github.com/AlmasB/FXGL
16:37:51.060 [FXGL Background Thread 3 ] DEBUG Engine               - urlLeaderboard: http://fxgl-top.herokuapp.com/
16:37:51.061 [FXGL Background Thread 3 ] DEBUG Engine               - urlPOM: https://raw.githubusercontent.com/AlmasB/FXGL/release/README.md
16:37:51.061 [FXGL Background Thread 3 ] DEBUG Engine               - userAppClass: class com.example.basicgameapp.BasicGameApp
16:37:51.061 [FXGL Background Thread 3 ] DEBUG Engine               - version: 0.1
16:37:51.061 [FXGL Background Thread 3 ] DEBUG Engine               - versionCheckDays: 7
16:37:51.061 [FXGL Background Thread 3 ] DEBUG Engine               - width: 800
16:37:51.061 [FXGL Background Thread 3 ] DEBUG Engine               - Logging services
16:37:51.061 [FXGL Background Thread 3 ] DEBUG Engine               - class com.almasb.fxgl.app.services.FXGLAssetLoaderService
16:37:51.061 [FXGL Background Thread 3 ] DEBUG Engine               - class com.almasb.fxgl.app.FXGLApplication$GameApplicationService
16:37:51.061 [FXGL Background Thread 3 ] DEBUG Engine               - class com.almasb.fxgl.app.services.FXGLDialogService
16:37:51.061 [FXGL Background Thread 3 ] DEBUG Engine               - class com.almasb.fxgl.app.services.IOTaskExecutorService
16:37:51.061 [FXGL Background Thread 3 ] DEBUG Engine               - class com.almasb.fxgl.io.FileSystemService
16:37:51.061 [FXGL Background Thread 3 ] DEBUG Engine               - class com.almasb.fxgl.localization.LocalizationService
16:37:51.061 [FXGL Background Thread 3 ] DEBUG Engine               - class com.almasb.fxgl.app.services.SystemBundleService
16:37:51.061 [FXGL Background Thread 3 ] DEBUG Engine               - class com.almasb.fxgl.profile.SaveLoadService
16:37:51.061 [FXGL Background Thread 3 ] DEBUG Engine               - class com.almasb.fxgl.ui.FXGLUIFactoryServiceProvider
16:37:51.061 [FXGL Background Thread 3 ] DEBUG Engine               - class com.almasb.fxgl.ui.FXGLDialogFactoryServiceProvider
16:37:51.061 [FXGL Background Thread 3 ] DEBUG Engine               - class com.almasb.fxgl.audio.AudioPlayer
16:37:51.061 [FXGL Background Thread 3 ] DEBUG Engine               - class com.almasb.fxgl.notification.impl.NotificationServiceProvider
16:37:51.061 [FXGL Background Thread 3 ] DEBUG Engine               - class com.almasb.fxgl.achievement.AchievementService
16:37:51.061 [FXGL Background Thread 3 ] DEBUG Engine               - class com.almasb.fxgl.cutscene.CutsceneService
16:37:51.061 [FXGL Background Thread 3 ] DEBUG Engine               - class com.almasb.fxgl.minigames.MiniGameService
16:37:51.061 [FXGL Background Thread 3 ] DEBUG Engine               - class com.almasb.fxgl.net.NetService
16:37:51.061 [FXGL Background Thread 3 ] DEBUG Engine               - class com.almasb.fxgl.app.services.UpdaterService
16:37:51.061 [FXGL Background Thread 3 ] DEBUG Engine               - class com.almasb.fxgl.dev.DevService
16:37:53.355 [JavaFX Application Thread] DEBUG FXGLAssetLoaderServi - Loading from file system: file:/C:/Users/majah/OneDrive/Desktop/world-hell/BasicGameApp/target/classes/assets/sounds/eagle_death.wav
16:37:53.452 [JavaFX Application Thread] DEBUG FXGLAssetLoaderServi - Loading from file system: file:/C:/Users/majah/OneDrive/Desktop/world-hell/BasicGameApp/target/classes/assets/textures/pisos.png
16:38:00.425 [JavaFX Application Thread] DEBUG FXGLAssetLoaderServi - Loading from file system: file:/C:/Users/majah/OneDrive/Desktop/world-hell/BasicGameApp/target/classes/assets/sounds/slayy.wav
16:38:35.545 [JavaFX Application Thread] DEBUG LoopRunner           - Stopping loop
16:38:35.546 [JavaFX Application Thread] FATAL FXGLApplication      - Uncaught Exception:
java.lang.IllegalArgumentException: Component HealthComponent not found!
	at com.almasb.fxgl.entity@17.2/com.almasb.fxgl.entity.Entity.getComponent(Entity.java:366)
	at com.example.basicgameapp/com.example.basicgameapp.BasicGameApp.lambda$initGame$2(BasicGameApp.java:115)
	at com.almasb.fxgl.core@17.2/com.almasb.fxgl.time.TimerAction.update(TimerAction.kt:69)
	at com.almasb.fxgl.core@17.2/com.almasb.fxgl.time.Timer.update(Timer.kt:38)
	at com.almasb.fxgl.scene@17.2/com.almasb.fxgl.scene.Scene.update(Scene.kt:104)
	at com.almasb.fxgl.all@17.2/com.almasb.fxgl.app.MainWindow$update$1.invoke(MainWindow.kt:115)
	at com.almasb.fxgl.all@17.2/com.almasb.fxgl.app.MainWindow$update$1.invoke(MainWindow.kt:115)
	at com.almasb.fxgl.core@17.2/com.almasb.fxgl.core.fsm.StateMachine.runOnActiveStates(StateMachine.kt:69)
	at com.almasb.fxgl.all@17.2/com.almasb.fxgl.app.MainWindow.update(MainWindow.kt:115)
	at com.almasb.fxgl.all@17.2/com.almasb.fxgl.app.FXGLApplication$GameApplicationService.onUpdate(FXGLApplication.kt:426)
	at com.almasb.fxgl.all@17.2/com.almasb.fxgl.app.Engine.loop(Engine.kt:134)
	at com.almasb.fxgl.all@17.2/com.almasb.fxgl.app.Engine.access$loop(Engine.kt:24)
	at com.almasb.fxgl.all@17.2/com.almasb.fxgl.app.Engine$loop$1.invoke(Engine.kt:28)
	at com.almasb.fxgl.all@17.2/com.almasb.fxgl.app.Engine$loop$1.invoke(Engine.kt:28)
	at com.almasb.fxgl.all@17.2/com.almasb.fxgl.app.LoopRunner.frame(LoopRunner.kt:103)
	at com.almasb.fxgl.all@17.2/com.almasb.fxgl.app.LoopRunner.access$frame(LoopRunner.kt:23)
	at com.almasb.fxgl.all@17.2/com.almasb.fxgl.app.LoopRunner$impl$2$1.onTick(LoopRunner.kt:57)
	at com.almasb.fxgl.all@17.2/com.almasb.fxgl.app.AnimationTimerLoop$timer$1.handle(LoopRunner.kt:137)
	at javafx.graphics@20.0.1/javafx.animation.AnimationTimer$AnimationTimerReceiver.lambda$handle$0(AnimationTimer.java:58)
	at java.base/java.security.AccessController.doPrivileged(AccessController.java:400)
	at javafx.graphics@20.0.1/javafx.animation.AnimationTimer$AnimationTimerReceiver.handle(AnimationTimer.java:57)
	at javafx.graphics@20.0.1/com.sun.scenario.animation.AbstractPrimaryTimer.timePulseImpl(AbstractPrimaryTimer.java:356)
	at javafx.graphics@20.0.1/com.sun.scenario.animation.AbstractPrimaryTimer$MainLoop.run(AbstractPrimaryTimer.java:266)
	at javafx.graphics@20.0.1/com.sun.javafx.tk.quantum.QuantumToolkit.pulse(QuantumToolkit.java:588)
	at javafx.graphics@20.0.1/com.sun.javafx.tk.quantum.QuantumToolkit.pulse(QuantumToolkit.java:572)
	at javafx.graphics@20.0.1/com.sun.javafx.tk.quantum.QuantumToolkit.pulseFromQueue(QuantumToolkit.java:565)
	at javafx.graphics@20.0.1/com.sun.javafx.tk.quantum.QuantumToolkit.lambda$runToolkit$11(QuantumToolkit.java:352)
	at javafx.graphics@20.0.1/com.sun.glass.ui.InvokeLaterDispatcher$Future.run(InvokeLaterDispatcher.java:95)
	at javafx.graphics@20.0.1/com.sun.glass.ui.win.WinApplication._runLoop(Native Method)
	at javafx.graphics@20.0.1/com.sun.glass.ui.win.WinApplication.lambda$runLoop$3(WinApplication.java:185)
	at java.base/java.lang.Thread.run(Thread.java:1623)

16:38:35.546 [JavaFX Application Thread] FATAL FXGLApplication      - Application will now exit
16:38:35.564 [JavaFX Application Thread] DEBUG PrimaryStageWindow   - Push state: ErrorSubScene
16:38:35.564 [JavaFX Application Thread] DEBUG Input                - Clearing active input actions
16:38:35.565 [JavaFX Application Thread] DEBUG GameApplicationServi - Removing overlay from GameScene and adding to ErrorSubScene
16:38:35.566 [JavaFX Application Thread] DEBUG PrimaryStageWindow   - GameScene -> ErrorSubScene
16:38:39.145 [JavaFX Application Thread] DEBUG FXGLApplication      - Exiting FXGL
16:38:39.146 [JavaFX Application Thread] DEBUG Async                - Shutting down background threads
16:38:39.146 [JavaFX Application Thread] DEBUG PrimaryStageWindow   - Closing main window
16:38:39.157 [JavaFX Application Thread] DEBUG Logger               - Closing Logger
