02:41:02.470 [main                     ] DEBUG Logger               - Configured Logger
02:41:02.494 [main                     ] DEBUG GameApplication      - Logging settings
Title: WorldHELL 0 
Version: 0.1
Width: 800
Height: 800
Fullscreen: false
Intro: false
Profiling: false
Single step:false
App Mode: DEVELOPER
Menu Key: ESCAPE
Stage Style: DECORATED
Scene Factory: class com.example.basicgameapp.BasicGameApp$1

02:41:02.759 [JavaFX Application Thread] DEBUG FXGLApplication      - Initializing FXGL
02:41:02.762 [JavaFX Application Thread] INFO  Engine               - FXGL-17.2 (20.08.2022 16.50) on WINDOWS (J:20.0.2 FX:20.0.1)
02:41:02.763 [JavaFX Application Thread] DEBUG Engine               - JRE Vendor Name: Oracle Corporation
02:41:02.763 [JavaFX Application Thread] DEBUG Engine               - Running on OS: Windows 11 version 10.0
02:41:02.763 [JavaFX Application Thread] DEBUG Engine               - Architecture: amd64
02:41:02.763 [JavaFX Application Thread] INFO  Engine               - Source code and latest versions at: https://github.com/AlmasB/FXGL
02:41:02.763 [JavaFX Application Thread] INFO  Engine               -       Ask questions and discuss at: https://github.com/AlmasB/FXGL/discussions
02:41:02.763 [JavaFX Application Thread] INFO  Engine               -              Join the FXGL chat at: https://gitter.im/AlmasB/FXGL
02:41:02.834 [JavaFX Application Thread] DEBUG PrimaryStageWindow   - Creating a JavaFX scene
02:41:02.871 [JavaFX Application Thread] DEBUG PrimaryStageWindow   - Target settings size: 800.0 x 800.0
02:41:02.871 [JavaFX Application Thread] DEBUG PrimaryStageWindow   - Scaled scene size:    800.0 x 800.0
02:41:02.871 [JavaFX Application Thread] DEBUG PrimaryStageWindow   - Scaled ratio: (1.0, 1.0)
02:41:02.872 [JavaFX Application Thread] DEBUG PrimaryStageWindow   - Set initial scene to FXGLStartupScene
02:41:02.876 [JavaFX Application Thread] DEBUG PrimaryStageWindow   - Opening main window
02:41:02.941 [JavaFX Application Thread] DEBUG PrimaryStageWindow   - Window border size: (14.4000244140625, 37.5999755859375)
02:41:02.941 [JavaFX Application Thread] DEBUG PrimaryStageWindow   - Scaled size: 800.0 x 800.0
02:41:02.942 [JavaFX Application Thread] DEBUG PrimaryStageWindow   - Scaled ratio: (1.0, 1.0)
02:41:02.942 [JavaFX Application Thread] DEBUG PrimaryStageWindow   - Scene size: 800.0 x 800.0
02:41:02.942 [JavaFX Application Thread] DEBUG PrimaryStageWindow   - Stage size: 814.4000244140625 x 837.5999755859375
02:41:02.950 [FXGL Background Thread 1 ] DEBUG Engine               - Initializing environment variables
02:41:03.002 [FXGL Background Thread 1 ] DEBUG FXGLAssetLoaderServi - User app class for loading assets: class com.example.basicgameapp.BasicGameApp
02:41:03.002 [FXGL Background Thread 1 ] DEBUG GameApplicationServi - Applying CSS: fxgl_dark.css
02:41:03.003 [FXGL Background Thread 1 ] DEBUG FXGLAssetLoaderServi - Loading from file system: jar:file:///C:/Users/majah/.m2/repository/com/github/almasb/fxgl/17.2/fxgl-17.2.jar!/fxglassets/ui/css/fxgl_dark.css
02:41:03.047 [FXGL Background Thread 1 ] DEBUG GameApplicationServi - Initializing application scenes
02:41:03.080 [FXGL Background Thread 1 ] DEBUG GameWorld            - Game world initialized
02:41:03.148 [FXGL Background Thread 1 ] DEBUG PhysicsWorld         - Physics world initialized: appHeight=800, physics.ppm=50.0
02:41:03.149 [FXGL Background Thread 1 ] DEBUG PhysicsWorld         - Using strategy: BRUTE_FORCE
02:41:03.152 [FXGL Background Thread 1 ] DEBUG GameScene            - Game scene initialized: 800x800
02:41:03.156 [FXGL Background Thread 1 ] DEBUG FXGLAssetLoaderServi - Loading from file system: file:/C:/Users/majah/OneDrive/Desktop/wH/world-hell/BasicGameApp/target/classes/assets/textures/BG.png
02:41:03.216 [FXGL Background Thread 1 ] DEBUG GameApplicationServi - Application scenes initialized
02:41:03.229 [FXGL Background Thread 1 ] DEBUG SystemBundleService  - Loading FXGL system data
02:41:03.235 [FXGL Background Thread 1 ] DEBUG FileSystemAccess     - Reading from: C:\Users\majah\OneDrive\Desktop\wH\world-hell\BasicGameApp\system\fxgl.bundle
02:41:03.244 [FXGL Background Thread 1 ] DEBUG SystemBundleService  - Bundle FXGL: {}
02:41:03.244 [FXGL Background Thread 1 ] DEBUG UpdaterService       - Checking for updates
02:41:03.249 [FXGL Background Thread 4 ] DEBUG FXGLApplication      - Loading fonts
02:41:03.249 [FXGL Background Thread 1 ] DEBUG FXGLApplication      - Loading default localization
02:41:03.249 [FXGL Background Thread 4 ] DEBUG FXGLAssetLoaderServi - Loading from file system: jar:file:///C:/Users/majah/.m2/repository/com/github/almasb/fxgl/17.2/fxgl-17.2.jar!/fxglassets/ui/fonts/VarelaRound-Regular.ttf
02:41:03.249 [FXGL Background Thread 1 ] DEBUG FXGLAssetLoaderServi - Loading from file system: jar:file:///C:/Users/majah/.m2/repository/com/github/almasb/fxgl/17.2/fxgl-17.2.jar!/fxglassets/languages/english.lang
02:41:03.270 [FXGL Background Thread 1 ] INFO  FXGLApplication      - FXGL initialization took: 0.320 sec
02:41:03.279 [JavaFX Application Thread] DEBUG Input                - Registered new binding: action0 - D
02:41:03.280 [JavaFX Application Thread] DEBUG Input                - Registered new binding: action1 - A
02:41:03.280 [JavaFX Application Thread] DEBUG Input                - Registered new binding: action2 - W
02:41:03.281 [JavaFX Application Thread] DEBUG Input                - Registered new binding: action3 - S
02:41:03.281 [JavaFX Application Thread] DEBUG FXGLAssetLoaderServi - Loading from file system: jar:file:///C:/Users/majah/.m2/repository/com/github/almasb/fxgl/17.2/fxgl-17.2.jar!/fxglassets/textures/fxgl_icon.png
02:41:03.297 [JavaFX Application Thread] DEBUG FXGLAssetLoaderServi - Loading from file system: jar:file:///C:/Users/majah/.m2/repository/com/github/almasb/fxgl/17.2/fxgl-17.2.jar!/fxglassets/textures/fxgl_default_cursor.png
02:41:03.299 [JavaFX Application Thread] DEBUG Input                - Registered new binding: Screenshot - CTRL+8
02:41:03.300 [JavaFX Application Thread] DEBUG Input                - Registered new binding: System info dump - CTRL+9
02:41:03.300 [JavaFX Application Thread] DEBUG Input                - Registered new binding: Restart - CTRL+R
02:41:03.300 [JavaFX Application Thread] DEBUG Input                - Registered new binding: Toggle Debug Camera - CTRL+7
02:41:03.302 [JavaFX Application Thread] DEBUG LoopRunner           - Starting loop
02:41:03.302 [JavaFX Application Thread] DEBUG LoopRunner           - Initializing JavaFX AnimationTimerLoop
02:41:03.304 [JavaFX Application Thread] DEBUG Input                - Clearing active input actions
02:41:03.312 [JavaFX Application Thread] DEBUG GameApplicationServi - Removing overlay from FXGLStartupScene and adding to FXGLMainMenuDummyScene
02:41:03.312 [JavaFX Application Thread] DEBUG PrimaryStageWindow   - FXGLStartupScene -> FXGLMainMenuDummyScene
02:41:03.312 [JavaFX Application Thread] DEBUG PrimaryStageWindow   - Push state: WorldHellMenu
02:41:03.313 [JavaFX Application Thread] DEBUG Input                - Clearing active input actions
02:41:03.316 [JavaFX Application Thread] DEBUG GameApplicationServi - Removing overlay from FXGLMainMenuDummyScene and adding to WorldHellMenu
02:41:03.317 [JavaFX Application Thread] DEBUG PrimaryStageWindow   - FXGLMainMenuDummyScene -> WorldHellMenu
02:41:03.367 [FXGL Background Thread 4 ] DEBUG FXGLAssetLoaderServi - Loading from file system: jar:file:///C:/Users/majah/.m2/repository/com/github/almasb/fxgl/17.2/fxgl-17.2.jar!/fxglassets/ui/fonts/Abel-Regular.ttf
02:41:03.373 [FXGL Background Thread 4 ] DEBUG FXGLAssetLoaderServi - Loading from file system: jar:file:///C:/Users/majah/.m2/repository/com/github/almasb/fxgl/17.2/fxgl-17.2.jar!/fxglassets/ui/fonts/TerminalLandMono-Regular.otf
02:41:03.378 [FXGL Background Thread 4 ] DEBUG FXGLAssetLoaderServi - Loading from file system: jar:file:///C:/Users/majah/.m2/repository/com/github/almasb/fxgl/17.2/fxgl-17.2.jar!/fxglassets/ui/fonts/Courier-Prime.ttf
02:41:03.385 [JavaFX Application Thread] DEBUG FXGLApplication      - Registering font factories with UI factory
02:41:03.609 [FXGL Background Thread 2 ] INFO  UpdaterService       - Your current version:  17.2
02:41:03.609 [FXGL Background Thread 2 ] INFO  UpdaterService       - Latest stable version: 17.3
02:41:05.733 [JavaFX Application Thread] DEBUG Menu                 - fireNewGame()
02:41:05.733 [JavaFX Application Thread] DEBUG GameApplicationServi - Starting new game
02:41:05.734 [JavaFX Application Thread] DEBUG PrimaryStageWindow   - Pop state: WorldHellMenu
02:41:05.734 [JavaFX Application Thread] DEBUG Input                - Clearing active input actions
02:41:05.735 [JavaFX Application Thread] DEBUG GameApplicationServi - Removing overlay from WorldHellMenu and adding to FXGLMainMenuDummyScene
02:41:05.735 [JavaFX Application Thread] DEBUG PrimaryStageWindow   - FXGLMainMenuDummyScene <- WorldHellMenu
02:41:05.735 [JavaFX Application Thread] DEBUG Input                - Clearing active input actions
02:41:05.744 [JavaFX Application Thread] DEBUG GameApplicationServi - Removing overlay from FXGLMainMenuDummyScene and adding to FXGLLoadingScene
02:41:05.744 [JavaFX Application Thread] DEBUG PrimaryStageWindow   - FXGLMainMenuDummyScene -> FXGLLoadingScene
02:41:05.744 [JavaFX Application Thread] DEBUG GameApplicationServi - Clearing previous game
02:41:05.744 [JavaFX Application Thread] DEBUG GameScene            - Clearing game scene
02:41:05.744 [JavaFX Application Thread] DEBUG GameWorld            - Clearing game world
02:41:05.744 [JavaFX Application Thread] DEBUG PhysicsWorld         - Clearing physics world
02:41:05.746 [FXGL Background Thread 2 ] DEBUG FXGLApplication      - Initializing game
02:41:05.748 [FXGL Background Thread 2 ] DEBUG FXGLAssetLoaderServi - Loading from file system: file:/C:/Users/majah/OneDrive/Desktop/wH/world-hell/BasicGameApp/target/classes/assets/music/Doom%20Eternal%20OST%20-%20The%20Only%20Thing%20They%20Fear%20Is%20You%20(Mick%20Gordon)%20%5BDoom%20Eternal%20Theme%5D.mp3
02:41:05.861 [FXGL Background Thread 2 ] DEBUG AudioPlayer          - Playing music com.almasb.fxgl.audio.Music@1082a5b1
02:41:05.865 [FXGL Background Thread 2 ] DEBUG FXGLAssetLoaderServi - Loading from file system: file:/C:/Users/majah/OneDrive/Desktop/wH/world-hell/BasicGameApp/target/classes/assets/textures/bloody_paper2.jpg
02:41:05.882 [FXGL Background Thread 2 ] DEBUG FXGLAssetLoaderServi - Loading from file system: file:/C:/Users/majah/OneDrive/Desktop/wH/world-hell/BasicGameApp/target/classes/assets/textures/girl_colored.png
02:41:05.917 [FXGL Background Thread 2 ] INFO  FXGLApplication      - Game initialization took: 0.171 sec
02:41:05.918 [JavaFX Application Thread] DEBUG Input                - Clearing active input actions
02:41:05.924 [JavaFX Application Thread] DEBUG GameApplicationServi - Removing overlay from FXGLLoadingScene and adding to GameScene
02:41:05.925 [JavaFX Application Thread] DEBUG PrimaryStageWindow   - FXGLLoadingScene -> GameScene
02:41:06.248 [FXGL Background Thread 3 ] DEBUG Engine               - Logging environment variables
02:41:06.248 [FXGL Background Thread 3 ] DEBUG Engine               - achievements: []
02:41:06.248 [FXGL Background Thread 3 ] DEBUG Engine               - actualHeight: 800.0
02:41:06.248 [FXGL Background Thread 3 ] DEBUG Engine               - actualHeightProperty: ReadOnlyDoubleProperty [value: 800.0]
02:41:06.248 [FXGL Background Thread 3 ] DEBUG Engine               - actualWidth: 800.0
02:41:06.248 [FXGL Background Thread 3 ] DEBUG Engine               - actualWidthProperty: ReadOnlyDoubleProperty [value: 800.0]
02:41:06.248 [FXGL Background Thread 3 ] DEBUG Engine               - appIcon: fxgl_icon.png
02:41:06.248 [FXGL Background Thread 3 ] DEBUG Engine               - applicationMode: DEVELOPER
02:41:06.248 [FXGL Background Thread 3 ] DEBUG Engine               - cSSList: [fxgl_dark.css]
02:41:06.248 [FXGL Background Thread 3 ] DEBUG Engine               - collisionDetectionStrategy: BRUTE_FORCE
02:41:06.248 [FXGL Background Thread 3 ] DEBUG Engine               - configClass: Optional.empty
02:41:06.248 [FXGL Background Thread 3 ] DEBUG Engine               - credits: []
02:41:06.249 [FXGL Background Thread 3 ] DEBUG Engine               - defaultCursor: CursorInfo(imageName=fxgl_default_cursor.png, hotspotX=7.0, hotspotY=6.0)
02:41:06.250 [FXGL Background Thread 3 ] DEBUG Engine               - devBBoxColorProperty: ObjectProperty [value: 0xff0000ff]
02:41:06.250 [FXGL Background Thread 3 ] DEBUG Engine               - devEnableDebugCameraProperty: BooleanProperty [value: false]
02:41:06.250 [FXGL Background Thread 3 ] DEBUG Engine               - devSensorColorProperty: ObjectProperty [value: 0xffff00ff]
02:41:06.250 [FXGL Background Thread 3 ] DEBUG Engine               - devShowBBoxProperty: BooleanProperty [value: false]
02:41:06.250 [FXGL Background Thread 3 ] DEBUG Engine               - devShowPositionProperty: BooleanProperty [value: false]
02:41:06.250 [FXGL Background Thread 3 ] DEBUG Engine               - enabledMenuItems: []
02:41:06.250 [FXGL Background Thread 3 ] DEBUG Engine               - engineServices: [class com.almasb.fxgl.app.services.FXGLAssetLoaderService, class com.almasb.fxgl.app.FXGLApplication$GameApplicationService, class com.almasb.fxgl.app.services.FXGLDialogService, class com.almasb.fxgl.app.services.IOTaskExecutorService, class com.almasb.fxgl.io.FileSystemService, class com.almasb.fxgl.localization.LocalizationService, class com.almasb.fxgl.app.services.SystemBundleService, class com.almasb.fxgl.profile.SaveLoadService, class com.almasb.fxgl.ui.FXGLUIFactoryServiceProvider, class com.almasb.fxgl.ui.FXGLDialogFactoryServiceProvider, class com.almasb.fxgl.audio.AudioPlayer, class com.almasb.fxgl.notification.impl.NotificationServiceProvider, class com.almasb.fxgl.achievement.AchievementService, class com.almasb.fxgl.cutscene.CutsceneService, class com.almasb.fxgl.minigames.MiniGameService, class com.almasb.fxgl.net.NetService, class com.almasb.fxgl.app.services.UpdaterService, class com.almasb.fxgl.dev.DevService]
02:41:06.250 [FXGL Background Thread 3 ] DEBUG Engine               - fontGame: Abel-Regular.ttf
02:41:06.250 [FXGL Background Thread 3 ] DEBUG Engine               - fontMono: TerminalLandMono-Regular.otf
02:41:06.250 [FXGL Background Thread 3 ] DEBUG Engine               - fontText: Courier-Prime.ttf
02:41:06.250 [FXGL Background Thread 3 ] DEBUG Engine               - fontUI: VarelaRound-Regular.ttf
02:41:06.250 [FXGL Background Thread 3 ] DEBUG Engine               - fullScreen: BooleanProperty [value: false]
02:41:06.250 [FXGL Background Thread 3 ] DEBUG Engine               - gameDifficulty: MEDIUM
02:41:06.250 [FXGL Background Thread 3 ] DEBUG Engine               - gameDifficultyProperty: ObjectProperty [value: MEDIUM]
02:41:06.250 [FXGL Background Thread 3 ] DEBUG Engine               - globalMusicVolume: 0.5
02:41:06.250 [FXGL Background Thread 3 ] DEBUG Engine               - globalMusicVolumeProperty: DoubleProperty [value: 0.2]
02:41:06.250 [FXGL Background Thread 3 ] DEBUG Engine               - globalSoundVolume: 0.5
02:41:06.250 [FXGL Background Thread 3 ] DEBUG Engine               - globalSoundVolumeProperty: DoubleProperty [value: 0.5]
02:41:06.250 [FXGL Background Thread 3 ] DEBUG Engine               - height: 800
02:41:06.250 [FXGL Background Thread 3 ] DEBUG Engine               - is3D: false
02:41:06.250 [FXGL Background Thread 3 ] DEBUG Engine               - isAndroid: false
02:41:06.251 [FXGL Background Thread 3 ] DEBUG Engine               - isBrowser: false
02:41:06.251 [FXGL Background Thread 3 ] DEBUG Engine               - isClickFeedbackEnabled: false
02:41:06.251 [FXGL Background Thread 3 ] DEBUG Engine               - isCloseConfirmation: false
02:41:06.251 [FXGL Background Thread 3 ] DEBUG Engine               - isDesktop: true
02:41:06.251 [FXGL Background Thread 3 ] DEBUG Engine               - isDeveloperMenuEnabled: false
02:41:06.251 [FXGL Background Thread 3 ] DEBUG Engine               - isEmbedded: false
02:41:06.251 [FXGL Background Thread 3 ] DEBUG Engine               - isEntityPreloadEnabled: true
02:41:06.251 [FXGL Background Thread 3 ] DEBUG Engine               - isExperimentalTiledLargeMap: false
02:41:06.251 [FXGL Background Thread 3 ] DEBUG Engine               - isFileSystemWriteAllowed: true
02:41:06.251 [FXGL Background Thread 3 ] DEBUG Engine               - isFullScreenAllowed: false
02:41:06.251 [FXGL Background Thread 3 ] DEBUG Engine               - isFullScreenFromStart: false
02:41:06.251 [FXGL Background Thread 3 ] DEBUG Engine               - isGameMenuEnabled: true
02:41:06.251 [FXGL Background Thread 3 ] DEBUG Engine               - isIOS: false
02:41:06.251 [FXGL Background Thread 3 ] DEBUG Engine               - isIntroEnabled: false
02:41:06.251 [FXGL Background Thread 3 ] DEBUG Engine               - isLinux: false
02:41:06.251 [FXGL Background Thread 3 ] DEBUG Engine               - isMac: false
02:41:06.251 [FXGL Background Thread 3 ] DEBUG Engine               - isMainMenuEnabled: true
02:41:06.251 [FXGL Background Thread 3 ] DEBUG Engine               - isManualResizeEnabled: false
02:41:06.251 [FXGL Background Thread 3 ] DEBUG Engine               - isMobile: false
02:41:06.251 [FXGL Background Thread 3 ] DEBUG Engine               - isNative: false
02:41:06.251 [FXGL Background Thread 3 ] DEBUG Engine               - isPauseMusicWhenMinimized: true
02:41:06.251 [FXGL Background Thread 3 ] DEBUG Engine               - isPreserveResizeRatio: false
02:41:06.251 [FXGL Background Thread 3 ] DEBUG Engine               - isProfilingEnabled: false
02:41:06.252 [FXGL Background Thread 3 ] DEBUG Engine               - isScaleAffectedOnResize: true
02:41:06.252 [FXGL Background Thread 3 ] DEBUG Engine               - isSingleStep: false
02:41:06.252 [FXGL Background Thread 3 ] DEBUG Engine               - isUserProfileEnabled: false
02:41:06.252 [FXGL Background Thread 3 ] DEBUG Engine               - isWindows: true
02:41:06.252 [FXGL Background Thread 3 ] DEBUG Engine               - language: ObjectProperty [value: ENGLISH]
02:41:06.252 [FXGL Background Thread 3 ] DEBUG Engine               - menuKey: ESCAPE
02:41:06.252 [FXGL Background Thread 3 ] DEBUG Engine               - mouseSensitivity: 0.2
02:41:06.252 [FXGL Background Thread 3 ] DEBUG Engine               - notificationViewClass: class com.almasb.fxgl.notification.view.XboxNotificationView
02:41:06.252 [FXGL Background Thread 3 ] DEBUG Engine               - pixelsPerMeter: 50.0
02:41:06.252 [FXGL Background Thread 3 ] DEBUG Engine               - platform: WINDOWS
02:41:06.252 [FXGL Background Thread 3 ] DEBUG Engine               - prefHeightProperty: ReadOnlyDoubleProperty [value: 800.0]
02:41:06.252 [FXGL Background Thread 3 ] DEBUG Engine               - prefWidthProperty: ReadOnlyDoubleProperty [value: 800.0]
02:41:06.252 [FXGL Background Thread 3 ] DEBUG Engine               - profileDir: profiles/
02:41:06.252 [FXGL Background Thread 3 ] DEBUG Engine               - profileName: StringProperty [value: DEFAULT]
02:41:06.252 [FXGL Background Thread 3 ] DEBUG Engine               - randomSeed: -1
02:41:06.252 [FXGL Background Thread 3 ] DEBUG Engine               - runtimeInfo: RuntimeInfo(platform=WINDOWS, version=17.2, build=20.08.2022 16.50)
02:41:06.253 [FXGL Background Thread 3 ] DEBUG Engine               - saveFileExt: sav
02:41:06.253 [FXGL Background Thread 3 ] DEBUG Engine               - scaledHeightProp$fxgl: DoubleProperty [bound, value: 800.0]
02:41:06.253 [FXGL Background Thread 3 ] DEBUG Engine               - scaledWidthProp$fxgl: DoubleProperty [bound, value: 800.0]
02:41:06.253 [FXGL Background Thread 3 ] DEBUG Engine               - sceneFactory: com.example.basicgameapp.BasicGameApp$1@2906c8b5
02:41:06.253 [FXGL Background Thread 3 ] DEBUG Engine               - secondsIn24h: 60
02:41:06.253 [FXGL Background Thread 3 ] DEBUG Engine               - soundMenuBack: menu/back.wav
02:41:06.253 [FXGL Background Thread 3 ] DEBUG Engine               - soundMenuPress: menu/press.wav
02:41:06.253 [FXGL Background Thread 3 ] DEBUG Engine               - soundMenuSelect: menu/select.wav
02:41:06.253 [FXGL Background Thread 3 ] DEBUG Engine               - soundNotification: core/notification.wav
02:41:06.253 [FXGL Background Thread 3 ] DEBUG Engine               - stageStyle: DECORATED
02:41:06.253 [FXGL Background Thread 3 ] DEBUG Engine               - supportedLanguages: [ENGLISH, FRENCH, GERMAN, HUNGARIAN, RUSSIAN]
02:41:06.253 [FXGL Background Thread 3 ] DEBUG Engine               - ticksPerSecond: -1
02:41:06.253 [FXGL Background Thread 3 ] DEBUG Engine               - title: WorldHELL 0 
02:41:06.253 [FXGL Background Thread 3 ] DEBUG Engine               - urlGithub: https://github.com/AlmasB/FXGL
02:41:06.253 [FXGL Background Thread 3 ] DEBUG Engine               - urlLeaderboard: http://fxgl-top.herokuapp.com/
02:41:06.253 [FXGL Background Thread 3 ] DEBUG Engine               - urlPOM: https://raw.githubusercontent.com/AlmasB/FXGL/release/README.md
02:41:06.253 [FXGL Background Thread 3 ] DEBUG Engine               - userAppClass: class com.example.basicgameapp.BasicGameApp
02:41:06.253 [FXGL Background Thread 3 ] DEBUG Engine               - version: 0.1
02:41:06.253 [FXGL Background Thread 3 ] DEBUG Engine               - versionCheckDays: 7
02:41:06.253 [FXGL Background Thread 3 ] DEBUG Engine               - width: 800
02:41:06.253 [FXGL Background Thread 3 ] DEBUG Engine               - Logging services
02:41:06.253 [FXGL Background Thread 3 ] DEBUG Engine               - class com.almasb.fxgl.app.services.FXGLAssetLoaderService
02:41:06.253 [FXGL Background Thread 3 ] DEBUG Engine               - class com.almasb.fxgl.app.FXGLApplication$GameApplicationService
02:41:06.253 [FXGL Background Thread 3 ] DEBUG Engine               - class com.almasb.fxgl.app.services.FXGLDialogService
02:41:06.254 [FXGL Background Thread 3 ] DEBUG Engine               - class com.almasb.fxgl.app.services.IOTaskExecutorService
02:41:06.254 [FXGL Background Thread 3 ] DEBUG Engine               - class com.almasb.fxgl.io.FileSystemService
02:41:06.254 [FXGL Background Thread 3 ] DEBUG Engine               - class com.almasb.fxgl.localization.LocalizationService
02:41:06.254 [FXGL Background Thread 3 ] DEBUG Engine               - class com.almasb.fxgl.app.services.SystemBundleService
02:41:06.254 [FXGL Background Thread 3 ] DEBUG Engine               - class com.almasb.fxgl.profile.SaveLoadService
02:41:06.254 [FXGL Background Thread 3 ] DEBUG Engine               - class com.almasb.fxgl.ui.FXGLUIFactoryServiceProvider
02:41:06.254 [FXGL Background Thread 3 ] DEBUG Engine               - class com.almasb.fxgl.ui.FXGLDialogFactoryServiceProvider
02:41:06.254 [FXGL Background Thread 3 ] DEBUG Engine               - class com.almasb.fxgl.audio.AudioPlayer
02:41:06.254 [FXGL Background Thread 3 ] DEBUG Engine               - class com.almasb.fxgl.notification.impl.NotificationServiceProvider
02:41:06.254 [FXGL Background Thread 3 ] DEBUG Engine               - class com.almasb.fxgl.achievement.AchievementService
02:41:06.254 [FXGL Background Thread 3 ] DEBUG Engine               - class com.almasb.fxgl.cutscene.CutsceneService
02:41:06.254 [FXGL Background Thread 3 ] DEBUG Engine               - class com.almasb.fxgl.minigames.MiniGameService
02:41:06.254 [FXGL Background Thread 3 ] DEBUG Engine               - class com.almasb.fxgl.net.NetService
02:41:06.254 [FXGL Background Thread 3 ] DEBUG Engine               - class com.almasb.fxgl.app.services.UpdaterService
02:41:06.254 [FXGL Background Thread 3 ] DEBUG Engine               - class com.almasb.fxgl.dev.DevService
02:41:06.624 [JavaFX Application Thread] DEBUG FXGLAssetLoaderServi - Loading from file system: file:/C:/Users/majah/OneDrive/Desktop/wH/world-hell/BasicGameApp/target/classes/assets/textures/zombie_colored.png
02:41:06.627 [JavaFX Application Thread] DEBUG FXGLAssetLoaderServi - Loading from file system: file:/C:/Users/majah/OneDrive/Desktop/wH/world-hell/BasicGameApp/target/classes/assets/textures/eagle_colored.png
02:41:06.629 [JavaFX Application Thread] DEBUG FXGLAssetLoaderServi - Loading from file system: file:/C:/Users/majah/OneDrive/Desktop/wH/world-hell/BasicGameApp/target/classes/assets/textures/bird_colored.png
02:41:07.136 [JavaFX Application Thread] DEBUG FXGLAssetLoaderServi - Loading from file system: file:/C:/Users/majah/OneDrive/Desktop/wH/world-hell/BasicGameApp/target/classes/assets/textures/swipe.png
02:41:09.216 [JavaFX Application Thread] DEBUG FXGLAssetLoaderServi - Loading from file system: file:/C:/Users/majah/OneDrive/Desktop/wH/world-hell/BasicGameApp/target/classes/assets/sounds/ai.wav
02:41:09.936 [JavaFX Application Thread] DEBUG FXGLAssetLoaderServi - Loading from file system: file:/C:/Users/majah/OneDrive/Desktop/wH/world-hell/BasicGameApp/target/classes/assets/sounds/zombie_pain.wav
02:41:09.937 [JavaFX Application Thread] DEBUG FXGLAssetLoaderServi - Loading from file system: file:/C:/Users/majah/OneDrive/Desktop/wH/world-hell/BasicGameApp/target/classes/assets/textures/pisos.png
02:41:09.952 [JavaFX Application Thread] DEBUG FXGLAssetLoaderServi - Loading from file system: file:/C:/Users/majah/OneDrive/Desktop/wH/world-hell/BasicGameApp/target/classes/assets/sounds/coin_get.wav
02:41:13.999 [JavaFX Application Thread] DEBUG FXGLAssetLoaderServi - Loading from file system: file:/C:/Users/majah/OneDrive/Desktop/wH/world-hell/BasicGameApp/target/classes/assets/sounds/bird_death.wav
02:41:14.993 [JavaFX Application Thread] DEBUG FXGLAssetLoaderServi - Loading from file system: file:/C:/Users/majah/OneDrive/Desktop/wH/world-hell/BasicGameApp/target/classes/assets/sounds/eagle_death.wav
02:41:20.966 [JavaFX Application Thread] DEBUG FXGLAssetLoaderServi - Loading from file system: file:/C:/Users/majah/OneDrive/Desktop/wH/world-hell/BasicGameApp/target/classes/assets/textures/skull.png
02:41:20.981 [JavaFX Application Thread] DEBUG PrimaryStageWindow   - Push state: DialogSubScene
02:41:20.981 [JavaFX Application Thread] DEBUG Input                - Clearing active input actions
02:41:20.984 [JavaFX Application Thread] DEBUG GameApplicationServi - Removing overlay from GameScene and adding to DialogSubScene
02:41:20.985 [JavaFX Application Thread] DEBUG PrimaryStageWindow   - GameScene -> DialogSubScene
02:41:20.985 [JavaFX Application Thread] DEBUG AudioPlayer          - Stopping music com.almasb.fxgl.audio.Music@1082a5b1
02:41:28.002 [JavaFX Application Thread] DEBUG PrimaryStageWindow   - Pop state: DialogSubScene
02:41:28.002 [JavaFX Application Thread] DEBUG Input                - Clearing active input actions
02:41:28.002 [JavaFX Application Thread] DEBUG GameApplicationServi - Removing overlay from DialogSubScene and adding to GameScene
02:41:28.002 [JavaFX Application Thread] DEBUG PrimaryStageWindow   - GameScene <- DialogSubScene
02:41:28.003 [JavaFX Application Thread] DEBUG Input                - Clearing active input actions
02:41:28.007 [JavaFX Application Thread] DEBUG GameApplicationServi - Removing overlay from GameScene and adding to FXGLMainMenuDummyScene
02:41:28.007 [JavaFX Application Thread] DEBUG PrimaryStageWindow   - GameScene -> FXGLMainMenuDummyScene
02:41:28.007 [JavaFX Application Thread] DEBUG PrimaryStageWindow   - Push state: WorldHellMenu
02:41:28.007 [JavaFX Application Thread] DEBUG Input                - Clearing active input actions
02:41:28.008 [JavaFX Application Thread] DEBUG GameApplicationServi - Removing overlay from FXGLMainMenuDummyScene and adding to WorldHellMenu
02:41:28.008 [JavaFX Application Thread] DEBUG PrimaryStageWindow   - FXGLMainMenuDummyScene -> WorldHellMenu
02:41:29.883 [JavaFX Application Thread] DEBUG FXGLApplication      - Exiting FXGL
02:41:29.883 [JavaFX Application Thread] DEBUG LoopRunner           - Stopping loop
02:41:29.883 [JavaFX Application Thread] DEBUG SystemBundleService  - Saving FXGL system data
02:41:29.886 [JavaFX Application Thread] DEBUG FileSystemAccess     - Writing to: C:\Users\majah\OneDrive\Desktop\wH\world-hell\BasicGameApp\system\fxgl.bundle
02:41:29.888 [JavaFX Application Thread] DEBUG Async                - Shutting down background threads
02:41:29.888 [JavaFX Application Thread] DEBUG PrimaryStageWindow   - Closing main window
02:41:29.905 [JavaFX Application Thread] DEBUG Logger               - Closing Logger
