01:43:02.502 [main                     ] DEBUG Logger               - Configured Logger
01:43:02.537 [main                     ] DEBUG GameApplication      - Logging settings
Title: WorldHELL 0 
Version: 0.1
Width: 800
Height: 800
Fullscreen: false
Intro: false
Profiling: false
Single step:false
App Mode: DEVELOPER
Menu Key: ESCAPE
Stage Style: DECORATED
Scene Factory: class com.example.basicgameapp.BasicGameApp$1

01:43:03.038 [JavaFX Application Thread] DEBUG FXGLApplication      - Initializing FXGL
01:43:03.043 [JavaFX Application Thread] INFO  Engine               - FXGL-17.2 (20.08.2022 16.50) on WINDOWS (J:20.0.2 FX:20.0.1)
01:43:03.044 [JavaFX Application Thread] DEBUG Engine               - JRE Vendor Name: Oracle Corporation
01:43:03.044 [JavaFX Application Thread] DEBUG Engine               - Running on OS: Windows 11 version 10.0
01:43:03.045 [JavaFX Application Thread] DEBUG Engine               - Architecture: amd64
01:43:03.045 [JavaFX Application Thread] INFO  Engine               - Source code and latest versions at: https://github.com/AlmasB/FXGL
01:43:03.045 [JavaFX Application Thread] INFO  Engine               -       Ask questions and discuss at: https://github.com/AlmasB/FXGL/discussions
01:43:03.045 [JavaFX Application Thread] INFO  Engine               -              Join the FXGL chat at: https://gitter.im/AlmasB/FXGL
01:43:03.183 [JavaFX Application Thread] DEBUG PrimaryStageWindow   - Creating a JavaFX scene
01:43:03.257 [JavaFX Application Thread] DEBUG PrimaryStageWindow   - Target settings size: 800.0 x 800.0
01:43:03.257 [JavaFX Application Thread] DEBUG PrimaryStageWindow   - Scaled scene size:    800.0 x 800.0
01:43:03.258 [JavaFX Application Thread] DEBUG PrimaryStageWindow   - Scaled ratio: (1.0, 1.0)
01:43:03.259 [JavaFX Application Thread] DEBUG PrimaryStageWindow   - Set initial scene to FXGLStartupScene
01:43:03.263 [JavaFX Application Thread] DEBUG PrimaryStageWindow   - Opening main window
01:43:03.370 [JavaFX Application Thread] DEBUG PrimaryStageWindow   - Window border size: (14.4000244140625, 37.5999755859375)
01:43:03.370 [JavaFX Application Thread] DEBUG PrimaryStageWindow   - Scaled size: 800.0 x 800.0
01:43:03.370 [JavaFX Application Thread] DEBUG PrimaryStageWindow   - Scaled ratio: (1.0, 1.0)
01:43:03.370 [JavaFX Application Thread] DEBUG PrimaryStageWindow   - Scene size: 800.0 x 800.0
01:43:03.371 [JavaFX Application Thread] DEBUG PrimaryStageWindow   - Stage size: 814.4000244140625 x 837.5999755859375
01:43:03.385 [FXGL Background Thread 1 ] DEBUG Engine               - Initializing environment variables
01:43:03.450 [FXGL Background Thread 1 ] DEBUG FXGLAssetLoaderServi - User app class for loading assets: class com.example.basicgameapp.BasicGameApp
01:43:03.450 [FXGL Background Thread 1 ] DEBUG GameApplicationServi - Applying CSS: fxgl_dark.css
01:43:03.451 [FXGL Background Thread 1 ] DEBUG FXGLAssetLoaderServi - Loading from file system: jar:file:///C:/Users/majah/.m2/repository/com/github/almasb/fxgl/17.2/fxgl-17.2.jar!/fxglassets/ui/css/fxgl_dark.css
01:43:03.507 [FXGL Background Thread 1 ] DEBUG GameApplicationServi - Initializing application scenes
01:43:03.552 [FXGL Background Thread 1 ] DEBUG GameWorld            - Game world initialized
01:43:03.623 [FXGL Background Thread 1 ] DEBUG PhysicsWorld         - Physics world initialized: appHeight=800, physics.ppm=50.0
01:43:03.624 [FXGL Background Thread 1 ] DEBUG PhysicsWorld         - Using strategy: BRUTE_FORCE
01:43:03.629 [FXGL Background Thread 1 ] DEBUG GameScene            - Game scene initialized: 800x800
01:43:03.635 [FXGL Background Thread 1 ] DEBUG FXGLAssetLoaderServi - Loading from file system: file:/C:/Users/majah/OneDrive/Desktop/wH/world-hell/BasicGameApp/target/classes/assets/textures/BG.png
01:43:03.728 [FXGL Background Thread 1 ] DEBUG GameApplicationServi - Application scenes initialized
01:43:03.747 [FXGL Background Thread 1 ] DEBUG SystemBundleService  - Loading FXGL system data
01:43:03.754 [FXGL Background Thread 1 ] DEBUG FileSystemAccess     - Reading from: C:\Users\majah\OneDrive\Desktop\wH\world-hell\BasicGameApp\system\fxgl.bundle
01:43:03.766 [FXGL Background Thread 1 ] DEBUG SystemBundleService  - Bundle FXGL: {}
01:43:03.766 [FXGL Background Thread 1 ] DEBUG UpdaterService       - Checking for updates
01:43:03.772 [FXGL Background Thread 4 ] DEBUG FXGLApplication      - Loading fonts
01:43:03.772 [FXGL Background Thread 1 ] DEBUG FXGLApplication      - Loading default localization
01:43:03.773 [FXGL Background Thread 1 ] DEBUG FXGLAssetLoaderServi - Loading from file system: jar:file:///C:/Users/majah/.m2/repository/com/github/almasb/fxgl/17.2/fxgl-17.2.jar!/fxglassets/languages/english.lang
01:43:03.773 [FXGL Background Thread 4 ] DEBUG FXGLAssetLoaderServi - Loading from file system: jar:file:///C:/Users/majah/.m2/repository/com/github/almasb/fxgl/17.2/fxgl-17.2.jar!/fxglassets/ui/fonts/VarelaRound-Regular.ttf
01:43:03.801 [FXGL Background Thread 1 ] INFO  FXGLApplication      - FXGL initialization took: 0.416 sec
01:43:03.813 [JavaFX Application Thread] DEBUG Input                - Registered new binding: action0 - D
01:43:03.814 [JavaFX Application Thread] DEBUG Input                - Registered new binding: action1 - A
01:43:03.814 [JavaFX Application Thread] DEBUG Input                - Registered new binding: action2 - W
01:43:03.815 [JavaFX Application Thread] DEBUG Input                - Registered new binding: action3 - S
01:43:03.815 [JavaFX Application Thread] DEBUG FXGLAssetLoaderServi - Loading from file system: jar:file:///C:/Users/majah/.m2/repository/com/github/almasb/fxgl/17.2/fxgl-17.2.jar!/fxglassets/textures/fxgl_icon.png
01:43:03.837 [JavaFX Application Thread] DEBUG FXGLAssetLoaderServi - Loading from file system: jar:file:///C:/Users/majah/.m2/repository/com/github/almasb/fxgl/17.2/fxgl-17.2.jar!/fxglassets/textures/fxgl_default_cursor.png
01:43:03.840 [JavaFX Application Thread] DEBUG Input                - Registered new binding: Screenshot - CTRL+8
01:43:03.840 [JavaFX Application Thread] DEBUG Input                - Registered new binding: System info dump - CTRL+9
01:43:03.840 [JavaFX Application Thread] DEBUG Input                - Registered new binding: Restart - CTRL+R
01:43:03.841 [JavaFX Application Thread] DEBUG Input                - Registered new binding: Toggle Debug Camera - CTRL+7
01:43:03.844 [JavaFX Application Thread] DEBUG LoopRunner           - Starting loop
01:43:03.845 [JavaFX Application Thread] DEBUG LoopRunner           - Initializing JavaFX AnimationTimerLoop
01:43:03.848 [JavaFX Application Thread] DEBUG Input                - Clearing active input actions
01:43:03.856 [JavaFX Application Thread] DEBUG GameApplicationServi - Removing overlay from FXGLStartupScene and adding to FXGLMainMenuDummyScene
01:43:03.857 [JavaFX Application Thread] DEBUG PrimaryStageWindow   - FXGLStartupScene -> FXGLMainMenuDummyScene
01:43:03.857 [JavaFX Application Thread] DEBUG PrimaryStageWindow   - Push state: WorldHellMenu
01:43:03.857 [JavaFX Application Thread] DEBUG Input                - Clearing active input actions
01:43:03.861 [JavaFX Application Thread] DEBUG GameApplicationServi - Removing overlay from FXGLMainMenuDummyScene and adding to WorldHellMenu
01:43:03.863 [JavaFX Application Thread] DEBUG PrimaryStageWindow   - FXGLMainMenuDummyScene -> WorldHellMenu
01:43:03.916 [FXGL Background Thread 4 ] DEBUG FXGLAssetLoaderServi - Loading from file system: jar:file:///C:/Users/majah/.m2/repository/com/github/almasb/fxgl/17.2/fxgl-17.2.jar!/fxglassets/ui/fonts/Abel-Regular.ttf
01:43:03.921 [FXGL Background Thread 4 ] DEBUG FXGLAssetLoaderServi - Loading from file system: jar:file:///C:/Users/majah/.m2/repository/com/github/almasb/fxgl/17.2/fxgl-17.2.jar!/fxglassets/ui/fonts/TerminalLandMono-Regular.otf
01:43:03.928 [FXGL Background Thread 4 ] DEBUG FXGLAssetLoaderServi - Loading from file system: jar:file:///C:/Users/majah/.m2/repository/com/github/almasb/fxgl/17.2/fxgl-17.2.jar!/fxglassets/ui/fonts/Courier-Prime.ttf
01:43:03.938 [JavaFX Application Thread] DEBUG FXGLApplication      - Registering font factories with UI factory
01:43:04.957 [FXGL Background Thread 2 ] INFO  UpdaterService       - Your current version:  17.2
01:43:04.957 [FXGL Background Thread 2 ] INFO  UpdaterService       - Latest stable version: 17.3
01:43:06.182 [JavaFX Application Thread] DEBUG Menu                 - fireNewGame()
01:43:06.182 [JavaFX Application Thread] DEBUG GameApplicationServi - Starting new game
01:43:06.182 [JavaFX Application Thread] DEBUG PrimaryStageWindow   - Pop state: WorldHellMenu
01:43:06.183 [JavaFX Application Thread] DEBUG Input                - Clearing active input actions
01:43:06.184 [JavaFX Application Thread] DEBUG GameApplicationServi - Removing overlay from WorldHellMenu and adding to FXGLMainMenuDummyScene
01:43:06.185 [JavaFX Application Thread] DEBUG PrimaryStageWindow   - FXGLMainMenuDummyScene <- WorldHellMenu
01:43:06.186 [JavaFX Application Thread] DEBUG Input                - Clearing active input actions
01:43:06.217 [JavaFX Application Thread] DEBUG GameApplicationServi - Removing overlay from FXGLMainMenuDummyScene and adding to FXGLLoadingScene
01:43:06.218 [JavaFX Application Thread] DEBUG PrimaryStageWindow   - FXGLMainMenuDummyScene -> FXGLLoadingScene
01:43:06.218 [JavaFX Application Thread] DEBUG GameApplicationServi - Clearing previous game
01:43:06.218 [JavaFX Application Thread] DEBUG GameScene            - Clearing game scene
01:43:06.218 [JavaFX Application Thread] DEBUG GameWorld            - Clearing game world
01:43:06.219 [JavaFX Application Thread] DEBUG PhysicsWorld         - Clearing physics world
01:43:06.221 [FXGL Background Thread 2 ] DEBUG FXGLApplication      - Initializing game
01:43:06.223 [FXGL Background Thread 2 ] DEBUG FXGLAssetLoaderServi - Loading from file system: file:/C:/Users/majah/OneDrive/Desktop/wH/world-hell/BasicGameApp/target/classes/assets/music/Doom%20Eternal%20OST%20-%20The%20Only%20Thing%20They%20Fear%20Is%20You%20(Mick%20Gordon)%20%5BDoom%20Eternal%20Theme%5D.mp3
01:43:06.397 [FXGL Background Thread 2 ] DEBUG AudioPlayer          - Playing music com.almasb.fxgl.audio.Music@3730d231
01:43:06.399 [FXGL Background Thread 2 ] DEBUG FXGLAssetLoaderServi - Loading from file system: file:/C:/Users/majah/OneDrive/Desktop/wH/world-hell/BasicGameApp/target/classes/assets/textures/bloody_paper2.jpg
01:43:06.424 [FXGL Background Thread 2 ] DEBUG FXGLAssetLoaderServi - Loading from file system: file:/C:/Users/majah/OneDrive/Desktop/wH/world-hell/BasicGameApp/target/classes/assets/textures/girl_colored.png
01:43:06.469 [FXGL Background Thread 2 ] INFO  FXGLApplication      - Game initialization took: 0.247 sec
01:43:06.480 [JavaFX Application Thread] DEBUG Input                - Clearing active input actions
01:43:06.486 [JavaFX Application Thread] DEBUG GameApplicationServi - Removing overlay from FXGLLoadingScene and adding to GameScene
01:43:06.487 [JavaFX Application Thread] DEBUG PrimaryStageWindow   - FXGLLoadingScene -> GameScene
01:43:06.771 [FXGL Background Thread 3 ] DEBUG Engine               - Logging environment variables
01:43:06.772 [FXGL Background Thread 3 ] DEBUG Engine               - achievements: []
01:43:06.772 [FXGL Background Thread 3 ] DEBUG Engine               - actualHeight: 800.0
01:43:06.772 [FXGL Background Thread 3 ] DEBUG Engine               - actualHeightProperty: ReadOnlyDoubleProperty [value: 800.0]
01:43:06.772 [FXGL Background Thread 3 ] DEBUG Engine               - actualWidth: 800.0
01:43:06.772 [FXGL Background Thread 3 ] DEBUG Engine               - actualWidthProperty: ReadOnlyDoubleProperty [value: 800.0]
01:43:06.772 [FXGL Background Thread 3 ] DEBUG Engine               - appIcon: fxgl_icon.png
01:43:06.772 [FXGL Background Thread 3 ] DEBUG Engine               - applicationMode: DEVELOPER
01:43:06.772 [FXGL Background Thread 3 ] DEBUG Engine               - cSSList: [fxgl_dark.css]
01:43:06.772 [FXGL Background Thread 3 ] DEBUG Engine               - collisionDetectionStrategy: BRUTE_FORCE
01:43:06.772 [FXGL Background Thread 3 ] DEBUG Engine               - configClass: Optional.empty
01:43:06.772 [FXGL Background Thread 3 ] DEBUG Engine               - credits: []
01:43:06.774 [FXGL Background Thread 3 ] DEBUG Engine               - defaultCursor: CursorInfo(imageName=fxgl_default_cursor.png, hotspotX=7.0, hotspotY=6.0)
01:43:06.774 [FXGL Background Thread 3 ] DEBUG Engine               - devBBoxColorProperty: ObjectProperty [value: 0xff0000ff]
01:43:06.774 [FXGL Background Thread 3 ] DEBUG Engine               - devEnableDebugCameraProperty: BooleanProperty [value: false]
01:43:06.774 [FXGL Background Thread 3 ] DEBUG Engine               - devSensorColorProperty: ObjectProperty [value: 0xffff00ff]
01:43:06.774 [FXGL Background Thread 3 ] DEBUG Engine               - devShowBBoxProperty: BooleanProperty [value: false]
01:43:06.774 [FXGL Background Thread 3 ] DEBUG Engine               - devShowPositionProperty: BooleanProperty [value: false]
01:43:06.774 [FXGL Background Thread 3 ] DEBUG Engine               - enabledMenuItems: []
01:43:06.774 [FXGL Background Thread 3 ] DEBUG Engine               - engineServices: [class com.almasb.fxgl.app.services.FXGLAssetLoaderService, class com.almasb.fxgl.app.FXGLApplication$GameApplicationService, class com.almasb.fxgl.app.services.FXGLDialogService, class com.almasb.fxgl.app.services.IOTaskExecutorService, class com.almasb.fxgl.io.FileSystemService, class com.almasb.fxgl.localization.LocalizationService, class com.almasb.fxgl.app.services.SystemBundleService, class com.almasb.fxgl.profile.SaveLoadService, class com.almasb.fxgl.ui.FXGLUIFactoryServiceProvider, class com.almasb.fxgl.ui.FXGLDialogFactoryServiceProvider, class com.almasb.fxgl.audio.AudioPlayer, class com.almasb.fxgl.notification.impl.NotificationServiceProvider, class com.almasb.fxgl.achievement.AchievementService, class com.almasb.fxgl.cutscene.CutsceneService, class com.almasb.fxgl.minigames.MiniGameService, class com.almasb.fxgl.net.NetService, class com.almasb.fxgl.app.services.UpdaterService, class com.almasb.fxgl.dev.DevService]
01:43:06.775 [FXGL Background Thread 3 ] DEBUG Engine               - fontGame: Abel-Regular.ttf
01:43:06.775 [FXGL Background Thread 3 ] DEBUG Engine               - fontMono: TerminalLandMono-Regular.otf
01:43:06.775 [FXGL Background Thread 3 ] DEBUG Engine               - fontText: Courier-Prime.ttf
01:43:06.775 [FXGL Background Thread 3 ] DEBUG Engine               - fontUI: VarelaRound-Regular.ttf
01:43:06.775 [FXGL Background Thread 3 ] DEBUG Engine               - fullScreen: BooleanProperty [value: false]
01:43:06.775 [FXGL Background Thread 3 ] DEBUG Engine               - gameDifficulty: MEDIUM
01:43:06.775 [FXGL Background Thread 3 ] DEBUG Engine               - gameDifficultyProperty: ObjectProperty [value: MEDIUM]
01:43:06.775 [FXGL Background Thread 3 ] DEBUG Engine               - globalMusicVolume: 0.5
01:43:06.775 [FXGL Background Thread 3 ] DEBUG Engine               - globalMusicVolumeProperty: DoubleProperty [value: 0.2]
01:43:06.775 [FXGL Background Thread 3 ] DEBUG Engine               - globalSoundVolume: 0.5
01:43:06.775 [FXGL Background Thread 3 ] DEBUG Engine               - globalSoundVolumeProperty: DoubleProperty [value: 0.5]
01:43:06.775 [FXGL Background Thread 3 ] DEBUG Engine               - height: 800
01:43:06.775 [FXGL Background Thread 3 ] DEBUG Engine               - is3D: false
01:43:06.775 [FXGL Background Thread 3 ] DEBUG Engine               - isAndroid: false
01:43:06.775 [FXGL Background Thread 3 ] DEBUG Engine               - isBrowser: false
01:43:06.776 [FXGL Background Thread 3 ] DEBUG Engine               - isClickFeedbackEnabled: false
01:43:06.776 [FXGL Background Thread 3 ] DEBUG Engine               - isCloseConfirmation: false
01:43:06.776 [FXGL Background Thread 3 ] DEBUG Engine               - isDesktop: true
01:43:06.776 [FXGL Background Thread 3 ] DEBUG Engine               - isDeveloperMenuEnabled: false
01:43:06.776 [FXGL Background Thread 3 ] DEBUG Engine               - isEmbedded: false
01:43:06.776 [FXGL Background Thread 3 ] DEBUG Engine               - isEntityPreloadEnabled: true
01:43:06.776 [FXGL Background Thread 3 ] DEBUG Engine               - isExperimentalTiledLargeMap: false
01:43:06.776 [FXGL Background Thread 3 ] DEBUG Engine               - isFileSystemWriteAllowed: true
01:43:06.777 [FXGL Background Thread 3 ] DEBUG Engine               - isFullScreenAllowed: false
01:43:06.777 [FXGL Background Thread 3 ] DEBUG Engine               - isFullScreenFromStart: false
01:43:06.777 [FXGL Background Thread 3 ] DEBUG Engine               - isGameMenuEnabled: true
01:43:06.777 [FXGL Background Thread 3 ] DEBUG Engine               - isIOS: false
01:43:06.777 [FXGL Background Thread 3 ] DEBUG Engine               - isIntroEnabled: false
01:43:06.777 [FXGL Background Thread 3 ] DEBUG Engine               - isLinux: false
01:43:06.777 [FXGL Background Thread 3 ] DEBUG Engine               - isMac: false
01:43:06.777 [FXGL Background Thread 3 ] DEBUG Engine               - isMainMenuEnabled: true
01:43:06.777 [FXGL Background Thread 3 ] DEBUG Engine               - isManualResizeEnabled: false
01:43:06.777 [FXGL Background Thread 3 ] DEBUG Engine               - isMobile: false
01:43:06.777 [FXGL Background Thread 3 ] DEBUG Engine               - isNative: false
01:43:06.777 [FXGL Background Thread 3 ] DEBUG Engine               - isPauseMusicWhenMinimized: true
01:43:06.777 [FXGL Background Thread 3 ] DEBUG Engine               - isPreserveResizeRatio: false
01:43:06.777 [FXGL Background Thread 3 ] DEBUG Engine               - isProfilingEnabled: false
01:43:06.777 [FXGL Background Thread 3 ] DEBUG Engine               - isScaleAffectedOnResize: true
01:43:06.777 [FXGL Background Thread 3 ] DEBUG Engine               - isSingleStep: false
01:43:06.777 [FXGL Background Thread 3 ] DEBUG Engine               - isUserProfileEnabled: false
01:43:06.778 [FXGL Background Thread 3 ] DEBUG Engine               - isWindows: true
01:43:06.778 [FXGL Background Thread 3 ] DEBUG Engine               - language: ObjectProperty [value: ENGLISH]
01:43:06.778 [FXGL Background Thread 3 ] DEBUG Engine               - menuKey: ESCAPE
01:43:06.778 [FXGL Background Thread 3 ] DEBUG Engine               - mouseSensitivity: 0.2
01:43:06.778 [FXGL Background Thread 3 ] DEBUG Engine               - notificationViewClass: class com.almasb.fxgl.notification.view.XboxNotificationView
01:43:06.778 [FXGL Background Thread 3 ] DEBUG Engine               - pixelsPerMeter: 50.0
01:43:06.778 [FXGL Background Thread 3 ] DEBUG Engine               - platform: WINDOWS
01:43:06.778 [FXGL Background Thread 3 ] DEBUG Engine               - prefHeightProperty: ReadOnlyDoubleProperty [value: 800.0]
01:43:06.778 [FXGL Background Thread 3 ] DEBUG Engine               - prefWidthProperty: ReadOnlyDoubleProperty [value: 800.0]
01:43:06.778 [FXGL Background Thread 3 ] DEBUG Engine               - profileDir: profiles/
01:43:06.778 [FXGL Background Thread 3 ] DEBUG Engine               - profileName: StringProperty [value: DEFAULT]
01:43:06.778 [FXGL Background Thread 3 ] DEBUG Engine               - randomSeed: -1
01:43:06.780 [FXGL Background Thread 3 ] DEBUG Engine               - runtimeInfo: RuntimeInfo(platform=WINDOWS, version=17.2, build=20.08.2022 16.50)
01:43:06.780 [FXGL Background Thread 3 ] DEBUG Engine               - saveFileExt: sav
01:43:06.780 [FXGL Background Thread 3 ] DEBUG Engine               - scaledHeightProp$fxgl: DoubleProperty [bound, value: 800.0]
01:43:06.780 [FXGL Background Thread 3 ] DEBUG Engine               - scaledWidthProp$fxgl: DoubleProperty [bound, value: 800.0]
01:43:06.780 [FXGL Background Thread 3 ] DEBUG Engine               - sceneFactory: com.example.basicgameapp.BasicGameApp$1@400eed3e
01:43:06.780 [FXGL Background Thread 3 ] DEBUG Engine               - secondsIn24h: 60
01:43:06.780 [FXGL Background Thread 3 ] DEBUG Engine               - soundMenuBack: menu/back.wav
01:43:06.780 [FXGL Background Thread 3 ] DEBUG Engine               - soundMenuPress: menu/press.wav
01:43:06.780 [FXGL Background Thread 3 ] DEBUG Engine               - soundMenuSelect: menu/select.wav
01:43:06.780 [FXGL Background Thread 3 ] DEBUG Engine               - soundNotification: core/notification.wav
01:43:06.781 [FXGL Background Thread 3 ] DEBUG Engine               - stageStyle: DECORATED
01:43:06.781 [FXGL Background Thread 3 ] DEBUG Engine               - supportedLanguages: [ENGLISH, FRENCH, GERMAN, HUNGARIAN, RUSSIAN]
01:43:06.781 [FXGL Background Thread 3 ] DEBUG Engine               - ticksPerSecond: -1
01:43:06.781 [FXGL Background Thread 3 ] DEBUG Engine               - title: WorldHELL 0 
01:43:06.781 [FXGL Background Thread 3 ] DEBUG Engine               - urlGithub: https://github.com/AlmasB/FXGL
01:43:06.781 [FXGL Background Thread 3 ] DEBUG Engine               - urlLeaderboard: http://fxgl-top.herokuapp.com/
01:43:06.781 [FXGL Background Thread 3 ] DEBUG Engine               - urlPOM: https://raw.githubusercontent.com/AlmasB/FXGL/release/README.md
01:43:06.781 [FXGL Background Thread 3 ] DEBUG Engine               - userAppClass: class com.example.basicgameapp.BasicGameApp
01:43:06.781 [FXGL Background Thread 3 ] DEBUG Engine               - version: 0.1
01:43:06.781 [FXGL Background Thread 3 ] DEBUG Engine               - versionCheckDays: 7
01:43:06.781 [FXGL Background Thread 3 ] DEBUG Engine               - width: 800
01:43:06.781 [FXGL Background Thread 3 ] DEBUG Engine               - Logging services
01:43:06.781 [FXGL Background Thread 3 ] DEBUG Engine               - class com.almasb.fxgl.app.services.FXGLAssetLoaderService
01:43:06.781 [FXGL Background Thread 3 ] DEBUG Engine               - class com.almasb.fxgl.app.FXGLApplication$GameApplicationService
01:43:06.781 [FXGL Background Thread 3 ] DEBUG Engine               - class com.almasb.fxgl.app.services.FXGLDialogService
01:43:06.781 [FXGL Background Thread 3 ] DEBUG Engine               - class com.almasb.fxgl.app.services.IOTaskExecutorService
01:43:06.781 [FXGL Background Thread 3 ] DEBUG Engine               - class com.almasb.fxgl.io.FileSystemService
01:43:06.781 [FXGL Background Thread 3 ] DEBUG Engine               - class com.almasb.fxgl.localization.LocalizationService
01:43:06.781 [FXGL Background Thread 3 ] DEBUG Engine               - class com.almasb.fxgl.app.services.SystemBundleService
01:43:06.781 [FXGL Background Thread 3 ] DEBUG Engine               - class com.almasb.fxgl.profile.SaveLoadService
01:43:06.781 [FXGL Background Thread 3 ] DEBUG Engine               - class com.almasb.fxgl.ui.FXGLUIFactoryServiceProvider
01:43:06.781 [FXGL Background Thread 3 ] DEBUG Engine               - class com.almasb.fxgl.ui.FXGLDialogFactoryServiceProvider
01:43:06.782 [FXGL Background Thread 3 ] DEBUG Engine               - class com.almasb.fxgl.audio.AudioPlayer
01:43:06.782 [FXGL Background Thread 3 ] DEBUG Engine               - class com.almasb.fxgl.notification.impl.NotificationServiceProvider
01:43:06.782 [FXGL Background Thread 3 ] DEBUG Engine               - class com.almasb.fxgl.achievement.AchievementService
01:43:06.782 [FXGL Background Thread 3 ] DEBUG Engine               - class com.almasb.fxgl.cutscene.CutsceneService
01:43:06.782 [FXGL Background Thread 3 ] DEBUG Engine               - class com.almasb.fxgl.minigames.MiniGameService
01:43:06.782 [FXGL Background Thread 3 ] DEBUG Engine               - class com.almasb.fxgl.net.NetService
01:43:06.782 [FXGL Background Thread 3 ] DEBUG Engine               - class com.almasb.fxgl.app.services.UpdaterService
01:43:06.782 [FXGL Background Thread 3 ] DEBUG Engine               - class com.almasb.fxgl.dev.DevService
01:43:07.153 [JavaFX Application Thread] DEBUG FXGLAssetLoaderServi - Loading from file system: file:/C:/Users/majah/OneDrive/Desktop/wH/world-hell/BasicGameApp/target/classes/assets/textures/zombie_colored.png
01:43:07.161 [JavaFX Application Thread] DEBUG FXGLAssetLoaderServi - Loading from file system: file:/C:/Users/majah/OneDrive/Desktop/wH/world-hell/BasicGameApp/target/classes/assets/textures/eagle_colored.png
01:43:07.165 [JavaFX Application Thread] DEBUG FXGLAssetLoaderServi - Loading from file system: file:/C:/Users/majah/OneDrive/Desktop/wH/world-hell/BasicGameApp/target/classes/assets/textures/bird_colored.png
01:43:07.679 [JavaFX Application Thread] DEBUG FXGLAssetLoaderServi - Loading from file system: file:/C:/Users/majah/OneDrive/Desktop/wH/world-hell/BasicGameApp/target/classes/assets/textures/swipe.png
01:43:13.474 [JavaFX Application Thread] DEBUG FXGLAssetLoaderServi - Loading from file system: file:/C:/Users/majah/OneDrive/Desktop/wH/world-hell/BasicGameApp/target/classes/assets/sounds/zombie_pain.wav
01:43:13.492 [JavaFX Application Thread] DEBUG FXGLAssetLoaderServi - Loading from file system: file:/C:/Users/majah/OneDrive/Desktop/wH/world-hell/BasicGameApp/target/classes/assets/textures/pisos.png
01:43:13.807 [JavaFX Application Thread] DEBUG FXGLAssetLoaderServi - Loading from file system: file:/C:/Users/majah/OneDrive/Desktop/wH/world-hell/BasicGameApp/target/classes/assets/sounds/ai.wav
01:43:16.223 [JavaFX Application Thread] DEBUG FXGLAssetLoaderServi - Loading from file system: file:/C:/Users/majah/OneDrive/Desktop/wH/world-hell/BasicGameApp/target/classes/assets/sounds/coin_get.wav
01:43:20.481 [JavaFX Application Thread] DEBUG FXGLAssetLoaderServi - Loading from file system: file:/C:/Users/majah/OneDrive/Desktop/wH/world-hell/BasicGameApp/target/classes/assets/sounds/bird_death.wav
01:43:21.474 [JavaFX Application Thread] DEBUG FXGLAssetLoaderServi - Loading from file system: file:/C:/Users/majah/OneDrive/Desktop/wH/world-hell/BasicGameApp/target/classes/assets/sounds/eagle_death.wav
01:43:21.778 [JavaFX Application Thread] DEBUG FXGLAssetLoaderServi - Loading from file system: file:/C:/Users/majah/OneDrive/Desktop/wH/world-hell/BasicGameApp/target/classes/assets/textures/skull.png
01:43:21.817 [JavaFX Application Thread] DEBUG PrimaryStageWindow   - Push state: DialogSubScene
01:43:21.817 [JavaFX Application Thread] DEBUG Input                - Clearing active input actions
01:43:21.825 [JavaFX Application Thread] DEBUG GameApplicationServi - Removing overlay from GameScene and adding to DialogSubScene
01:43:21.825 [JavaFX Application Thread] DEBUG PrimaryStageWindow   - GameScene -> DialogSubScene
01:43:21.826 [JavaFX Application Thread] DEBUG AudioPlayer          - Stopping music com.almasb.fxgl.audio.Music@3730d231
01:43:25.930 [JavaFX Application Thread] DEBUG PrimaryStageWindow   - Pop state: DialogSubScene
01:43:25.930 [JavaFX Application Thread] DEBUG Input                - Clearing active input actions
01:43:25.932 [JavaFX Application Thread] DEBUG GameApplicationServi - Removing overlay from DialogSubScene and adding to GameScene
01:43:25.932 [JavaFX Application Thread] DEBUG PrimaryStageWindow   - GameScene <- DialogSubScene
01:43:25.937 [JavaFX Application Thread] DEBUG PrimaryStageWindow   - Push state: DialogSubScene
01:43:25.937 [JavaFX Application Thread] DEBUG Input                - Clearing active input actions
01:43:25.938 [JavaFX Application Thread] DEBUG GameApplicationServi - Removing overlay from GameScene and adding to DialogSubScene
01:43:25.938 [JavaFX Application Thread] DEBUG PrimaryStageWindow   - GameScene -> DialogSubScene
01:43:25.938 [JavaFX Application Thread] DEBUG AudioPlayer          - Stopping music com.almasb.fxgl.audio.Music@3730d231
01:43:26.770 [JavaFX Application Thread] DEBUG PrimaryStageWindow   - Pop state: DialogSubScene
01:43:26.770 [JavaFX Application Thread] DEBUG Input                - Clearing active input actions
01:43:26.771 [JavaFX Application Thread] DEBUG GameApplicationServi - Removing overlay from DialogSubScene and adding to GameScene
01:43:26.772 [JavaFX Application Thread] DEBUG PrimaryStageWindow   - GameScene <- DialogSubScene
01:43:26.786 [JavaFX Application Thread] DEBUG PrimaryStageWindow   - Push state: DialogSubScene
01:43:26.786 [JavaFX Application Thread] DEBUG Input                - Clearing active input actions
01:43:26.788 [JavaFX Application Thread] DEBUG GameApplicationServi - Removing overlay from GameScene and adding to DialogSubScene
01:43:26.789 [JavaFX Application Thread] DEBUG PrimaryStageWindow   - GameScene -> DialogSubScene
01:43:26.789 [JavaFX Application Thread] DEBUG AudioPlayer          - Stopping music com.almasb.fxgl.audio.Music@3730d231
01:43:27.307 [JavaFX Application Thread] DEBUG PrimaryStageWindow   - Pop state: DialogSubScene
01:43:27.307 [JavaFX Application Thread] DEBUG Input                - Clearing active input actions
01:43:27.308 [JavaFX Application Thread] DEBUG GameApplicationServi - Removing overlay from DialogSubScene and adding to GameScene
01:43:27.308 [JavaFX Application Thread] DEBUG PrimaryStageWindow   - GameScene <- DialogSubScene
01:43:27.311 [JavaFX Application Thread] DEBUG PrimaryStageWindow   - Push state: DialogSubScene
01:43:27.311 [JavaFX Application Thread] DEBUG Input                - Clearing active input actions
01:43:27.312 [JavaFX Application Thread] DEBUG GameApplicationServi - Removing overlay from GameScene and adding to DialogSubScene
01:43:27.312 [JavaFX Application Thread] DEBUG PrimaryStageWindow   - GameScene -> DialogSubScene
01:43:27.312 [JavaFX Application Thread] DEBUG AudioPlayer          - Stopping music com.almasb.fxgl.audio.Music@3730d231
01:43:27.736 [JavaFX Application Thread] DEBUG PrimaryStageWindow   - Pop state: DialogSubScene
01:43:27.738 [JavaFX Application Thread] DEBUG Input                - Clearing active input actions
01:43:27.739 [JavaFX Application Thread] DEBUG GameApplicationServi - Removing overlay from DialogSubScene and adding to GameScene
01:43:27.739 [JavaFX Application Thread] DEBUG PrimaryStageWindow   - GameScene <- DialogSubScene
01:43:27.745 [JavaFX Application Thread] DEBUG PrimaryStageWindow   - Push state: DialogSubScene
01:43:27.745 [JavaFX Application Thread] DEBUG Input                - Clearing active input actions
01:43:27.746 [JavaFX Application Thread] DEBUG GameApplicationServi - Removing overlay from GameScene and adding to DialogSubScene
01:43:27.746 [JavaFX Application Thread] DEBUG PrimaryStageWindow   - GameScene -> DialogSubScene
01:43:27.747 [JavaFX Application Thread] DEBUG AudioPlayer          - Stopping music com.almasb.fxgl.audio.Music@3730d231
01:43:28.192 [JavaFX Application Thread] DEBUG PrimaryStageWindow   - Pop state: DialogSubScene
01:43:28.193 [JavaFX Application Thread] DEBUG Input                - Clearing active input actions
01:43:28.193 [JavaFX Application Thread] DEBUG GameApplicationServi - Removing overlay from DialogSubScene and adding to GameScene
01:43:28.193 [JavaFX Application Thread] DEBUG PrimaryStageWindow   - GameScene <- DialogSubScene
01:43:28.207 [JavaFX Application Thread] DEBUG PrimaryStageWindow   - Push state: DialogSubScene
01:43:28.207 [JavaFX Application Thread] DEBUG Input                - Clearing active input actions
01:43:28.208 [JavaFX Application Thread] DEBUG GameApplicationServi - Removing overlay from GameScene and adding to DialogSubScene
01:43:28.208 [JavaFX Application Thread] DEBUG PrimaryStageWindow   - GameScene -> DialogSubScene
01:43:28.208 [JavaFX Application Thread] DEBUG AudioPlayer          - Stopping music com.almasb.fxgl.audio.Music@3730d231
01:43:28.616 [JavaFX Application Thread] DEBUG PrimaryStageWindow   - Pop state: DialogSubScene
01:43:28.616 [JavaFX Application Thread] DEBUG Input                - Clearing active input actions
01:43:28.617 [JavaFX Application Thread] DEBUG GameApplicationServi - Removing overlay from DialogSubScene and adding to GameScene
01:43:28.617 [JavaFX Application Thread] DEBUG PrimaryStageWindow   - GameScene <- DialogSubScene
01:43:28.625 [JavaFX Application Thread] DEBUG PrimaryStageWindow   - Push state: DialogSubScene
01:43:28.625 [JavaFX Application Thread] DEBUG Input                - Clearing active input actions
01:43:28.626 [JavaFX Application Thread] DEBUG GameApplicationServi - Removing overlay from GameScene and adding to DialogSubScene
01:43:28.626 [JavaFX Application Thread] DEBUG PrimaryStageWindow   - GameScene -> DialogSubScene
01:43:28.626 [JavaFX Application Thread] DEBUG AudioPlayer          - Stopping music com.almasb.fxgl.audio.Music@3730d231
01:43:29.044 [JavaFX Application Thread] DEBUG PrimaryStageWindow   - Pop state: DialogSubScene
01:43:29.044 [JavaFX Application Thread] DEBUG Input                - Clearing active input actions
01:43:29.045 [JavaFX Application Thread] DEBUG GameApplicationServi - Removing overlay from DialogSubScene and adding to GameScene
01:43:29.045 [JavaFX Application Thread] DEBUG PrimaryStageWindow   - GameScene <- DialogSubScene
01:43:29.056 [JavaFX Application Thread] DEBUG PrimaryStageWindow   - Push state: DialogSubScene
01:43:29.057 [JavaFX Application Thread] DEBUG Input                - Clearing active input actions
01:43:29.058 [JavaFX Application Thread] DEBUG GameApplicationServi - Removing overlay from GameScene and adding to DialogSubScene
01:43:29.058 [JavaFX Application Thread] DEBUG PrimaryStageWindow   - GameScene -> DialogSubScene
01:43:29.058 [JavaFX Application Thread] DEBUG AudioPlayer          - Stopping music com.almasb.fxgl.audio.Music@3730d231
01:43:29.453 [JavaFX Application Thread] DEBUG PrimaryStageWindow   - Pop state: DialogSubScene
01:43:29.454 [JavaFX Application Thread] DEBUG Input                - Clearing active input actions
01:43:29.454 [JavaFX Application Thread] DEBUG GameApplicationServi - Removing overlay from DialogSubScene and adding to GameScene
01:43:29.455 [JavaFX Application Thread] DEBUG PrimaryStageWindow   - GameScene <- DialogSubScene
01:43:29.457 [JavaFX Application Thread] DEBUG PrimaryStageWindow   - Push state: DialogSubScene
01:43:29.457 [JavaFX Application Thread] DEBUG Input                - Clearing active input actions
01:43:29.458 [JavaFX Application Thread] DEBUG GameApplicationServi - Removing overlay from GameScene and adding to DialogSubScene
01:43:29.458 [JavaFX Application Thread] DEBUG PrimaryStageWindow   - GameScene -> DialogSubScene
01:43:29.458 [JavaFX Application Thread] DEBUG AudioPlayer          - Stopping music com.almasb.fxgl.audio.Music@3730d231
01:43:29.653 [JavaFX Application Thread] DEBUG PrimaryStageWindow   - Pop state: DialogSubScene
01:43:29.653 [JavaFX Application Thread] DEBUG Input                - Clearing active input actions
01:43:29.654 [JavaFX Application Thread] DEBUG GameApplicationServi - Removing overlay from DialogSubScene and adding to GameScene
01:43:29.654 [JavaFX Application Thread] DEBUG PrimaryStageWindow   - GameScene <- DialogSubScene
01:43:29.665 [JavaFX Application Thread] DEBUG PrimaryStageWindow   - Push state: DialogSubScene
01:43:29.665 [JavaFX Application Thread] DEBUG Input                - Clearing active input actions
01:43:29.666 [JavaFX Application Thread] DEBUG GameApplicationServi - Removing overlay from GameScene and adding to DialogSubScene
01:43:29.666 [JavaFX Application Thread] DEBUG PrimaryStageWindow   - GameScene -> DialogSubScene
01:43:29.666 [JavaFX Application Thread] DEBUG AudioPlayer          - Stopping music com.almasb.fxgl.audio.Music@3730d231
01:43:30.088 [JavaFX Application Thread] DEBUG PrimaryStageWindow   - Pop state: DialogSubScene
01:43:30.088 [JavaFX Application Thread] DEBUG Input                - Clearing active input actions
01:43:30.088 [JavaFX Application Thread] DEBUG GameApplicationServi - Removing overlay from DialogSubScene and adding to GameScene
01:43:30.089 [JavaFX Application Thread] DEBUG PrimaryStageWindow   - GameScene <- DialogSubScene
01:43:30.096 [JavaFX Application Thread] DEBUG PrimaryStageWindow   - Push state: DialogSubScene
01:43:30.096 [JavaFX Application Thread] DEBUG Input                - Clearing active input actions
01:43:30.096 [JavaFX Application Thread] DEBUG GameApplicationServi - Removing overlay from GameScene and adding to DialogSubScene
01:43:30.096 [JavaFX Application Thread] DEBUG PrimaryStageWindow   - GameScene -> DialogSubScene
01:43:30.096 [JavaFX Application Thread] DEBUG AudioPlayer          - Stopping music com.almasb.fxgl.audio.Music@3730d231
01:43:30.518 [JavaFX Application Thread] DEBUG PrimaryStageWindow   - Pop state: DialogSubScene
01:43:30.518 [JavaFX Application Thread] DEBUG Input                - Clearing active input actions
01:43:30.518 [JavaFX Application Thread] DEBUG GameApplicationServi - Removing overlay from DialogSubScene and adding to GameScene
01:43:30.519 [JavaFX Application Thread] DEBUG PrimaryStageWindow   - GameScene <- DialogSubScene
01:43:30.530 [JavaFX Application Thread] DEBUG PrimaryStageWindow   - Push state: DialogSubScene
01:43:30.530 [JavaFX Application Thread] DEBUG Input                - Clearing active input actions
01:43:30.531 [JavaFX Application Thread] DEBUG GameApplicationServi - Removing overlay from GameScene and adding to DialogSubScene
01:43:30.532 [JavaFX Application Thread] DEBUG PrimaryStageWindow   - GameScene -> DialogSubScene
01:43:30.532 [JavaFX Application Thread] DEBUG AudioPlayer          - Stopping music com.almasb.fxgl.audio.Music@3730d231
01:43:30.912 [JavaFX Application Thread] DEBUG PrimaryStageWindow   - Pop state: DialogSubScene
01:43:30.912 [JavaFX Application Thread] DEBUG Input                - Clearing active input actions
01:43:30.913 [JavaFX Application Thread] DEBUG GameApplicationServi - Removing overlay from DialogSubScene and adding to GameScene
01:43:30.913 [JavaFX Application Thread] DEBUG PrimaryStageWindow   - GameScene <- DialogSubScene
01:43:30.928 [JavaFX Application Thread] DEBUG PrimaryStageWindow   - Push state: DialogSubScene
01:43:30.928 [JavaFX Application Thread] DEBUG Input                - Clearing active input actions
01:43:30.930 [JavaFX Application Thread] DEBUG GameApplicationServi - Removing overlay from GameScene and adding to DialogSubScene
01:43:30.930 [JavaFX Application Thread] DEBUG PrimaryStageWindow   - GameScene -> DialogSubScene
01:43:30.930 [JavaFX Application Thread] DEBUG AudioPlayer          - Stopping music com.almasb.fxgl.audio.Music@3730d231
01:43:31.292 [JavaFX Application Thread] DEBUG PrimaryStageWindow   - Pop state: DialogSubScene
01:43:31.292 [JavaFX Application Thread] DEBUG Input                - Clearing active input actions
01:43:31.293 [JavaFX Application Thread] DEBUG GameApplicationServi - Removing overlay from DialogSubScene and adding to GameScene
01:43:31.293 [JavaFX Application Thread] DEBUG PrimaryStageWindow   - GameScene <- DialogSubScene
01:43:31.296 [JavaFX Application Thread] DEBUG PrimaryStageWindow   - Push state: DialogSubScene
01:43:31.296 [JavaFX Application Thread] DEBUG Input                - Clearing active input actions
01:43:31.298 [JavaFX Application Thread] DEBUG GameApplicationServi - Removing overlay from GameScene and adding to DialogSubScene
01:43:31.298 [JavaFX Application Thread] DEBUG PrimaryStageWindow   - GameScene -> DialogSubScene
01:43:31.298 [JavaFX Application Thread] DEBUG AudioPlayer          - Stopping music com.almasb.fxgl.audio.Music@3730d231
01:43:31.485 [JavaFX Application Thread] DEBUG PrimaryStageWindow   - Pop state: DialogSubScene
01:43:31.485 [JavaFX Application Thread] DEBUG Input                - Clearing active input actions
01:43:31.485 [JavaFX Application Thread] DEBUG GameApplicationServi - Removing overlay from DialogSubScene and adding to GameScene
01:43:31.486 [JavaFX Application Thread] DEBUG PrimaryStageWindow   - GameScene <- DialogSubScene
01:43:31.488 [JavaFX Application Thread] DEBUG PrimaryStageWindow   - Push state: DialogSubScene
01:43:31.488 [JavaFX Application Thread] DEBUG Input                - Clearing active input actions
01:43:31.488 [JavaFX Application Thread] DEBUG GameApplicationServi - Removing overlay from GameScene and adding to DialogSubScene
01:43:31.488 [JavaFX Application Thread] DEBUG PrimaryStageWindow   - GameScene -> DialogSubScene
01:43:31.488 [JavaFX Application Thread] DEBUG AudioPlayer          - Stopping music com.almasb.fxgl.audio.Music@3730d231
01:43:31.679 [JavaFX Application Thread] DEBUG PrimaryStageWindow   - Pop state: DialogSubScene
01:43:31.680 [JavaFX Application Thread] DEBUG Input                - Clearing active input actions
01:43:31.680 [JavaFX Application Thread] DEBUG GameApplicationServi - Removing overlay from DialogSubScene and adding to GameScene
01:43:31.680 [JavaFX Application Thread] DEBUG PrimaryStageWindow   - GameScene <- DialogSubScene
01:43:31.682 [JavaFX Application Thread] DEBUG PrimaryStageWindow   - Push state: DialogSubScene
01:43:31.682 [JavaFX Application Thread] DEBUG Input                - Clearing active input actions
01:43:31.683 [JavaFX Application Thread] DEBUG GameApplicationServi - Removing overlay from GameScene and adding to DialogSubScene
01:43:31.683 [JavaFX Application Thread] DEBUG PrimaryStageWindow   - GameScene -> DialogSubScene
01:43:31.683 [JavaFX Application Thread] DEBUG AudioPlayer          - Stopping music com.almasb.fxgl.audio.Music@3730d231
01:43:31.881 [JavaFX Application Thread] DEBUG PrimaryStageWindow   - Pop state: DialogSubScene
01:43:31.881 [JavaFX Application Thread] DEBUG Input                - Clearing active input actions
01:43:31.881 [JavaFX Application Thread] DEBUG GameApplicationServi - Removing overlay from DialogSubScene and adding to GameScene
01:43:31.882 [JavaFX Application Thread] DEBUG PrimaryStageWindow   - GameScene <- DialogSubScene
01:43:31.889 [JavaFX Application Thread] DEBUG PrimaryStageWindow   - Push state: DialogSubScene
01:43:31.890 [JavaFX Application Thread] DEBUG Input                - Clearing active input actions
01:43:31.891 [JavaFX Application Thread] DEBUG GameApplicationServi - Removing overlay from GameScene and adding to DialogSubScene
01:43:31.891 [JavaFX Application Thread] DEBUG PrimaryStageWindow   - GameScene -> DialogSubScene
01:43:31.891 [JavaFX Application Thread] DEBUG AudioPlayer          - Stopping music com.almasb.fxgl.audio.Music@3730d231
01:43:32.269 [JavaFX Application Thread] DEBUG PrimaryStageWindow   - Pop state: DialogSubScene
01:43:32.269 [JavaFX Application Thread] DEBUG Input                - Clearing active input actions
01:43:32.270 [JavaFX Application Thread] DEBUG GameApplicationServi - Removing overlay from DialogSubScene and adding to GameScene
01:43:32.270 [JavaFX Application Thread] DEBUG PrimaryStageWindow   - GameScene <- DialogSubScene
01:43:32.273 [JavaFX Application Thread] DEBUG PrimaryStageWindow   - Push state: DialogSubScene
01:43:32.273 [JavaFX Application Thread] DEBUG Input                - Clearing active input actions
01:43:32.274 [JavaFX Application Thread] DEBUG GameApplicationServi - Removing overlay from GameScene and adding to DialogSubScene
01:43:32.274 [JavaFX Application Thread] DEBUG PrimaryStageWindow   - GameScene -> DialogSubScene
01:43:32.275 [JavaFX Application Thread] DEBUG AudioPlayer          - Stopping music com.almasb.fxgl.audio.Music@3730d231
01:43:32.456 [JavaFX Application Thread] DEBUG PrimaryStageWindow   - Pop state: DialogSubScene
01:43:32.456 [JavaFX Application Thread] DEBUG Input                - Clearing active input actions
01:43:32.457 [JavaFX Application Thread] DEBUG GameApplicationServi - Removing overlay from DialogSubScene and adding to GameScene
01:43:32.457 [JavaFX Application Thread] DEBUG PrimaryStageWindow   - GameScene <- DialogSubScene
01:43:32.468 [JavaFX Application Thread] DEBUG PrimaryStageWindow   - Push state: DialogSubScene
01:43:32.468 [JavaFX Application Thread] DEBUG Input                - Clearing active input actions
01:43:32.469 [JavaFX Application Thread] DEBUG GameApplicationServi - Removing overlay from GameScene and adding to DialogSubScene
01:43:32.469 [JavaFX Application Thread] DEBUG PrimaryStageWindow   - GameScene -> DialogSubScene
01:43:32.469 [JavaFX Application Thread] DEBUG AudioPlayer          - Stopping music com.almasb.fxgl.audio.Music@3730d231
01:43:32.823 [JavaFX Application Thread] DEBUG PrimaryStageWindow   - Pop state: DialogSubScene
01:43:32.823 [JavaFX Application Thread] DEBUG Input                - Clearing active input actions
01:43:32.824 [JavaFX Application Thread] DEBUG GameApplicationServi - Removing overlay from DialogSubScene and adding to GameScene
01:43:32.824 [JavaFX Application Thread] DEBUG PrimaryStageWindow   - GameScene <- DialogSubScene
01:43:32.834 [JavaFX Application Thread] DEBUG PrimaryStageWindow   - Push state: DialogSubScene
01:43:32.834 [JavaFX Application Thread] DEBUG Input                - Clearing active input actions
01:43:32.835 [JavaFX Application Thread] DEBUG GameApplicationServi - Removing overlay from GameScene and adding to DialogSubScene
01:43:32.835 [JavaFX Application Thread] DEBUG PrimaryStageWindow   - GameScene -> DialogSubScene
01:43:32.835 [JavaFX Application Thread] DEBUG AudioPlayer          - Stopping music com.almasb.fxgl.audio.Music@3730d231
01:43:33.738 [JavaFX Application Thread] DEBUG PrimaryStageWindow   - Pop state: DialogSubScene
01:43:33.738 [JavaFX Application Thread] DEBUG Input                - Clearing active input actions
01:43:33.739 [JavaFX Application Thread] DEBUG GameApplicationServi - Removing overlay from DialogSubScene and adding to GameScene
01:43:33.739 [JavaFX Application Thread] DEBUG PrimaryStageWindow   - GameScene <- DialogSubScene
01:43:33.744 [JavaFX Application Thread] DEBUG PrimaryStageWindow   - Push state: DialogSubScene
01:43:33.744 [JavaFX Application Thread] DEBUG Input                - Clearing active input actions
01:43:33.744 [JavaFX Application Thread] DEBUG GameApplicationServi - Removing overlay from GameScene and adding to DialogSubScene
01:43:33.745 [JavaFX Application Thread] DEBUG PrimaryStageWindow   - GameScene -> DialogSubScene
01:43:33.745 [JavaFX Application Thread] DEBUG AudioPlayer          - Stopping music com.almasb.fxgl.audio.Music@3730d231
01:43:34.137 [JavaFX Application Thread] DEBUG PrimaryStageWindow   - Pop state: DialogSubScene
01:43:34.137 [JavaFX Application Thread] DEBUG Input                - Clearing active input actions
01:43:34.137 [JavaFX Application Thread] DEBUG GameApplicationServi - Removing overlay from DialogSubScene and adding to GameScene
01:43:34.138 [JavaFX Application Thread] DEBUG PrimaryStageWindow   - GameScene <- DialogSubScene
01:43:34.144 [JavaFX Application Thread] DEBUG PrimaryStageWindow   - Push state: DialogSubScene
01:43:34.144 [JavaFX Application Thread] DEBUG Input                - Clearing active input actions
01:43:34.145 [JavaFX Application Thread] DEBUG GameApplicationServi - Removing overlay from GameScene and adding to DialogSubScene
01:43:34.145 [JavaFX Application Thread] DEBUG PrimaryStageWindow   - GameScene -> DialogSubScene
01:43:34.145 [JavaFX Application Thread] DEBUG AudioPlayer          - Stopping music com.almasb.fxgl.audio.Music@3730d231
01:43:34.490 [JavaFX Application Thread] DEBUG PrimaryStageWindow   - Pop state: DialogSubScene
01:43:34.490 [JavaFX Application Thread] DEBUG Input                - Clearing active input actions
01:43:34.491 [JavaFX Application Thread] DEBUG GameApplicationServi - Removing overlay from DialogSubScene and adding to GameScene
01:43:34.491 [JavaFX Application Thread] DEBUG PrimaryStageWindow   - GameScene <- DialogSubScene
01:43:34.496 [JavaFX Application Thread] DEBUG PrimaryStageWindow   - Push state: DialogSubScene
01:43:34.496 [JavaFX Application Thread] DEBUG Input                - Clearing active input actions
01:43:34.496 [JavaFX Application Thread] DEBUG GameApplicationServi - Removing overlay from GameScene and adding to DialogSubScene
01:43:34.498 [JavaFX Application Thread] DEBUG PrimaryStageWindow   - GameScene -> DialogSubScene
01:43:34.499 [JavaFX Application Thread] DEBUG AudioPlayer          - Stopping music com.almasb.fxgl.audio.Music@3730d231
01:43:34.814 [JavaFX Application Thread] DEBUG PrimaryStageWindow   - Pop state: DialogSubScene
01:43:34.814 [JavaFX Application Thread] DEBUG Input                - Clearing active input actions
01:43:34.815 [JavaFX Application Thread] DEBUG GameApplicationServi - Removing overlay from DialogSubScene and adding to GameScene
01:43:34.815 [JavaFX Application Thread] DEBUG PrimaryStageWindow   - GameScene <- DialogSubScene
01:43:34.817 [JavaFX Application Thread] DEBUG PrimaryStageWindow   - Push state: DialogSubScene
01:43:34.817 [JavaFX Application Thread] DEBUG Input                - Clearing active input actions
01:43:34.818 [JavaFX Application Thread] DEBUG GameApplicationServi - Removing overlay from GameScene and adding to DialogSubScene
01:43:34.818 [JavaFX Application Thread] DEBUG PrimaryStageWindow   - GameScene -> DialogSubScene
01:43:34.818 [JavaFX Application Thread] DEBUG AudioPlayer          - Stopping music com.almasb.fxgl.audio.Music@3730d231
01:43:35.041 [JavaFX Application Thread] DEBUG PrimaryStageWindow   - Pop state: DialogSubScene
01:43:35.041 [JavaFX Application Thread] DEBUG Input                - Clearing active input actions
01:43:35.042 [JavaFX Application Thread] DEBUG GameApplicationServi - Removing overlay from DialogSubScene and adding to GameScene
01:43:35.042 [JavaFX Application Thread] DEBUG PrimaryStageWindow   - GameScene <- DialogSubScene
01:43:35.061 [JavaFX Application Thread] DEBUG PrimaryStageWindow   - Push state: DialogSubScene
01:43:35.061 [JavaFX Application Thread] DEBUG Input                - Clearing active input actions
01:43:35.062 [JavaFX Application Thread] DEBUG GameApplicationServi - Removing overlay from GameScene and adding to DialogSubScene
01:43:35.062 [JavaFX Application Thread] DEBUG PrimaryStageWindow   - GameScene -> DialogSubScene
01:43:35.062 [JavaFX Application Thread] DEBUG AudioPlayer          - Stopping music com.almasb.fxgl.audio.Music@3730d231
01:43:44.928 [JavaFX Application Thread] DEBUG FXGLApplication      - Exiting FXGL
01:43:44.928 [JavaFX Application Thread] DEBUG LoopRunner           - Stopping loop
01:43:44.928 [JavaFX Application Thread] DEBUG SystemBundleService  - Saving FXGL system data
01:43:44.931 [JavaFX Application Thread] DEBUG FileSystemAccess     - Writing to: C:\Users\majah\OneDrive\Desktop\wH\world-hell\BasicGameApp\system\fxgl.bundle
01:43:44.936 [JavaFX Application Thread] DEBUG Async                - Shutting down background threads
01:43:44.936 [JavaFX Application Thread] DEBUG PrimaryStageWindow   - Closing main window
01:43:44.984 [JavaFX Application Thread] DEBUG Logger               - Closing Logger
