16:43:26.267 [main                     ] DEBUG Logger               - Configured Logger
16:43:26.289 [main                     ] DEBUG GameApplication      - Logging settings
Title: WorldHELL 0 
Version: 0.1
Width: 800
Height: 800
Fullscreen: false
Intro: false
Profiling: false
Single step:false
App Mode: DEVELOPER
Menu Key: ESCAPE
Stage Style: DECORATED
Scene Factory: class com.almasb.fxgl.app.scene.SceneFactory

16:43:26.561 [JavaFX Application Thread] DEBUG FXGLApplication      - Initializing FXGL
16:43:26.565 [JavaFX Application Thread] INFO  Engine               - FXGL-17.2 (20.08.2022 16.50) on WINDOWS (J:20.0.2 FX:20.0.1)
16:43:26.566 [JavaFX Application Thread] DEBUG Engine               - JRE Vendor Name: Oracle Corporation
16:43:26.566 [JavaFX Application Thread] DEBUG Engine               - Running on OS: Windows 11 version 10.0
16:43:26.566 [JavaFX Application Thread] DEBUG Engine               - Architecture: amd64
16:43:26.566 [JavaFX Application Thread] INFO  Engine               - Source code and latest versions at: https://github.com/AlmasB/FXGL
16:43:26.566 [JavaFX Application Thread] INFO  Engine               -       Ask questions and discuss at: https://github.com/AlmasB/FXGL/discussions
16:43:26.566 [JavaFX Application Thread] INFO  Engine               -              Join the FXGL chat at: https://gitter.im/AlmasB/FXGL
16:43:26.644 [JavaFX Application Thread] DEBUG PrimaryStageWindow   - Creating a JavaFX scene
16:43:26.645 [JavaFX Application Thread] DEBUG PrimaryStageWindow   - Target size > screen size
16:43:26.695 [JavaFX Application Thread] DEBUG PrimaryStageWindow   - Target settings size: 800.0 x 800.0
16:43:26.695 [JavaFX Application Thread] DEBUG PrimaryStageWindow   - Scaled scene size:    695.0 x 720.0
16:43:26.696 [JavaFX Application Thread] DEBUG PrimaryStageWindow   - Scaled ratio: (0.86875, 0.9)
16:43:26.697 [JavaFX Application Thread] DEBUG PrimaryStageWindow   - Set initial scene to FXGLStartupScene
16:43:26.701 [JavaFX Application Thread] DEBUG PrimaryStageWindow   - Opening main window
16:43:26.768 [JavaFX Application Thread] DEBUG PrimaryStageWindow   - Window border size: (16.0, 39.0)
16:43:26.768 [JavaFX Application Thread] DEBUG PrimaryStageWindow   - Scaled size: 695.0 x 720.0
16:43:26.769 [JavaFX Application Thread] DEBUG PrimaryStageWindow   - Scaled ratio: (0.86875, 0.9)
16:43:26.770 [JavaFX Application Thread] DEBUG PrimaryStageWindow   - Scene size: 695.0 x 720.0
16:43:26.771 [JavaFX Application Thread] DEBUG PrimaryStageWindow   - Stage size: 711.0 x 759.0
16:43:26.781 [FXGL Background Thread 1 ] DEBUG Engine               - Initializing environment variables
16:43:26.841 [FXGL Background Thread 1 ] DEBUG FXGLAssetLoaderServi - User app class for loading assets: class com.example.basicgameapp.BasicGameApp
16:43:26.841 [FXGL Background Thread 1 ] DEBUG GameApplicationServi - Applying CSS: fxgl_dark.css
16:43:26.842 [FXGL Background Thread 1 ] DEBUG FXGLAssetLoaderServi - Loading from file system: jar:file:///C:/Users/majah/.m2/repository/com/github/almasb/fxgl/17.2/fxgl-17.2.jar!/fxglassets/ui/css/fxgl_dark.css
16:43:26.892 [FXGL Background Thread 1 ] DEBUG GameApplicationServi - Initializing application scenes
16:43:26.939 [FXGL Background Thread 1 ] DEBUG GameWorld            - Game world initialized
16:43:27.028 [FXGL Background Thread 1 ] DEBUG PhysicsWorld         - Physics world initialized: appHeight=800, physics.ppm=50.0
16:43:27.028 [FXGL Background Thread 1 ] DEBUG PhysicsWorld         - Using strategy: BRUTE_FORCE
16:43:27.032 [FXGL Background Thread 1 ] DEBUG GameScene            - Game scene initialized: 800x800
16:43:27.045 [FXGL Background Thread 1 ] DEBUG FXGL.DefaultMenu     - createMenuBodyMainMenu()
16:43:27.059 [FXGL Background Thread 1 ] DEBUG FXGL.DefaultMenu     - createOptionsMenu()
16:43:27.072 [FXGL Background Thread 1 ] DEBUG FXGLAssetLoaderServi - Loading from file system: jar:file:///C:/Users/majah/.m2/repository/com/github/almasb/fxgl/17.2/fxgl-17.2.jar!/fxglassets/textures/particles/smoke.png
16:43:27.165 [FXGL Background Thread 1 ] DEBUG FXGLAssetLoaderServi - Loading from file system: jar:file:///C:/Users/majah/.m2/repository/com/github/almasb/fxgl/17.2/fxgl-17.2.jar!/fxglassets/textures/particles/trace_horizontal.png
16:43:27.196 [FXGL Background Thread 1 ] DEBUG FXGL.DefaultMenu     - createMenuBodyGameMenu()
16:43:27.197 [FXGL Background Thread 1 ] DEBUG FXGL.DefaultMenu     - createOptionsMenu()
16:43:27.212 [FXGL Background Thread 1 ] DEBUG GameApplicationServi - Application scenes initialized
16:43:27.226 [FXGL Background Thread 1 ] DEBUG SystemBundleService  - Loading FXGL system data
16:43:27.232 [FXGL Background Thread 1 ] DEBUG FileSystemAccess     - Reading from: C:\Users\majah\OneDrive\Desktop\world-hell\BasicGameApp\system\fxgl.bundle
16:43:27.244 [FXGL Background Thread 1 ] DEBUG SystemBundleService  - Bundle FXGL: {}
16:43:27.244 [FXGL Background Thread 1 ] DEBUG UpdaterService       - Checking for updates
16:43:27.251 [FXGL Background Thread 4 ] DEBUG FXGLApplication      - Loading fonts
16:43:27.251 [FXGL Background Thread 1 ] DEBUG FXGLApplication      - Loading default localization
16:43:27.252 [FXGL Background Thread 4 ] DEBUG FXGLAssetLoaderServi - Loading from file system: jar:file:///C:/Users/majah/.m2/repository/com/github/almasb/fxgl/17.2/fxgl-17.2.jar!/fxglassets/ui/fonts/VarelaRound-Regular.ttf
16:43:27.252 [FXGL Background Thread 1 ] DEBUG FXGLAssetLoaderServi - Loading from file system: jar:file:///C:/Users/majah/.m2/repository/com/github/almasb/fxgl/17.2/fxgl-17.2.jar!/fxglassets/languages/english.lang
16:43:27.273 [FXGL Background Thread 1 ] INFO  FXGLApplication      - FXGL initialization took: 0.491 sec
16:43:27.283 [JavaFX Application Thread] DEBUG Input                - Registered new binding: action0 - D
16:43:27.284 [JavaFX Application Thread] DEBUG Input                - Registered new binding: action1 - A
16:43:27.284 [JavaFX Application Thread] DEBUG Input                - Registered new binding: action2 - W
16:43:27.285 [JavaFX Application Thread] DEBUG Input                - Registered new binding: action3 - S
16:43:27.286 [JavaFX Application Thread] DEBUG FXGLAssetLoaderServi - Loading from file system: jar:file:///C:/Users/majah/.m2/repository/com/github/almasb/fxgl/17.2/fxgl-17.2.jar!/fxglassets/textures/fxgl_icon.png
16:43:27.303 [JavaFX Application Thread] DEBUG FXGLAssetLoaderServi - Loading from file system: jar:file:///C:/Users/majah/.m2/repository/com/github/almasb/fxgl/17.2/fxgl-17.2.jar!/fxglassets/textures/fxgl_default_cursor.png
16:43:27.306 [JavaFX Application Thread] DEBUG Input                - Registered new binding: Screenshot - CTRL+8
16:43:27.306 [JavaFX Application Thread] DEBUG Input                - Registered new binding: System info dump - CTRL+9
16:43:27.307 [JavaFX Application Thread] DEBUG Input                - Registered new binding: Restart - CTRL+R
16:43:27.308 [JavaFX Application Thread] DEBUG Input                - Registered new binding: Toggle Debug Camera - CTRL+7
16:43:27.310 [JavaFX Application Thread] DEBUG LoopRunner           - Starting loop
16:43:27.311 [JavaFX Application Thread] DEBUG LoopRunner           - Initializing JavaFX AnimationTimerLoop
16:43:27.314 [JavaFX Application Thread] DEBUG Input                - Clearing active input actions
16:43:27.321 [JavaFX Application Thread] DEBUG GameApplicationServi - Removing overlay from FXGLStartupScene and adding to FXGLMainMenuDummyScene
16:43:27.321 [JavaFX Application Thread] DEBUG PrimaryStageWindow   - FXGLStartupScene -> FXGLMainMenuDummyScene
16:43:27.322 [JavaFX Application Thread] DEBUG PrimaryStageWindow   - Push state: FXGLDefaultMenu
16:43:27.326 [JavaFX Application Thread] DEBUG Input                - Clearing active input actions
16:43:27.337 [JavaFX Application Thread] DEBUG GameApplicationServi - Removing overlay from FXGLMainMenuDummyScene and adding to FXGLDefaultMenu
16:43:27.337 [JavaFX Application Thread] DEBUG PrimaryStageWindow   - FXGLMainMenuDummyScene -> FXGLDefaultMenu
16:43:27.363 [FXGL Background Thread 4 ] DEBUG FXGLAssetLoaderServi - Loading from file system: jar:file:///C:/Users/majah/.m2/repository/com/github/almasb/fxgl/17.2/fxgl-17.2.jar!/fxglassets/ui/fonts/Abel-Regular.ttf
16:43:27.368 [FXGL Background Thread 4 ] DEBUG FXGLAssetLoaderServi - Loading from file system: jar:file:///C:/Users/majah/.m2/repository/com/github/almasb/fxgl/17.2/fxgl-17.2.jar!/fxglassets/ui/fonts/TerminalLandMono-Regular.otf
16:43:27.373 [FXGL Background Thread 4 ] DEBUG FXGLAssetLoaderServi - Loading from file system: jar:file:///C:/Users/majah/.m2/repository/com/github/almasb/fxgl/17.2/fxgl-17.2.jar!/fxglassets/ui/fonts/Courier-Prime.ttf
16:43:27.438 [JavaFX Application Thread] DEBUG FXGLApplication      - Registering font factories with UI factory
16:43:28.552 [FXGL Background Thread 2 ] INFO  UpdaterService       - Your current version:  17.2
16:43:28.553 [FXGL Background Thread 2 ] INFO  UpdaterService       - Latest stable version: 17.3
16:43:28.557 [JavaFX Application Thread] DEBUG FXGLApplication      - Exiting FXGL
16:43:28.557 [JavaFX Application Thread] DEBUG LoopRunner           - Stopping loop
16:43:28.557 [JavaFX Application Thread] DEBUG SystemBundleService  - Saving FXGL system data
16:43:28.560 [JavaFX Application Thread] DEBUG FileSystemAccess     - Writing to: C:\Users\majah\OneDrive\Desktop\world-hell\BasicGameApp\system\fxgl.bundle
16:43:28.562 [JavaFX Application Thread] DEBUG Async                - Shutting down background threads
16:43:28.562 [JavaFX Application Thread] DEBUG PrimaryStageWindow   - Closing main window
16:43:28.570 [JavaFX Application Thread] DEBUG Logger               - Closing Logger
