19:04:19.854 [main                     ] DEBUG Logger               - Configured Logger
19:04:19.876 [main                     ] DEBUG GameApplication      - Logging settings
Title: WorldHELL 0 
Version: 0.1
Width: 800
Height: 800
Fullscreen: false
Intro: false
Profiling: false
Single step:false
App Mode: DEVELOPER
Menu Key: ESCAPE
Stage Style: DECORATED
Scene Factory: class com.example.basicgameapp.sceneFactory

19:04:20.142 [JavaFX Application Thread] DEBUG FXGLApplication      - Initializing FXGL
19:04:20.146 [JavaFX Application Thread] INFO  Engine               - FXGL-17.2 (20.08.2022 16.50) on WINDOWS (J:20.0.2 FX:20.0.1)
19:04:20.146 [JavaFX Application Thread] DEBUG Engine               - JRE Vendor Name: Oracle Corporation
19:04:20.146 [JavaFX Application Thread] DEBUG Engine               - Running on OS: Windows 11 version 10.0
19:04:20.146 [JavaFX Application Thread] DEBUG Engine               - Architecture: amd64
19:04:20.146 [JavaFX Application Thread] INFO  Engine               - Source code and latest versions at: https://github.com/AlmasB/FXGL
19:04:20.146 [JavaFX Application Thread] INFO  Engine               -       Ask questions and discuss at: https://github.com/AlmasB/FXGL/discussions
19:04:20.147 [JavaFX Application Thread] INFO  Engine               -              Join the FXGL chat at: https://gitter.im/AlmasB/FXGL
19:04:20.224 [JavaFX Application Thread] DEBUG PrimaryStageWindow   - Creating a JavaFX scene
19:04:20.267 [JavaFX Application Thread] DEBUG PrimaryStageWindow   - Target settings size: 800.0 x 800.0
19:04:20.267 [JavaFX Application Thread] DEBUG PrimaryStageWindow   - Scaled scene size:    800.0 x 800.0
19:04:20.267 [JavaFX Application Thread] DEBUG PrimaryStageWindow   - Scaled ratio: (1.0, 1.0)
19:04:20.268 [JavaFX Application Thread] DEBUG PrimaryStageWindow   - Set initial scene to FXGLStartupScene
19:04:20.270 [JavaFX Application Thread] DEBUG PrimaryStageWindow   - Opening main window
19:04:20.336 [JavaFX Application Thread] DEBUG PrimaryStageWindow   - Window border size: (14.4000244140625, 37.5999755859375)
19:04:20.336 [JavaFX Application Thread] DEBUG PrimaryStageWindow   - Scaled size: 800.0 x 800.0
19:04:20.336 [JavaFX Application Thread] DEBUG PrimaryStageWindow   - Scaled ratio: (1.0, 1.0)
19:04:20.336 [JavaFX Application Thread] DEBUG PrimaryStageWindow   - Scene size: 800.0 x 800.0
19:04:20.338 [JavaFX Application Thread] DEBUG PrimaryStageWindow   - Stage size: 814.4000244140625 x 837.5999755859375
19:04:20.345 [FXGL Background Thread 1 ] DEBUG Engine               - Initializing environment variables
19:04:20.397 [FXGL Background Thread 1 ] DEBUG FXGLAssetLoaderServi - User app class for loading assets: class com.example.basicgameapp.BasicGameApp
19:04:20.397 [FXGL Background Thread 1 ] DEBUG GameApplicationServi - Applying CSS: fxgl_dark.css
19:04:20.398 [FXGL Background Thread 1 ] DEBUG FXGLAssetLoaderServi - Loading from file system: jar:file:///C:/Users/majah/.m2/repository/com/github/almasb/fxgl/17.2/fxgl-17.2.jar!/fxglassets/ui/css/fxgl_dark.css
19:04:20.442 [FXGL Background Thread 1 ] DEBUG GameApplicationServi - Initializing application scenes
19:04:20.475 [FXGL Background Thread 1 ] DEBUG GameWorld            - Game world initialized
19:04:20.537 [FXGL Background Thread 1 ] DEBUG PhysicsWorld         - Physics world initialized: appHeight=800, physics.ppm=50.0
19:04:20.537 [FXGL Background Thread 1 ] DEBUG PhysicsWorld         - Using strategy: BRUTE_FORCE
19:04:20.540 [FXGL Background Thread 1 ] DEBUG GameScene            - Game scene initialized: 800x800
19:04:20.542 [FXGL Background Thread 1 ] DEBUG GameApplicationServi - Application scenes initialized
19:04:20.558 [FXGL Background Thread 1 ] DEBUG SystemBundleService  - Loading FXGL system data
19:04:20.561 [FXGL Background Thread 1 ] DEBUG FileSystemAccess     - Reading from: C:\Users\majah\IdeaProjects\BasicGameApp\system\fxgl.bundle
19:04:20.568 [FXGL Background Thread 1 ] DEBUG SystemBundleService  - Bundle FXGL: {}
19:04:20.568 [FXGL Background Thread 1 ] DEBUG UpdaterService       - Checking for updates
19:04:20.572 [FXGL Background Thread 4 ] DEBUG FXGLApplication      - Loading fonts
19:04:20.573 [FXGL Background Thread 1 ] DEBUG FXGLApplication      - Loading default localization
19:04:20.573 [FXGL Background Thread 4 ] DEBUG FXGLAssetLoaderServi - Loading from file system: jar:file:///C:/Users/majah/.m2/repository/com/github/almasb/fxgl/17.2/fxgl-17.2.jar!/fxglassets/ui/fonts/VarelaRound-Regular.ttf
19:04:20.573 [FXGL Background Thread 1 ] DEBUG FXGLAssetLoaderServi - Loading from file system: jar:file:///C:/Users/majah/.m2/repository/com/github/almasb/fxgl/17.2/fxgl-17.2.jar!/fxglassets/languages/english.lang
19:04:20.589 [FXGL Background Thread 1 ] INFO  FXGLApplication      - FXGL initialization took: 0.244 sec
19:04:20.600 [JavaFX Application Thread] DEBUG Input                - Registered new binding: action0 - D
19:04:20.600 [JavaFX Application Thread] DEBUG Input                - Registered new binding: action1 - A
19:04:20.600 [JavaFX Application Thread] DEBUG Input                - Registered new binding: action2 - W
19:04:20.601 [JavaFX Application Thread] DEBUG Input                - Registered new binding: action3 - S
19:04:20.601 [JavaFX Application Thread] DEBUG FXGLAssetLoaderServi - Loading from file system: jar:file:///C:/Users/majah/.m2/repository/com/github/almasb/fxgl/17.2/fxgl-17.2.jar!/fxglassets/textures/fxgl_icon.png
19:04:20.644 [JavaFX Application Thread] DEBUG FXGLAssetLoaderServi - Loading from file system: jar:file:///C:/Users/majah/.m2/repository/com/github/almasb/fxgl/17.2/fxgl-17.2.jar!/fxglassets/textures/fxgl_default_cursor.png
19:04:20.647 [JavaFX Application Thread] DEBUG Input                - Registered new binding: Screenshot - CTRL+8
19:04:20.647 [JavaFX Application Thread] DEBUG Input                - Registered new binding: System info dump - CTRL+9
19:04:20.648 [JavaFX Application Thread] DEBUG Input                - Registered new binding: Restart - CTRL+R
19:04:20.648 [JavaFX Application Thread] DEBUG Input                - Registered new binding: Toggle Debug Camera - CTRL+7
19:04:20.650 [JavaFX Application Thread] DEBUG LoopRunner           - Starting loop
19:04:20.650 [JavaFX Application Thread] DEBUG LoopRunner           - Initializing JavaFX AnimationTimerLoop
19:04:20.651 [JavaFX Application Thread] DEBUG GameApplicationServi - Starting new game
19:04:20.652 [JavaFX Application Thread] DEBUG Input                - Clearing active input actions
19:04:20.663 [JavaFX Application Thread] DEBUG GameApplicationServi - Removing overlay from FXGLStartupScene and adding to FXGLLoadingScene
19:04:20.664 [JavaFX Application Thread] DEBUG PrimaryStageWindow   - FXGLStartupScene -> FXGLLoadingScene
19:04:20.664 [JavaFX Application Thread] DEBUG GameApplicationServi - Clearing previous game
19:04:20.664 [JavaFX Application Thread] DEBUG GameScene            - Clearing game scene
19:04:20.664 [JavaFX Application Thread] DEBUG GameWorld            - Clearing game world
19:04:20.664 [JavaFX Application Thread] DEBUG PhysicsWorld         - Clearing physics world
19:04:20.666 [FXGL Background Thread 1 ] DEBUG FXGLApplication      - Initializing game
19:04:20.670 [FXGL Background Thread 4 ] DEBUG FXGLAssetLoaderServi - Loading from file system: jar:file:///C:/Users/majah/.m2/repository/com/github/almasb/fxgl/17.2/fxgl-17.2.jar!/fxglassets/ui/fonts/Abel-Regular.ttf
19:04:20.674 [FXGL Background Thread 1 ] DEBUG FXGLAssetLoaderServi - Loading from file system: file:/C:/Users/majah/IdeaProjects/BasicGameApp/target/classes/assets/textures/girl_colored.png
19:04:20.680 [FXGL Background Thread 4 ] DEBUG FXGLAssetLoaderServi - Loading from file system: jar:file:///C:/Users/majah/.m2/repository/com/github/almasb/fxgl/17.2/fxgl-17.2.jar!/fxglassets/ui/fonts/TerminalLandMono-Regular.otf
19:04:20.686 [FXGL Background Thread 4 ] DEBUG FXGLAssetLoaderServi - Loading from file system: jar:file:///C:/Users/majah/.m2/repository/com/github/almasb/fxgl/17.2/fxgl-17.2.jar!/fxglassets/ui/fonts/Courier-Prime.ttf
19:04:20.714 [FXGL Background Thread 1 ] INFO  FXGLApplication      - Game initialization took: 0.048 sec
19:04:20.721 [JavaFX Application Thread] DEBUG FXGLApplication      - Registering font factories with UI factory
19:04:20.723 [JavaFX Application Thread] DEBUG Input                - Clearing active input actions
19:04:20.737 [JavaFX Application Thread] DEBUG GameApplicationServi - Removing overlay from FXGLLoadingScene and adding to GameScene
19:04:20.737 [JavaFX Application Thread] DEBUG PrimaryStageWindow   - FXGLLoadingScene -> GameScene
19:04:21.129 [JavaFX Application Thread] DEBUG PrimaryStageWindow   - Push state: Menu
19:04:21.129 [JavaFX Application Thread] DEBUG Input                - Clearing active input actions
19:04:21.130 [JavaFX Application Thread] DEBUG GameApplicationServi - Removing overlay from GameScene and adding to Menu
19:04:21.131 [JavaFX Application Thread] DEBUG PrimaryStageWindow   - GameScene -> Menu
19:04:21.300 [FXGL Background Thread 2 ] INFO  UpdaterService       - Your current version:  17.2
19:04:21.301 [FXGL Background Thread 2 ] INFO  UpdaterService       - Latest stable version: 17.3
19:04:22.184 [JavaFX Application Thread] DEBUG PrimaryStageWindow   - Pop state: Menu
19:04:22.185 [JavaFX Application Thread] DEBUG Input                - Clearing active input actions
19:04:22.185 [JavaFX Application Thread] DEBUG GameApplicationServi - Removing overlay from Menu and adding to GameScene
19:04:22.186 [JavaFX Application Thread] DEBUG PrimaryStageWindow   - GameScene <- Menu
19:04:22.311 [JavaFX Application Thread] DEBUG FXGLAssetLoaderServi - Loading from file system: file:/C:/Users/majah/IdeaProjects/BasicGameApp/target/classes/assets/textures/zombie_colored.png
19:04:22.317 [JavaFX Application Thread] DEBUG FXGLAssetLoaderServi - Loading from file system: file:/C:/Users/majah/IdeaProjects/BasicGameApp/target/classes/assets/textures/eagle_colored.png
19:04:22.320 [JavaFX Application Thread] DEBUG FXGLAssetLoaderServi - Loading from file system: file:/C:/Users/majah/IdeaProjects/BasicGameApp/target/classes/assets/textures/bird_colored.png
19:04:23.572 [FXGL Background Thread 3 ] DEBUG Engine               - Logging environment variables
19:04:23.573 [FXGL Background Thread 3 ] DEBUG Engine               - achievements: []
19:04:23.573 [FXGL Background Thread 3 ] DEBUG Engine               - actualHeight: 800.0
19:04:23.573 [FXGL Background Thread 3 ] DEBUG Engine               - actualHeightProperty: ReadOnlyDoubleProperty [value: 800.0]
19:04:23.573 [FXGL Background Thread 3 ] DEBUG Engine               - actualWidth: 800.0
19:04:23.573 [FXGL Background Thread 3 ] DEBUG Engine               - actualWidthProperty: ReadOnlyDoubleProperty [value: 800.0]
19:04:23.573 [FXGL Background Thread 3 ] DEBUG Engine               - appIcon: fxgl_icon.png
19:04:23.573 [FXGL Background Thread 3 ] DEBUG Engine               - applicationMode: DEVELOPER
19:04:23.573 [FXGL Background Thread 3 ] DEBUG Engine               - cSSList: [fxgl_dark.css]
19:04:23.573 [FXGL Background Thread 3 ] DEBUG Engine               - collisionDetectionStrategy: BRUTE_FORCE
19:04:23.573 [FXGL Background Thread 3 ] DEBUG Engine               - configClass: Optional.empty
19:04:23.573 [FXGL Background Thread 3 ] DEBUG Engine               - credits: []
19:04:23.574 [FXGL Background Thread 3 ] DEBUG Engine               - defaultCursor: CursorInfo(imageName=fxgl_default_cursor.png, hotspotX=7.0, hotspotY=6.0)
19:04:23.575 [FXGL Background Thread 3 ] DEBUG Engine               - devBBoxColorProperty: ObjectProperty [value: 0xff0000ff]
19:04:23.575 [FXGL Background Thread 3 ] DEBUG Engine               - devEnableDebugCameraProperty: BooleanProperty [value: false]
19:04:23.575 [FXGL Background Thread 3 ] DEBUG Engine               - devSensorColorProperty: ObjectProperty [value: 0xffff00ff]
19:04:23.575 [FXGL Background Thread 3 ] DEBUG Engine               - devShowBBoxProperty: BooleanProperty [value: false]
19:04:23.575 [FXGL Background Thread 3 ] DEBUG Engine               - devShowPositionProperty: BooleanProperty [value: false]
19:04:23.575 [FXGL Background Thread 3 ] DEBUG Engine               - enabledMenuItems: []
19:04:23.575 [FXGL Background Thread 3 ] DEBUG Engine               - engineServices: [class com.almasb.fxgl.app.services.FXGLAssetLoaderService, class com.almasb.fxgl.app.FXGLApplication$GameApplicationService, class com.almasb.fxgl.app.services.FXGLDialogService, class com.almasb.fxgl.app.services.IOTaskExecutorService, class com.almasb.fxgl.io.FileSystemService, class com.almasb.fxgl.localization.LocalizationService, class com.almasb.fxgl.app.services.SystemBundleService, class com.almasb.fxgl.profile.SaveLoadService, class com.almasb.fxgl.ui.FXGLUIFactoryServiceProvider, class com.almasb.fxgl.ui.FXGLDialogFactoryServiceProvider, class com.almasb.fxgl.audio.AudioPlayer, class com.almasb.fxgl.notification.impl.NotificationServiceProvider, class com.almasb.fxgl.achievement.AchievementService, class com.almasb.fxgl.cutscene.CutsceneService, class com.almasb.fxgl.minigames.MiniGameService, class com.almasb.fxgl.net.NetService, class com.almasb.fxgl.app.services.UpdaterService, class com.almasb.fxgl.dev.DevService]
19:04:23.575 [FXGL Background Thread 3 ] DEBUG Engine               - fontGame: Abel-Regular.ttf
19:04:23.575 [FXGL Background Thread 3 ] DEBUG Engine               - fontMono: TerminalLandMono-Regular.otf
19:04:23.575 [FXGL Background Thread 3 ] DEBUG Engine               - fontText: Courier-Prime.ttf
19:04:23.575 [FXGL Background Thread 3 ] DEBUG Engine               - fontUI: VarelaRound-Regular.ttf
19:04:23.576 [FXGL Background Thread 3 ] DEBUG Engine               - fullScreen: BooleanProperty [value: false]
19:04:23.576 [FXGL Background Thread 3 ] DEBUG Engine               - gameDifficulty: MEDIUM
19:04:23.576 [FXGL Background Thread 3 ] DEBUG Engine               - gameDifficultyProperty: ObjectProperty [value: MEDIUM]
19:04:23.576 [FXGL Background Thread 3 ] DEBUG Engine               - globalMusicVolume: 0.5
19:04:23.576 [FXGL Background Thread 3 ] DEBUG Engine               - globalMusicVolumeProperty: DoubleProperty [value: 0.5]
19:04:23.576 [FXGL Background Thread 3 ] DEBUG Engine               - globalSoundVolume: 0.5
19:04:23.576 [FXGL Background Thread 3 ] DEBUG Engine               - globalSoundVolumeProperty: DoubleProperty [value: 0.5]
19:04:23.576 [FXGL Background Thread 3 ] DEBUG Engine               - height: 800
19:04:23.576 [FXGL Background Thread 3 ] DEBUG Engine               - is3D: false
19:04:23.576 [FXGL Background Thread 3 ] DEBUG Engine               - isAndroid: false
19:04:23.577 [FXGL Background Thread 3 ] DEBUG Engine               - isBrowser: false
19:04:23.577 [FXGL Background Thread 3 ] DEBUG Engine               - isClickFeedbackEnabled: false
19:04:23.577 [FXGL Background Thread 3 ] DEBUG Engine               - isCloseConfirmation: false
19:04:23.577 [FXGL Background Thread 3 ] DEBUG Engine               - isDesktop: true
19:04:23.577 [FXGL Background Thread 3 ] DEBUG Engine               - isDeveloperMenuEnabled: false
19:04:23.577 [FXGL Background Thread 3 ] DEBUG Engine               - isEmbedded: false
19:04:23.577 [FXGL Background Thread 3 ] DEBUG Engine               - isEntityPreloadEnabled: true
19:04:23.577 [FXGL Background Thread 3 ] DEBUG Engine               - isExperimentalTiledLargeMap: false
19:04:23.577 [FXGL Background Thread 3 ] DEBUG Engine               - isFileSystemWriteAllowed: true
19:04:23.577 [FXGL Background Thread 3 ] DEBUG Engine               - isFullScreenAllowed: false
19:04:23.577 [FXGL Background Thread 3 ] DEBUG Engine               - isFullScreenFromStart: false
19:04:23.577 [FXGL Background Thread 3 ] DEBUG Engine               - isGameMenuEnabled: true
19:04:23.577 [FXGL Background Thread 3 ] DEBUG Engine               - isIOS: false
19:04:23.577 [FXGL Background Thread 3 ] DEBUG Engine               - isIntroEnabled: false
19:04:23.577 [FXGL Background Thread 3 ] DEBUG Engine               - isLinux: false
19:04:23.577 [FXGL Background Thread 3 ] DEBUG Engine               - isMac: false
19:04:23.578 [FXGL Background Thread 3 ] DEBUG Engine               - isMainMenuEnabled: false
19:04:23.578 [FXGL Background Thread 3 ] DEBUG Engine               - isManualResizeEnabled: false
19:04:23.578 [FXGL Background Thread 3 ] DEBUG Engine               - isMobile: false
19:04:23.578 [FXGL Background Thread 3 ] DEBUG Engine               - isNative: false
19:04:23.578 [FXGL Background Thread 3 ] DEBUG Engine               - isPauseMusicWhenMinimized: true
19:04:23.578 [FXGL Background Thread 3 ] DEBUG Engine               - isPreserveResizeRatio: false
19:04:23.578 [FXGL Background Thread 3 ] DEBUG Engine               - isProfilingEnabled: false
19:04:23.578 [FXGL Background Thread 3 ] DEBUG Engine               - isScaleAffectedOnResize: true
19:04:23.578 [FXGL Background Thread 3 ] DEBUG Engine               - isSingleStep: false
19:04:23.578 [FXGL Background Thread 3 ] DEBUG Engine               - isUserProfileEnabled: false
19:04:23.578 [FXGL Background Thread 3 ] DEBUG Engine               - isWindows: true
19:04:23.578 [FXGL Background Thread 3 ] DEBUG Engine               - language: ObjectProperty [value: ENGLISH]
19:04:23.578 [FXGL Background Thread 3 ] DEBUG Engine               - menuKey: ESCAPE
19:04:23.578 [FXGL Background Thread 3 ] DEBUG Engine               - mouseSensitivity: 0.2
19:04:23.578 [FXGL Background Thread 3 ] DEBUG Engine               - notificationViewClass: class com.almasb.fxgl.notification.view.XboxNotificationView
19:04:23.578 [FXGL Background Thread 3 ] DEBUG Engine               - pixelsPerMeter: 50.0
19:04:23.578 [FXGL Background Thread 3 ] DEBUG Engine               - platform: WINDOWS
19:04:23.578 [FXGL Background Thread 3 ] DEBUG Engine               - prefHeightProperty: ReadOnlyDoubleProperty [value: 800.0]
19:04:23.578 [FXGL Background Thread 3 ] DEBUG Engine               - prefWidthProperty: ReadOnlyDoubleProperty [value: 800.0]
19:04:23.578 [FXGL Background Thread 3 ] DEBUG Engine               - profileDir: profiles/
19:04:23.579 [FXGL Background Thread 3 ] DEBUG Engine               - profileName: StringProperty [value: DEFAULT]
19:04:23.579 [FXGL Background Thread 3 ] DEBUG Engine               - randomSeed: -1
19:04:23.579 [FXGL Background Thread 3 ] DEBUG Engine               - runtimeInfo: RuntimeInfo(platform=WINDOWS, version=17.2, build=20.08.2022 16.50)
19:04:23.579 [FXGL Background Thread 3 ] DEBUG Engine               - saveFileExt: sav
19:04:23.579 [FXGL Background Thread 3 ] DEBUG Engine               - scaledHeightProp$fxgl: DoubleProperty [bound, value: 800.0]
19:04:23.579 [FXGL Background Thread 3 ] DEBUG Engine               - scaledWidthProp$fxgl: DoubleProperty [bound, value: 800.0]
19:04:23.579 [FXGL Background Thread 3 ] DEBUG Engine               - sceneFactory: com.example.basicgameapp.sceneFactory@e6ace20
19:04:23.579 [FXGL Background Thread 3 ] DEBUG Engine               - secondsIn24h: 60
19:04:23.579 [FXGL Background Thread 3 ] DEBUG Engine               - soundMenuBack: menu/back.wav
19:04:23.579 [FXGL Background Thread 3 ] DEBUG Engine               - soundMenuPress: menu/press.wav
19:04:23.579 [FXGL Background Thread 3 ] DEBUG Engine               - soundMenuSelect: menu/select.wav
19:04:23.579 [FXGL Background Thread 3 ] DEBUG Engine               - soundNotification: core/notification.wav
19:04:23.579 [FXGL Background Thread 3 ] DEBUG Engine               - stageStyle: DECORATED
19:04:23.579 [FXGL Background Thread 3 ] DEBUG Engine               - supportedLanguages: [ENGLISH, FRENCH, GERMAN, HUNGARIAN, RUSSIAN]
19:04:23.579 [FXGL Background Thread 3 ] DEBUG Engine               - ticksPerSecond: -1
19:04:23.579 [FXGL Background Thread 3 ] DEBUG Engine               - title: WorldHELL 0 
19:04:23.579 [FXGL Background Thread 3 ] DEBUG Engine               - urlGithub: https://github.com/AlmasB/FXGL
19:04:23.579 [FXGL Background Thread 3 ] DEBUG Engine               - urlLeaderboard: http://fxgl-top.herokuapp.com/
19:04:23.579 [FXGL Background Thread 3 ] DEBUG Engine               - urlPOM: https://raw.githubusercontent.com/AlmasB/FXGL/release/README.md
19:04:23.579 [FXGL Background Thread 3 ] DEBUG Engine               - userAppClass: class com.example.basicgameapp.BasicGameApp
19:04:23.580 [FXGL Background Thread 3 ] DEBUG Engine               - version: 0.1
19:04:23.580 [FXGL Background Thread 3 ] DEBUG Engine               - versionCheckDays: 7
19:04:23.580 [FXGL Background Thread 3 ] DEBUG Engine               - width: 800
19:04:23.580 [FXGL Background Thread 3 ] DEBUG Engine               - Logging services
19:04:23.580 [FXGL Background Thread 3 ] DEBUG Engine               - class com.almasb.fxgl.app.services.FXGLAssetLoaderService
19:04:23.580 [FXGL Background Thread 3 ] DEBUG Engine               - class com.almasb.fxgl.app.FXGLApplication$GameApplicationService
19:04:23.580 [FXGL Background Thread 3 ] DEBUG Engine               - class com.almasb.fxgl.app.services.FXGLDialogService
19:04:23.580 [FXGL Background Thread 3 ] DEBUG Engine               - class com.almasb.fxgl.app.services.IOTaskExecutorService
19:04:23.580 [FXGL Background Thread 3 ] DEBUG Engine               - class com.almasb.fxgl.io.FileSystemService
19:04:23.580 [FXGL Background Thread 3 ] DEBUG Engine               - class com.almasb.fxgl.localization.LocalizationService
19:04:23.580 [FXGL Background Thread 3 ] DEBUG Engine               - class com.almasb.fxgl.app.services.SystemBundleService
19:04:23.580 [FXGL Background Thread 3 ] DEBUG Engine               - class com.almasb.fxgl.profile.SaveLoadService
19:04:23.580 [FXGL Background Thread 3 ] DEBUG Engine               - class com.almasb.fxgl.ui.FXGLUIFactoryServiceProvider
19:04:23.580 [FXGL Background Thread 3 ] DEBUG Engine               - class com.almasb.fxgl.ui.FXGLDialogFactoryServiceProvider
19:04:23.580 [FXGL Background Thread 3 ] DEBUG Engine               - class com.almasb.fxgl.audio.AudioPlayer
19:04:23.580 [FXGL Background Thread 3 ] DEBUG Engine               - class com.almasb.fxgl.notification.impl.NotificationServiceProvider
19:04:23.580 [FXGL Background Thread 3 ] DEBUG Engine               - class com.almasb.fxgl.achievement.AchievementService
19:04:23.580 [FXGL Background Thread 3 ] DEBUG Engine               - class com.almasb.fxgl.cutscene.CutsceneService
19:04:23.580 [FXGL Background Thread 3 ] DEBUG Engine               - class com.almasb.fxgl.minigames.MiniGameService
19:04:23.580 [FXGL Background Thread 3 ] DEBUG Engine               - class com.almasb.fxgl.net.NetService
19:04:23.580 [FXGL Background Thread 3 ] DEBUG Engine               - class com.almasb.fxgl.app.services.UpdaterService
19:04:23.580 [FXGL Background Thread 3 ] DEBUG Engine               - class com.almasb.fxgl.dev.DevService
19:04:24.804 [JavaFX Application Thread] DEBUG PrimaryStageWindow   - Push state: Menu
19:04:24.804 [JavaFX Application Thread] DEBUG Input                - Clearing active input actions
19:04:24.804 [JavaFX Application Thread] DEBUG GameApplicationServi - Removing overlay from GameScene and adding to Menu
19:04:24.804 [JavaFX Application Thread] DEBUG PrimaryStageWindow   - GameScene -> Menu
19:04:26.764 [JavaFX Application Thread] DEBUG PrimaryStageWindow   - Pop state: Menu
19:04:26.765 [JavaFX Application Thread] DEBUG Input                - Clearing active input actions
19:04:26.765 [JavaFX Application Thread] DEBUG GameApplicationServi - Removing overlay from Menu and adding to GameScene
19:04:26.765 [JavaFX Application Thread] DEBUG PrimaryStageWindow   - GameScene <- Menu
19:04:29.343 [JavaFX Application Thread] DEBUG PrimaryStageWindow   - Push state: Menu
19:04:29.343 [JavaFX Application Thread] DEBUG Input                - Clearing active input actions
19:04:29.343 [JavaFX Application Thread] DEBUG GameApplicationServi - Removing overlay from GameScene and adding to Menu
19:04:29.344 [JavaFX Application Thread] DEBUG PrimaryStageWindow   - GameScene -> Menu
19:04:29.837 [JavaFX Application Thread] DEBUG PrimaryStageWindow   - Pop state: Menu
19:04:29.837 [JavaFX Application Thread] DEBUG Input                - Clearing active input actions
19:04:29.838 [JavaFX Application Thread] DEBUG GameApplicationServi - Removing overlay from Menu and adding to GameScene
19:04:29.838 [JavaFX Application Thread] DEBUG PrimaryStageWindow   - GameScene <- Menu
19:04:30.180 [JavaFX Application Thread] DEBUG FXGLAssetLoaderServi - Loading from file system: file:/C:/Users/majah/IdeaProjects/BasicGameApp/target/classes/assets/sounds/eagle_death.wav
19:04:34.677 [JavaFX Application Thread] DEBUG FXGLAssetLoaderServi - Loading from file system: file:/C:/Users/majah/IdeaProjects/BasicGameApp/target/classes/assets/sounds/slayy.wav
19:04:39.203 [JavaFX Application Thread] DEBUG PrimaryStageWindow   - Push state: Menu
19:04:39.203 [JavaFX Application Thread] DEBUG Input                - Clearing active input actions
19:04:39.204 [JavaFX Application Thread] DEBUG GameApplicationServi - Removing overlay from GameScene and adding to Menu
19:04:39.204 [JavaFX Application Thread] DEBUG PrimaryStageWindow   - GameScene -> Menu
19:04:40.326 [JavaFX Application Thread] DEBUG PrimaryStageWindow   - Pop state: Menu
19:04:40.326 [JavaFX Application Thread] DEBUG Input                - Clearing active input actions
19:04:40.326 [JavaFX Application Thread] DEBUG GameApplicationServi - Removing overlay from Menu and adding to GameScene
19:04:40.327 [JavaFX Application Thread] DEBUG PrimaryStageWindow   - GameScene <- Menu
19:04:40.737 [JavaFX Application Thread] DEBUG PrimaryStageWindow   - Push state: Menu
19:04:40.737 [JavaFX Application Thread] DEBUG Input                - Clearing active input actions
19:04:40.738 [JavaFX Application Thread] DEBUG GameApplicationServi - Removing overlay from GameScene and adding to Menu
19:04:40.738 [JavaFX Application Thread] DEBUG PrimaryStageWindow   - GameScene -> Menu
19:04:41.109 [JavaFX Application Thread] DEBUG PrimaryStageWindow   - Pop state: Menu
19:04:41.109 [JavaFX Application Thread] DEBUG Input                - Clearing active input actions
19:04:41.109 [JavaFX Application Thread] DEBUG GameApplicationServi - Removing overlay from Menu and adding to GameScene
19:04:41.109 [JavaFX Application Thread] DEBUG PrimaryStageWindow   - GameScene <- Menu
19:04:46.880 [JavaFX Application Thread] DEBUG PrimaryStageWindow   - Push state: Menu
19:04:46.881 [JavaFX Application Thread] DEBUG Input                - Clearing active input actions
19:04:46.881 [JavaFX Application Thread] DEBUG GameApplicationServi - Removing overlay from GameScene and adding to Menu
19:04:46.881 [JavaFX Application Thread] DEBUG PrimaryStageWindow   - GameScene -> Menu
19:04:48.025 [JavaFX Application Thread] DEBUG PrimaryStageWindow   - Pop state: Menu
19:04:48.025 [JavaFX Application Thread] DEBUG Input                - Clearing active input actions
19:04:48.026 [JavaFX Application Thread] DEBUG GameApplicationServi - Removing overlay from Menu and adding to GameScene
19:04:48.026 [JavaFX Application Thread] DEBUG PrimaryStageWindow   - GameScene <- Menu
19:04:49.360 [JavaFX Application Thread] DEBUG PrimaryStageWindow   - Push state: Menu
19:04:49.360 [JavaFX Application Thread] DEBUG Input                - Clearing active input actions
19:04:49.360 [JavaFX Application Thread] DEBUG GameApplicationServi - Removing overlay from GameScene and adding to Menu
19:04:49.360 [JavaFX Application Thread] DEBUG PrimaryStageWindow   - GameScene -> Menu
19:04:49.549 [JavaFX Application Thread] DEBUG PrimaryStageWindow   - Pop state: Menu
19:04:49.550 [JavaFX Application Thread] DEBUG Input                - Clearing active input actions
19:04:49.550 [JavaFX Application Thread] DEBUG GameApplicationServi - Removing overlay from Menu and adding to GameScene
19:04:49.550 [JavaFX Application Thread] DEBUG PrimaryStageWindow   - GameScene <- Menu
19:04:49.742 [JavaFX Application Thread] DEBUG PrimaryStageWindow   - Push state: Menu
19:04:49.742 [JavaFX Application Thread] DEBUG Input                - Clearing active input actions
19:04:49.743 [JavaFX Application Thread] DEBUG GameApplicationServi - Removing overlay from GameScene and adding to Menu
19:04:49.743 [JavaFX Application Thread] DEBUG PrimaryStageWindow   - GameScene -> Menu
19:04:50.915 [JavaFX Application Thread] DEBUG FXGLApplication      - Exiting FXGL
19:04:50.915 [JavaFX Application Thread] DEBUG LoopRunner           - Stopping loop
19:04:50.915 [JavaFX Application Thread] DEBUG SystemBundleService  - Saving FXGL system data
19:04:50.919 [JavaFX Application Thread] DEBUG FileSystemAccess     - Writing to: C:\Users\majah\IdeaProjects\BasicGameApp\system\fxgl.bundle
19:04:50.922 [JavaFX Application Thread] DEBUG Async                - Shutting down background threads
19:04:50.922 [JavaFX Application Thread] DEBUG PrimaryStageWindow   - Closing main window
19:04:50.938 [JavaFX Application Thread] DEBUG Logger               - Closing Logger
