22:46:00.201 [main                     ] DEBUG Logger               - Configured Logger
22:46:00.224 [main                     ] DEBUG GameApplication      - Logging settings
Title: WorldHELL 0 
Version: 0.1
Width: 800
Height: 800
Fullscreen: false
Intro: false
Profiling: false
Single step:false
App Mode: DEVELOPER
Menu Key: ESCAPE
Stage Style: DECORATED
Scene Factory: class com.example.basicgameapp.BasicGameApp$1

22:46:00.478 [JavaFX Application Thread] DEBUG FXGLApplication      - Initializing FXGL
22:46:00.482 [JavaFX Application Thread] INFO  Engine               - FXGL-17.2 (20.08.2022 16.50) on WINDOWS (J:20.0.2 FX:20.0.1)
22:46:00.482 [JavaFX Application Thread] DEBUG Engine               - JRE Vendor Name: Oracle Corporation
22:46:00.482 [JavaFX Application Thread] DEBUG Engine               - Running on OS: Windows 11 version 10.0
22:46:00.482 [JavaFX Application Thread] DEBUG Engine               - Architecture: amd64
22:46:00.482 [JavaFX Application Thread] INFO  Engine               - Source code and latest versions at: https://github.com/AlmasB/FXGL
22:46:00.483 [JavaFX Application Thread] INFO  Engine               -       Ask questions and discuss at: https://github.com/AlmasB/FXGL/discussions
22:46:00.483 [JavaFX Application Thread] INFO  Engine               -              Join the FXGL chat at: https://gitter.im/AlmasB/FXGL
22:46:00.550 [JavaFX Application Thread] DEBUG PrimaryStageWindow   - Creating a JavaFX scene
22:46:00.588 [JavaFX Application Thread] DEBUG PrimaryStageWindow   - Target settings size: 800.0 x 800.0
22:46:00.588 [JavaFX Application Thread] DEBUG PrimaryStageWindow   - Scaled scene size:    800.0 x 800.0
22:46:00.589 [JavaFX Application Thread] DEBUG PrimaryStageWindow   - Scaled ratio: (1.0, 1.0)
22:46:00.590 [JavaFX Application Thread] DEBUG PrimaryStageWindow   - Set initial scene to FXGLStartupScene
22:46:00.593 [JavaFX Application Thread] DEBUG PrimaryStageWindow   - Opening main window
22:46:00.658 [JavaFX Application Thread] DEBUG PrimaryStageWindow   - Window border size: (14.4000244140625, 37.5999755859375)
22:46:00.658 [JavaFX Application Thread] DEBUG PrimaryStageWindow   - Scaled size: 800.0 x 800.0
22:46:00.659 [JavaFX Application Thread] DEBUG PrimaryStageWindow   - Scaled ratio: (1.0, 1.0)
22:46:00.659 [JavaFX Application Thread] DEBUG PrimaryStageWindow   - Scene size: 800.0 x 800.0
22:46:00.659 [JavaFX Application Thread] DEBUG PrimaryStageWindow   - Stage size: 814.4000244140625 x 837.5999755859375
22:46:00.669 [FXGL Background Thread 1 ] DEBUG Engine               - Initializing environment variables
22:46:00.717 [FXGL Background Thread 1 ] DEBUG FXGLAssetLoaderServi - User app class for loading assets: class com.example.basicgameapp.BasicGameApp
22:46:00.718 [FXGL Background Thread 1 ] DEBUG GameApplicationServi - Applying CSS: fxgl_dark.css
22:46:00.718 [FXGL Background Thread 1 ] DEBUG FXGLAssetLoaderServi - Loading from file system: jar:file:///C:/Users/majah/.m2/repository/com/github/almasb/fxgl/17.2/fxgl-17.2.jar!/fxglassets/ui/css/fxgl_dark.css
22:46:00.758 [FXGL Background Thread 1 ] DEBUG GameApplicationServi - Initializing application scenes
22:46:00.789 [FXGL Background Thread 1 ] DEBUG GameWorld            - Game world initialized
22:46:00.858 [FXGL Background Thread 1 ] DEBUG PhysicsWorld         - Physics world initialized: appHeight=800, physics.ppm=50.0
22:46:00.858 [FXGL Background Thread 1 ] DEBUG PhysicsWorld         - Using strategy: BRUTE_FORCE
22:46:00.862 [FXGL Background Thread 1 ] DEBUG GameScene            - Game scene initialized: 800x800
22:46:00.867 [FXGL Background Thread 1 ] DEBUG FXGLAssetLoaderServi - Loading from file system: file:/C:/Users/majah/OneDrive/Desktop/world-hell/BasicGameApp/target/classes/assets/textures/BG.png
22:46:00.925 [FXGL Background Thread 1 ] DEBUG GameApplicationServi - Application scenes initialized
22:46:00.937 [FXGL Background Thread 1 ] DEBUG SystemBundleService  - Loading FXGL system data
22:46:00.940 [FXGL Background Thread 1 ] DEBUG FileSystemAccess     - Reading from: C:\Users\majah\OneDrive\Desktop\world-hell\BasicGameApp\system\fxgl.bundle
22:46:00.948 [FXGL Background Thread 1 ] DEBUG SystemBundleService  - Bundle FXGL: {}
22:46:00.948 [FXGL Background Thread 1 ] DEBUG UpdaterService       - Checking for updates
22:46:00.952 [FXGL Background Thread 4 ] DEBUG FXGLApplication      - Loading fonts
22:46:00.953 [FXGL Background Thread 1 ] DEBUG FXGLApplication      - Loading default localization
22:46:00.953 [FXGL Background Thread 4 ] DEBUG FXGLAssetLoaderServi - Loading from file system: jar:file:///C:/Users/majah/.m2/repository/com/github/almasb/fxgl/17.2/fxgl-17.2.jar!/fxglassets/ui/fonts/VarelaRound-Regular.ttf
22:46:00.953 [FXGL Background Thread 1 ] DEBUG FXGLAssetLoaderServi - Loading from file system: jar:file:///C:/Users/majah/.m2/repository/com/github/almasb/fxgl/17.2/fxgl-17.2.jar!/fxglassets/languages/english.lang
22:46:00.976 [FXGL Background Thread 1 ] INFO  FXGLApplication      - FXGL initialization took: 0.307 sec
22:46:00.987 [JavaFX Application Thread] DEBUG Input                - Registered new binding: action0 - D
22:46:00.987 [JavaFX Application Thread] DEBUG Input                - Registered new binding: action1 - A
22:46:00.988 [JavaFX Application Thread] DEBUG Input                - Registered new binding: action2 - W
22:46:00.988 [JavaFX Application Thread] DEBUG Input                - Registered new binding: action3 - S
22:46:00.988 [JavaFX Application Thread] DEBUG FXGLAssetLoaderServi - Loading from file system: jar:file:///C:/Users/majah/.m2/repository/com/github/almasb/fxgl/17.2/fxgl-17.2.jar!/fxglassets/textures/fxgl_icon.png
22:46:01.006 [JavaFX Application Thread] DEBUG FXGLAssetLoaderServi - Loading from file system: jar:file:///C:/Users/majah/.m2/repository/com/github/almasb/fxgl/17.2/fxgl-17.2.jar!/fxglassets/textures/fxgl_default_cursor.png
22:46:01.008 [JavaFX Application Thread] DEBUG Input                - Registered new binding: Screenshot - CTRL+8
22:46:01.009 [JavaFX Application Thread] DEBUG Input                - Registered new binding: System info dump - CTRL+9
22:46:01.009 [JavaFX Application Thread] DEBUG Input                - Registered new binding: Restart - CTRL+R
22:46:01.010 [JavaFX Application Thread] DEBUG Input                - Registered new binding: Toggle Debug Camera - CTRL+7
22:46:01.011 [JavaFX Application Thread] DEBUG LoopRunner           - Starting loop
22:46:01.011 [JavaFX Application Thread] DEBUG LoopRunner           - Initializing JavaFX AnimationTimerLoop
22:46:01.015 [JavaFX Application Thread] DEBUG Input                - Clearing active input actions
22:46:01.022 [JavaFX Application Thread] DEBUG GameApplicationServi - Removing overlay from FXGLStartupScene and adding to FXGLMainMenuDummyScene
22:46:01.022 [JavaFX Application Thread] DEBUG PrimaryStageWindow   - FXGLStartupScene -> FXGLMainMenuDummyScene
22:46:01.022 [JavaFX Application Thread] DEBUG PrimaryStageWindow   - Push state: WorldHellMenu
22:46:01.022 [JavaFX Application Thread] DEBUG Input                - Clearing active input actions
22:46:01.025 [JavaFX Application Thread] DEBUG GameApplicationServi - Removing overlay from FXGLMainMenuDummyScene and adding to WorldHellMenu
22:46:01.026 [JavaFX Application Thread] DEBUG PrimaryStageWindow   - FXGLMainMenuDummyScene -> WorldHellMenu
22:46:01.098 [FXGL Background Thread 4 ] DEBUG FXGLAssetLoaderServi - Loading from file system: jar:file:///C:/Users/majah/.m2/repository/com/github/almasb/fxgl/17.2/fxgl-17.2.jar!/fxglassets/ui/fonts/Abel-Regular.ttf
22:46:01.103 [FXGL Background Thread 4 ] DEBUG FXGLAssetLoaderServi - Loading from file system: jar:file:///C:/Users/majah/.m2/repository/com/github/almasb/fxgl/17.2/fxgl-17.2.jar!/fxglassets/ui/fonts/TerminalLandMono-Regular.otf
22:46:01.107 [FXGL Background Thread 4 ] DEBUG FXGLAssetLoaderServi - Loading from file system: jar:file:///C:/Users/majah/.m2/repository/com/github/almasb/fxgl/17.2/fxgl-17.2.jar!/fxglassets/ui/fonts/Courier-Prime.ttf
22:46:01.113 [JavaFX Application Thread] DEBUG FXGLApplication      - Registering font factories with UI factory
22:46:01.676 [FXGL Background Thread 2 ] INFO  UpdaterService       - Your current version:  17.2
22:46:01.676 [FXGL Background Thread 2 ] INFO  UpdaterService       - Latest stable version: 17.3
22:46:03.196 [JavaFX Application Thread] DEBUG Menu                 - fireNewGame()
22:46:03.197 [JavaFX Application Thread] DEBUG GameApplicationServi - Starting new game
22:46:03.197 [JavaFX Application Thread] DEBUG PrimaryStageWindow   - Pop state: WorldHellMenu
22:46:03.197 [JavaFX Application Thread] DEBUG Input                - Clearing active input actions
22:46:03.198 [JavaFX Application Thread] DEBUG GameApplicationServi - Removing overlay from WorldHellMenu and adding to FXGLMainMenuDummyScene
22:46:03.199 [JavaFX Application Thread] DEBUG PrimaryStageWindow   - FXGLMainMenuDummyScene <- WorldHellMenu
22:46:03.199 [JavaFX Application Thread] DEBUG Input                - Clearing active input actions
22:46:03.213 [JavaFX Application Thread] DEBUG GameApplicationServi - Removing overlay from FXGLMainMenuDummyScene and adding to FXGLLoadingScene
22:46:03.213 [JavaFX Application Thread] DEBUG PrimaryStageWindow   - FXGLMainMenuDummyScene -> FXGLLoadingScene
22:46:03.213 [JavaFX Application Thread] DEBUG GameApplicationServi - Clearing previous game
22:46:03.214 [JavaFX Application Thread] DEBUG GameScene            - Clearing game scene
22:46:03.214 [JavaFX Application Thread] DEBUG GameWorld            - Clearing game world
22:46:03.214 [JavaFX Application Thread] DEBUG PhysicsWorld         - Clearing physics world
22:46:03.219 [FXGL Background Thread 2 ] DEBUG FXGLApplication      - Initializing game
22:46:03.220 [FXGL Background Thread 2 ] DEBUG FXGLAssetLoaderServi - Loading from file system: file:/C:/Users/majah/OneDrive/Desktop/world-hell/BasicGameApp/target/classes/assets/music/Doom%20Eternal%20OST%20-%20The%20Only%20Thing%20They%20Fear%20Is%20You%20(Mick%20Gordon)%20%5BDoom%20Eternal%20Theme%5D.mp3
22:46:03.342 [FXGL Background Thread 2 ] DEBUG AudioPlayer          - Playing music com.almasb.fxgl.audio.Music@67ad7095
22:46:03.343 [FXGL Background Thread 2 ] DEBUG FXGLAssetLoaderServi - Loading from file system: file:/C:/Users/majah/OneDrive/Desktop/world-hell/BasicGameApp/target/classes/assets/textures/background.jpg
22:46:03.363 [FXGL Background Thread 2 ] DEBUG FXGLAssetLoaderServi - Loading from file system: file:/C:/Users/majah/OneDrive/Desktop/world-hell/BasicGameApp/target/classes/assets/textures/girl_colored.png
22:46:03.381 [FXGL Background Thread 2 ] INFO  FXGLApplication      - Game initialization took: 0.161 sec
22:46:03.382 [JavaFX Application Thread] DEBUG Input                - Clearing active input actions
22:46:03.390 [JavaFX Application Thread] DEBUG GameApplicationServi - Removing overlay from FXGLLoadingScene and adding to GameScene
22:46:03.391 [JavaFX Application Thread] DEBUG PrimaryStageWindow   - FXGLLoadingScene -> GameScene
22:46:03.929 [JavaFX Application Thread] DEBUG FXGLAssetLoaderServi - Loading from file system: file:/C:/Users/majah/OneDrive/Desktop/world-hell/BasicGameApp/target/classes/assets/textures/zombie_colored.png
22:46:03.937 [JavaFX Application Thread] DEBUG FXGLAssetLoaderServi - Loading from file system: file:/C:/Users/majah/OneDrive/Desktop/world-hell/BasicGameApp/target/classes/assets/textures/eagle_colored.png
22:46:03.939 [JavaFX Application Thread] DEBUG FXGLAssetLoaderServi - Loading from file system: file:/C:/Users/majah/OneDrive/Desktop/world-hell/BasicGameApp/target/classes/assets/textures/joshua.jpg
22:46:03.952 [FXGL Background Thread 3 ] DEBUG Engine               - Logging environment variables
22:46:03.952 [FXGL Background Thread 3 ] DEBUG Engine               - achievements: []
22:46:03.952 [FXGL Background Thread 3 ] DEBUG Engine               - actualHeight: 800.0
22:46:03.953 [FXGL Background Thread 3 ] DEBUG Engine               - actualHeightProperty: ReadOnlyDoubleProperty [value: 800.0]
22:46:03.953 [FXGL Background Thread 3 ] DEBUG Engine               - actualWidth: 800.0
22:46:03.953 [FXGL Background Thread 3 ] DEBUG Engine               - actualWidthProperty: ReadOnlyDoubleProperty [value: 800.0]
22:46:03.953 [FXGL Background Thread 3 ] DEBUG Engine               - appIcon: fxgl_icon.png
22:46:03.953 [FXGL Background Thread 3 ] DEBUG Engine               - applicationMode: DEVELOPER
22:46:03.953 [FXGL Background Thread 3 ] DEBUG Engine               - cSSList: [fxgl_dark.css]
22:46:03.953 [FXGL Background Thread 3 ] DEBUG Engine               - collisionDetectionStrategy: BRUTE_FORCE
22:46:03.953 [FXGL Background Thread 3 ] DEBUG Engine               - configClass: Optional.empty
22:46:03.953 [FXGL Background Thread 3 ] DEBUG Engine               - credits: []
22:46:03.954 [FXGL Background Thread 3 ] DEBUG Engine               - defaultCursor: CursorInfo(imageName=fxgl_default_cursor.png, hotspotX=7.0, hotspotY=6.0)
22:46:03.954 [FXGL Background Thread 3 ] DEBUG Engine               - devBBoxColorProperty: ObjectProperty [value: 0xff0000ff]
22:46:03.954 [FXGL Background Thread 3 ] DEBUG Engine               - devEnableDebugCameraProperty: BooleanProperty [value: false]
22:46:03.954 [FXGL Background Thread 3 ] DEBUG Engine               - devSensorColorProperty: ObjectProperty [value: 0xffff00ff]
22:46:03.954 [FXGL Background Thread 3 ] DEBUG Engine               - devShowBBoxProperty: BooleanProperty [value: false]
22:46:03.954 [FXGL Background Thread 3 ] DEBUG Engine               - devShowPositionProperty: BooleanProperty [value: false]
22:46:03.954 [FXGL Background Thread 3 ] DEBUG Engine               - enabledMenuItems: []
22:46:03.954 [FXGL Background Thread 3 ] DEBUG Engine               - engineServices: [class com.almasb.fxgl.app.services.FXGLAssetLoaderService, class com.almasb.fxgl.app.FXGLApplication$GameApplicationService, class com.almasb.fxgl.app.services.FXGLDialogService, class com.almasb.fxgl.app.services.IOTaskExecutorService, class com.almasb.fxgl.io.FileSystemService, class com.almasb.fxgl.localization.LocalizationService, class com.almasb.fxgl.app.services.SystemBundleService, class com.almasb.fxgl.profile.SaveLoadService, class com.almasb.fxgl.ui.FXGLUIFactoryServiceProvider, class com.almasb.fxgl.ui.FXGLDialogFactoryServiceProvider, class com.almasb.fxgl.audio.AudioPlayer, class com.almasb.fxgl.notification.impl.NotificationServiceProvider, class com.almasb.fxgl.achievement.AchievementService, class com.almasb.fxgl.cutscene.CutsceneService, class com.almasb.fxgl.minigames.MiniGameService, class com.almasb.fxgl.net.NetService, class com.almasb.fxgl.app.services.UpdaterService, class com.almasb.fxgl.dev.DevService]
22:46:03.954 [FXGL Background Thread 3 ] DEBUG Engine               - fontGame: Abel-Regular.ttf
22:46:03.954 [FXGL Background Thread 3 ] DEBUG Engine               - fontMono: TerminalLandMono-Regular.otf
22:46:03.954 [FXGL Background Thread 3 ] DEBUG Engine               - fontText: Courier-Prime.ttf
22:46:03.954 [FXGL Background Thread 3 ] DEBUG Engine               - fontUI: VarelaRound-Regular.ttf
22:46:03.954 [FXGL Background Thread 3 ] DEBUG Engine               - fullScreen: BooleanProperty [value: false]
22:46:03.954 [FXGL Background Thread 3 ] DEBUG Engine               - gameDifficulty: MEDIUM
22:46:03.954 [FXGL Background Thread 3 ] DEBUG Engine               - gameDifficultyProperty: ObjectProperty [value: MEDIUM]
22:46:03.954 [FXGL Background Thread 3 ] DEBUG Engine               - globalMusicVolume: 0.5
22:46:03.954 [FXGL Background Thread 3 ] DEBUG Engine               - globalMusicVolumeProperty: DoubleProperty [value: 0.5]
22:46:03.954 [FXGL Background Thread 3 ] DEBUG Engine               - globalSoundVolume: 0.5
22:46:03.954 [FXGL Background Thread 3 ] DEBUG Engine               - globalSoundVolumeProperty: DoubleProperty [value: 0.5]
22:46:03.954 [FXGL Background Thread 3 ] DEBUG Engine               - height: 800
22:46:03.955 [FXGL Background Thread 3 ] DEBUG Engine               - is3D: false
22:46:03.955 [FXGL Background Thread 3 ] DEBUG Engine               - isAndroid: false
22:46:03.955 [FXGL Background Thread 3 ] DEBUG Engine               - isBrowser: false
22:46:03.955 [FXGL Background Thread 3 ] DEBUG Engine               - isClickFeedbackEnabled: false
22:46:03.955 [FXGL Background Thread 3 ] DEBUG Engine               - isCloseConfirmation: false
22:46:03.955 [FXGL Background Thread 3 ] DEBUG Engine               - isDesktop: true
22:46:03.955 [FXGL Background Thread 3 ] DEBUG Engine               - isDeveloperMenuEnabled: false
22:46:03.955 [FXGL Background Thread 3 ] DEBUG Engine               - isEmbedded: false
22:46:03.955 [FXGL Background Thread 3 ] DEBUG Engine               - isEntityPreloadEnabled: true
22:46:03.955 [FXGL Background Thread 3 ] DEBUG Engine               - isExperimentalTiledLargeMap: false
22:46:03.955 [FXGL Background Thread 3 ] DEBUG Engine               - isFileSystemWriteAllowed: true
22:46:03.955 [FXGL Background Thread 3 ] DEBUG Engine               - isFullScreenAllowed: false
22:46:03.955 [FXGL Background Thread 3 ] DEBUG Engine               - isFullScreenFromStart: false
22:46:03.955 [FXGL Background Thread 3 ] DEBUG Engine               - isGameMenuEnabled: true
22:46:03.955 [FXGL Background Thread 3 ] DEBUG Engine               - isIOS: false
22:46:03.955 [FXGL Background Thread 3 ] DEBUG Engine               - isIntroEnabled: false
22:46:03.955 [FXGL Background Thread 3 ] DEBUG Engine               - isLinux: false
22:46:03.955 [FXGL Background Thread 3 ] DEBUG Engine               - isMac: false
22:46:03.955 [FXGL Background Thread 3 ] DEBUG Engine               - isMainMenuEnabled: true
22:46:03.955 [FXGL Background Thread 3 ] DEBUG Engine               - isManualResizeEnabled: false
22:46:03.955 [FXGL Background Thread 3 ] DEBUG Engine               - isMobile: false
22:46:03.955 [FXGL Background Thread 3 ] DEBUG Engine               - isNative: false
22:46:03.955 [FXGL Background Thread 3 ] DEBUG Engine               - isPauseMusicWhenMinimized: true
22:46:03.955 [FXGL Background Thread 3 ] DEBUG Engine               - isPreserveResizeRatio: false
22:46:03.955 [FXGL Background Thread 3 ] DEBUG Engine               - isProfilingEnabled: false
22:46:03.956 [FXGL Background Thread 3 ] DEBUG Engine               - isScaleAffectedOnResize: true
22:46:03.956 [FXGL Background Thread 3 ] DEBUG Engine               - isSingleStep: false
22:46:03.956 [FXGL Background Thread 3 ] DEBUG Engine               - isUserProfileEnabled: false
22:46:03.956 [FXGL Background Thread 3 ] DEBUG Engine               - isWindows: true
22:46:03.956 [FXGL Background Thread 3 ] DEBUG Engine               - language: ObjectProperty [value: ENGLISH]
22:46:03.956 [FXGL Background Thread 3 ] DEBUG Engine               - menuKey: ESCAPE
22:46:03.956 [FXGL Background Thread 3 ] DEBUG Engine               - mouseSensitivity: 0.2
22:46:03.956 [FXGL Background Thread 3 ] DEBUG Engine               - notificationViewClass: class com.almasb.fxgl.notification.view.XboxNotificationView
22:46:03.956 [FXGL Background Thread 3 ] DEBUG Engine               - pixelsPerMeter: 50.0
22:46:03.956 [FXGL Background Thread 3 ] DEBUG Engine               - platform: WINDOWS
22:46:03.956 [FXGL Background Thread 3 ] DEBUG Engine               - prefHeightProperty: ReadOnlyDoubleProperty [value: 800.0]
22:46:03.956 [FXGL Background Thread 3 ] DEBUG Engine               - prefWidthProperty: ReadOnlyDoubleProperty [value: 800.0]
22:46:03.956 [FXGL Background Thread 3 ] DEBUG Engine               - profileDir: profiles/
22:46:03.956 [FXGL Background Thread 3 ] DEBUG Engine               - profileName: StringProperty [value: DEFAULT]
22:46:03.956 [FXGL Background Thread 3 ] DEBUG Engine               - randomSeed: -1
22:46:03.956 [FXGL Background Thread 3 ] DEBUG Engine               - runtimeInfo: RuntimeInfo(platform=WINDOWS, version=17.2, build=20.08.2022 16.50)
22:46:03.956 [FXGL Background Thread 3 ] DEBUG Engine               - saveFileExt: sav
22:46:03.956 [FXGL Background Thread 3 ] DEBUG Engine               - scaledHeightProp$fxgl: DoubleProperty [bound, value: 800.0]
22:46:03.957 [FXGL Background Thread 3 ] DEBUG Engine               - scaledWidthProp$fxgl: DoubleProperty [bound, value: 800.0]
22:46:03.957 [FXGL Background Thread 3 ] DEBUG Engine               - sceneFactory: com.example.basicgameapp.BasicGameApp$1@13a435e6
22:46:03.957 [FXGL Background Thread 3 ] DEBUG Engine               - secondsIn24h: 60
22:46:03.957 [FXGL Background Thread 3 ] DEBUG Engine               - soundMenuBack: menu/back.wav
22:46:03.957 [FXGL Background Thread 3 ] DEBUG Engine               - soundMenuPress: menu/press.wav
22:46:03.957 [FXGL Background Thread 3 ] DEBUG Engine               - soundMenuSelect: menu/select.wav
22:46:03.957 [FXGL Background Thread 3 ] DEBUG Engine               - soundNotification: core/notification.wav
22:46:03.957 [FXGL Background Thread 3 ] DEBUG Engine               - stageStyle: DECORATED
22:46:03.957 [FXGL Background Thread 3 ] DEBUG Engine               - supportedLanguages: [ENGLISH, FRENCH, GERMAN, HUNGARIAN, RUSSIAN]
22:46:03.957 [FXGL Background Thread 3 ] DEBUG Engine               - ticksPerSecond: -1
22:46:03.957 [FXGL Background Thread 3 ] DEBUG Engine               - title: WorldHELL 0 
22:46:03.957 [FXGL Background Thread 3 ] DEBUG Engine               - urlGithub: https://github.com/AlmasB/FXGL
22:46:03.957 [FXGL Background Thread 3 ] DEBUG Engine               - urlLeaderboard: http://fxgl-top.herokuapp.com/
22:46:03.957 [FXGL Background Thread 3 ] DEBUG Engine               - urlPOM: https://raw.githubusercontent.com/AlmasB/FXGL/release/README.md
22:46:03.957 [FXGL Background Thread 3 ] DEBUG Engine               - userAppClass: class com.example.basicgameapp.BasicGameApp
22:46:03.957 [FXGL Background Thread 3 ] DEBUG Engine               - version: 0.1
22:46:03.957 [FXGL Background Thread 3 ] DEBUG Engine               - versionCheckDays: 7
22:46:03.957 [FXGL Background Thread 3 ] DEBUG Engine               - width: 800
22:46:03.957 [FXGL Background Thread 3 ] DEBUG Engine               - Logging services
22:46:03.957 [FXGL Background Thread 3 ] DEBUG Engine               - class com.almasb.fxgl.app.services.FXGLAssetLoaderService
22:46:03.957 [FXGL Background Thread 3 ] DEBUG Engine               - class com.almasb.fxgl.app.FXGLApplication$GameApplicationService
22:46:03.957 [FXGL Background Thread 3 ] DEBUG Engine               - class com.almasb.fxgl.app.services.FXGLDialogService
22:46:03.957 [FXGL Background Thread 3 ] DEBUG Engine               - class com.almasb.fxgl.app.services.IOTaskExecutorService
22:46:03.958 [FXGL Background Thread 3 ] DEBUG Engine               - class com.almasb.fxgl.io.FileSystemService
22:46:03.958 [FXGL Background Thread 3 ] DEBUG Engine               - class com.almasb.fxgl.localization.LocalizationService
22:46:03.958 [FXGL Background Thread 3 ] DEBUG Engine               - class com.almasb.fxgl.app.services.SystemBundleService
22:46:03.958 [FXGL Background Thread 3 ] DEBUG Engine               - class com.almasb.fxgl.profile.SaveLoadService
22:46:03.958 [FXGL Background Thread 3 ] DEBUG Engine               - class com.almasb.fxgl.ui.FXGLUIFactoryServiceProvider
22:46:03.958 [FXGL Background Thread 3 ] DEBUG Engine               - class com.almasb.fxgl.ui.FXGLDialogFactoryServiceProvider
22:46:03.958 [FXGL Background Thread 3 ] DEBUG Engine               - class com.almasb.fxgl.audio.AudioPlayer
22:46:03.958 [FXGL Background Thread 3 ] DEBUG Engine               - class com.almasb.fxgl.notification.impl.NotificationServiceProvider
22:46:03.958 [FXGL Background Thread 3 ] DEBUG Engine               - class com.almasb.fxgl.achievement.AchievementService
22:46:03.958 [FXGL Background Thread 3 ] DEBUG Engine               - class com.almasb.fxgl.cutscene.CutsceneService
22:46:03.958 [FXGL Background Thread 3 ] DEBUG Engine               - class com.almasb.fxgl.minigames.MiniGameService
22:46:03.958 [FXGL Background Thread 3 ] DEBUG Engine               - class com.almasb.fxgl.net.NetService
22:46:03.958 [FXGL Background Thread 3 ] DEBUG Engine               - class com.almasb.fxgl.app.services.UpdaterService
22:46:03.958 [FXGL Background Thread 3 ] DEBUG Engine               - class com.almasb.fxgl.dev.DevService
22:46:04.472 [JavaFX Application Thread] DEBUG FXGLAssetLoaderServi - Loading from file system: file:/C:/Users/majah/OneDrive/Desktop/world-hell/BasicGameApp/target/classes/assets/textures/swipe.png
22:46:08.486 [JavaFX Application Thread] DEBUG FXGLAssetLoaderServi - Loading from file system: file:/C:/Users/majah/OneDrive/Desktop/world-hell/BasicGameApp/target/classes/assets/sounds/slayy.wav
22:46:08.495 [JavaFX Application Thread] DEBUG FXGLAssetLoaderServi - Loading from file system: file:/C:/Users/majah/OneDrive/Desktop/world-hell/BasicGameApp/target/classes/assets/textures/pisos.png
22:46:11.622 [JavaFX Application Thread] DEBUG FXGLAssetLoaderServi - Loading from file system: file:/C:/Users/majah/OneDrive/Desktop/world-hell/BasicGameApp/target/classes/assets/sounds/eagle_death.wav
22:46:14.662 [JavaFX Application Thread] DEBUG FXGLAssetLoaderServi - Loading from file system: file:/C:/Users/majah/OneDrive/Desktop/world-hell/BasicGameApp/target/classes/assets/sounds/ai.wav
22:46:18.144 [JavaFX Application Thread] DEBUG PrimaryStageWindow   - Push state: DialogSubScene
22:46:18.144 [JavaFX Application Thread] DEBUG Input                - Clearing active input actions
22:46:18.146 [JavaFX Application Thread] DEBUG GameApplicationServi - Removing overlay from GameScene and adding to DialogSubScene
22:46:18.147 [JavaFX Application Thread] DEBUG PrimaryStageWindow   - GameScene -> DialogSubScene
22:46:18.147 [JavaFX Application Thread] DEBUG AudioPlayer          - Stopping music com.almasb.fxgl.audio.Music@67ad7095
22:46:20.025 [JavaFX Application Thread] DEBUG PrimaryStageWindow   - Pop state: DialogSubScene
22:46:20.025 [JavaFX Application Thread] DEBUG Input                - Clearing active input actions
22:46:20.026 [JavaFX Application Thread] DEBUG GameApplicationServi - Removing overlay from DialogSubScene and adding to GameScene
22:46:20.027 [JavaFX Application Thread] DEBUG PrimaryStageWindow   - GameScene <- DialogSubScene
22:46:20.027 [JavaFX Application Thread] DEBUG Input                - Clearing active input actions
22:46:20.034 [JavaFX Application Thread] DEBUG GameApplicationServi - Removing overlay from GameScene and adding to FXGLMainMenuDummyScene
22:46:20.035 [JavaFX Application Thread] DEBUG PrimaryStageWindow   - GameScene -> FXGLMainMenuDummyScene
22:46:20.035 [JavaFX Application Thread] DEBUG PrimaryStageWindow   - Push state: WorldHellMenu
22:46:20.035 [JavaFX Application Thread] DEBUG Input                - Clearing active input actions
22:46:20.035 [JavaFX Application Thread] DEBUG GameApplicationServi - Removing overlay from FXGLMainMenuDummyScene and adding to WorldHellMenu
22:46:20.035 [JavaFX Application Thread] DEBUG PrimaryStageWindow   - FXGLMainMenuDummyScene -> WorldHellMenu
22:46:21.945 [JavaFX Application Thread] DEBUG FXGLApplication      - Exiting FXGL
22:46:21.945 [JavaFX Application Thread] DEBUG LoopRunner           - Stopping loop
22:46:21.945 [JavaFX Application Thread] DEBUG SystemBundleService  - Saving FXGL system data
22:46:21.948 [JavaFX Application Thread] DEBUG FileSystemAccess     - Writing to: C:\Users\majah\OneDrive\Desktop\world-hell\BasicGameApp\system\fxgl.bundle
22:46:21.952 [JavaFX Application Thread] DEBUG Async                - Shutting down background threads
22:46:21.952 [JavaFX Application Thread] DEBUG PrimaryStageWindow   - Closing main window
22:46:21.980 [JavaFX Application Thread] DEBUG Logger               - Closing Logger
