10:50:46.628 [main                     ] DEBUG Logger               - Configured Logger
10:50:46.658 [main                     ] DEBUG GameApplication      - Logging settings
Title: WorldHELL 
Version: 4
Width: 800
Height: 800
Fullscreen: false
Intro: false
Profiling: false
Single step:false
App Mode: DEVELOPER
Menu Key: ESCAPE
Stage Style: DECORATED
Scene Factory: class com.example.basicgameapp.sceneFactory

10:50:47.016 [JavaFX Application Thread] DEBUG FXGLApplication      - Initializing FXGL
10:50:47.021 [JavaFX Application Thread] INFO  Engine               - FXGL-17.2 (20.08.2022 16.50) on WINDOWS (J:20.0.2 FX:20.0.1)
10:50:47.021 [JavaFX Application Thread] DEBUG Engine               - JRE Vendor Name: Oracle Corporation
10:50:47.022 [JavaFX Application Thread] DEBUG Engine               - Running on OS: Windows 11 version 10.0
10:50:47.022 [JavaFX Application Thread] DEBUG Engine               - Architecture: amd64
10:50:47.022 [JavaFX Application Thread] INFO  Engine               - Source code and latest versions at: https://github.com/AlmasB/FXGL
10:50:47.022 [JavaFX Application Thread] INFO  Engine               -       Ask questions and discuss at: https://github.com/AlmasB/FXGL/discussions
10:50:47.022 [JavaFX Application Thread] INFO  Engine               -              Join the FXGL chat at: https://gitter.im/AlmasB/FXGL
10:50:47.126 [JavaFX Application Thread] DEBUG PrimaryStageWindow   - Creating a JavaFX scene
10:50:47.181 [JavaFX Application Thread] DEBUG PrimaryStageWindow   - Target settings size: 800.0 x 800.0
10:50:47.182 [JavaFX Application Thread] DEBUG PrimaryStageWindow   - Scaled scene size:    800.0 x 800.0
10:50:47.182 [JavaFX Application Thread] DEBUG PrimaryStageWindow   - Scaled ratio: (1.0, 1.0)
10:50:47.183 [JavaFX Application Thread] DEBUG PrimaryStageWindow   - Set initial scene to FXGLStartupScene
10:50:47.187 [JavaFX Application Thread] DEBUG PrimaryStageWindow   - Opening main window
10:50:47.275 [JavaFX Application Thread] DEBUG PrimaryStageWindow   - Window border size: (14.4000244140625, 37.5999755859375)
10:50:47.276 [JavaFX Application Thread] DEBUG PrimaryStageWindow   - Scaled size: 800.0 x 800.0
10:50:47.276 [JavaFX Application Thread] DEBUG PrimaryStageWindow   - Scaled ratio: (1.0, 1.0)
10:50:47.276 [JavaFX Application Thread] DEBUG PrimaryStageWindow   - Scene size: 800.0 x 800.0
10:50:47.277 [JavaFX Application Thread] DEBUG PrimaryStageWindow   - Stage size: 814.4000244140625 x 837.5999755859375
10:50:47.287 [FXGL Background Thread 1 ] DEBUG Engine               - Initializing environment variables
10:50:47.350 [FXGL Background Thread 1 ] DEBUG FXGLAssetLoaderServi - User app class for loading assets: class com.example.basicgameapp.BasicGameApp
10:50:47.350 [FXGL Background Thread 1 ] DEBUG GameApplicationServi - Applying CSS: fxgl_dark.css
10:50:47.351 [FXGL Background Thread 1 ] DEBUG FXGLAssetLoaderServi - Loading from file system: jar:file:///C:/Users/majah/.m2/repository/com/github/almasb/fxgl/17.2/fxgl-17.2.jar!/fxglassets/ui/css/fxgl_dark.css
10:50:47.403 [FXGL Background Thread 1 ] DEBUG GameApplicationServi - Initializing application scenes
10:50:47.452 [FXGL Background Thread 1 ] DEBUG GameWorld            - Game world initialized
10:50:47.515 [FXGL Background Thread 1 ] DEBUG PhysicsWorld         - Physics world initialized: appHeight=800, physics.ppm=50.0
10:50:47.515 [FXGL Background Thread 1 ] DEBUG PhysicsWorld         - Using strategy: BRUTE_FORCE
10:50:47.521 [FXGL Background Thread 1 ] DEBUG GameScene            - Game scene initialized: 800x800
10:50:47.535 [FXGL Background Thread 1 ] DEBUG FXGL.DefaultMenu     - createMenuBodyGameMenu()
10:50:47.548 [FXGL Background Thread 1 ] DEBUG FXGL.DefaultMenu     - createOptionsMenu()
10:50:47.561 [FXGL Background Thread 1 ] DEBUG FXGLAssetLoaderServi - Loading from file system: jar:file:///C:/Users/majah/.m2/repository/com/github/almasb/fxgl/17.2/fxgl-17.2.jar!/fxglassets/textures/particles/smoke.png
10:50:47.666 [FXGL Background Thread 1 ] DEBUG FXGLAssetLoaderServi - Loading from file system: jar:file:///C:/Users/majah/.m2/repository/com/github/almasb/fxgl/17.2/fxgl-17.2.jar!/fxglassets/textures/particles/trace_horizontal.png
10:50:47.708 [FXGL Background Thread 1 ] DEBUG GameApplicationServi - Application scenes initialized
10:50:47.722 [FXGL Background Thread 1 ] DEBUG SystemBundleService  - Loading FXGL system data
10:50:47.729 [FXGL Background Thread 1 ] DEBUG FileSystemAccess     - Reading from: C:\Users\majah\IdeaProjects\BasicGameApp\system\fxgl.bundle
10:50:47.742 [FXGL Background Thread 1 ] DEBUG SystemBundleService  - Bundle FXGL: {}
10:50:47.742 [FXGL Background Thread 1 ] DEBUG UpdaterService       - Checking for updates
10:50:47.748 [FXGL Background Thread 4 ] DEBUG FXGLApplication      - Loading fonts
10:50:47.749 [FXGL Background Thread 4 ] DEBUG FXGLAssetLoaderServi - Loading from file system: jar:file:///C:/Users/majah/.m2/repository/com/github/almasb/fxgl/17.2/fxgl-17.2.jar!/fxglassets/ui/fonts/VarelaRound-Regular.ttf
10:50:47.749 [FXGL Background Thread 1 ] DEBUG FXGLApplication      - Loading default localization
10:50:47.750 [FXGL Background Thread 1 ] DEBUG FXGLAssetLoaderServi - Loading from file system: jar:file:///C:/Users/majah/.m2/repository/com/github/almasb/fxgl/17.2/fxgl-17.2.jar!/fxglassets/languages/english.lang
10:50:47.776 [FXGL Background Thread 1 ] INFO  FXGLApplication      - FXGL initialization took: 0.489 sec
10:50:47.790 [JavaFX Application Thread] DEBUG Input                - Registered new binding: action0 - D
10:50:47.790 [JavaFX Application Thread] DEBUG Input                - Registered new binding: action1 - A
10:50:47.791 [JavaFX Application Thread] DEBUG Input                - Registered new binding: action2 - W
10:50:47.792 [JavaFX Application Thread] DEBUG Input                - Registered new binding: action3 - S
10:50:47.792 [JavaFX Application Thread] DEBUG FXGLAssetLoaderServi - Loading from file system: jar:file:///C:/Users/majah/.m2/repository/com/github/almasb/fxgl/17.2/fxgl-17.2.jar!/fxglassets/textures/fxgl_icon.png
10:50:47.817 [JavaFX Application Thread] DEBUG FXGLAssetLoaderServi - Loading from file system: jar:file:///C:/Users/majah/.m2/repository/com/github/almasb/fxgl/17.2/fxgl-17.2.jar!/fxglassets/textures/fxgl_default_cursor.png
10:50:47.820 [JavaFX Application Thread] DEBUG Input                - Registered new binding: Screenshot - CTRL+8
10:50:47.821 [JavaFX Application Thread] DEBUG Input                - Registered new binding: System info dump - CTRL+9
10:50:47.821 [JavaFX Application Thread] DEBUG Input                - Registered new binding: Restart - CTRL+R
10:50:47.822 [JavaFX Application Thread] DEBUG Input                - Registered new binding: Toggle Debug Camera - CTRL+7
10:50:47.824 [JavaFX Application Thread] DEBUG LoopRunner           - Starting loop
10:50:47.824 [JavaFX Application Thread] DEBUG LoopRunner           - Initializing JavaFX AnimationTimerLoop
10:50:47.826 [JavaFX Application Thread] DEBUG GameApplicationServi - Starting new game
10:50:47.827 [JavaFX Application Thread] DEBUG Input                - Clearing active input actions
10:50:47.842 [JavaFX Application Thread] DEBUG GameApplicationServi - Removing overlay from FXGLStartupScene and adding to FXGLLoadingScene
10:50:47.843 [JavaFX Application Thread] DEBUG PrimaryStageWindow   - FXGLStartupScene -> FXGLLoadingScene
10:50:47.843 [JavaFX Application Thread] DEBUG GameApplicationServi - Clearing previous game
10:50:47.843 [JavaFX Application Thread] DEBUG GameScene            - Clearing game scene
10:50:47.843 [JavaFX Application Thread] DEBUG GameWorld            - Clearing game world
10:50:47.843 [JavaFX Application Thread] DEBUG PhysicsWorld         - Clearing physics world
10:50:47.846 [FXGL Background Thread 1 ] DEBUG FXGLApplication      - Initializing game
10:50:47.853 [FXGL Background Thread 1 ] DEBUG FXGLAssetLoaderServi - Loading from file system: file:/C:/Users/majah/IdeaProjects/BasicGameApp/target/classes/assets/textures/girl_colored.png
10:50:47.863 [FXGL Background Thread 1 ] DEBUG FXGLAssetLoaderServi - Loading from file system: file:/C:/Users/majah/IdeaProjects/BasicGameApp/target/classes/assets/textures/girl_bbox.png
10:50:47.874 [FXGL Background Thread 4 ] DEBUG FXGLAssetLoaderServi - Loading from file system: jar:file:///C:/Users/majah/.m2/repository/com/github/almasb/fxgl/17.2/fxgl-17.2.jar!/fxglassets/ui/fonts/Abel-Regular.ttf
10:50:47.879 [FXGL Background Thread 4 ] DEBUG FXGLAssetLoaderServi - Loading from file system: jar:file:///C:/Users/majah/.m2/repository/com/github/almasb/fxgl/17.2/fxgl-17.2.jar!/fxglassets/ui/fonts/TerminalLandMono-Regular.otf
10:50:47.885 [FXGL Background Thread 4 ] DEBUG FXGLAssetLoaderServi - Loading from file system: jar:file:///C:/Users/majah/.m2/repository/com/github/almasb/fxgl/17.2/fxgl-17.2.jar!/fxglassets/ui/fonts/Courier-Prime.ttf
10:50:47.898 [JavaFX Application Thread] DEBUG FXGLApplication      - Registering font factories with UI factory
10:50:47.898 [FXGL Background Thread 1 ] INFO  FXGLApplication      - Game initialization took: 0.052 sec
10:50:47.958 [FXGL Background Thread 2 ] WARN  UpdaterService       - Failed to find updates: java.net.UnknownHostException: raw.githubusercontent.com
10:50:47.982 [JavaFX Application Thread] DEBUG Input                - Clearing active input actions
10:50:47.994 [JavaFX Application Thread] DEBUG GameApplicationServi - Removing overlay from FXGLLoadingScene and adding to GameScene
10:50:47.994 [JavaFX Application Thread] DEBUG PrimaryStageWindow   - FXGLLoadingScene -> GameScene
10:50:48.478 [JavaFX Application Thread] DEBUG FXGLAssetLoaderServi - Loading from file system: file:/C:/Users/majah/IdeaProjects/BasicGameApp/target/classes/assets/textures/zombie_colored.png
10:50:48.557 [JavaFX Application Thread] DEBUG FXGLAssetLoaderServi - Loading from file system: file:/C:/Users/majah/IdeaProjects/BasicGameApp/target/classes/assets/textures/eagle_colored.png
10:50:50.496 [JavaFX Application Thread] DEBUG FXGLApplication      - Exiting FXGL
10:50:50.497 [JavaFX Application Thread] DEBUG LoopRunner           - Stopping loop
10:50:50.497 [JavaFX Application Thread] DEBUG SystemBundleService  - Saving FXGL system data
10:50:50.501 [JavaFX Application Thread] DEBUG FileSystemAccess     - Writing to: C:\Users\majah\IdeaProjects\BasicGameApp\system\fxgl.bundle
10:50:50.506 [JavaFX Application Thread] DEBUG Async                - Shutting down background threads
10:50:50.507 [JavaFX Application Thread] DEBUG PrimaryStageWindow   - Closing main window
10:50:50.538 [JavaFX Application Thread] DEBUG Logger               - Closing Logger
