15:05:29.892 [main                     ] DEBUG Logger               - Configured Logger
15:05:29.909 [main                     ] DEBUG GameApplication      - Logging settings
Title: WorldHELL 0 
Version: 0.1
Width: 800
Height: 800
Fullscreen: false
Intro: false
Profiling: false
Single step:false
App Mode: DEVELOPER
Menu Key: ESCAPE
Stage Style: DECORATED
Scene Factory: class com.example.basicgameapp.BasicGameApp$1

15:05:30.094 [JavaFX Application Thread] DEBUG FXGLApplication      - Initializing FXGL
15:05:30.096 [JavaFX Application Thread] INFO  Engine               - FXGL-17.2 (20.08.2022 16.50) on LINUX (J:21.0.1 FX:20.0.1)
15:05:30.097 [JavaFX Application Thread] DEBUG Engine               - JRE Vendor Name: Oracle Corporation
15:05:30.097 [JavaFX Application Thread] DEBUG Engine               - Running on OS: Linux version 6.6.6-arch1-1
15:05:30.097 [JavaFX Application Thread] DEBUG Engine               - Architecture: amd64
15:05:30.097 [JavaFX Application Thread] INFO  Engine               - Source code and latest versions at: https://github.com/AlmasB/FXGL
15:05:30.097 [JavaFX Application Thread] INFO  Engine               -       Ask questions and discuss at: https://github.com/AlmasB/FXGL/discussions
15:05:30.097 [JavaFX Application Thread] INFO  Engine               -              Join the FXGL chat at: https://gitter.im/AlmasB/FXGL
15:05:30.137 [JavaFX Application Thread] DEBUG PrimaryStageWindow   - Creating a JavaFX scene
15:05:30.208 [JavaFX Application Thread] DEBUG PrimaryStageWindow   - Target settings size: 800.0 x 800.0
15:05:30.209 [JavaFX Application Thread] DEBUG PrimaryStageWindow   - Scaled scene size:    800.0 x 800.0
15:05:30.209 [JavaFX Application Thread] DEBUG PrimaryStageWindow   - Scaled ratio: (1.0, 1.0)
15:05:30.210 [JavaFX Application Thread] DEBUG PrimaryStageWindow   - Set initial scene to FXGLStartupScene
15:05:30.211 [JavaFX Application Thread] DEBUG PrimaryStageWindow   - Opening main window
15:05:30.229 [JavaFX Application Thread] DEBUG PrimaryStageWindow   - Window border size: (0.0, 28.0)
15:05:30.229 [JavaFX Application Thread] DEBUG PrimaryStageWindow   - Scaled size: 800.0 x 800.0
15:05:30.229 [JavaFX Application Thread] DEBUG PrimaryStageWindow   - Scaled ratio: (1.0, 1.0)
15:05:30.229 [JavaFX Application Thread] DEBUG PrimaryStageWindow   - Scene size: 800.0 x 800.0
15:05:30.230 [JavaFX Application Thread] DEBUG PrimaryStageWindow   - Stage size: 800.0 x 828.0
15:05:30.233 [FXGL Background Thread 1 ] DEBUG Engine               - Initializing environment variables
15:05:30.255 [FXGL Background Thread 1 ] DEBUG FXGLAssetLoaderServi - User app class for loading assets: class com.example.basicgameapp.BasicGameApp
15:05:30.255 [FXGL Background Thread 1 ] DEBUG GameApplicationServi - Applying CSS: fxgl_dark.css
15:05:30.255 [FXGL Background Thread 1 ] DEBUG FXGLAssetLoaderServi - Loading from file system: jar:file:///home/johnt/.m2/repository/com/github/almasb/fxgl/17.2/fxgl-17.2.jar!/fxglassets/ui/css/fxgl_dark.css
15:05:30.277 [FXGL Background Thread 1 ] DEBUG GameApplicationServi - Initializing application scenes
15:05:30.308 [FXGL Background Thread 1 ] DEBUG GameWorld            - Game world initialized
15:05:30.332 [FXGL Background Thread 1 ] DEBUG PhysicsWorld         - Physics world initialized: appHeight=800, physics.ppm=50.0
15:05:30.332 [FXGL Background Thread 1 ] DEBUG PhysicsWorld         - Using strategy: BRUTE_FORCE
15:05:30.334 [FXGL Background Thread 1 ] DEBUG GameScene            - Game scene initialized: 800x800
15:05:30.336 [FXGL Background Thread 1 ] DEBUG FXGLAssetLoaderServi - Loading from file system: file:/home/johnt/Documents/world-hell/BasicGameApp/target/classes/assets/textures/BG.png
15:05:30.375 [FXGL Background Thread 1 ] DEBUG GameApplicationServi - Application scenes initialized
15:05:30.382 [FXGL Background Thread 1 ] DEBUG SystemBundleService  - Loading FXGL system data
15:05:30.384 [FXGL Background Thread 1 ] DEBUG FileSystemAccess     - Reading from: /home/johnt/Documents/world-hell/BasicGameApp/system/fxgl.bundle
15:05:30.388 [FXGL Background Thread 1 ] DEBUG SystemBundleService  - Bundle FXGL: {}
15:05:30.388 [FXGL Background Thread 1 ] DEBUG UpdaterService       - Checking for updates
15:05:30.390 [FXGL Background Thread 4 ] DEBUG FXGLApplication      - Loading fonts
15:05:30.390 [FXGL Background Thread 1 ] DEBUG FXGLApplication      - Loading default localization
15:05:30.390 [FXGL Background Thread 4 ] DEBUG FXGLAssetLoaderServi - Loading from file system: jar:file:///home/johnt/.m2/repository/com/github/almasb/fxgl/17.2/fxgl-17.2.jar!/fxglassets/ui/fonts/VarelaRound-Regular.ttf
15:05:30.391 [FXGL Background Thread 1 ] DEBUG FXGLAssetLoaderServi - Loading from file system: jar:file:///home/johnt/.m2/repository/com/github/almasb/fxgl/17.2/fxgl-17.2.jar!/fxglassets/languages/english.lang
15:05:30.395 [FXGL Background Thread 4 ] DEBUG FXGLAssetLoaderServi - Loading from file system: jar:file:///home/johnt/.m2/repository/com/github/almasb/fxgl/17.2/fxgl-17.2.jar!/fxglassets/ui/fonts/Abel-Regular.ttf
15:05:30.396 [FXGL Background Thread 1 ] INFO  FXGLApplication      - FXGL initialization took: 0.164 sec
15:05:30.396 [FXGL Background Thread 4 ] DEBUG FXGLAssetLoaderServi - Loading from file system: jar:file:///home/johnt/.m2/repository/com/github/almasb/fxgl/17.2/fxgl-17.2.jar!/fxglassets/ui/fonts/TerminalLandMono-Regular.otf
15:05:30.398 [FXGL Background Thread 4 ] DEBUG FXGLAssetLoaderServi - Loading from file system: jar:file:///home/johnt/.m2/repository/com/github/almasb/fxgl/17.2/fxgl-17.2.jar!/fxglassets/ui/fonts/Courier-Prime.ttf
15:05:30.403 [JavaFX Application Thread] DEBUG Input                - Registered new binding: action0 - D
15:05:30.403 [JavaFX Application Thread] DEBUG Input                - Registered new binding: action1 - A
15:05:30.404 [JavaFX Application Thread] DEBUG Input                - Registered new binding: action2 - W
15:05:30.404 [JavaFX Application Thread] DEBUG Input                - Registered new binding: action3 - S
15:05:30.404 [JavaFX Application Thread] DEBUG FXGLAssetLoaderServi - Loading from file system: jar:file:///home/johnt/.m2/repository/com/github/almasb/fxgl/17.2/fxgl-17.2.jar!/fxglassets/textures/fxgl_icon.png
15:05:30.417 [JavaFX Application Thread] DEBUG FXGLAssetLoaderServi - Loading from file system: jar:file:///home/johnt/.m2/repository/com/github/almasb/fxgl/17.2/fxgl-17.2.jar!/fxglassets/textures/fxgl_default_cursor.png
15:05:30.418 [JavaFX Application Thread] DEBUG Input                - Registered new binding: Screenshot - CTRL+8
15:05:30.418 [JavaFX Application Thread] DEBUG Input                - Registered new binding: System info dump - CTRL+9
15:05:30.418 [JavaFX Application Thread] DEBUG Input                - Registered new binding: Restart - CTRL+R
15:05:30.418 [JavaFX Application Thread] DEBUG Input                - Registered new binding: Toggle Debug Camera - CTRL+7
15:05:30.419 [JavaFX Application Thread] DEBUG LoopRunner           - Starting loop
15:05:30.419 [JavaFX Application Thread] DEBUG LoopRunner           - Initializing JavaFX AnimationTimerLoop
15:05:30.420 [JavaFX Application Thread] DEBUG Input                - Clearing active input actions
15:05:30.424 [JavaFX Application Thread] DEBUG GameApplicationServi - Removing overlay from FXGLStartupScene and adding to FXGLMainMenuDummyScene
15:05:30.424 [JavaFX Application Thread] DEBUG PrimaryStageWindow   - FXGLStartupScene -> FXGLMainMenuDummyScene
15:05:30.424 [JavaFX Application Thread] DEBUG PrimaryStageWindow   - Push state: WorldHellMenu
15:05:30.424 [JavaFX Application Thread] DEBUG Input                - Clearing active input actions
15:05:30.426 [JavaFX Application Thread] DEBUG GameApplicationServi - Removing overlay from FXGLMainMenuDummyScene and adding to WorldHellMenu
15:05:30.426 [JavaFX Application Thread] DEBUG PrimaryStageWindow   - FXGLMainMenuDummyScene -> WorldHellMenu
15:05:30.426 [JavaFX Application Thread] DEBUG FXGLApplication      - Registering font factories with UI factory
15:05:30.590 [FXGL Background Thread 2 ] INFO  UpdaterService       - Your current version:  17.2
15:05:30.590 [FXGL Background Thread 2 ] INFO  UpdaterService       - Latest stable version: 17.3
15:05:31.906 [JavaFX Application Thread] DEBUG Menu                 - fireNewGame()
15:05:31.907 [JavaFX Application Thread] DEBUG GameApplicationServi - Starting new game
15:05:31.907 [JavaFX Application Thread] DEBUG PrimaryStageWindow   - Pop state: WorldHellMenu
15:05:31.907 [JavaFX Application Thread] DEBUG Input                - Clearing active input actions
15:05:31.908 [JavaFX Application Thread] DEBUG GameApplicationServi - Removing overlay from WorldHellMenu and adding to FXGLMainMenuDummyScene
15:05:31.909 [JavaFX Application Thread] DEBUG PrimaryStageWindow   - FXGLMainMenuDummyScene <- WorldHellMenu
15:05:31.909 [JavaFX Application Thread] DEBUG Input                - Clearing active input actions
15:05:31.913 [JavaFX Application Thread] DEBUG GameApplicationServi - Removing overlay from FXGLMainMenuDummyScene and adding to FXGLLoadingScene
15:05:31.913 [JavaFX Application Thread] DEBUG PrimaryStageWindow   - FXGLMainMenuDummyScene -> FXGLLoadingScene
15:05:31.913 [JavaFX Application Thread] DEBUG GameApplicationServi - Clearing previous game
15:05:31.913 [JavaFX Application Thread] DEBUG GameScene            - Clearing game scene
15:05:31.914 [JavaFX Application Thread] DEBUG GameWorld            - Clearing game world
15:05:31.914 [JavaFX Application Thread] DEBUG PhysicsWorld         - Clearing physics world
15:05:31.914 [FXGL Background Thread 2 ] DEBUG FXGLApplication      - Initializing game
15:05:31.915 [FXGL Background Thread 2 ] DEBUG FXGLAssetLoaderServi - Loading from file system: file:/home/johnt/Documents/world-hell/BasicGameApp/target/classes/assets/music/Doom%20Eternal%20OST%20-%20The%20Only%20Thing%20They%20Fear%20Is%20You%20(Mick%20Gordon)%20%5BDoom%20Eternal%20Theme%5D.mp3
15:05:31.999 [FXGL Background Thread 2 ] DEBUG AudioPlayer          - Playing music com.almasb.fxgl.audio.Music@51e2a01d
15:05:32.000 [FXGL Background Thread 2 ] DEBUG FXGLAssetLoaderServi - Loading from file system: file:/home/johnt/Documents/world-hell/BasicGameApp/target/classes/assets/textures/background.jpg
15:05:32.009 [FXGL Background Thread 2 ] DEBUG FXGLAssetLoaderServi - Loading from file system: file:/home/johnt/Documents/world-hell/BasicGameApp/target/classes/assets/textures/girl_colored.png
15:05:32.016 [FXGL Background Thread 2 ] INFO  FXGLApplication      - Game initialization took: 0.102 sec
15:05:32.017 [JavaFX Application Thread] DEBUG Input                - Clearing active input actions
15:05:32.022 [JavaFX Application Thread] DEBUG GameApplicationServi - Removing overlay from FXGLLoadingScene and adding to GameScene
15:05:32.022 [JavaFX Application Thread] DEBUG PrimaryStageWindow   - FXGLLoadingScene -> GameScene
15:05:32.508 [JavaFX Application Thread] DEBUG FXGLAssetLoaderServi - Loading from file system: file:/home/johnt/Documents/world-hell/BasicGameApp/target/classes/assets/textures/zombie_colored.png
15:05:32.512 [JavaFX Application Thread] DEBUG FXGLAssetLoaderServi - Loading from file system: file:/home/johnt/Documents/world-hell/BasicGameApp/target/classes/assets/textures/eagle_colored.png
15:05:32.514 [JavaFX Application Thread] DEBUG FXGLAssetLoaderServi - Loading from file system: file:/home/johnt/Documents/world-hell/BasicGameApp/target/classes/assets/textures/joshua.jpg
15:05:33.005 [JavaFX Application Thread] DEBUG FXGLAssetLoaderServi - Loading from file system: file:/home/johnt/Documents/world-hell/BasicGameApp/target/classes/assets/textures/swipe.png
15:05:33.389 [FXGL Background Thread 3 ] DEBUG Engine               - Logging environment variables
15:05:33.390 [FXGL Background Thread 3 ] DEBUG Engine               - achievements: []
15:05:33.390 [FXGL Background Thread 3 ] DEBUG Engine               - actualHeight: 800.0
15:05:33.390 [FXGL Background Thread 3 ] DEBUG Engine               - actualHeightProperty: ReadOnlyDoubleProperty [value: 800.0]
15:05:33.390 [FXGL Background Thread 3 ] DEBUG Engine               - actualWidth: 800.0
15:05:33.390 [FXGL Background Thread 3 ] DEBUG Engine               - actualWidthProperty: ReadOnlyDoubleProperty [value: 800.0]
15:05:33.390 [FXGL Background Thread 3 ] DEBUG Engine               - appIcon: fxgl_icon.png
15:05:33.390 [FXGL Background Thread 3 ] DEBUG Engine               - applicationMode: DEVELOPER
15:05:33.390 [FXGL Background Thread 3 ] DEBUG Engine               - cSSList: [fxgl_dark.css]
15:05:33.390 [FXGL Background Thread 3 ] DEBUG Engine               - collisionDetectionStrategy: BRUTE_FORCE
15:05:33.390 [FXGL Background Thread 3 ] DEBUG Engine               - configClass: Optional.empty
15:05:33.390 [FXGL Background Thread 3 ] DEBUG Engine               - credits: []
15:05:33.391 [FXGL Background Thread 3 ] DEBUG Engine               - defaultCursor: CursorInfo(imageName=fxgl_default_cursor.png, hotspotX=7.0, hotspotY=6.0)
15:05:33.391 [FXGL Background Thread 3 ] DEBUG Engine               - devBBoxColorProperty: ObjectProperty [value: 0xff0000ff]
15:05:33.391 [FXGL Background Thread 3 ] DEBUG Engine               - devEnableDebugCameraProperty: BooleanProperty [value: false]
15:05:33.391 [FXGL Background Thread 3 ] DEBUG Engine               - devSensorColorProperty: ObjectProperty [value: 0xffff00ff]
15:05:33.391 [FXGL Background Thread 3 ] DEBUG Engine               - devShowBBoxProperty: BooleanProperty [value: false]
15:05:33.391 [FXGL Background Thread 3 ] DEBUG Engine               - devShowPositionProperty: BooleanProperty [value: false]
15:05:33.391 [FXGL Background Thread 3 ] DEBUG Engine               - enabledMenuItems: []
15:05:33.391 [FXGL Background Thread 3 ] DEBUG Engine               - engineServices: [class com.almasb.fxgl.app.services.FXGLAssetLoaderService, class com.almasb.fxgl.app.FXGLApplication$GameApplicationService, class com.almasb.fxgl.app.services.FXGLDialogService, class com.almasb.fxgl.app.services.IOTaskExecutorService, class com.almasb.fxgl.io.FileSystemService, class com.almasb.fxgl.localization.LocalizationService, class com.almasb.fxgl.app.services.SystemBundleService, class com.almasb.fxgl.profile.SaveLoadService, class com.almasb.fxgl.ui.FXGLUIFactoryServiceProvider, class com.almasb.fxgl.ui.FXGLDialogFactoryServiceProvider, class com.almasb.fxgl.audio.AudioPlayer, class com.almasb.fxgl.notification.impl.NotificationServiceProvider, class com.almasb.fxgl.achievement.AchievementService, class com.almasb.fxgl.cutscene.CutsceneService, class com.almasb.fxgl.minigames.MiniGameService, class com.almasb.fxgl.net.NetService, class com.almasb.fxgl.app.services.UpdaterService, class com.almasb.fxgl.dev.DevService]
15:05:33.391 [FXGL Background Thread 3 ] DEBUG Engine               - fontGame: Abel-Regular.ttf
15:05:33.391 [FXGL Background Thread 3 ] DEBUG Engine               - fontMono: TerminalLandMono-Regular.otf
15:05:33.391 [FXGL Background Thread 3 ] DEBUG Engine               - fontText: Courier-Prime.ttf
15:05:33.391 [FXGL Background Thread 3 ] DEBUG Engine               - fontUI: VarelaRound-Regular.ttf
15:05:33.391 [FXGL Background Thread 3 ] DEBUG Engine               - fullScreen: BooleanProperty [value: false]
15:05:33.391 [FXGL Background Thread 3 ] DEBUG Engine               - gameDifficulty: MEDIUM
15:05:33.391 [FXGL Background Thread 3 ] DEBUG Engine               - gameDifficultyProperty: ObjectProperty [value: MEDIUM]
15:05:33.391 [FXGL Background Thread 3 ] DEBUG Engine               - globalMusicVolume: 0.5
15:05:33.392 [FXGL Background Thread 3 ] DEBUG Engine               - globalMusicVolumeProperty: DoubleProperty [value: 0.5]
15:05:33.392 [FXGL Background Thread 3 ] DEBUG Engine               - globalSoundVolume: 0.5
15:05:33.392 [FXGL Background Thread 3 ] DEBUG Engine               - globalSoundVolumeProperty: DoubleProperty [value: 0.5]
15:05:33.392 [FXGL Background Thread 3 ] DEBUG Engine               - height: 800
15:05:33.392 [FXGL Background Thread 3 ] DEBUG Engine               - is3D: false
15:05:33.392 [FXGL Background Thread 3 ] DEBUG Engine               - isAndroid: false
15:05:33.392 [FXGL Background Thread 3 ] DEBUG Engine               - isBrowser: false
15:05:33.392 [FXGL Background Thread 3 ] DEBUG Engine               - isClickFeedbackEnabled: false
15:05:33.392 [FXGL Background Thread 3 ] DEBUG Engine               - isCloseConfirmation: false
15:05:33.392 [FXGL Background Thread 3 ] DEBUG Engine               - isDesktop: true
15:05:33.392 [FXGL Background Thread 3 ] DEBUG Engine               - isDeveloperMenuEnabled: false
15:05:33.392 [FXGL Background Thread 3 ] DEBUG Engine               - isEmbedded: false
15:05:33.392 [FXGL Background Thread 3 ] DEBUG Engine               - isEntityPreloadEnabled: true
15:05:33.392 [FXGL Background Thread 3 ] DEBUG Engine               - isExperimentalTiledLargeMap: false
15:05:33.392 [FXGL Background Thread 3 ] DEBUG Engine               - isFileSystemWriteAllowed: true
15:05:33.392 [FXGL Background Thread 3 ] DEBUG Engine               - isFullScreenAllowed: false
15:05:33.392 [FXGL Background Thread 3 ] DEBUG Engine               - isFullScreenFromStart: false
15:05:33.392 [FXGL Background Thread 3 ] DEBUG Engine               - isGameMenuEnabled: true
15:05:33.392 [FXGL Background Thread 3 ] DEBUG Engine               - isIOS: false
15:05:33.392 [FXGL Background Thread 3 ] DEBUG Engine               - isIntroEnabled: false
15:05:33.392 [FXGL Background Thread 3 ] DEBUG Engine               - isLinux: true
15:05:33.392 [FXGL Background Thread 3 ] DEBUG Engine               - isMac: false
15:05:33.392 [FXGL Background Thread 3 ] DEBUG Engine               - isMainMenuEnabled: true
15:05:33.392 [FXGL Background Thread 3 ] DEBUG Engine               - isManualResizeEnabled: false
15:05:33.392 [FXGL Background Thread 3 ] DEBUG Engine               - isMobile: false
15:05:33.392 [FXGL Background Thread 3 ] DEBUG Engine               - isNative: false
15:05:33.392 [FXGL Background Thread 3 ] DEBUG Engine               - isPauseMusicWhenMinimized: true
15:05:33.392 [FXGL Background Thread 3 ] DEBUG Engine               - isPreserveResizeRatio: false
15:05:33.392 [FXGL Background Thread 3 ] DEBUG Engine               - isProfilingEnabled: false
15:05:33.392 [FXGL Background Thread 3 ] DEBUG Engine               - isScaleAffectedOnResize: true
15:05:33.392 [FXGL Background Thread 3 ] DEBUG Engine               - isSingleStep: false
15:05:33.392 [FXGL Background Thread 3 ] DEBUG Engine               - isUserProfileEnabled: false
15:05:33.392 [FXGL Background Thread 3 ] DEBUG Engine               - isWindows: false
15:05:33.392 [FXGL Background Thread 3 ] DEBUG Engine               - language: ObjectProperty [value: ENGLISH]
15:05:33.392 [FXGL Background Thread 3 ] DEBUG Engine               - menuKey: ESCAPE
15:05:33.393 [FXGL Background Thread 3 ] DEBUG Engine               - mouseSensitivity: 0.2
15:05:33.393 [FXGL Background Thread 3 ] DEBUG Engine               - notificationViewClass: class com.almasb.fxgl.notification.view.XboxNotificationView
15:05:33.393 [FXGL Background Thread 3 ] DEBUG Engine               - pixelsPerMeter: 50.0
15:05:33.393 [FXGL Background Thread 3 ] DEBUG Engine               - platform: LINUX
15:05:33.393 [FXGL Background Thread 3 ] DEBUG Engine               - prefHeightProperty: ReadOnlyDoubleProperty [value: 800.0]
15:05:33.393 [FXGL Background Thread 3 ] DEBUG Engine               - prefWidthProperty: ReadOnlyDoubleProperty [value: 800.0]
15:05:33.393 [FXGL Background Thread 3 ] DEBUG Engine               - profileDir: profiles/
15:05:33.393 [FXGL Background Thread 3 ] DEBUG Engine               - profileName: StringProperty [value: DEFAULT]
15:05:33.393 [FXGL Background Thread 3 ] DEBUG Engine               - randomSeed: -1
15:05:33.393 [FXGL Background Thread 3 ] DEBUG Engine               - runtimeInfo: RuntimeInfo(platform=LINUX, version=17.2, build=20.08.2022 16.50)
15:05:33.393 [FXGL Background Thread 3 ] DEBUG Engine               - saveFileExt: sav
15:05:33.393 [FXGL Background Thread 3 ] DEBUG Engine               - scaledHeightProp$fxgl: DoubleProperty [bound, value: 800.0]
15:05:33.393 [FXGL Background Thread 3 ] DEBUG Engine               - scaledWidthProp$fxgl: DoubleProperty [bound, value: 800.0]
15:05:33.393 [FXGL Background Thread 3 ] DEBUG Engine               - sceneFactory: com.example.basicgameapp.BasicGameApp$1@236fcd95
15:05:33.393 [FXGL Background Thread 3 ] DEBUG Engine               - secondsIn24h: 60
15:05:33.393 [FXGL Background Thread 3 ] DEBUG Engine               - soundMenuBack: menu/back.wav
15:05:33.393 [FXGL Background Thread 3 ] DEBUG Engine               - soundMenuPress: menu/press.wav
15:05:33.393 [FXGL Background Thread 3 ] DEBUG Engine               - soundMenuSelect: menu/select.wav
15:05:33.393 [FXGL Background Thread 3 ] DEBUG Engine               - soundNotification: core/notification.wav
15:05:33.393 [FXGL Background Thread 3 ] DEBUG Engine               - stageStyle: DECORATED
15:05:33.393 [FXGL Background Thread 3 ] DEBUG Engine               - supportedLanguages: [ENGLISH, FRENCH, GERMAN, HUNGARIAN, RUSSIAN]
15:05:33.393 [FXGL Background Thread 3 ] DEBUG Engine               - ticksPerSecond: -1
15:05:33.393 [FXGL Background Thread 3 ] DEBUG Engine               - title: WorldHELL 0 
15:05:33.393 [FXGL Background Thread 3 ] DEBUG Engine               - urlGithub: https://github.com/AlmasB/FXGL
15:05:33.393 [FXGL Background Thread 3 ] DEBUG Engine               - urlLeaderboard: http://fxgl-top.herokuapp.com/
15:05:33.393 [FXGL Background Thread 3 ] DEBUG Engine               - urlPOM: https://raw.githubusercontent.com/AlmasB/FXGL/release/README.md
15:05:33.393 [FXGL Background Thread 3 ] DEBUG Engine               - userAppClass: class com.example.basicgameapp.BasicGameApp
15:05:33.393 [FXGL Background Thread 3 ] DEBUG Engine               - version: 0.1
15:05:33.393 [FXGL Background Thread 3 ] DEBUG Engine               - versionCheckDays: 7
15:05:33.393 [FXGL Background Thread 3 ] DEBUG Engine               - width: 800
15:05:33.393 [FXGL Background Thread 3 ] DEBUG Engine               - Logging services
15:05:33.394 [FXGL Background Thread 3 ] DEBUG Engine               - class com.almasb.fxgl.app.services.FXGLAssetLoaderService
15:05:33.394 [FXGL Background Thread 3 ] DEBUG Engine               - class com.almasb.fxgl.app.FXGLApplication$GameApplicationService
15:05:33.394 [FXGL Background Thread 3 ] DEBUG Engine               - class com.almasb.fxgl.app.services.FXGLDialogService
15:05:33.394 [FXGL Background Thread 3 ] DEBUG Engine               - class com.almasb.fxgl.app.services.IOTaskExecutorService
15:05:33.394 [FXGL Background Thread 3 ] DEBUG Engine               - class com.almasb.fxgl.io.FileSystemService
15:05:33.394 [FXGL Background Thread 3 ] DEBUG Engine               - class com.almasb.fxgl.localization.LocalizationService
15:05:33.394 [FXGL Background Thread 3 ] DEBUG Engine               - class com.almasb.fxgl.app.services.SystemBundleService
15:05:33.394 [FXGL Background Thread 3 ] DEBUG Engine               - class com.almasb.fxgl.profile.SaveLoadService
15:05:33.394 [FXGL Background Thread 3 ] DEBUG Engine               - class com.almasb.fxgl.ui.FXGLUIFactoryServiceProvider
15:05:33.394 [FXGL Background Thread 3 ] DEBUG Engine               - class com.almasb.fxgl.ui.FXGLDialogFactoryServiceProvider
15:05:33.394 [FXGL Background Thread 3 ] DEBUG Engine               - class com.almasb.fxgl.audio.AudioPlayer
15:05:33.394 [FXGL Background Thread 3 ] DEBUG Engine               - class com.almasb.fxgl.notification.impl.NotificationServiceProvider
15:05:33.394 [FXGL Background Thread 3 ] DEBUG Engine               - class com.almasb.fxgl.achievement.AchievementService
15:05:33.394 [FXGL Background Thread 3 ] DEBUG Engine               - class com.almasb.fxgl.cutscene.CutsceneService
15:05:33.394 [FXGL Background Thread 3 ] DEBUG Engine               - class com.almasb.fxgl.minigames.MiniGameService
15:05:33.394 [FXGL Background Thread 3 ] DEBUG Engine               - class com.almasb.fxgl.net.NetService
15:05:33.394 [FXGL Background Thread 3 ] DEBUG Engine               - class com.almasb.fxgl.app.services.UpdaterService
15:05:33.394 [FXGL Background Thread 3 ] DEBUG Engine               - class com.almasb.fxgl.dev.DevService
15:05:36.021 [JavaFX Application Thread] DEBUG FXGLAssetLoaderServi - Loading from file system: file:/home/johnt/Documents/world-hell/BasicGameApp/target/classes/assets/sounds/eagle_death.wav
15:05:36.028 [JavaFX Application Thread] DEBUG FXGLAssetLoaderServi - Loading from file system: file:/home/johnt/Documents/world-hell/BasicGameApp/target/classes/assets/textures/pisos.png
15:05:41.053 [JavaFX Application Thread] DEBUG FXGLAssetLoaderServi - Loading from file system: file:/home/johnt/Documents/world-hell/BasicGameApp/target/classes/assets/sounds/slayy.wav
15:05:47.856 [JavaFX Application Thread] DEBUG LoopRunner           - Stopping loop
15:05:47.858 [JavaFX Application Thread] FATAL FXGLApplication      - Uncaught Exception:
java.lang.IllegalArgumentException: Property handLevel does not exist
	at com.almasb.fxgl.core@17.2/com.almasb.fxgl.core.collection.PropertyMap.get(PropertyMap.kt:251)
	at com.almasb.fxgl.core@17.2/com.almasb.fxgl.core.collection.PropertyMap.intProperty(PropertyMap.kt:162)
	at com.almasb.fxgl.core@17.2/com.almasb.fxgl.core.collection.PropertyMap.increment(PropertyMap.kt:143)
	at com.almasb.fxgl.all@17.2/com.almasb.fxgl.dsl.FXGL$Companion.inc(FXGL.kt:326)
	at com.almasb.fxgl.all@17.2/com.almasb.fxgl.dsl.FXGL.inc(FXGL.kt)
	at com.example.basicgameapp/com.example.basicgameapp.BasicGameApp.onUpdate(BasicGameApp.java:172)
	at com.almasb.fxgl.all@17.2/com.almasb.fxgl.app.FXGLApplication$GameApplicationService.onGameUpdate(FXGLApplication.kt:421)
	at com.almasb.fxgl.all@17.2/com.almasb.fxgl.app.Engine.onGameUpdate(Engine.kt:138)
	at com.almasb.fxgl.all@17.2/com.almasb.fxgl.app.FXGLApplication.postServicesInit$lambda-7(FXGLApplication.kt:182)
	at com.almasb.fxgl.scene@17.2/com.almasb.fxgl.scene.Scene.update(Scene.kt:113)
	at com.almasb.fxgl.all@17.2/com.almasb.fxgl.app.MainWindow$update$1.invoke(MainWindow.kt:115)
	at com.almasb.fxgl.all@17.2/com.almasb.fxgl.app.MainWindow$update$1.invoke(MainWindow.kt:115)
	at com.almasb.fxgl.core@17.2/com.almasb.fxgl.core.fsm.StateMachine.runOnActiveStates(StateMachine.kt:69)
	at com.almasb.fxgl.all@17.2/com.almasb.fxgl.app.MainWindow.update(MainWindow.kt:115)
	at com.almasb.fxgl.all@17.2/com.almasb.fxgl.app.FXGLApplication$GameApplicationService.onUpdate(FXGLApplication.kt:426)
	at com.almasb.fxgl.all@17.2/com.almasb.fxgl.app.Engine.loop(Engine.kt:134)
	at com.almasb.fxgl.all@17.2/com.almasb.fxgl.app.Engine.access$loop(Engine.kt:24)
	at com.almasb.fxgl.all@17.2/com.almasb.fxgl.app.Engine$loop$1.invoke(Engine.kt:28)
	at com.almasb.fxgl.all@17.2/com.almasb.fxgl.app.Engine$loop$1.invoke(Engine.kt:28)
	at com.almasb.fxgl.all@17.2/com.almasb.fxgl.app.LoopRunner.frame(LoopRunner.kt:103)
	at com.almasb.fxgl.all@17.2/com.almasb.fxgl.app.LoopRunner.access$frame(LoopRunner.kt:23)
	at com.almasb.fxgl.all@17.2/com.almasb.fxgl.app.LoopRunner$impl$2$1.onTick(LoopRunner.kt:57)
	at com.almasb.fxgl.all@17.2/com.almasb.fxgl.app.AnimationTimerLoop$timer$1.handle(LoopRunner.kt:137)
	at javafx.graphics@20.0.1/javafx.animation.AnimationTimer$AnimationTimerReceiver.lambda$handle$0(AnimationTimer.java:58)
	at java.base/java.security.AccessController.doPrivileged(AccessController.java:400)
	at javafx.graphics@20.0.1/javafx.animation.AnimationTimer$AnimationTimerReceiver.handle(AnimationTimer.java:57)
	at javafx.graphics@20.0.1/com.sun.scenario.animation.AbstractPrimaryTimer.timePulseImpl(AbstractPrimaryTimer.java:356)
	at javafx.graphics@20.0.1/com.sun.scenario.animation.AbstractPrimaryTimer$MainLoop.run(AbstractPrimaryTimer.java:266)
	at javafx.graphics@20.0.1/com.sun.javafx.tk.quantum.QuantumToolkit.pulse(QuantumToolkit.java:588)
	at javafx.graphics@20.0.1/com.sun.javafx.tk.quantum.QuantumToolkit.pulse(QuantumToolkit.java:572)
	at javafx.graphics@20.0.1/com.sun.javafx.tk.quantum.QuantumToolkit.pulseFromQueue(QuantumToolkit.java:565)
	at javafx.graphics@20.0.1/com.sun.javafx.tk.quantum.QuantumToolkit.lambda$runToolkit$11(QuantumToolkit.java:352)
	at javafx.graphics@20.0.1/com.sun.glass.ui.InvokeLaterDispatcher$Future.run(InvokeLaterDispatcher.java:95)
	at javafx.graphics@20.0.1/com.sun.glass.ui.gtk.GtkApplication._runLoop(Native Method)
	at javafx.graphics@20.0.1/com.sun.glass.ui.gtk.GtkApplication.lambda$runLoop$11(GtkApplication.java:316)
	at java.base/java.lang.Thread.run(Thread.java:1583)

15:05:47.858 [JavaFX Application Thread] FATAL FXGLApplication      - Application will now exit
15:05:47.871 [JavaFX Application Thread] DEBUG PrimaryStageWindow   - Push state: ErrorSubScene
15:05:47.871 [JavaFX Application Thread] DEBUG Input                - Clearing active input actions
15:05:47.872 [JavaFX Application Thread] DEBUG GameApplicationServi - Removing overlay from GameScene and adding to ErrorSubScene
15:05:47.872 [JavaFX Application Thread] DEBUG PrimaryStageWindow   - GameScene -> ErrorSubScene
15:05:54.005 [JavaFX Application Thread] DEBUG FXGLApplication      - Exiting FXGL
15:05:54.005 [JavaFX Application Thread] DEBUG Async                - Shutting down background threads
15:05:54.005 [JavaFX Application Thread] DEBUG PrimaryStageWindow   - Closing main window
15:05:54.008 [JavaFX Application Thread] DEBUG Logger               - Closing Logger
