15:19:47.621 [main                     ] DEBUG Logger               - Configured Logger
15:19:47.646 [main                     ] DEBUG GameApplication      - Logging settings
Title: WorldHELL 0 
Version: 0.1
Width: 800
Height: 800
Fullscreen: false
Intro: false
Profiling: false
Single step:false
App Mode: DEVELOPER
Menu Key: ESCAPE
Stage Style: DECORATED
Scene Factory: class com.example.basicgameapp.BasicGameApp$1

15:19:47.842 [JavaFX Application Thread] DEBUG FXGLApplication      - Initializing FXGL
15:19:47.844 [JavaFX Application Thread] INFO  Engine               - FXGL-17.2 (20.08.2022 16.50) on LINUX (J:21.0.1 FX:20.0.1)
15:19:47.845 [JavaFX Application Thread] DEBUG Engine               - JRE Vendor Name: Oracle Corporation
15:19:47.845 [JavaFX Application Thread] DEBUG Engine               - Running on OS: Linux version 6.6.6-arch1-1
15:19:47.845 [JavaFX Application Thread] DEBUG Engine               - Architecture: amd64
15:19:47.845 [JavaFX Application Thread] INFO  Engine               - Source code and latest versions at: https://github.com/AlmasB/FXGL
15:19:47.845 [JavaFX Application Thread] INFO  Engine               -       Ask questions and discuss at: https://github.com/AlmasB/FXGL/discussions
15:19:47.846 [JavaFX Application Thread] INFO  Engine               -              Join the FXGL chat at: https://gitter.im/AlmasB/FXGL
15:19:47.888 [JavaFX Application Thread] DEBUG PrimaryStageWindow   - Creating a JavaFX scene
15:19:47.960 [JavaFX Application Thread] DEBUG PrimaryStageWindow   - Target settings size: 800.0 x 800.0
15:19:47.961 [JavaFX Application Thread] DEBUG PrimaryStageWindow   - Scaled scene size:    800.0 x 800.0
15:19:47.961 [JavaFX Application Thread] DEBUG PrimaryStageWindow   - Scaled ratio: (1.0, 1.0)
15:19:47.961 [JavaFX Application Thread] DEBUG PrimaryStageWindow   - Set initial scene to FXGLStartupScene
15:19:47.963 [JavaFX Application Thread] DEBUG PrimaryStageWindow   - Opening main window
15:19:47.988 [JavaFX Application Thread] DEBUG PrimaryStageWindow   - Window border size: (0.0, 28.0)
15:19:47.988 [JavaFX Application Thread] DEBUG PrimaryStageWindow   - Scaled size: 800.0 x 800.0
15:19:47.988 [JavaFX Application Thread] DEBUG PrimaryStageWindow   - Scaled ratio: (1.0, 1.0)
15:19:47.989 [JavaFX Application Thread] DEBUG PrimaryStageWindow   - Scene size: 800.0 x 800.0
15:19:47.989 [JavaFX Application Thread] DEBUG PrimaryStageWindow   - Stage size: 800.0 x 828.0
15:19:47.992 [FXGL Background Thread 1 ] DEBUG Engine               - Initializing environment variables
15:19:48.019 [FXGL Background Thread 1 ] DEBUG FXGLAssetLoaderServi - User app class for loading assets: class com.example.basicgameapp.BasicGameApp
15:19:48.019 [FXGL Background Thread 1 ] DEBUG GameApplicationServi - Applying CSS: fxgl_dark.css
15:19:48.020 [FXGL Background Thread 1 ] DEBUG FXGLAssetLoaderServi - Loading from file system: jar:file:///home/johnt/.m2/repository/com/github/almasb/fxgl/17.2/fxgl-17.2.jar!/fxglassets/ui/css/fxgl_dark.css
15:19:48.039 [FXGL Background Thread 1 ] DEBUG GameApplicationServi - Initializing application scenes
15:19:48.072 [FXGL Background Thread 1 ] DEBUG GameWorld            - Game world initialized
15:19:48.095 [FXGL Background Thread 1 ] DEBUG PhysicsWorld         - Physics world initialized: appHeight=800, physics.ppm=50.0
15:19:48.095 [FXGL Background Thread 1 ] DEBUG PhysicsWorld         - Using strategy: BRUTE_FORCE
15:19:48.097 [FXGL Background Thread 1 ] DEBUG GameScene            - Game scene initialized: 800x800
15:19:48.099 [FXGL Background Thread 1 ] DEBUG FXGLAssetLoaderServi - Loading from file system: file:/home/johnt/Documents/world-hell/BasicGameApp/target/classes/assets/textures/BG.png
15:19:48.139 [FXGL Background Thread 1 ] DEBUG GameApplicationServi - Application scenes initialized
15:19:48.146 [FXGL Background Thread 1 ] DEBUG SystemBundleService  - Loading FXGL system data
15:19:48.148 [FXGL Background Thread 1 ] DEBUG FileSystemAccess     - Reading from: /home/johnt/Documents/world-hell/BasicGameApp/system/fxgl.bundle
15:19:48.152 [FXGL Background Thread 1 ] DEBUG SystemBundleService  - Bundle FXGL: {}
15:19:48.152 [FXGL Background Thread 1 ] DEBUG UpdaterService       - Checking for updates
15:19:48.154 [FXGL Background Thread 4 ] DEBUG FXGLApplication      - Loading fonts
15:19:48.154 [FXGL Background Thread 1 ] DEBUG FXGLApplication      - Loading default localization
15:19:48.154 [FXGL Background Thread 4 ] DEBUG FXGLAssetLoaderServi - Loading from file system: jar:file:///home/johnt/.m2/repository/com/github/almasb/fxgl/17.2/fxgl-17.2.jar!/fxglassets/ui/fonts/VarelaRound-Regular.ttf
15:19:48.154 [FXGL Background Thread 1 ] DEBUG FXGLAssetLoaderServi - Loading from file system: jar:file:///home/johnt/.m2/repository/com/github/almasb/fxgl/17.2/fxgl-17.2.jar!/fxglassets/languages/english.lang
15:19:48.159 [FXGL Background Thread 4 ] DEBUG FXGLAssetLoaderServi - Loading from file system: jar:file:///home/johnt/.m2/repository/com/github/almasb/fxgl/17.2/fxgl-17.2.jar!/fxglassets/ui/fonts/Abel-Regular.ttf
15:19:48.160 [FXGL Background Thread 1 ] INFO  FXGLApplication      - FXGL initialization took: 0.168 sec
15:19:48.160 [FXGL Background Thread 4 ] DEBUG FXGLAssetLoaderServi - Loading from file system: jar:file:///home/johnt/.m2/repository/com/github/almasb/fxgl/17.2/fxgl-17.2.jar!/fxglassets/ui/fonts/TerminalLandMono-Regular.otf
15:19:48.161 [FXGL Background Thread 4 ] DEBUG FXGLAssetLoaderServi - Loading from file system: jar:file:///home/johnt/.m2/repository/com/github/almasb/fxgl/17.2/fxgl-17.2.jar!/fxglassets/ui/fonts/Courier-Prime.ttf
15:19:48.165 [JavaFX Application Thread] DEBUG Input                - Registered new binding: action0 - D
15:19:48.165 [JavaFX Application Thread] DEBUG Input                - Registered new binding: action1 - A
15:19:48.166 [JavaFX Application Thread] DEBUG Input                - Registered new binding: action2 - W
15:19:48.166 [JavaFX Application Thread] DEBUG Input                - Registered new binding: action3 - S
15:19:48.166 [JavaFX Application Thread] DEBUG FXGLAssetLoaderServi - Loading from file system: jar:file:///home/johnt/.m2/repository/com/github/almasb/fxgl/17.2/fxgl-17.2.jar!/fxglassets/textures/fxgl_icon.png
15:19:48.180 [JavaFX Application Thread] DEBUG FXGLAssetLoaderServi - Loading from file system: jar:file:///home/johnt/.m2/repository/com/github/almasb/fxgl/17.2/fxgl-17.2.jar!/fxglassets/textures/fxgl_default_cursor.png
15:19:48.182 [JavaFX Application Thread] DEBUG Input                - Registered new binding: Screenshot - CTRL+8
15:19:48.182 [JavaFX Application Thread] DEBUG Input                - Registered new binding: System info dump - CTRL+9
15:19:48.182 [JavaFX Application Thread] DEBUG Input                - Registered new binding: Restart - CTRL+R
15:19:48.183 [JavaFX Application Thread] DEBUG Input                - Registered new binding: Toggle Debug Camera - CTRL+7
15:19:48.184 [JavaFX Application Thread] DEBUG LoopRunner           - Starting loop
15:19:48.184 [JavaFX Application Thread] DEBUG LoopRunner           - Initializing JavaFX AnimationTimerLoop
15:19:48.185 [JavaFX Application Thread] DEBUG Input                - Clearing active input actions
15:19:48.189 [JavaFX Application Thread] DEBUG GameApplicationServi - Removing overlay from FXGLStartupScene and adding to FXGLMainMenuDummyScene
15:19:48.189 [JavaFX Application Thread] DEBUG PrimaryStageWindow   - FXGLStartupScene -> FXGLMainMenuDummyScene
15:19:48.189 [JavaFX Application Thread] DEBUG PrimaryStageWindow   - Push state: WorldHellMenu
15:19:48.189 [JavaFX Application Thread] DEBUG Input                - Clearing active input actions
15:19:48.190 [JavaFX Application Thread] DEBUG GameApplicationServi - Removing overlay from FXGLMainMenuDummyScene and adding to WorldHellMenu
15:19:48.191 [JavaFX Application Thread] DEBUG PrimaryStageWindow   - FXGLMainMenuDummyScene -> WorldHellMenu
15:19:48.191 [JavaFX Application Thread] DEBUG FXGLApplication      - Registering font factories with UI factory
15:19:48.801 [FXGL Background Thread 2 ] INFO  UpdaterService       - Your current version:  17.2
15:19:48.801 [FXGL Background Thread 2 ] INFO  UpdaterService       - Latest stable version: 17.3
15:19:49.214 [JavaFX Application Thread] DEBUG Menu                 - fireNewGame()
15:19:49.214 [JavaFX Application Thread] DEBUG GameApplicationServi - Starting new game
15:19:49.214 [JavaFX Application Thread] DEBUG PrimaryStageWindow   - Pop state: WorldHellMenu
15:19:49.214 [JavaFX Application Thread] DEBUG Input                - Clearing active input actions
15:19:49.216 [JavaFX Application Thread] DEBUG GameApplicationServi - Removing overlay from WorldHellMenu and adding to FXGLMainMenuDummyScene
15:19:49.216 [JavaFX Application Thread] DEBUG PrimaryStageWindow   - FXGLMainMenuDummyScene <- WorldHellMenu
15:19:49.217 [JavaFX Application Thread] DEBUG Input                - Clearing active input actions
15:19:49.227 [JavaFX Application Thread] DEBUG GameApplicationServi - Removing overlay from FXGLMainMenuDummyScene and adding to FXGLLoadingScene
15:19:49.227 [JavaFX Application Thread] DEBUG PrimaryStageWindow   - FXGLMainMenuDummyScene -> FXGLLoadingScene
15:19:49.227 [JavaFX Application Thread] DEBUG GameApplicationServi - Clearing previous game
15:19:49.227 [JavaFX Application Thread] DEBUG GameScene            - Clearing game scene
15:19:49.227 [JavaFX Application Thread] DEBUG GameWorld            - Clearing game world
15:19:49.227 [JavaFX Application Thread] DEBUG PhysicsWorld         - Clearing physics world
15:19:49.228 [FXGL Background Thread 2 ] DEBUG FXGLApplication      - Initializing game
15:19:49.229 [FXGL Background Thread 2 ] DEBUG FXGLAssetLoaderServi - Loading from file system: file:/home/johnt/Documents/world-hell/BasicGameApp/target/classes/assets/music/Doom%20Eternal%20OST%20-%20The%20Only%20Thing%20They%20Fear%20Is%20You%20(Mick%20Gordon)%20%5BDoom%20Eternal%20Theme%5D.mp3
15:19:49.302 [FXGL Background Thread 2 ] DEBUG AudioPlayer          - Playing music com.almasb.fxgl.audio.Music@2d24e9d8
15:19:49.303 [FXGL Background Thread 2 ] DEBUG FXGLAssetLoaderServi - Loading from file system: file:/home/johnt/Documents/world-hell/BasicGameApp/target/classes/assets/textures/background.jpg
15:19:49.312 [FXGL Background Thread 2 ] DEBUG FXGLAssetLoaderServi - Loading from file system: file:/home/johnt/Documents/world-hell/BasicGameApp/target/classes/assets/textures/girl_colored.png
15:19:49.321 [FXGL Background Thread 2 ] WARN  FXGL.ProgressBar     - Current value > max value. Setting max value as current
15:19:49.327 [FXGL Background Thread 2 ] INFO  FXGLApplication      - Game initialization took: 0.098 sec
15:19:49.327 [JavaFX Application Thread] DEBUG Input                - Clearing active input actions
15:19:49.331 [JavaFX Application Thread] DEBUG GameApplicationServi - Removing overlay from FXGLLoadingScene and adding to GameScene
15:19:49.331 [JavaFX Application Thread] DEBUG PrimaryStageWindow   - FXGLLoadingScene -> GameScene
15:19:49.850 [JavaFX Application Thread] DEBUG FXGLAssetLoaderServi - Loading from file system: file:/home/johnt/Documents/world-hell/BasicGameApp/target/classes/assets/textures/zombie_colored.png
15:19:49.854 [JavaFX Application Thread] DEBUG FXGLAssetLoaderServi - Loading from file system: file:/home/johnt/Documents/world-hell/BasicGameApp/target/classes/assets/textures/eagle_colored.png
15:19:49.855 [JavaFX Application Thread] DEBUG FXGLAssetLoaderServi - Loading from file system: file:/home/johnt/Documents/world-hell/BasicGameApp/target/classes/assets/textures/joshua.jpg
15:19:50.328 [JavaFX Application Thread] DEBUG FXGLAssetLoaderServi - Loading from file system: file:/home/johnt/Documents/world-hell/BasicGameApp/target/classes/assets/textures/swipe.png
15:19:51.153 [FXGL Background Thread 3 ] DEBUG Engine               - Logging environment variables
15:19:51.155 [FXGL Background Thread 3 ] DEBUG Engine               - achievements: []
15:19:51.155 [FXGL Background Thread 3 ] DEBUG Engine               - actualHeight: 800.0
15:19:51.156 [FXGL Background Thread 3 ] DEBUG Engine               - actualHeightProperty: ReadOnlyDoubleProperty [value: 800.0]
15:19:51.156 [FXGL Background Thread 3 ] DEBUG Engine               - actualWidth: 800.0
15:19:51.156 [FXGL Background Thread 3 ] DEBUG Engine               - actualWidthProperty: ReadOnlyDoubleProperty [value: 800.0]
15:19:51.156 [FXGL Background Thread 3 ] DEBUG Engine               - appIcon: fxgl_icon.png
15:19:51.156 [FXGL Background Thread 3 ] DEBUG Engine               - applicationMode: DEVELOPER
15:19:51.157 [FXGL Background Thread 3 ] DEBUG Engine               - cSSList: [fxgl_dark.css]
15:19:51.157 [FXGL Background Thread 3 ] DEBUG Engine               - collisionDetectionStrategy: BRUTE_FORCE
15:19:51.157 [FXGL Background Thread 3 ] DEBUG Engine               - configClass: Optional.empty
15:19:51.157 [FXGL Background Thread 3 ] DEBUG Engine               - credits: []
15:19:51.159 [FXGL Background Thread 3 ] DEBUG Engine               - defaultCursor: CursorInfo(imageName=fxgl_default_cursor.png, hotspotX=7.0, hotspotY=6.0)
15:19:51.160 [FXGL Background Thread 3 ] DEBUG Engine               - devBBoxColorProperty: ObjectProperty [value: 0xff0000ff]
15:19:51.160 [FXGL Background Thread 3 ] DEBUG Engine               - devEnableDebugCameraProperty: BooleanProperty [value: false]
15:19:51.160 [FXGL Background Thread 3 ] DEBUG Engine               - devSensorColorProperty: ObjectProperty [value: 0xffff00ff]
15:19:51.160 [FXGL Background Thread 3 ] DEBUG Engine               - devShowBBoxProperty: BooleanProperty [value: false]
15:19:51.160 [FXGL Background Thread 3 ] DEBUG Engine               - devShowPositionProperty: BooleanProperty [value: false]
15:19:51.160 [FXGL Background Thread 3 ] DEBUG Engine               - enabledMenuItems: []
15:19:51.160 [FXGL Background Thread 3 ] DEBUG Engine               - engineServices: [class com.almasb.fxgl.app.services.FXGLAssetLoaderService, class com.almasb.fxgl.app.FXGLApplication$GameApplicationService, class com.almasb.fxgl.app.services.FXGLDialogService, class com.almasb.fxgl.app.services.IOTaskExecutorService, class com.almasb.fxgl.io.FileSystemService, class com.almasb.fxgl.localization.LocalizationService, class com.almasb.fxgl.app.services.SystemBundleService, class com.almasb.fxgl.profile.SaveLoadService, class com.almasb.fxgl.ui.FXGLUIFactoryServiceProvider, class com.almasb.fxgl.ui.FXGLDialogFactoryServiceProvider, class com.almasb.fxgl.audio.AudioPlayer, class com.almasb.fxgl.notification.impl.NotificationServiceProvider, class com.almasb.fxgl.achievement.AchievementService, class com.almasb.fxgl.cutscene.CutsceneService, class com.almasb.fxgl.minigames.MiniGameService, class com.almasb.fxgl.net.NetService, class com.almasb.fxgl.app.services.UpdaterService, class com.almasb.fxgl.dev.DevService]
15:19:51.160 [FXGL Background Thread 3 ] DEBUG Engine               - fontGame: Abel-Regular.ttf
15:19:51.160 [FXGL Background Thread 3 ] DEBUG Engine               - fontMono: TerminalLandMono-Regular.otf
15:19:51.160 [FXGL Background Thread 3 ] DEBUG Engine               - fontText: Courier-Prime.ttf
15:19:51.160 [FXGL Background Thread 3 ] DEBUG Engine               - fontUI: VarelaRound-Regular.ttf
15:19:51.161 [FXGL Background Thread 3 ] DEBUG Engine               - fullScreen: BooleanProperty [value: false]
15:19:51.161 [FXGL Background Thread 3 ] DEBUG Engine               - gameDifficulty: MEDIUM
15:19:51.161 [FXGL Background Thread 3 ] DEBUG Engine               - gameDifficultyProperty: ObjectProperty [value: MEDIUM]
15:19:51.161 [FXGL Background Thread 3 ] DEBUG Engine               - globalMusicVolume: 0.5
15:19:51.161 [FXGL Background Thread 3 ] DEBUG Engine               - globalMusicVolumeProperty: DoubleProperty [value: 0.5]
15:19:51.161 [FXGL Background Thread 3 ] DEBUG Engine               - globalSoundVolume: 0.5
15:19:51.161 [FXGL Background Thread 3 ] DEBUG Engine               - globalSoundVolumeProperty: DoubleProperty [value: 0.5]
15:19:51.161 [FXGL Background Thread 3 ] DEBUG Engine               - height: 800
15:19:51.161 [FXGL Background Thread 3 ] DEBUG Engine               - is3D: false
15:19:51.161 [FXGL Background Thread 3 ] DEBUG Engine               - isAndroid: false
15:19:51.161 [FXGL Background Thread 3 ] DEBUG Engine               - isBrowser: false
15:19:51.162 [FXGL Background Thread 3 ] DEBUG Engine               - isClickFeedbackEnabled: false
15:19:51.162 [FXGL Background Thread 3 ] DEBUG Engine               - isCloseConfirmation: false
15:19:51.162 [FXGL Background Thread 3 ] DEBUG Engine               - isDesktop: true
15:19:51.162 [FXGL Background Thread 3 ] DEBUG Engine               - isDeveloperMenuEnabled: false
15:19:51.162 [FXGL Background Thread 3 ] DEBUG Engine               - isEmbedded: false
15:19:51.162 [FXGL Background Thread 3 ] DEBUG Engine               - isEntityPreloadEnabled: true
15:19:51.162 [FXGL Background Thread 3 ] DEBUG Engine               - isExperimentalTiledLargeMap: false
15:19:51.162 [FXGL Background Thread 3 ] DEBUG Engine               - isFileSystemWriteAllowed: true
15:19:51.162 [FXGL Background Thread 3 ] DEBUG Engine               - isFullScreenAllowed: false
15:19:51.162 [FXGL Background Thread 3 ] DEBUG Engine               - isFullScreenFromStart: false
15:19:51.162 [FXGL Background Thread 3 ] DEBUG Engine               - isGameMenuEnabled: true
15:19:51.162 [FXGL Background Thread 3 ] DEBUG Engine               - isIOS: false
15:19:51.162 [FXGL Background Thread 3 ] DEBUG Engine               - isIntroEnabled: false
15:19:51.162 [FXGL Background Thread 3 ] DEBUG Engine               - isLinux: true
15:19:51.162 [FXGL Background Thread 3 ] DEBUG Engine               - isMac: false
15:19:51.162 [FXGL Background Thread 3 ] DEBUG Engine               - isMainMenuEnabled: true
15:19:51.162 [FXGL Background Thread 3 ] DEBUG Engine               - isManualResizeEnabled: false
15:19:51.162 [FXGL Background Thread 3 ] DEBUG Engine               - isMobile: false
15:19:51.162 [FXGL Background Thread 3 ] DEBUG Engine               - isNative: false
15:19:51.163 [FXGL Background Thread 3 ] DEBUG Engine               - isPauseMusicWhenMinimized: true
15:19:51.163 [FXGL Background Thread 3 ] DEBUG Engine               - isPreserveResizeRatio: false
15:19:51.163 [FXGL Background Thread 3 ] DEBUG Engine               - isProfilingEnabled: false
15:19:51.163 [FXGL Background Thread 3 ] DEBUG Engine               - isScaleAffectedOnResize: true
15:19:51.163 [FXGL Background Thread 3 ] DEBUG Engine               - isSingleStep: false
15:19:51.163 [FXGL Background Thread 3 ] DEBUG Engine               - isUserProfileEnabled: false
15:19:51.163 [FXGL Background Thread 3 ] DEBUG Engine               - isWindows: false
15:19:51.163 [FXGL Background Thread 3 ] DEBUG Engine               - language: ObjectProperty [value: ENGLISH]
15:19:51.163 [FXGL Background Thread 3 ] DEBUG Engine               - menuKey: ESCAPE
15:19:51.163 [FXGL Background Thread 3 ] DEBUG Engine               - mouseSensitivity: 0.2
15:19:51.163 [FXGL Background Thread 3 ] DEBUG Engine               - notificationViewClass: class com.almasb.fxgl.notification.view.XboxNotificationView
15:19:51.163 [FXGL Background Thread 3 ] DEBUG Engine               - pixelsPerMeter: 50.0
15:19:51.163 [FXGL Background Thread 3 ] DEBUG Engine               - platform: LINUX
15:19:51.163 [FXGL Background Thread 3 ] DEBUG Engine               - prefHeightProperty: ReadOnlyDoubleProperty [value: 800.0]
15:19:51.163 [FXGL Background Thread 3 ] DEBUG Engine               - prefWidthProperty: ReadOnlyDoubleProperty [value: 800.0]
15:19:51.163 [FXGL Background Thread 3 ] DEBUG Engine               - profileDir: profiles/
15:19:51.163 [FXGL Background Thread 3 ] DEBUG Engine               - profileName: StringProperty [value: DEFAULT]
15:19:51.163 [FXGL Background Thread 3 ] DEBUG Engine               - randomSeed: -1
15:19:51.164 [FXGL Background Thread 3 ] DEBUG Engine               - runtimeInfo: RuntimeInfo(platform=LINUX, version=17.2, build=20.08.2022 16.50)
15:19:51.164 [FXGL Background Thread 3 ] DEBUG Engine               - saveFileExt: sav
15:19:51.164 [FXGL Background Thread 3 ] DEBUG Engine               - scaledHeightProp$fxgl: DoubleProperty [bound, value: 800.0]
15:19:51.164 [FXGL Background Thread 3 ] DEBUG Engine               - scaledWidthProp$fxgl: DoubleProperty [bound, value: 800.0]
15:19:51.164 [FXGL Background Thread 3 ] DEBUG Engine               - sceneFactory: com.example.basicgameapp.BasicGameApp$1@24ba36e2
15:19:51.164 [FXGL Background Thread 3 ] DEBUG Engine               - secondsIn24h: 60
15:19:51.164 [FXGL Background Thread 3 ] DEBUG Engine               - soundMenuBack: menu/back.wav
15:19:51.164 [FXGL Background Thread 3 ] DEBUG Engine               - soundMenuPress: menu/press.wav
15:19:51.164 [FXGL Background Thread 3 ] DEBUG Engine               - soundMenuSelect: menu/select.wav
15:19:51.164 [FXGL Background Thread 3 ] DEBUG Engine               - soundNotification: core/notification.wav
15:19:51.164 [FXGL Background Thread 3 ] DEBUG Engine               - stageStyle: DECORATED
15:19:51.164 [FXGL Background Thread 3 ] DEBUG Engine               - supportedLanguages: [ENGLISH, FRENCH, GERMAN, HUNGARIAN, RUSSIAN]
15:19:51.164 [FXGL Background Thread 3 ] DEBUG Engine               - ticksPerSecond: -1
15:19:51.164 [FXGL Background Thread 3 ] DEBUG Engine               - title: WorldHELL 0 
15:19:51.164 [FXGL Background Thread 3 ] DEBUG Engine               - urlGithub: https://github.com/AlmasB/FXGL
15:19:51.164 [FXGL Background Thread 3 ] DEBUG Engine               - urlLeaderboard: http://fxgl-top.herokuapp.com/
15:19:51.164 [FXGL Background Thread 3 ] DEBUG Engine               - urlPOM: https://raw.githubusercontent.com/AlmasB/FXGL/release/README.md
15:19:51.164 [FXGL Background Thread 3 ] DEBUG Engine               - userAppClass: class com.example.basicgameapp.BasicGameApp
15:19:51.164 [FXGL Background Thread 3 ] DEBUG Engine               - version: 0.1
15:19:51.165 [FXGL Background Thread 3 ] DEBUG Engine               - versionCheckDays: 7
15:19:51.165 [FXGL Background Thread 3 ] DEBUG Engine               - width: 800
15:19:51.165 [FXGL Background Thread 3 ] DEBUG Engine               - Logging services
15:19:51.165 [FXGL Background Thread 3 ] DEBUG Engine               - class com.almasb.fxgl.app.services.FXGLAssetLoaderService
15:19:51.165 [FXGL Background Thread 3 ] DEBUG Engine               - class com.almasb.fxgl.app.FXGLApplication$GameApplicationService
15:19:51.165 [FXGL Background Thread 3 ] DEBUG Engine               - class com.almasb.fxgl.app.services.FXGLDialogService
15:19:51.165 [FXGL Background Thread 3 ] DEBUG Engine               - class com.almasb.fxgl.app.services.IOTaskExecutorService
15:19:51.165 [FXGL Background Thread 3 ] DEBUG Engine               - class com.almasb.fxgl.io.FileSystemService
15:19:51.165 [FXGL Background Thread 3 ] DEBUG Engine               - class com.almasb.fxgl.localization.LocalizationService
15:19:51.165 [FXGL Background Thread 3 ] DEBUG Engine               - class com.almasb.fxgl.app.services.SystemBundleService
15:19:51.165 [FXGL Background Thread 3 ] DEBUG Engine               - class com.almasb.fxgl.profile.SaveLoadService
15:19:51.165 [FXGL Background Thread 3 ] DEBUG Engine               - class com.almasb.fxgl.ui.FXGLUIFactoryServiceProvider
15:19:51.165 [FXGL Background Thread 3 ] DEBUG Engine               - class com.almasb.fxgl.ui.FXGLDialogFactoryServiceProvider
15:19:51.165 [FXGL Background Thread 3 ] DEBUG Engine               - class com.almasb.fxgl.audio.AudioPlayer
15:19:51.165 [FXGL Background Thread 3 ] DEBUG Engine               - class com.almasb.fxgl.notification.impl.NotificationServiceProvider
15:19:51.165 [FXGL Background Thread 3 ] DEBUG Engine               - class com.almasb.fxgl.achievement.AchievementService
15:19:51.165 [FXGL Background Thread 3 ] DEBUG Engine               - class com.almasb.fxgl.cutscene.CutsceneService
15:19:51.165 [FXGL Background Thread 3 ] DEBUG Engine               - class com.almasb.fxgl.minigames.MiniGameService
15:19:51.165 [FXGL Background Thread 3 ] DEBUG Engine               - class com.almasb.fxgl.net.NetService
15:19:51.165 [FXGL Background Thread 3 ] DEBUG Engine               - class com.almasb.fxgl.app.services.UpdaterService
15:19:51.165 [FXGL Background Thread 3 ] DEBUG Engine               - class com.almasb.fxgl.dev.DevService
15:19:56.387 [JavaFX Application Thread] DEBUG FXGLAssetLoaderServi - Loading from file system: file:/home/johnt/Documents/world-hell/BasicGameApp/target/classes/assets/sounds/slayy.wav
15:19:56.395 [JavaFX Application Thread] DEBUG FXGLAssetLoaderServi - Loading from file system: file:/home/johnt/Documents/world-hell/BasicGameApp/target/classes/assets/textures/pisos.png
15:19:59.090 [JavaFX Application Thread] DEBUG FXGLAssetLoaderServi - Loading from file system: file:/home/johnt/Documents/world-hell/BasicGameApp/target/classes/assets/sounds/ai.wav
15:19:59.392 [JavaFX Application Thread] DEBUG FXGLAssetLoaderServi - Loading from file system: file:/home/johnt/Documents/world-hell/BasicGameApp/target/classes/assets/sounds/eagle_death.wav
15:20:07.780 [JavaFX Application Thread] DEBUG FXGLApplication      - Exiting FXGL
15:20:07.781 [JavaFX Application Thread] DEBUG LoopRunner           - Stopping loop
15:20:07.781 [JavaFX Application Thread] DEBUG SystemBundleService  - Saving FXGL system data
15:20:07.783 [JavaFX Application Thread] DEBUG FileSystemAccess     - Writing to: /home/johnt/Documents/world-hell/BasicGameApp/system/fxgl.bundle
15:20:07.786 [JavaFX Application Thread] DEBUG Async                - Shutting down background threads
15:20:07.787 [JavaFX Application Thread] DEBUG PrimaryStageWindow   - Closing main window
15:20:07.789 [JavaFX Application Thread] DEBUG Logger               - Closing Logger
