14:55:31.870 [main                     ] DEBUG Logger               - Configured Logger
14:55:31.884 [main                     ] DEBUG GameApplication      - Logging settings
Title: WorldHELL 0 
Version: 0.1
Width: 800
Height: 800
Fullscreen: false
Intro: false
Profiling: false
Single step:false
App Mode: DEVELOPER
Menu Key: ESCAPE
Stage Style: DECORATED
Scene Factory: class com.example.basicgameapp.BasicGameApp$1

14:55:32.066 [JavaFX Application Thread] DEBUG FXGLApplication      - Initializing FXGL
14:55:32.068 [JavaFX Application Thread] INFO  Engine               - FXGL-17.2 (20.08.2022 16.50) on LINUX (J:21.0.1 FX:20.0.1)
14:55:32.069 [JavaFX Application Thread] DEBUG Engine               - JRE Vendor Name: Oracle Corporation
14:55:32.069 [JavaFX Application Thread] DEBUG Engine               - Running on OS: Linux version 6.6.6-arch1-1
14:55:32.069 [JavaFX Application Thread] DEBUG Engine               - Architecture: amd64
14:55:32.069 [JavaFX Application Thread] INFO  Engine               - Source code and latest versions at: https://github.com/AlmasB/FXGL
14:55:32.069 [JavaFX Application Thread] INFO  Engine               -       Ask questions and discuss at: https://github.com/AlmasB/FXGL/discussions
14:55:32.069 [JavaFX Application Thread] INFO  Engine               -              Join the FXGL chat at: https://gitter.im/AlmasB/FXGL
14:55:32.108 [JavaFX Application Thread] DEBUG PrimaryStageWindow   - Creating a JavaFX scene
14:55:32.174 [JavaFX Application Thread] DEBUG PrimaryStageWindow   - Target settings size: 800.0 x 800.0
14:55:32.174 [JavaFX Application Thread] DEBUG PrimaryStageWindow   - Scaled scene size:    800.0 x 800.0
14:55:32.174 [JavaFX Application Thread] DEBUG PrimaryStageWindow   - Scaled ratio: (1.0, 1.0)
14:55:32.175 [JavaFX Application Thread] DEBUG PrimaryStageWindow   - Set initial scene to FXGLStartupScene
14:55:32.176 [JavaFX Application Thread] DEBUG PrimaryStageWindow   - Opening main window
14:55:32.193 [JavaFX Application Thread] DEBUG PrimaryStageWindow   - Window border size: (0.0, 28.0)
14:55:32.193 [JavaFX Application Thread] DEBUG PrimaryStageWindow   - Scaled size: 800.0 x 800.0
14:55:32.193 [JavaFX Application Thread] DEBUG PrimaryStageWindow   - Scaled ratio: (1.0, 1.0)
14:55:32.193 [JavaFX Application Thread] DEBUG PrimaryStageWindow   - Scene size: 800.0 x 800.0
14:55:32.193 [JavaFX Application Thread] DEBUG PrimaryStageWindow   - Stage size: 800.0 x 828.0
14:55:32.196 [FXGL Background Thread 1 ] DEBUG Engine               - Initializing environment variables
14:55:32.233 [FXGL Background Thread 1 ] DEBUG FXGLAssetLoaderServi - User app class for loading assets: class com.example.basicgameapp.BasicGameApp
14:55:32.233 [FXGL Background Thread 1 ] DEBUG GameApplicationServi - Applying CSS: fxgl_dark.css
14:55:32.234 [FXGL Background Thread 1 ] DEBUG FXGLAssetLoaderServi - Loading from file system: jar:file:///home/johnt/.m2/repository/com/github/almasb/fxgl/17.2/fxgl-17.2.jar!/fxglassets/ui/css/fxgl_dark.css
14:55:32.264 [FXGL Background Thread 1 ] DEBUG GameApplicationServi - Initializing application scenes
14:55:32.295 [FXGL Background Thread 1 ] DEBUG GameWorld            - Game world initialized
14:55:32.320 [FXGL Background Thread 1 ] DEBUG PhysicsWorld         - Physics world initialized: appHeight=800, physics.ppm=50.0
14:55:32.320 [FXGL Background Thread 1 ] DEBUG PhysicsWorld         - Using strategy: BRUTE_FORCE
14:55:32.323 [FXGL Background Thread 1 ] DEBUG GameScene            - Game scene initialized: 800x800
14:55:32.325 [FXGL Background Thread 1 ] DEBUG FXGLAssetLoaderServi - Loading from file system: file:/home/johnt/Documents/world-hell/BasicGameApp/target/classes/assets/textures/BG.png
14:55:32.365 [FXGL Background Thread 1 ] DEBUG GameApplicationServi - Application scenes initialized
14:55:32.373 [FXGL Background Thread 1 ] DEBUG SystemBundleService  - Loading FXGL system data
14:55:32.375 [FXGL Background Thread 1 ] DEBUG FileSystemAccess     - Reading from: /home/johnt/Documents/world-hell/BasicGameApp/system/fxgl.bundle
14:55:32.380 [FXGL Background Thread 1 ] DEBUG SystemBundleService  - Bundle FXGL: {}
14:55:32.380 [FXGL Background Thread 1 ] DEBUG UpdaterService       - Checking for updates
14:55:32.383 [FXGL Background Thread 4 ] DEBUG FXGLApplication      - Loading fonts
14:55:32.383 [FXGL Background Thread 1 ] DEBUG FXGLApplication      - Loading default localization
14:55:32.383 [FXGL Background Thread 4 ] DEBUG FXGLAssetLoaderServi - Loading from file system: jar:file:///home/johnt/.m2/repository/com/github/almasb/fxgl/17.2/fxgl-17.2.jar!/fxglassets/ui/fonts/VarelaRound-Regular.ttf
14:55:32.383 [FXGL Background Thread 1 ] DEBUG FXGLAssetLoaderServi - Loading from file system: jar:file:///home/johnt/.m2/repository/com/github/almasb/fxgl/17.2/fxgl-17.2.jar!/fxglassets/languages/english.lang
14:55:32.387 [FXGL Background Thread 4 ] DEBUG FXGLAssetLoaderServi - Loading from file system: jar:file:///home/johnt/.m2/repository/com/github/almasb/fxgl/17.2/fxgl-17.2.jar!/fxglassets/ui/fonts/Abel-Regular.ttf
14:55:32.388 [FXGL Background Thread 4 ] DEBUG FXGLAssetLoaderServi - Loading from file system: jar:file:///home/johnt/.m2/repository/com/github/almasb/fxgl/17.2/fxgl-17.2.jar!/fxglassets/ui/fonts/TerminalLandMono-Regular.otf
14:55:32.389 [FXGL Background Thread 1 ] INFO  FXGLApplication      - FXGL initialization took: 0.192 sec
14:55:32.390 [FXGL Background Thread 4 ] DEBUG FXGLAssetLoaderServi - Loading from file system: jar:file:///home/johnt/.m2/repository/com/github/almasb/fxgl/17.2/fxgl-17.2.jar!/fxglassets/ui/fonts/Courier-Prime.ttf
14:55:32.395 [JavaFX Application Thread] DEBUG Input                - Registered new binding: action0 - D
14:55:32.395 [JavaFX Application Thread] DEBUG Input                - Registered new binding: action1 - A
14:55:32.396 [JavaFX Application Thread] DEBUG Input                - Registered new binding: action2 - W
14:55:32.396 [JavaFX Application Thread] DEBUG Input                - Registered new binding: action3 - S
14:55:32.396 [JavaFX Application Thread] DEBUG FXGLAssetLoaderServi - Loading from file system: jar:file:///home/johnt/.m2/repository/com/github/almasb/fxgl/17.2/fxgl-17.2.jar!/fxglassets/textures/fxgl_icon.png
14:55:32.408 [JavaFX Application Thread] DEBUG FXGLAssetLoaderServi - Loading from file system: jar:file:///home/johnt/.m2/repository/com/github/almasb/fxgl/17.2/fxgl-17.2.jar!/fxglassets/textures/fxgl_default_cursor.png
14:55:32.409 [JavaFX Application Thread] DEBUG Input                - Registered new binding: Screenshot - CTRL+8
14:55:32.410 [JavaFX Application Thread] DEBUG Input                - Registered new binding: System info dump - CTRL+9
14:55:32.410 [JavaFX Application Thread] DEBUG Input                - Registered new binding: Restart - CTRL+R
14:55:32.410 [JavaFX Application Thread] DEBUG Input                - Registered new binding: Toggle Debug Camera - CTRL+7
14:55:32.412 [JavaFX Application Thread] DEBUG LoopRunner           - Starting loop
14:55:32.412 [JavaFX Application Thread] DEBUG LoopRunner           - Initializing JavaFX AnimationTimerLoop
14:55:32.413 [JavaFX Application Thread] DEBUG Input                - Clearing active input actions
14:55:32.417 [JavaFX Application Thread] DEBUG GameApplicationServi - Removing overlay from FXGLStartupScene and adding to FXGLMainMenuDummyScene
14:55:32.417 [JavaFX Application Thread] DEBUG PrimaryStageWindow   - FXGLStartupScene -> FXGLMainMenuDummyScene
14:55:32.417 [JavaFX Application Thread] DEBUG PrimaryStageWindow   - Push state: WorldHellMenu
14:55:32.417 [JavaFX Application Thread] DEBUG Input                - Clearing active input actions
14:55:32.418 [JavaFX Application Thread] DEBUG GameApplicationServi - Removing overlay from FXGLMainMenuDummyScene and adding to WorldHellMenu
14:55:32.419 [JavaFX Application Thread] DEBUG PrimaryStageWindow   - FXGLMainMenuDummyScene -> WorldHellMenu
14:55:32.419 [JavaFX Application Thread] DEBUG FXGLApplication      - Registering font factories with UI factory
14:55:32.967 [FXGL Background Thread 2 ] INFO  UpdaterService       - Your current version:  17.2
14:55:32.968 [FXGL Background Thread 2 ] INFO  UpdaterService       - Latest stable version: 17.3
14:55:33.535 [JavaFX Application Thread] DEBUG Menu                 - fireNewGame()
14:55:33.536 [JavaFX Application Thread] DEBUG GameApplicationServi - Starting new game
14:55:33.536 [JavaFX Application Thread] DEBUG PrimaryStageWindow   - Pop state: WorldHellMenu
14:55:33.536 [JavaFX Application Thread] DEBUG Input                - Clearing active input actions
14:55:33.537 [JavaFX Application Thread] DEBUG GameApplicationServi - Removing overlay from WorldHellMenu and adding to FXGLMainMenuDummyScene
14:55:33.538 [JavaFX Application Thread] DEBUG PrimaryStageWindow   - FXGLMainMenuDummyScene <- WorldHellMenu
14:55:33.538 [JavaFX Application Thread] DEBUG Input                - Clearing active input actions
14:55:33.547 [JavaFX Application Thread] DEBUG GameApplicationServi - Removing overlay from FXGLMainMenuDummyScene and adding to FXGLLoadingScene
14:55:33.547 [JavaFX Application Thread] DEBUG PrimaryStageWindow   - FXGLMainMenuDummyScene -> FXGLLoadingScene
14:55:33.547 [JavaFX Application Thread] DEBUG GameApplicationServi - Clearing previous game
14:55:33.547 [JavaFX Application Thread] DEBUG GameScene            - Clearing game scene
14:55:33.547 [JavaFX Application Thread] DEBUG GameWorld            - Clearing game world
14:55:33.547 [JavaFX Application Thread] DEBUG PhysicsWorld         - Clearing physics world
14:55:33.548 [FXGL Background Thread 2 ] DEBUG FXGLApplication      - Initializing game
14:55:33.549 [FXGL Background Thread 2 ] DEBUG FXGLAssetLoaderServi - Loading from file system: file:/home/johnt/Documents/world-hell/BasicGameApp/target/classes/assets/music/Doom%20Eternal%20OST%20-%20The%20Only%20Thing%20They%20Fear%20Is%20You%20(Mick%20Gordon)%20%5BDoom%20Eternal%20Theme%5D.mp3
14:55:33.621 [FXGL Background Thread 2 ] DEBUG AudioPlayer          - Playing music com.almasb.fxgl.audio.Music@32fd9dac
14:55:33.622 [FXGL Background Thread 2 ] DEBUG FXGLAssetLoaderServi - Loading from file system: file:/home/johnt/Documents/world-hell/BasicGameApp/target/classes/assets/textures/background.jpg
14:55:33.631 [FXGL Background Thread 2 ] DEBUG FXGLAssetLoaderServi - Loading from file system: file:/home/johnt/Documents/world-hell/BasicGameApp/target/classes/assets/textures/girl_colored.png
14:55:33.637 [FXGL Background Thread 2 ] INFO  FXGLApplication      - Game initialization took: 0.089 sec
14:55:33.638 [JavaFX Application Thread] DEBUG Input                - Clearing active input actions
14:55:33.642 [JavaFX Application Thread] DEBUG GameApplicationServi - Removing overlay from FXGLLoadingScene and adding to GameScene
14:55:33.643 [JavaFX Application Thread] DEBUG PrimaryStageWindow   - FXGLLoadingScene -> GameScene
14:55:34.148 [JavaFX Application Thread] DEBUG FXGLAssetLoaderServi - Loading from file system: file:/home/johnt/Documents/world-hell/BasicGameApp/target/classes/assets/textures/zombie_colored.png
14:55:34.153 [JavaFX Application Thread] DEBUG FXGLAssetLoaderServi - Loading from file system: file:/home/johnt/Documents/world-hell/BasicGameApp/target/classes/assets/textures/eagle_colored.png
14:55:34.155 [JavaFX Application Thread] DEBUG FXGLAssetLoaderServi - Loading from file system: file:/home/johnt/Documents/world-hell/BasicGameApp/target/classes/assets/textures/joshua.jpg
14:55:34.626 [JavaFX Application Thread] DEBUG FXGLAssetLoaderServi - Loading from file system: file:/home/johnt/Documents/world-hell/BasicGameApp/target/classes/assets/textures/swipe.png
14:55:35.382 [FXGL Background Thread 3 ] DEBUG Engine               - Logging environment variables
14:55:35.383 [FXGL Background Thread 3 ] DEBUG Engine               - achievements: []
14:55:35.383 [FXGL Background Thread 3 ] DEBUG Engine               - actualHeight: 800.0
14:55:35.383 [FXGL Background Thread 3 ] DEBUG Engine               - actualHeightProperty: ReadOnlyDoubleProperty [value: 800.0]
14:55:35.383 [FXGL Background Thread 3 ] DEBUG Engine               - actualWidth: 800.0
14:55:35.384 [FXGL Background Thread 3 ] DEBUG Engine               - actualWidthProperty: ReadOnlyDoubleProperty [value: 800.0]
14:55:35.384 [FXGL Background Thread 3 ] DEBUG Engine               - appIcon: fxgl_icon.png
14:55:35.384 [FXGL Background Thread 3 ] DEBUG Engine               - applicationMode: DEVELOPER
14:55:35.384 [FXGL Background Thread 3 ] DEBUG Engine               - cSSList: [fxgl_dark.css]
14:55:35.384 [FXGL Background Thread 3 ] DEBUG Engine               - collisionDetectionStrategy: BRUTE_FORCE
14:55:35.384 [FXGL Background Thread 3 ] DEBUG Engine               - configClass: Optional.empty
14:55:35.384 [FXGL Background Thread 3 ] DEBUG Engine               - credits: []
14:55:35.386 [FXGL Background Thread 3 ] DEBUG Engine               - defaultCursor: CursorInfo(imageName=fxgl_default_cursor.png, hotspotX=7.0, hotspotY=6.0)
14:55:35.387 [FXGL Background Thread 3 ] DEBUG Engine               - devBBoxColorProperty: ObjectProperty [value: 0xff0000ff]
14:55:35.387 [FXGL Background Thread 3 ] DEBUG Engine               - devEnableDebugCameraProperty: BooleanProperty [value: false]
14:55:35.387 [FXGL Background Thread 3 ] DEBUG Engine               - devSensorColorProperty: ObjectProperty [value: 0xffff00ff]
14:55:35.387 [FXGL Background Thread 3 ] DEBUG Engine               - devShowBBoxProperty: BooleanProperty [value: false]
14:55:35.387 [FXGL Background Thread 3 ] DEBUG Engine               - devShowPositionProperty: BooleanProperty [value: false]
14:55:35.387 [FXGL Background Thread 3 ] DEBUG Engine               - enabledMenuItems: []
14:55:35.388 [FXGL Background Thread 3 ] DEBUG Engine               - engineServices: [class com.almasb.fxgl.app.services.FXGLAssetLoaderService, class com.almasb.fxgl.app.FXGLApplication$GameApplicationService, class com.almasb.fxgl.app.services.FXGLDialogService, class com.almasb.fxgl.app.services.IOTaskExecutorService, class com.almasb.fxgl.io.FileSystemService, class com.almasb.fxgl.localization.LocalizationService, class com.almasb.fxgl.app.services.SystemBundleService, class com.almasb.fxgl.profile.SaveLoadService, class com.almasb.fxgl.ui.FXGLUIFactoryServiceProvider, class com.almasb.fxgl.ui.FXGLDialogFactoryServiceProvider, class com.almasb.fxgl.audio.AudioPlayer, class com.almasb.fxgl.notification.impl.NotificationServiceProvider, class com.almasb.fxgl.achievement.AchievementService, class com.almasb.fxgl.cutscene.CutsceneService, class com.almasb.fxgl.minigames.MiniGameService, class com.almasb.fxgl.net.NetService, class com.almasb.fxgl.app.services.UpdaterService, class com.almasb.fxgl.dev.DevService]
14:55:35.388 [FXGL Background Thread 3 ] DEBUG Engine               - fontGame: Abel-Regular.ttf
14:55:35.388 [FXGL Background Thread 3 ] DEBUG Engine               - fontMono: TerminalLandMono-Regular.otf
14:55:35.388 [FXGL Background Thread 3 ] DEBUG Engine               - fontText: Courier-Prime.ttf
14:55:35.388 [FXGL Background Thread 3 ] DEBUG Engine               - fontUI: VarelaRound-Regular.ttf
14:55:35.388 [FXGL Background Thread 3 ] DEBUG Engine               - fullScreen: BooleanProperty [value: false]
14:55:35.388 [FXGL Background Thread 3 ] DEBUG Engine               - gameDifficulty: MEDIUM
14:55:35.388 [FXGL Background Thread 3 ] DEBUG Engine               - gameDifficultyProperty: ObjectProperty [value: MEDIUM]
14:55:35.388 [FXGL Background Thread 3 ] DEBUG Engine               - globalMusicVolume: 0.5
14:55:35.389 [FXGL Background Thread 3 ] DEBUG Engine               - globalMusicVolumeProperty: DoubleProperty [value: 0.5]
14:55:35.389 [FXGL Background Thread 3 ] DEBUG Engine               - globalSoundVolume: 0.5
14:55:35.389 [FXGL Background Thread 3 ] DEBUG Engine               - globalSoundVolumeProperty: DoubleProperty [value: 0.5]
14:55:35.389 [FXGL Background Thread 3 ] DEBUG Engine               - height: 800
14:55:35.389 [FXGL Background Thread 3 ] DEBUG Engine               - is3D: false
14:55:35.389 [FXGL Background Thread 3 ] DEBUG Engine               - isAndroid: false
14:55:35.389 [FXGL Background Thread 3 ] DEBUG Engine               - isBrowser: false
14:55:35.389 [FXGL Background Thread 3 ] DEBUG Engine               - isClickFeedbackEnabled: false
14:55:35.389 [FXGL Background Thread 3 ] DEBUG Engine               - isCloseConfirmation: false
14:55:35.389 [FXGL Background Thread 3 ] DEBUG Engine               - isDesktop: true
14:55:35.389 [FXGL Background Thread 3 ] DEBUG Engine               - isDeveloperMenuEnabled: false
14:55:35.389 [FXGL Background Thread 3 ] DEBUG Engine               - isEmbedded: false
14:55:35.389 [FXGL Background Thread 3 ] DEBUG Engine               - isEntityPreloadEnabled: true
14:55:35.389 [FXGL Background Thread 3 ] DEBUG Engine               - isExperimentalTiledLargeMap: false
14:55:35.389 [FXGL Background Thread 3 ] DEBUG Engine               - isFileSystemWriteAllowed: true
14:55:35.389 [FXGL Background Thread 3 ] DEBUG Engine               - isFullScreenAllowed: false
14:55:35.390 [FXGL Background Thread 3 ] DEBUG Engine               - isFullScreenFromStart: false
14:55:35.390 [FXGL Background Thread 3 ] DEBUG Engine               - isGameMenuEnabled: true
14:55:35.390 [FXGL Background Thread 3 ] DEBUG Engine               - isIOS: false
14:55:35.390 [FXGL Background Thread 3 ] DEBUG Engine               - isIntroEnabled: false
14:55:35.390 [FXGL Background Thread 3 ] DEBUG Engine               - isLinux: true
14:55:35.390 [FXGL Background Thread 3 ] DEBUG Engine               - isMac: false
14:55:35.390 [FXGL Background Thread 3 ] DEBUG Engine               - isMainMenuEnabled: true
14:55:35.390 [FXGL Background Thread 3 ] DEBUG Engine               - isManualResizeEnabled: false
14:55:35.390 [FXGL Background Thread 3 ] DEBUG Engine               - isMobile: false
14:55:35.390 [FXGL Background Thread 3 ] DEBUG Engine               - isNative: false
14:55:35.390 [FXGL Background Thread 3 ] DEBUG Engine               - isPauseMusicWhenMinimized: true
14:55:35.390 [FXGL Background Thread 3 ] DEBUG Engine               - isPreserveResizeRatio: false
14:55:35.390 [FXGL Background Thread 3 ] DEBUG Engine               - isProfilingEnabled: false
14:55:35.390 [FXGL Background Thread 3 ] DEBUG Engine               - isScaleAffectedOnResize: true
14:55:35.390 [FXGL Background Thread 3 ] DEBUG Engine               - isSingleStep: false
14:55:35.390 [FXGL Background Thread 3 ] DEBUG Engine               - isUserProfileEnabled: false
14:55:35.391 [FXGL Background Thread 3 ] DEBUG Engine               - isWindows: false
14:55:35.391 [FXGL Background Thread 3 ] DEBUG Engine               - language: ObjectProperty [value: ENGLISH]
14:55:35.391 [FXGL Background Thread 3 ] DEBUG Engine               - menuKey: ESCAPE
14:55:35.391 [FXGL Background Thread 3 ] DEBUG Engine               - mouseSensitivity: 0.2
14:55:35.391 [FXGL Background Thread 3 ] DEBUG Engine               - notificationViewClass: class com.almasb.fxgl.notification.view.XboxNotificationView
14:55:35.391 [FXGL Background Thread 3 ] DEBUG Engine               - pixelsPerMeter: 50.0
14:55:35.391 [FXGL Background Thread 3 ] DEBUG Engine               - platform: LINUX
14:55:35.391 [FXGL Background Thread 3 ] DEBUG Engine               - prefHeightProperty: ReadOnlyDoubleProperty [value: 800.0]
14:55:35.391 [FXGL Background Thread 3 ] DEBUG Engine               - prefWidthProperty: ReadOnlyDoubleProperty [value: 800.0]
14:55:35.391 [FXGL Background Thread 3 ] DEBUG Engine               - profileDir: profiles/
14:55:35.391 [FXGL Background Thread 3 ] DEBUG Engine               - profileName: StringProperty [value: DEFAULT]
14:55:35.391 [FXGL Background Thread 3 ] DEBUG Engine               - randomSeed: -1
14:55:35.392 [FXGL Background Thread 3 ] DEBUG Engine               - runtimeInfo: RuntimeInfo(platform=LINUX, version=17.2, build=20.08.2022 16.50)
14:55:35.392 [FXGL Background Thread 3 ] DEBUG Engine               - saveFileExt: sav
14:55:35.392 [FXGL Background Thread 3 ] DEBUG Engine               - scaledHeightProp$fxgl: DoubleProperty [bound, value: 800.0]
14:55:35.392 [FXGL Background Thread 3 ] DEBUG Engine               - scaledWidthProp$fxgl: DoubleProperty [bound, value: 800.0]
14:55:35.392 [FXGL Background Thread 3 ] DEBUG Engine               - sceneFactory: com.example.basicgameapp.BasicGameApp$1@4e620fc2
14:55:35.392 [FXGL Background Thread 3 ] DEBUG Engine               - secondsIn24h: 60
14:55:35.392 [FXGL Background Thread 3 ] DEBUG Engine               - soundMenuBack: menu/back.wav
14:55:35.392 [FXGL Background Thread 3 ] DEBUG Engine               - soundMenuPress: menu/press.wav
14:55:35.392 [FXGL Background Thread 3 ] DEBUG Engine               - soundMenuSelect: menu/select.wav
14:55:35.392 [FXGL Background Thread 3 ] DEBUG Engine               - soundNotification: core/notification.wav
14:55:35.392 [FXGL Background Thread 3 ] DEBUG Engine               - stageStyle: DECORATED
14:55:35.392 [FXGL Background Thread 3 ] DEBUG Engine               - supportedLanguages: [ENGLISH, FRENCH, GERMAN, HUNGARIAN, RUSSIAN]
14:55:35.392 [FXGL Background Thread 3 ] DEBUG Engine               - ticksPerSecond: -1
14:55:35.392 [FXGL Background Thread 3 ] DEBUG Engine               - title: WorldHELL 0 
14:55:35.392 [FXGL Background Thread 3 ] DEBUG Engine               - urlGithub: https://github.com/AlmasB/FXGL
14:55:35.392 [FXGL Background Thread 3 ] DEBUG Engine               - urlLeaderboard: http://fxgl-top.herokuapp.com/
14:55:35.392 [FXGL Background Thread 3 ] DEBUG Engine               - urlPOM: https://raw.githubusercontent.com/AlmasB/FXGL/release/README.md
14:55:35.392 [FXGL Background Thread 3 ] DEBUG Engine               - userAppClass: class com.example.basicgameapp.BasicGameApp
14:55:35.393 [FXGL Background Thread 3 ] DEBUG Engine               - version: 0.1
14:55:35.393 [FXGL Background Thread 3 ] DEBUG Engine               - versionCheckDays: 7
14:55:35.393 [FXGL Background Thread 3 ] DEBUG Engine               - width: 800
14:55:35.393 [FXGL Background Thread 3 ] DEBUG Engine               - Logging services
14:55:35.393 [FXGL Background Thread 3 ] DEBUG Engine               - class com.almasb.fxgl.app.services.FXGLAssetLoaderService
14:55:35.393 [FXGL Background Thread 3 ] DEBUG Engine               - class com.almasb.fxgl.app.FXGLApplication$GameApplicationService
14:55:35.393 [FXGL Background Thread 3 ] DEBUG Engine               - class com.almasb.fxgl.app.services.FXGLDialogService
14:55:35.393 [FXGL Background Thread 3 ] DEBUG Engine               - class com.almasb.fxgl.app.services.IOTaskExecutorService
14:55:35.393 [FXGL Background Thread 3 ] DEBUG Engine               - class com.almasb.fxgl.io.FileSystemService
14:55:35.393 [FXGL Background Thread 3 ] DEBUG Engine               - class com.almasb.fxgl.localization.LocalizationService
14:55:35.393 [FXGL Background Thread 3 ] DEBUG Engine               - class com.almasb.fxgl.app.services.SystemBundleService
14:55:35.393 [FXGL Background Thread 3 ] DEBUG Engine               - class com.almasb.fxgl.profile.SaveLoadService
14:55:35.393 [FXGL Background Thread 3 ] DEBUG Engine               - class com.almasb.fxgl.ui.FXGLUIFactoryServiceProvider
14:55:35.393 [FXGL Background Thread 3 ] DEBUG Engine               - class com.almasb.fxgl.ui.FXGLDialogFactoryServiceProvider
14:55:35.393 [FXGL Background Thread 3 ] DEBUG Engine               - class com.almasb.fxgl.audio.AudioPlayer
14:55:35.393 [FXGL Background Thread 3 ] DEBUG Engine               - class com.almasb.fxgl.notification.impl.NotificationServiceProvider
14:55:35.393 [FXGL Background Thread 3 ] DEBUG Engine               - class com.almasb.fxgl.achievement.AchievementService
14:55:35.393 [FXGL Background Thread 3 ] DEBUG Engine               - class com.almasb.fxgl.cutscene.CutsceneService
14:55:35.393 [FXGL Background Thread 3 ] DEBUG Engine               - class com.almasb.fxgl.minigames.MiniGameService
14:55:35.393 [FXGL Background Thread 3 ] DEBUG Engine               - class com.almasb.fxgl.net.NetService
14:55:35.393 [FXGL Background Thread 3 ] DEBUG Engine               - class com.almasb.fxgl.app.services.UpdaterService
14:55:35.393 [FXGL Background Thread 3 ] DEBUG Engine               - class com.almasb.fxgl.dev.DevService
14:55:36.621 [JavaFX Application Thread] DEBUG FXGLAssetLoaderServi - Loading from file system: file:/home/johnt/Documents/world-hell/BasicGameApp/target/classes/assets/sounds/slayy.wav
14:55:36.625 [JavaFX Application Thread] DEBUG FXGLAssetLoaderServi - Loading from file system: file:/home/johnt/Documents/world-hell/BasicGameApp/target/classes/assets/textures/pisos.png
14:55:38.583 [JavaFX Application Thread] DEBUG FXGLAssetLoaderServi - Loading from file system: file:/home/johnt/Documents/world-hell/BasicGameApp/target/classes/assets/sounds/ai.wav
14:55:38.651 [JavaFX Application Thread] DEBUG FXGLAssetLoaderServi - Loading from file system: file:/home/johnt/Documents/world-hell/BasicGameApp/target/classes/assets/sounds/eagle_death.wav
14:55:56.197 [JavaFX Application Thread] DEBUG AudioPlayer          - Pausing music com.almasb.fxgl.audio.Music@32fd9dac
14:55:56.234 [JavaFX Application Thread] DEBUG LoopRunner           - Pausing loop
14:55:59.422 [JavaFX Application Thread] DEBUG FXGLApplication      - Exiting FXGL
14:55:59.423 [JavaFX Application Thread] DEBUG LoopRunner           - Stopping loop
14:55:59.423 [JavaFX Application Thread] DEBUG SystemBundleService  - Saving FXGL system data
14:55:59.426 [JavaFX Application Thread] DEBUG FileSystemAccess     - Writing to: /home/johnt/Documents/world-hell/BasicGameApp/system/fxgl.bundle
14:55:59.429 [JavaFX Application Thread] DEBUG Async                - Shutting down background threads
14:55:59.430 [JavaFX Application Thread] DEBUG PrimaryStageWindow   - Closing main window
14:55:59.431 [JavaFX Application Thread] DEBUG Logger               - Closing Logger
