15:47:15.907 [main                     ] DEBUG Logger               - Configured Logger
15:47:15.925 [main                     ] DEBUG GameApplication      - Logging settings
Title: WorldHELL 0 
Version: 0.1
Width: 800
Height: 800
Fullscreen: false
Intro: false
Profiling: false
Single step:false
App Mode: DEVELOPER
Menu Key: ESCAPE
Stage Style: DECORATED
Scene Factory: class com.almasb.fxgl.app.scene.SceneFactory

15:47:16.186 [JavaFX Application Thread] DEBUG FXGLApplication      - Initializing FXGL
15:47:16.189 [JavaFX Application Thread] INFO  Engine               - FXGL-17.2 (20.08.2022 16.50) on WINDOWS (J:20.0.2 FX:20.0.1)
15:47:16.190 [JavaFX Application Thread] DEBUG Engine               - JRE Vendor Name: Oracle Corporation
15:47:16.190 [JavaFX Application Thread] DEBUG Engine               - Running on OS: Windows 11 version 10.0
15:47:16.190 [JavaFX Application Thread] DEBUG Engine               - Architecture: amd64
15:47:16.190 [JavaFX Application Thread] INFO  Engine               - Source code and latest versions at: https://github.com/AlmasB/FXGL
15:47:16.190 [JavaFX Application Thread] INFO  Engine               -       Ask questions and discuss at: https://github.com/AlmasB/FXGL/discussions
15:47:16.190 [JavaFX Application Thread] INFO  Engine               -              Join the FXGL chat at: https://gitter.im/AlmasB/FXGL
15:47:16.251 [JavaFX Application Thread] DEBUG PrimaryStageWindow   - Creating a JavaFX scene
15:47:16.288 [JavaFX Application Thread] DEBUG PrimaryStageWindow   - Target settings size: 800.0 x 800.0
15:47:16.289 [JavaFX Application Thread] DEBUG PrimaryStageWindow   - Scaled scene size:    800.0 x 800.0
15:47:16.289 [JavaFX Application Thread] DEBUG PrimaryStageWindow   - Scaled ratio: (1.0, 1.0)
15:47:16.290 [JavaFX Application Thread] DEBUG PrimaryStageWindow   - Set initial scene to FXGLStartupScene
15:47:16.292 [JavaFX Application Thread] DEBUG PrimaryStageWindow   - Opening main window
15:47:16.353 [JavaFX Application Thread] DEBUG PrimaryStageWindow   - Window border size: (14.4000244140625, 37.5999755859375)
15:47:16.353 [JavaFX Application Thread] DEBUG PrimaryStageWindow   - Scaled size: 800.0 x 800.0
15:47:16.353 [JavaFX Application Thread] DEBUG PrimaryStageWindow   - Scaled ratio: (1.0, 1.0)
15:47:16.353 [JavaFX Application Thread] DEBUG PrimaryStageWindow   - Scene size: 800.0 x 800.0
15:47:16.354 [JavaFX Application Thread] DEBUG PrimaryStageWindow   - Stage size: 814.4000244140625 x 837.5999755859375
15:47:16.362 [FXGL Background Thread 1 ] DEBUG Engine               - Initializing environment variables
15:47:16.410 [FXGL Background Thread 1 ] DEBUG FXGLAssetLoaderServi - User app class for loading assets: class com.example.basicgameapp.BasicGameApp
15:47:16.410 [FXGL Background Thread 1 ] DEBUG GameApplicationServi - Applying CSS: fxgl_dark.css
15:47:16.412 [FXGL Background Thread 1 ] DEBUG FXGLAssetLoaderServi - Loading from file system: jar:file:///C:/Users/majah/.m2/repository/com/github/almasb/fxgl/17.2/fxgl-17.2.jar!/fxglassets/ui/css/fxgl_dark.css
15:47:16.455 [FXGL Background Thread 1 ] DEBUG GameApplicationServi - Initializing application scenes
15:47:16.487 [FXGL Background Thread 1 ] DEBUG GameWorld            - Game world initialized
15:47:16.552 [FXGL Background Thread 1 ] DEBUG PhysicsWorld         - Physics world initialized: appHeight=800, physics.ppm=50.0
15:47:16.552 [FXGL Background Thread 1 ] DEBUG PhysicsWorld         - Using strategy: BRUTE_FORCE
15:47:16.557 [FXGL Background Thread 1 ] DEBUG GameScene            - Game scene initialized: 800x800
15:47:16.570 [FXGL Background Thread 1 ] DEBUG FXGL.DefaultMenu     - createMenuBodyMainMenu()
15:47:16.579 [FXGL Background Thread 1 ] DEBUG FXGL.DefaultMenu     - createOptionsMenu()
15:47:16.586 [FXGL Background Thread 1 ] DEBUG FXGLAssetLoaderServi - Loading from file system: jar:file:///C:/Users/majah/.m2/repository/com/github/almasb/fxgl/17.2/fxgl-17.2.jar!/fxglassets/textures/particles/smoke.png
15:47:16.654 [FXGL Background Thread 1 ] DEBUG FXGLAssetLoaderServi - Loading from file system: jar:file:///C:/Users/majah/.m2/repository/com/github/almasb/fxgl/17.2/fxgl-17.2.jar!/fxglassets/textures/particles/trace_horizontal.png
15:47:16.684 [FXGL Background Thread 1 ] DEBUG FXGL.DefaultMenu     - createMenuBodyGameMenu()
15:47:16.685 [FXGL Background Thread 1 ] DEBUG FXGL.DefaultMenu     - createOptionsMenu()
15:47:16.697 [FXGL Background Thread 1 ] DEBUG GameApplicationServi - Application scenes initialized
15:47:16.708 [FXGL Background Thread 1 ] DEBUG SystemBundleService  - Loading FXGL system data
15:47:16.712 [FXGL Background Thread 1 ] DEBUG FileSystemAccess     - Reading from: C:\Users\majah\OneDrive\Desktop\world-hell\BasicGameApp\system\fxgl.bundle
15:47:16.720 [FXGL Background Thread 1 ] DEBUG SystemBundleService  - Bundle FXGL: {}
15:47:16.720 [FXGL Background Thread 1 ] DEBUG UpdaterService       - Checking for updates
15:47:16.724 [FXGL Background Thread 4 ] DEBUG FXGLApplication      - Loading fonts
15:47:16.724 [FXGL Background Thread 1 ] DEBUG FXGLApplication      - Loading default localization
15:47:16.724 [FXGL Background Thread 4 ] DEBUG FXGLAssetLoaderServi - Loading from file system: jar:file:///C:/Users/majah/.m2/repository/com/github/almasb/fxgl/17.2/fxgl-17.2.jar!/fxglassets/ui/fonts/VarelaRound-Regular.ttf
15:47:16.724 [FXGL Background Thread 1 ] DEBUG FXGLAssetLoaderServi - Loading from file system: jar:file:///C:/Users/majah/.m2/repository/com/github/almasb/fxgl/17.2/fxgl-17.2.jar!/fxglassets/languages/english.lang
15:47:16.744 [FXGL Background Thread 1 ] INFO  FXGLApplication      - FXGL initialization took: 0.382 sec
15:47:16.756 [JavaFX Application Thread] DEBUG Input                - Registered new binding: action0 - D
15:47:16.756 [JavaFX Application Thread] DEBUG Input                - Registered new binding: action1 - A
15:47:16.757 [JavaFX Application Thread] DEBUG Input                - Registered new binding: action2 - W
15:47:16.757 [JavaFX Application Thread] DEBUG Input                - Registered new binding: action3 - S
15:47:16.757 [JavaFX Application Thread] DEBUG FXGLAssetLoaderServi - Loading from file system: jar:file:///C:/Users/majah/.m2/repository/com/github/almasb/fxgl/17.2/fxgl-17.2.jar!/fxglassets/textures/fxgl_icon.png
15:47:16.773 [JavaFX Application Thread] DEBUG FXGLAssetLoaderServi - Loading from file system: jar:file:///C:/Users/majah/.m2/repository/com/github/almasb/fxgl/17.2/fxgl-17.2.jar!/fxglassets/textures/fxgl_default_cursor.png
15:47:16.776 [JavaFX Application Thread] DEBUG Input                - Registered new binding: Screenshot - CTRL+8
15:47:16.776 [JavaFX Application Thread] DEBUG Input                - Registered new binding: System info dump - CTRL+9
15:47:16.777 [JavaFX Application Thread] DEBUG Input                - Registered new binding: Restart - CTRL+R
15:47:16.777 [JavaFX Application Thread] DEBUG Input                - Registered new binding: Toggle Debug Camera - CTRL+7
15:47:16.779 [JavaFX Application Thread] DEBUG LoopRunner           - Starting loop
15:47:16.779 [JavaFX Application Thread] DEBUG LoopRunner           - Initializing JavaFX AnimationTimerLoop
15:47:16.781 [JavaFX Application Thread] DEBUG Input                - Clearing active input actions
15:47:16.789 [JavaFX Application Thread] DEBUG GameApplicationServi - Removing overlay from FXGLStartupScene and adding to FXGLMainMenuDummyScene
15:47:16.789 [JavaFX Application Thread] DEBUG PrimaryStageWindow   - FXGLStartupScene -> FXGLMainMenuDummyScene
15:47:16.789 [JavaFX Application Thread] DEBUG PrimaryStageWindow   - Push state: FXGLDefaultMenu
15:47:16.795 [JavaFX Application Thread] DEBUG Input                - Clearing active input actions
15:47:16.805 [JavaFX Application Thread] DEBUG GameApplicationServi - Removing overlay from FXGLMainMenuDummyScene and adding to FXGLDefaultMenu
15:47:16.805 [JavaFX Application Thread] DEBUG PrimaryStageWindow   - FXGLMainMenuDummyScene -> FXGLDefaultMenu
15:47:16.816 [FXGL Background Thread 4 ] DEBUG FXGLAssetLoaderServi - Loading from file system: jar:file:///C:/Users/majah/.m2/repository/com/github/almasb/fxgl/17.2/fxgl-17.2.jar!/fxglassets/ui/fonts/Abel-Regular.ttf
15:47:16.820 [FXGL Background Thread 4 ] DEBUG FXGLAssetLoaderServi - Loading from file system: jar:file:///C:/Users/majah/.m2/repository/com/github/almasb/fxgl/17.2/fxgl-17.2.jar!/fxglassets/ui/fonts/TerminalLandMono-Regular.otf
15:47:16.824 [FXGL Background Thread 4 ] DEBUG FXGLAssetLoaderServi - Loading from file system: jar:file:///C:/Users/majah/.m2/repository/com/github/almasb/fxgl/17.2/fxgl-17.2.jar!/fxglassets/ui/fonts/Courier-Prime.ttf
15:47:16.888 [JavaFX Application Thread] DEBUG FXGLApplication      - Registering font factories with UI factory
15:47:18.082 [JavaFX Application Thread] DEBUG Menu                 - fireNewGame()
15:47:18.082 [JavaFX Application Thread] DEBUG GameApplicationServi - Starting new game
15:47:18.088 [JavaFX Application Thread] DEBUG PrimaryStageWindow   - Pop state: FXGLDefaultMenu
15:47:18.088 [JavaFX Application Thread] DEBUG Input                - Clearing active input actions
15:47:18.089 [JavaFX Application Thread] DEBUG GameApplicationServi - Removing overlay from FXGLDefaultMenu and adding to FXGLMainMenuDummyScene
15:47:18.090 [JavaFX Application Thread] DEBUG PrimaryStageWindow   - FXGLMainMenuDummyScene <- FXGLDefaultMenu
15:47:18.090 [JavaFX Application Thread] DEBUG Input                - Clearing active input actions
15:47:18.099 [JavaFX Application Thread] DEBUG GameApplicationServi - Removing overlay from FXGLMainMenuDummyScene and adding to FXGLLoadingScene
15:47:18.099 [JavaFX Application Thread] DEBUG PrimaryStageWindow   - FXGLMainMenuDummyScene -> FXGLLoadingScene
15:47:18.099 [JavaFX Application Thread] DEBUG GameApplicationServi - Clearing previous game
15:47:18.099 [JavaFX Application Thread] DEBUG GameScene            - Clearing game scene
15:47:18.099 [JavaFX Application Thread] DEBUG GameWorld            - Clearing game world
15:47:18.099 [JavaFX Application Thread] DEBUG PhysicsWorld         - Clearing physics world
15:47:18.105 [FXGL Background Thread 4 ] DEBUG FXGLApplication      - Initializing game
15:47:18.108 [FXGL Background Thread 4 ] DEBUG FXGLAssetLoaderServi - Loading from file system: file:/C:/Users/majah/OneDrive/Desktop/world-hell/BasicGameApp/target/classes/assets/textures/background.jpg
15:47:18.124 [FXGL Background Thread 4 ] DEBUG FXGLAssetLoaderServi - Loading from file system: file:/C:/Users/majah/OneDrive/Desktop/world-hell/BasicGameApp/target/classes/assets/textures/girl_colored.png
15:47:18.156 [FXGL Background Thread 4 ] INFO  FXGLApplication      - Game initialization took: 0.050 sec
15:47:18.157 [JavaFX Application Thread] DEBUG Input                - Clearing active input actions
15:47:18.163 [JavaFX Application Thread] DEBUG GameApplicationServi - Removing overlay from FXGLLoadingScene and adding to GameScene
15:47:18.163 [JavaFX Application Thread] DEBUG PrimaryStageWindow   - FXGLLoadingScene -> GameScene
15:47:18.645 [JavaFX Application Thread] DEBUG FXGLAssetLoaderServi - Loading from file system: file:/C:/Users/majah/OneDrive/Desktop/world-hell/BasicGameApp/target/classes/assets/textures/zombie_colored.png
15:47:18.653 [JavaFX Application Thread] DEBUG FXGLAssetLoaderServi - Loading from file system: file:/C:/Users/majah/OneDrive/Desktop/world-hell/BasicGameApp/target/classes/assets/textures/eagle_colored.png
15:47:18.657 [JavaFX Application Thread] DEBUG FXGLAssetLoaderServi - Loading from file system: file:/C:/Users/majah/OneDrive/Desktop/world-hell/BasicGameApp/target/classes/assets/textures/joshua.jpg
15:47:19.089 [JavaFX Application Thread] DEBUG FXGLAssetLoaderServi - Loading from file system: file:/C:/Users/majah/OneDrive/Desktop/world-hell/BasicGameApp/target/classes/assets/textures/swipe.png
15:47:19.724 [FXGL Background Thread 3 ] DEBUG Engine               - Logging environment variables
15:47:19.725 [FXGL Background Thread 3 ] DEBUG Engine               - achievements: []
15:47:19.725 [FXGL Background Thread 3 ] DEBUG Engine               - actualHeight: 800.0
15:47:19.725 [FXGL Background Thread 3 ] DEBUG Engine               - actualHeightProperty: ReadOnlyDoubleProperty [value: 800.0]
15:47:19.726 [FXGL Background Thread 3 ] DEBUG Engine               - actualWidth: 800.0
15:47:19.726 [FXGL Background Thread 3 ] DEBUG Engine               - actualWidthProperty: ReadOnlyDoubleProperty [value: 800.0]
15:47:19.726 [FXGL Background Thread 3 ] DEBUG Engine               - appIcon: fxgl_icon.png
15:47:19.726 [FXGL Background Thread 3 ] DEBUG Engine               - applicationMode: DEVELOPER
15:47:19.726 [FXGL Background Thread 3 ] DEBUG Engine               - cSSList: [fxgl_dark.css]
15:47:19.726 [FXGL Background Thread 3 ] DEBUG Engine               - collisionDetectionStrategy: BRUTE_FORCE
15:47:19.726 [FXGL Background Thread 3 ] DEBUG Engine               - configClass: Optional.empty
15:47:19.726 [FXGL Background Thread 3 ] DEBUG Engine               - credits: []
15:47:19.727 [FXGL Background Thread 3 ] DEBUG Engine               - defaultCursor: CursorInfo(imageName=fxgl_default_cursor.png, hotspotX=7.0, hotspotY=6.0)
15:47:19.727 [FXGL Background Thread 3 ] DEBUG Engine               - devBBoxColorProperty: ObjectProperty [value: 0xff0000ff]
15:47:19.727 [FXGL Background Thread 3 ] DEBUG Engine               - devEnableDebugCameraProperty: BooleanProperty [value: false]
15:47:19.727 [FXGL Background Thread 3 ] DEBUG Engine               - devSensorColorProperty: ObjectProperty [value: 0xffff00ff]
15:47:19.728 [FXGL Background Thread 3 ] DEBUG Engine               - devShowBBoxProperty: BooleanProperty [value: false]
15:47:19.728 [FXGL Background Thread 3 ] DEBUG Engine               - devShowPositionProperty: BooleanProperty [value: false]
15:47:19.728 [FXGL Background Thread 3 ] DEBUG Engine               - enabledMenuItems: []
15:47:19.728 [FXGL Background Thread 3 ] DEBUG Engine               - engineServices: [class com.almasb.fxgl.app.services.FXGLAssetLoaderService, class com.almasb.fxgl.app.FXGLApplication$GameApplicationService, class com.almasb.fxgl.app.services.FXGLDialogService, class com.almasb.fxgl.app.services.IOTaskExecutorService, class com.almasb.fxgl.io.FileSystemService, class com.almasb.fxgl.localization.LocalizationService, class com.almasb.fxgl.app.services.SystemBundleService, class com.almasb.fxgl.profile.SaveLoadService, class com.almasb.fxgl.ui.FXGLUIFactoryServiceProvider, class com.almasb.fxgl.ui.FXGLDialogFactoryServiceProvider, class com.almasb.fxgl.audio.AudioPlayer, class com.almasb.fxgl.notification.impl.NotificationServiceProvider, class com.almasb.fxgl.achievement.AchievementService, class com.almasb.fxgl.cutscene.CutsceneService, class com.almasb.fxgl.minigames.MiniGameService, class com.almasb.fxgl.net.NetService, class com.almasb.fxgl.app.services.UpdaterService, class com.almasb.fxgl.dev.DevService]
15:47:19.728 [FXGL Background Thread 3 ] DEBUG Engine               - fontGame: Abel-Regular.ttf
15:47:19.728 [FXGL Background Thread 3 ] DEBUG Engine               - fontMono: TerminalLandMono-Regular.otf
15:47:19.728 [FXGL Background Thread 3 ] DEBUG Engine               - fontText: Courier-Prime.ttf
15:47:19.728 [FXGL Background Thread 3 ] DEBUG Engine               - fontUI: VarelaRound-Regular.ttf
15:47:19.728 [FXGL Background Thread 3 ] DEBUG Engine               - fullScreen: BooleanProperty [value: false]
15:47:19.728 [FXGL Background Thread 3 ] DEBUG Engine               - gameDifficulty: MEDIUM
15:47:19.728 [FXGL Background Thread 3 ] DEBUG Engine               - gameDifficultyProperty: ObjectProperty [value: MEDIUM]
15:47:19.728 [FXGL Background Thread 3 ] DEBUG Engine               - globalMusicVolume: 0.5
15:47:19.729 [FXGL Background Thread 3 ] DEBUG Engine               - globalMusicVolumeProperty: DoubleProperty [value: 0.5]
15:47:19.729 [FXGL Background Thread 3 ] DEBUG Engine               - globalSoundVolume: 0.5
15:47:19.729 [FXGL Background Thread 3 ] DEBUG Engine               - globalSoundVolumeProperty: DoubleProperty [value: 0.5]
15:47:19.729 [FXGL Background Thread 3 ] DEBUG Engine               - height: 800
15:47:19.729 [FXGL Background Thread 3 ] DEBUG Engine               - is3D: false
15:47:19.729 [FXGL Background Thread 3 ] DEBUG Engine               - isAndroid: false
15:47:19.729 [FXGL Background Thread 3 ] DEBUG Engine               - isBrowser: false
15:47:19.729 [FXGL Background Thread 3 ] DEBUG Engine               - isClickFeedbackEnabled: false
15:47:19.729 [FXGL Background Thread 3 ] DEBUG Engine               - isCloseConfirmation: false
15:47:19.729 [FXGL Background Thread 3 ] DEBUG Engine               - isDesktop: true
15:47:19.729 [FXGL Background Thread 3 ] DEBUG Engine               - isDeveloperMenuEnabled: false
15:47:19.729 [FXGL Background Thread 3 ] DEBUG Engine               - isEmbedded: false
15:47:19.729 [FXGL Background Thread 3 ] DEBUG Engine               - isEntityPreloadEnabled: true
15:47:19.730 [FXGL Background Thread 3 ] DEBUG Engine               - isExperimentalTiledLargeMap: false
15:47:19.730 [FXGL Background Thread 3 ] DEBUG Engine               - isFileSystemWriteAllowed: true
15:47:19.730 [FXGL Background Thread 3 ] DEBUG Engine               - isFullScreenAllowed: false
15:47:19.730 [FXGL Background Thread 3 ] DEBUG Engine               - isFullScreenFromStart: false
15:47:19.730 [FXGL Background Thread 3 ] DEBUG Engine               - isGameMenuEnabled: true
15:47:19.730 [FXGL Background Thread 3 ] DEBUG Engine               - isIOS: false
15:47:19.730 [FXGL Background Thread 3 ] DEBUG Engine               - isIntroEnabled: false
15:47:19.730 [FXGL Background Thread 3 ] DEBUG Engine               - isLinux: false
15:47:19.730 [FXGL Background Thread 3 ] DEBUG Engine               - isMac: false
15:47:19.730 [FXGL Background Thread 3 ] DEBUG Engine               - isMainMenuEnabled: true
15:47:19.730 [FXGL Background Thread 3 ] DEBUG Engine               - isManualResizeEnabled: false
15:47:19.730 [FXGL Background Thread 3 ] DEBUG Engine               - isMobile: false
15:47:19.730 [FXGL Background Thread 3 ] DEBUG Engine               - isNative: false
15:47:19.730 [FXGL Background Thread 3 ] DEBUG Engine               - isPauseMusicWhenMinimized: true
15:47:19.730 [FXGL Background Thread 3 ] DEBUG Engine               - isPreserveResizeRatio: false
15:47:19.730 [FXGL Background Thread 3 ] DEBUG Engine               - isProfilingEnabled: false
15:47:19.730 [FXGL Background Thread 3 ] DEBUG Engine               - isScaleAffectedOnResize: true
15:47:19.730 [FXGL Background Thread 3 ] DEBUG Engine               - isSingleStep: false
15:47:19.732 [FXGL Background Thread 3 ] DEBUG Engine               - isUserProfileEnabled: false
15:47:19.732 [FXGL Background Thread 3 ] DEBUG Engine               - isWindows: true
15:47:19.732 [FXGL Background Thread 3 ] DEBUG Engine               - language: ObjectProperty [value: ENGLISH]
15:47:19.732 [FXGL Background Thread 3 ] DEBUG Engine               - menuKey: ESCAPE
15:47:19.732 [FXGL Background Thread 3 ] DEBUG Engine               - mouseSensitivity: 0.2
15:47:19.732 [FXGL Background Thread 3 ] DEBUG Engine               - notificationViewClass: class com.almasb.fxgl.notification.view.XboxNotificationView
15:47:19.732 [FXGL Background Thread 3 ] DEBUG Engine               - pixelsPerMeter: 50.0
15:47:19.732 [FXGL Background Thread 3 ] DEBUG Engine               - platform: WINDOWS
15:47:19.732 [FXGL Background Thread 3 ] DEBUG Engine               - prefHeightProperty: ReadOnlyDoubleProperty [value: 800.0]
15:47:19.732 [FXGL Background Thread 3 ] DEBUG Engine               - prefWidthProperty: ReadOnlyDoubleProperty [value: 800.0]
15:47:19.732 [FXGL Background Thread 3 ] DEBUG Engine               - profileDir: profiles/
15:47:19.732 [FXGL Background Thread 3 ] DEBUG Engine               - profileName: StringProperty [value: DEFAULT]
15:47:19.732 [FXGL Background Thread 3 ] DEBUG Engine               - randomSeed: -1
15:47:19.733 [FXGL Background Thread 3 ] DEBUG Engine               - runtimeInfo: RuntimeInfo(platform=WINDOWS, version=17.2, build=20.08.2022 16.50)
15:47:19.733 [FXGL Background Thread 3 ] DEBUG Engine               - saveFileExt: sav
15:47:19.733 [FXGL Background Thread 3 ] DEBUG Engine               - scaledHeightProp$fxgl: DoubleProperty [bound, value: 800.0]
15:47:19.733 [FXGL Background Thread 3 ] DEBUG Engine               - scaledWidthProp$fxgl: DoubleProperty [bound, value: 800.0]
15:47:19.733 [FXGL Background Thread 3 ] DEBUG Engine               - sceneFactory: com.almasb.fxgl.app.scene.SceneFactory@59368c87
15:47:19.733 [FXGL Background Thread 3 ] DEBUG Engine               - secondsIn24h: 60
15:47:19.733 [FXGL Background Thread 3 ] DEBUG Engine               - soundMenuBack: menu/back.wav
15:47:19.733 [FXGL Background Thread 3 ] DEBUG Engine               - soundMenuPress: menu/press.wav
15:47:19.733 [FXGL Background Thread 3 ] DEBUG Engine               - soundMenuSelect: menu/select.wav
15:47:19.733 [FXGL Background Thread 3 ] DEBUG Engine               - soundNotification: core/notification.wav
15:47:19.733 [FXGL Background Thread 3 ] DEBUG Engine               - stageStyle: DECORATED
15:47:19.733 [FXGL Background Thread 3 ] DEBUG Engine               - supportedLanguages: [ENGLISH, FRENCH, GERMAN, HUNGARIAN, RUSSIAN]
15:47:19.733 [FXGL Background Thread 3 ] DEBUG Engine               - ticksPerSecond: -1
15:47:19.733 [FXGL Background Thread 3 ] DEBUG Engine               - title: WorldHELL 0 
15:47:19.733 [FXGL Background Thread 3 ] DEBUG Engine               - urlGithub: https://github.com/AlmasB/FXGL
15:47:19.733 [FXGL Background Thread 3 ] DEBUG Engine               - urlLeaderboard: http://fxgl-top.herokuapp.com/
15:47:19.733 [FXGL Background Thread 3 ] DEBUG Engine               - urlPOM: https://raw.githubusercontent.com/AlmasB/FXGL/release/README.md
15:47:19.733 [FXGL Background Thread 3 ] DEBUG Engine               - userAppClass: class com.example.basicgameapp.BasicGameApp
15:47:19.733 [FXGL Background Thread 3 ] DEBUG Engine               - version: 0.1
15:47:19.733 [FXGL Background Thread 3 ] DEBUG Engine               - versionCheckDays: 7
15:47:19.733 [FXGL Background Thread 3 ] DEBUG Engine               - width: 800
15:47:19.733 [FXGL Background Thread 3 ] DEBUG Engine               - Logging services
15:47:19.733 [FXGL Background Thread 3 ] DEBUG Engine               - class com.almasb.fxgl.app.services.FXGLAssetLoaderService
15:47:19.733 [FXGL Background Thread 3 ] DEBUG Engine               - class com.almasb.fxgl.app.FXGLApplication$GameApplicationService
15:47:19.733 [FXGL Background Thread 3 ] DEBUG Engine               - class com.almasb.fxgl.app.services.FXGLDialogService
15:47:19.733 [FXGL Background Thread 3 ] DEBUG Engine               - class com.almasb.fxgl.app.services.IOTaskExecutorService
15:47:19.733 [FXGL Background Thread 3 ] DEBUG Engine               - class com.almasb.fxgl.io.FileSystemService
15:47:19.733 [FXGL Background Thread 3 ] DEBUG Engine               - class com.almasb.fxgl.localization.LocalizationService
15:47:19.733 [FXGL Background Thread 3 ] DEBUG Engine               - class com.almasb.fxgl.app.services.SystemBundleService
15:47:19.734 [FXGL Background Thread 3 ] DEBUG Engine               - class com.almasb.fxgl.profile.SaveLoadService
15:47:19.734 [FXGL Background Thread 3 ] DEBUG Engine               - class com.almasb.fxgl.ui.FXGLUIFactoryServiceProvider
15:47:19.734 [FXGL Background Thread 3 ] DEBUG Engine               - class com.almasb.fxgl.ui.FXGLDialogFactoryServiceProvider
15:47:19.734 [FXGL Background Thread 3 ] DEBUG Engine               - class com.almasb.fxgl.audio.AudioPlayer
15:47:19.734 [FXGL Background Thread 3 ] DEBUG Engine               - class com.almasb.fxgl.notification.impl.NotificationServiceProvider
15:47:19.734 [FXGL Background Thread 3 ] DEBUG Engine               - class com.almasb.fxgl.achievement.AchievementService
15:47:19.734 [FXGL Background Thread 3 ] DEBUG Engine               - class com.almasb.fxgl.cutscene.CutsceneService
15:47:19.734 [FXGL Background Thread 3 ] DEBUG Engine               - class com.almasb.fxgl.minigames.MiniGameService
15:47:19.734 [FXGL Background Thread 3 ] DEBUG Engine               - class com.almasb.fxgl.net.NetService
15:47:19.734 [FXGL Background Thread 3 ] DEBUG Engine               - class com.almasb.fxgl.app.services.UpdaterService
15:47:19.734 [FXGL Background Thread 3 ] DEBUG Engine               - class com.almasb.fxgl.dev.DevService
15:47:26.067 [JavaFX Application Thread] DEBUG FXGLAssetLoaderServi - Loading from file system: file:/C:/Users/majah/OneDrive/Desktop/world-hell/BasicGameApp/target/classes/assets/sounds/eagle_death.wav
15:47:26.139 [JavaFX Application Thread] DEBUG FXGLAssetLoaderServi - Loading from file system: file:/C:/Users/majah/OneDrive/Desktop/world-hell/BasicGameApp/target/classes/assets/textures/pisos.png
15:47:29.059 [JavaFX Application Thread] DEBUG FXGLAssetLoaderServi - Loading from file system: file:/C:/Users/majah/OneDrive/Desktop/world-hell/BasicGameApp/target/classes/assets/sounds/slayy.wav
15:47:37.941 [FXGL Background Thread 2 ] WARN  UpdaterService       - Failed to find updates: java.net.ConnectException: Connection timed out: connect
15:47:39.359 [JavaFX Application Thread] DEBUG Input                - Clearing active input actions
15:47:39.370 [JavaFX Application Thread] DEBUG GameApplicationServi - Removing overlay from GameScene and adding to FXGLMainMenuDummyScene
15:47:39.370 [JavaFX Application Thread] DEBUG PrimaryStageWindow   - GameScene -> FXGLMainMenuDummyScene
15:47:39.370 [JavaFX Application Thread] DEBUG PrimaryStageWindow   - Push state: FXGLDefaultMenu
15:47:39.371 [JavaFX Application Thread] DEBUG Input                - Clearing active input actions
15:47:39.372 [JavaFX Application Thread] DEBUG GameApplicationServi - Removing overlay from FXGLMainMenuDummyScene and adding to FXGLDefaultMenu
15:47:39.372 [JavaFX Application Thread] DEBUG PrimaryStageWindow   - FXGLMainMenuDummyScene -> FXGLDefaultMenu
15:47:54.652 [JavaFX Application Thread] DEBUG FXGLApplication      - Exiting FXGL
15:47:54.652 [JavaFX Application Thread] DEBUG LoopRunner           - Stopping loop
15:47:54.652 [JavaFX Application Thread] DEBUG SystemBundleService  - Saving FXGL system data
15:47:54.659 [JavaFX Application Thread] DEBUG FileSystemAccess     - Writing to: C:\Users\majah\OneDrive\Desktop\world-hell\BasicGameApp\system\fxgl.bundle
15:47:54.663 [JavaFX Application Thread] DEBUG Async                - Shutting down background threads
15:47:54.663 [JavaFX Application Thread] DEBUG PrimaryStageWindow   - Closing main window
15:47:54.690 [JavaFX Application Thread] DEBUG Logger               - Closing Logger
