23:14:08.555 [main                     ] DEBUG Logger               - Configured Logger
23:14:08.590 [main                     ] DEBUG GameApplication      - Logging settings
Title: WorldHELL 0 
Version: 0.1
Width: 800
Height: 800
Fullscreen: false
Intro: false
Profiling: false
Single step:false
App Mode: DEVELOPER
Menu Key: ESCAPE
Stage Style: DECORATED
Scene Factory: class com.almasb.fxgl.app.scene.SceneFactory

23:14:08.957 [JavaFX Application Thread] DEBUG FXGLApplication      - Initializing FXGL
23:14:08.963 [JavaFX Application Thread] INFO  Engine               - FXGL-17.2 (20.08.2022 16.50) on WINDOWS (J:20.0.2 FX:20.0.1)
23:14:08.964 [JavaFX Application Thread] DEBUG Engine               - JRE Vendor Name: Oracle Corporation
23:14:08.964 [JavaFX Application Thread] DEBUG Engine               - Running on OS: Windows 11 version 10.0
23:14:08.964 [JavaFX Application Thread] DEBUG Engine               - Architecture: amd64
23:14:08.964 [JavaFX Application Thread] INFO  Engine               - Source code and latest versions at: https://github.com/AlmasB/FXGL
23:14:08.965 [JavaFX Application Thread] INFO  Engine               -       Ask questions and discuss at: https://github.com/AlmasB/FXGL/discussions
23:14:08.965 [JavaFX Application Thread] INFO  Engine               -              Join the FXGL chat at: https://gitter.im/AlmasB/FXGL
23:14:09.084 [JavaFX Application Thread] DEBUG PrimaryStageWindow   - Creating a JavaFX scene
23:14:09.143 [JavaFX Application Thread] DEBUG PrimaryStageWindow   - Target settings size: 800.0 x 800.0
23:14:09.143 [JavaFX Application Thread] DEBUG PrimaryStageWindow   - Scaled scene size:    800.0 x 800.0
23:14:09.143 [JavaFX Application Thread] DEBUG PrimaryStageWindow   - Scaled ratio: (1.0, 1.0)
23:14:09.144 [JavaFX Application Thread] DEBUG PrimaryStageWindow   - Set initial scene to FXGLStartupScene
23:14:09.149 [JavaFX Application Thread] DEBUG PrimaryStageWindow   - Opening main window
23:14:09.239 [JavaFX Application Thread] DEBUG PrimaryStageWindow   - Window border size: (14.4000244140625, 37.5999755859375)
23:14:09.239 [JavaFX Application Thread] DEBUG PrimaryStageWindow   - Scaled size: 800.0 x 800.0
23:14:09.240 [JavaFX Application Thread] DEBUG PrimaryStageWindow   - Scaled ratio: (1.0, 1.0)
23:14:09.240 [JavaFX Application Thread] DEBUG PrimaryStageWindow   - Scene size: 800.0 x 800.0
23:14:09.240 [JavaFX Application Thread] DEBUG PrimaryStageWindow   - Stage size: 814.4000244140625 x 837.5999755859375
23:14:09.250 [FXGL Background Thread 1 ] DEBUG Engine               - Initializing environment variables
23:14:09.321 [FXGL Background Thread 1 ] DEBUG FXGLAssetLoaderServi - User app class for loading assets: class com.example.basicgameapp.BasicGameApp
23:14:09.322 [FXGL Background Thread 1 ] DEBUG GameApplicationServi - Applying CSS: fxgl_dark.css
23:14:09.323 [FXGL Background Thread 1 ] DEBUG FXGLAssetLoaderServi - Loading from file system: jar:file:///C:/Users/majah/.m2/repository/com/github/almasb/fxgl/17.2/fxgl-17.2.jar!/fxglassets/ui/css/fxgl_dark.css
23:14:09.400 [FXGL Background Thread 1 ] DEBUG GameApplicationServi - Initializing application scenes
23:14:09.451 [FXGL Background Thread 1 ] DEBUG GameWorld            - Game world initialized
23:14:09.524 [FXGL Background Thread 1 ] DEBUG PhysicsWorld         - Physics world initialized: appHeight=800, physics.ppm=50.0
23:14:09.524 [FXGL Background Thread 1 ] DEBUG PhysicsWorld         - Using strategy: BRUTE_FORCE
23:14:09.530 [FXGL Background Thread 1 ] DEBUG GameScene            - Game scene initialized: 800x800
23:14:09.544 [FXGL Background Thread 1 ] DEBUG FXGL.DefaultMenu     - createMenuBodyGameMenu()
23:14:09.559 [FXGL Background Thread 1 ] DEBUG FXGL.DefaultMenu     - createOptionsMenu()
23:14:09.576 [FXGL Background Thread 1 ] DEBUG FXGLAssetLoaderServi - Loading from file system: jar:file:///C:/Users/majah/.m2/repository/com/github/almasb/fxgl/17.2/fxgl-17.2.jar!/fxglassets/textures/particles/smoke.png
23:14:09.694 [FXGL Background Thread 1 ] DEBUG FXGLAssetLoaderServi - Loading from file system: jar:file:///C:/Users/majah/.m2/repository/com/github/almasb/fxgl/17.2/fxgl-17.2.jar!/fxglassets/textures/particles/trace_horizontal.png
23:14:09.734 [FXGL Background Thread 1 ] DEBUG GameApplicationServi - Application scenes initialized
23:14:09.752 [FXGL Background Thread 1 ] DEBUG SystemBundleService  - Loading FXGL system data
23:14:09.758 [FXGL Background Thread 1 ] DEBUG FileSystemAccess     - Reading from: C:\Users\majah\OneDrive\Desktop\world-hell\BasicGameApp\system\fxgl.bundle
23:14:09.772 [FXGL Background Thread 1 ] DEBUG SystemBundleService  - Bundle FXGL: {}
23:14:09.772 [FXGL Background Thread 1 ] DEBUG UpdaterService       - Checking for updates
23:14:09.779 [FXGL Background Thread 4 ] DEBUG FXGLApplication      - Loading fonts
23:14:09.780 [FXGL Background Thread 4 ] DEBUG FXGLAssetLoaderServi - Loading from file system: jar:file:///C:/Users/majah/.m2/repository/com/github/almasb/fxgl/17.2/fxgl-17.2.jar!/fxglassets/ui/fonts/VarelaRound-Regular.ttf
23:14:09.781 [FXGL Background Thread 1 ] DEBUG FXGLAssetLoaderServi - Loading from file system: jar:file:///C:/Users/majah/.m2/repository/com/github/almasb/fxgl/17.2/fxgl-17.2.jar!/fxglassets/languages/english.lang
23:14:09.808 [FXGL Background Thread 1 ] INFO  FXGLApplication      - FXGL initialization took: 0.558 sec
23:14:09.820 [JavaFX Application Thread] DEBUG Input                - Registered new binding: action0 - D
23:14:09.821 [JavaFX Application Thread] DEBUG Input                - Registered new binding: action1 - A
23:14:09.823 [JavaFX Application Thread] DEBUG Input                - Registered new binding: action2 - W
23:14:09.823 [JavaFX Application Thread] DEBUG Input                - Registered new binding: action3 - S
23:14:09.824 [JavaFX Application Thread] DEBUG FXGLAssetLoaderServi - Loading from file system: jar:file:///C:/Users/majah/.m2/repository/com/github/almasb/fxgl/17.2/fxgl-17.2.jar!/fxglassets/textures/fxgl_icon.png
23:14:09.848 [JavaFX Application Thread] DEBUG FXGLAssetLoaderServi - Loading from file system: jar:file:///C:/Users/majah/.m2/repository/com/github/almasb/fxgl/17.2/fxgl-17.2.jar!/fxglassets/textures/fxgl_default_cursor.png
23:14:09.852 [JavaFX Application Thread] DEBUG Input                - Registered new binding: Screenshot - CTRL+8
23:14:09.852 [JavaFX Application Thread] DEBUG Input                - Registered new binding: System info dump - CTRL+9
23:14:09.853 [JavaFX Application Thread] DEBUG Input                - Registered new binding: Restart - CTRL+R
23:14:09.854 [JavaFX Application Thread] DEBUG Input                - Registered new binding: Toggle Debug Camera - CTRL+7
23:14:09.858 [JavaFX Application Thread] DEBUG LoopRunner           - Starting loop
23:14:09.858 [JavaFX Application Thread] DEBUG LoopRunner           - Initializing JavaFX AnimationTimerLoop
23:14:09.860 [JavaFX Application Thread] DEBUG GameApplicationServi - Starting new game
23:14:09.861 [JavaFX Application Thread] DEBUG Input                - Clearing active input actions
23:14:09.881 [JavaFX Application Thread] DEBUG GameApplicationServi - Removing overlay from FXGLStartupScene and adding to FXGLLoadingScene
23:14:09.882 [JavaFX Application Thread] DEBUG PrimaryStageWindow   - FXGLStartupScene -> FXGLLoadingScene
23:14:09.882 [JavaFX Application Thread] DEBUG GameApplicationServi - Clearing previous game
23:14:09.882 [JavaFX Application Thread] DEBUG GameScene            - Clearing game scene
23:14:09.882 [JavaFX Application Thread] DEBUG GameWorld            - Clearing game world
23:14:09.882 [JavaFX Application Thread] DEBUG PhysicsWorld         - Clearing physics world
23:14:09.885 [FXGL Background Thread 1 ] DEBUG FXGLApplication      - Initializing game
23:14:09.894 [FXGL Background Thread 1 ] DEBUG FXGLAssetLoaderServi - Loading from file system: file:/C:/Users/majah/OneDrive/Desktop/world-hell/BasicGameApp/target/classes/assets/textures/girl_colored.png
23:14:09.935 [FXGL Background Thread 1 ] INFO  FXGLApplication      - Game initialization took: 0.051 sec
23:14:09.938 [FXGL Background Thread 4 ] DEBUG FXGLAssetLoaderServi - Loading from file system: jar:file:///C:/Users/majah/.m2/repository/com/github/almasb/fxgl/17.2/fxgl-17.2.jar!/fxglassets/ui/fonts/Abel-Regular.ttf
23:14:09.944 [FXGL Background Thread 4 ] DEBUG FXGLAssetLoaderServi - Loading from file system: jar:file:///C:/Users/majah/.m2/repository/com/github/almasb/fxgl/17.2/fxgl-17.2.jar!/fxglassets/ui/fonts/TerminalLandMono-Regular.otf
23:14:09.954 [FXGL Background Thread 4 ] DEBUG FXGLAssetLoaderServi - Loading from file system: jar:file:///C:/Users/majah/.m2/repository/com/github/almasb/fxgl/17.2/fxgl-17.2.jar!/fxglassets/ui/fonts/Courier-Prime.ttf
23:14:10.018 [JavaFX Application Thread] DEBUG Input                - Clearing active input actions
23:14:10.036 [JavaFX Application Thread] DEBUG GameApplicationServi - Removing overlay from FXGLLoadingScene and adding to GameScene
23:14:10.036 [JavaFX Application Thread] DEBUG PrimaryStageWindow   - FXGLLoadingScene -> GameScene
23:14:10.037 [JavaFX Application Thread] DEBUG FXGLApplication      - Registering font factories with UI factory
23:14:10.531 [JavaFX Application Thread] DEBUG FXGLAssetLoaderServi - Loading from file system: file:/C:/Users/majah/OneDrive/Desktop/world-hell/BasicGameApp/target/classes/assets/textures/zombie_colored.png
23:14:10.541 [JavaFX Application Thread] DEBUG FXGLAssetLoaderServi - Loading from file system: file:/C:/Users/majah/OneDrive/Desktop/world-hell/BasicGameApp/target/classes/assets/textures/eagle_colored.png
23:14:10.550 [JavaFX Application Thread] DEBUG FXGLAssetLoaderServi - Loading from file system: file:/C:/Users/majah/OneDrive/Desktop/world-hell/BasicGameApp/target/classes/assets/textures/bird_colored.png
23:14:10.596 [FXGL Background Thread 2 ] INFO  UpdaterService       - Your current version:  17.2
23:14:10.596 [FXGL Background Thread 2 ] INFO  UpdaterService       - Latest stable version: 17.3
23:14:12.779 [FXGL Background Thread 3 ] DEBUG Engine               - Logging environment variables
23:14:12.780 [FXGL Background Thread 3 ] DEBUG Engine               - achievements: []
23:14:12.780 [FXGL Background Thread 3 ] DEBUG Engine               - actualHeight: 800.0
23:14:12.781 [FXGL Background Thread 3 ] DEBUG Engine               - actualHeightProperty: ReadOnlyDoubleProperty [value: 800.0]
23:14:12.781 [FXGL Background Thread 3 ] DEBUG Engine               - actualWidth: 800.0
23:14:12.781 [FXGL Background Thread 3 ] DEBUG Engine               - actualWidthProperty: ReadOnlyDoubleProperty [value: 800.0]
23:14:12.781 [FXGL Background Thread 3 ] DEBUG Engine               - appIcon: fxgl_icon.png
23:14:12.781 [FXGL Background Thread 3 ] DEBUG Engine               - applicationMode: DEVELOPER
23:14:12.782 [FXGL Background Thread 3 ] DEBUG Engine               - cSSList: [fxgl_dark.css]
23:14:12.782 [FXGL Background Thread 3 ] DEBUG Engine               - collisionDetectionStrategy: BRUTE_FORCE
23:14:12.782 [FXGL Background Thread 3 ] DEBUG Engine               - configClass: Optional.empty
23:14:12.782 [FXGL Background Thread 3 ] DEBUG Engine               - credits: []
23:14:12.783 [FXGL Background Thread 3 ] DEBUG Engine               - defaultCursor: CursorInfo(imageName=fxgl_default_cursor.png, hotspotX=7.0, hotspotY=6.0)
23:14:12.783 [FXGL Background Thread 3 ] DEBUG Engine               - devBBoxColorProperty: ObjectProperty [value: 0xff0000ff]
23:14:12.783 [FXGL Background Thread 3 ] DEBUG Engine               - devEnableDebugCameraProperty: BooleanProperty [value: false]
23:14:12.784 [FXGL Background Thread 3 ] DEBUG Engine               - devSensorColorProperty: ObjectProperty [value: 0xffff00ff]
23:14:12.784 [FXGL Background Thread 3 ] DEBUG Engine               - devShowBBoxProperty: BooleanProperty [value: false]
23:14:12.784 [FXGL Background Thread 3 ] DEBUG Engine               - devShowPositionProperty: BooleanProperty [value: false]
23:14:12.784 [FXGL Background Thread 3 ] DEBUG Engine               - enabledMenuItems: []
23:14:12.784 [FXGL Background Thread 3 ] DEBUG Engine               - engineServices: [class com.almasb.fxgl.app.services.FXGLAssetLoaderService, class com.almasb.fxgl.app.FXGLApplication$GameApplicationService, class com.almasb.fxgl.app.services.FXGLDialogService, class com.almasb.fxgl.app.services.IOTaskExecutorService, class com.almasb.fxgl.io.FileSystemService, class com.almasb.fxgl.localization.LocalizationService, class com.almasb.fxgl.app.services.SystemBundleService, class com.almasb.fxgl.profile.SaveLoadService, class com.almasb.fxgl.ui.FXGLUIFactoryServiceProvider, class com.almasb.fxgl.ui.FXGLDialogFactoryServiceProvider, class com.almasb.fxgl.audio.AudioPlayer, class com.almasb.fxgl.notification.impl.NotificationServiceProvider, class com.almasb.fxgl.achievement.AchievementService, class com.almasb.fxgl.cutscene.CutsceneService, class com.almasb.fxgl.minigames.MiniGameService, class com.almasb.fxgl.net.NetService, class com.almasb.fxgl.app.services.UpdaterService, class com.almasb.fxgl.dev.DevService]
23:14:12.784 [FXGL Background Thread 3 ] DEBUG Engine               - fontGame: Abel-Regular.ttf
23:14:12.784 [FXGL Background Thread 3 ] DEBUG Engine               - fontMono: TerminalLandMono-Regular.otf
23:14:12.784 [FXGL Background Thread 3 ] DEBUG Engine               - fontText: Courier-Prime.ttf
23:14:12.784 [FXGL Background Thread 3 ] DEBUG Engine               - fontUI: VarelaRound-Regular.ttf
23:14:12.784 [FXGL Background Thread 3 ] DEBUG Engine               - fullScreen: BooleanProperty [value: false]
23:14:12.785 [FXGL Background Thread 3 ] DEBUG Engine               - gameDifficulty: MEDIUM
23:14:12.785 [FXGL Background Thread 3 ] DEBUG Engine               - gameDifficultyProperty: ObjectProperty [value: MEDIUM]
23:14:12.785 [FXGL Background Thread 3 ] DEBUG Engine               - globalMusicVolume: 0.5
23:14:12.785 [FXGL Background Thread 3 ] DEBUG Engine               - globalMusicVolumeProperty: DoubleProperty [value: 0.5]
23:14:12.785 [FXGL Background Thread 3 ] DEBUG Engine               - globalSoundVolume: 0.5
23:14:12.785 [FXGL Background Thread 3 ] DEBUG Engine               - globalSoundVolumeProperty: DoubleProperty [value: 0.5]
23:14:12.785 [FXGL Background Thread 3 ] DEBUG Engine               - height: 800
23:14:12.785 [FXGL Background Thread 3 ] DEBUG Engine               - is3D: false
23:14:12.785 [FXGL Background Thread 3 ] DEBUG Engine               - isAndroid: false
23:14:12.786 [FXGL Background Thread 3 ] DEBUG Engine               - isBrowser: false
23:14:12.786 [FXGL Background Thread 3 ] DEBUG Engine               - isClickFeedbackEnabled: false
23:14:12.786 [FXGL Background Thread 3 ] DEBUG Engine               - isCloseConfirmation: false
23:14:12.786 [FXGL Background Thread 3 ] DEBUG Engine               - isDesktop: true
23:14:12.786 [FXGL Background Thread 3 ] DEBUG Engine               - isDeveloperMenuEnabled: false
23:14:12.786 [FXGL Background Thread 3 ] DEBUG Engine               - isEmbedded: false
23:14:12.786 [FXGL Background Thread 3 ] DEBUG Engine               - isEntityPreloadEnabled: true
23:14:12.786 [FXGL Background Thread 3 ] DEBUG Engine               - isExperimentalTiledLargeMap: false
23:14:12.786 [FXGL Background Thread 3 ] DEBUG Engine               - isFileSystemWriteAllowed: true
23:14:12.786 [FXGL Background Thread 3 ] DEBUG Engine               - isFullScreenAllowed: false
23:14:12.787 [FXGL Background Thread 3 ] DEBUG Engine               - isFullScreenFromStart: false
23:14:12.787 [FXGL Background Thread 3 ] DEBUG Engine               - isGameMenuEnabled: true
23:14:12.787 [FXGL Background Thread 3 ] DEBUG Engine               - isIOS: false
23:14:12.787 [FXGL Background Thread 3 ] DEBUG Engine               - isIntroEnabled: false
23:14:12.787 [FXGL Background Thread 3 ] DEBUG Engine               - isLinux: false
23:14:12.787 [FXGL Background Thread 3 ] DEBUG Engine               - isMac: false
23:14:12.787 [FXGL Background Thread 3 ] DEBUG Engine               - isMainMenuEnabled: false
23:14:12.787 [FXGL Background Thread 3 ] DEBUG Engine               - isManualResizeEnabled: false
23:14:12.787 [FXGL Background Thread 3 ] DEBUG Engine               - isMobile: false
23:14:12.788 [FXGL Background Thread 3 ] DEBUG Engine               - isNative: false
23:14:12.788 [FXGL Background Thread 3 ] DEBUG Engine               - isPauseMusicWhenMinimized: true
23:14:12.788 [FXGL Background Thread 3 ] DEBUG Engine               - isPreserveResizeRatio: false
23:14:12.788 [FXGL Background Thread 3 ] DEBUG Engine               - isProfilingEnabled: false
23:14:12.788 [FXGL Background Thread 3 ] DEBUG Engine               - isScaleAffectedOnResize: true
23:14:12.788 [FXGL Background Thread 3 ] DEBUG Engine               - isSingleStep: false
23:14:12.788 [FXGL Background Thread 3 ] DEBUG Engine               - isUserProfileEnabled: false
23:14:12.788 [FXGL Background Thread 3 ] DEBUG Engine               - isWindows: true
23:14:12.788 [FXGL Background Thread 3 ] DEBUG Engine               - language: ObjectProperty [value: ENGLISH]
23:14:12.788 [FXGL Background Thread 3 ] DEBUG Engine               - menuKey: ESCAPE
23:14:12.788 [FXGL Background Thread 3 ] DEBUG Engine               - mouseSensitivity: 0.2
23:14:12.789 [FXGL Background Thread 3 ] DEBUG Engine               - notificationViewClass: class com.almasb.fxgl.notification.view.XboxNotificationView
23:14:12.789 [FXGL Background Thread 3 ] DEBUG Engine               - pixelsPerMeter: 50.0
23:14:12.789 [FXGL Background Thread 3 ] DEBUG Engine               - platform: WINDOWS
23:14:12.789 [FXGL Background Thread 3 ] DEBUG Engine               - prefHeightProperty: ReadOnlyDoubleProperty [value: 800.0]
23:14:12.789 [FXGL Background Thread 3 ] DEBUG Engine               - prefWidthProperty: ReadOnlyDoubleProperty [value: 800.0]
23:14:12.789 [FXGL Background Thread 3 ] DEBUG Engine               - profileDir: profiles/
23:14:12.789 [FXGL Background Thread 3 ] DEBUG Engine               - profileName: StringProperty [value: DEFAULT]
23:14:12.789 [FXGL Background Thread 3 ] DEBUG Engine               - randomSeed: -1
23:14:12.790 [FXGL Background Thread 3 ] DEBUG Engine               - runtimeInfo: RuntimeInfo(platform=WINDOWS, version=17.2, build=20.08.2022 16.50)
23:14:12.790 [FXGL Background Thread 3 ] DEBUG Engine               - saveFileExt: sav
23:14:12.790 [FXGL Background Thread 3 ] DEBUG Engine               - scaledHeightProp$fxgl: DoubleProperty [bound, value: 800.0]
23:14:12.790 [FXGL Background Thread 3 ] DEBUG Engine               - scaledWidthProp$fxgl: DoubleProperty [bound, value: 800.0]
23:14:12.791 [FXGL Background Thread 3 ] DEBUG Engine               - sceneFactory: com.almasb.fxgl.app.scene.SceneFactory@366edbed
23:14:12.791 [FXGL Background Thread 3 ] DEBUG Engine               - secondsIn24h: 60
23:14:12.791 [FXGL Background Thread 3 ] DEBUG Engine               - soundMenuBack: menu/back.wav
23:14:12.791 [FXGL Background Thread 3 ] DEBUG Engine               - soundMenuPress: menu/press.wav
23:14:12.791 [FXGL Background Thread 3 ] DEBUG Engine               - soundMenuSelect: menu/select.wav
23:14:12.791 [FXGL Background Thread 3 ] DEBUG Engine               - soundNotification: core/notification.wav
23:14:12.791 [FXGL Background Thread 3 ] DEBUG Engine               - stageStyle: DECORATED
23:14:12.791 [FXGL Background Thread 3 ] DEBUG Engine               - supportedLanguages: [ENGLISH, FRENCH, GERMAN, HUNGARIAN, RUSSIAN]
23:14:12.791 [FXGL Background Thread 3 ] DEBUG Engine               - ticksPerSecond: -1
23:14:12.791 [FXGL Background Thread 3 ] DEBUG Engine               - title: WorldHELL 0 
23:14:12.791 [FXGL Background Thread 3 ] DEBUG Engine               - urlGithub: https://github.com/AlmasB/FXGL
23:14:12.791 [FXGL Background Thread 3 ] DEBUG Engine               - urlLeaderboard: http://fxgl-top.herokuapp.com/
23:14:12.791 [FXGL Background Thread 3 ] DEBUG Engine               - urlPOM: https://raw.githubusercontent.com/AlmasB/FXGL/release/README.md
23:14:12.792 [FXGL Background Thread 3 ] DEBUG Engine               - userAppClass: class com.example.basicgameapp.BasicGameApp
23:14:12.792 [FXGL Background Thread 3 ] DEBUG Engine               - version: 0.1
23:14:12.792 [FXGL Background Thread 3 ] DEBUG Engine               - versionCheckDays: 7
23:14:12.792 [FXGL Background Thread 3 ] DEBUG Engine               - width: 800
23:14:12.792 [FXGL Background Thread 3 ] DEBUG Engine               - Logging services
23:14:12.792 [FXGL Background Thread 3 ] DEBUG Engine               - class com.almasb.fxgl.app.services.FXGLAssetLoaderService
23:14:12.792 [FXGL Background Thread 3 ] DEBUG Engine               - class com.almasb.fxgl.app.FXGLApplication$GameApplicationService
23:14:12.792 [FXGL Background Thread 3 ] DEBUG Engine               - class com.almasb.fxgl.app.services.FXGLDialogService
23:14:12.792 [FXGL Background Thread 3 ] DEBUG Engine               - class com.almasb.fxgl.app.services.IOTaskExecutorService
23:14:12.792 [FXGL Background Thread 3 ] DEBUG Engine               - class com.almasb.fxgl.io.FileSystemService
23:14:12.792 [FXGL Background Thread 3 ] DEBUG Engine               - class com.almasb.fxgl.localization.LocalizationService
23:14:12.792 [FXGL Background Thread 3 ] DEBUG Engine               - class com.almasb.fxgl.app.services.SystemBundleService
23:14:12.792 [FXGL Background Thread 3 ] DEBUG Engine               - class com.almasb.fxgl.profile.SaveLoadService
23:14:12.793 [FXGL Background Thread 3 ] DEBUG Engine               - class com.almasb.fxgl.ui.FXGLUIFactoryServiceProvider
23:14:12.793 [FXGL Background Thread 3 ] DEBUG Engine               - class com.almasb.fxgl.ui.FXGLDialogFactoryServiceProvider
23:14:12.793 [FXGL Background Thread 3 ] DEBUG Engine               - class com.almasb.fxgl.audio.AudioPlayer
23:14:12.793 [FXGL Background Thread 3 ] DEBUG Engine               - class com.almasb.fxgl.notification.impl.NotificationServiceProvider
23:14:12.793 [FXGL Background Thread 3 ] DEBUG Engine               - class com.almasb.fxgl.achievement.AchievementService
23:14:12.793 [FXGL Background Thread 3 ] DEBUG Engine               - class com.almasb.fxgl.cutscene.CutsceneService
23:14:12.793 [FXGL Background Thread 3 ] DEBUG Engine               - class com.almasb.fxgl.minigames.MiniGameService
23:14:12.793 [FXGL Background Thread 3 ] DEBUG Engine               - class com.almasb.fxgl.net.NetService
23:14:12.793 [FXGL Background Thread 3 ] DEBUG Engine               - class com.almasb.fxgl.app.services.UpdaterService
23:14:12.793 [FXGL Background Thread 3 ] DEBUG Engine               - class com.almasb.fxgl.dev.DevService
23:14:16.206 [JavaFX Application Thread] DEBUG FXGLAssetLoaderServi - Loading from file system: file:/C:/Users/majah/OneDrive/Desktop/world-hell/BasicGameApp/target/classes/assets/sounds/eagle_death.wav
23:14:18.782 [JavaFX Application Thread] DEBUG FXGLAssetLoaderServi - Loading from file system: file:/C:/Users/majah/OneDrive/Desktop/world-hell/BasicGameApp/target/classes/assets/sounds/slayy.wav
23:15:03.266 [JavaFX Application Thread] DEBUG FXGLApplication      - Exiting FXGL
23:15:03.266 [JavaFX Application Thread] DEBUG LoopRunner           - Stopping loop
23:15:03.266 [JavaFX Application Thread] DEBUG SystemBundleService  - Saving FXGL system data
23:15:03.271 [JavaFX Application Thread] DEBUG FileSystemAccess     - Writing to: C:\Users\majah\OneDrive\Desktop\world-hell\BasicGameApp\system\fxgl.bundle
23:15:03.275 [JavaFX Application Thread] DEBUG Async                - Shutting down background threads
23:15:03.275 [JavaFX Application Thread] DEBUG PrimaryStageWindow   - Closing main window
23:15:03.322 [JavaFX Application Thread] DEBUG Logger               - Closing Logger
