11:29:20.194 [main                     ] DEBUG Logger               - Configured Logger
11:29:20.215 [main                     ] DEBUG GameApplication      - Logging settings
Title: WorldHELL 0 
Version: 0.1
Width: 800
Height: 800
Fullscreen: false
Intro: false
Profiling: false
Single step:false
App Mode: DEVELOPER
Menu Key: ESCAPE
Stage Style: DECORATED
Scene Factory: class com.example.basicgameapp.BasicGameApp$1

11:29:20.416 [JavaFX Application Thread] DEBUG FXGLApplication      - Initializing FXGL
11:29:20.419 [JavaFX Application Thread] INFO  Engine               - FXGL-17.2 (20.08.2022 16.50) on LINUX (J:21.0.1 FX:20.0.1)
11:29:20.419 [JavaFX Application Thread] DEBUG Engine               - JRE Vendor Name: Oracle Corporation
11:29:20.419 [JavaFX Application Thread] DEBUG Engine               - Running on OS: Linux version 6.6.6-arch1-1
11:29:20.419 [JavaFX Application Thread] DEBUG Engine               - Architecture: amd64
11:29:20.419 [JavaFX Application Thread] INFO  Engine               - Source code and latest versions at: https://github.com/AlmasB/FXGL
11:29:20.420 [JavaFX Application Thread] INFO  Engine               -       Ask questions and discuss at: https://github.com/AlmasB/FXGL/discussions
11:29:20.420 [JavaFX Application Thread] INFO  Engine               -              Join the FXGL chat at: https://gitter.im/AlmasB/FXGL
11:29:20.460 [JavaFX Application Thread] DEBUG PrimaryStageWindow   - Creating a JavaFX scene
11:29:20.529 [JavaFX Application Thread] DEBUG PrimaryStageWindow   - Target settings size: 800.0 x 800.0
11:29:20.529 [JavaFX Application Thread] DEBUG PrimaryStageWindow   - Scaled scene size:    800.0 x 800.0
11:29:20.529 [JavaFX Application Thread] DEBUG PrimaryStageWindow   - Scaled ratio: (1.0, 1.0)
11:29:20.530 [JavaFX Application Thread] DEBUG PrimaryStageWindow   - Set initial scene to FXGLStartupScene
11:29:20.531 [JavaFX Application Thread] DEBUG PrimaryStageWindow   - Opening main window
11:29:20.549 [JavaFX Application Thread] DEBUG PrimaryStageWindow   - Window border size: (0.0, 28.0)
11:29:20.549 [JavaFX Application Thread] DEBUG PrimaryStageWindow   - Scaled size: 800.0 x 800.0
11:29:20.549 [JavaFX Application Thread] DEBUG PrimaryStageWindow   - Scaled ratio: (1.0, 1.0)
11:29:20.549 [JavaFX Application Thread] DEBUG PrimaryStageWindow   - Scene size: 800.0 x 800.0
11:29:20.550 [JavaFX Application Thread] DEBUG PrimaryStageWindow   - Stage size: 800.0 x 828.0
11:29:20.553 [FXGL Background Thread 1 ] DEBUG Engine               - Initializing environment variables
11:29:20.580 [FXGL Background Thread 1 ] DEBUG FXGLAssetLoaderServi - User app class for loading assets: class com.example.basicgameapp.BasicGameApp
11:29:20.580 [FXGL Background Thread 1 ] DEBUG GameApplicationServi - Applying CSS: fxgl_dark.css
11:29:20.580 [FXGL Background Thread 1 ] DEBUG FXGLAssetLoaderServi - Loading from file system: jar:file:///home/johnt/.m2/repository/com/github/almasb/fxgl/17.2/fxgl-17.2.jar!/fxglassets/ui/css/fxgl_dark.css
11:29:20.603 [FXGL Background Thread 1 ] DEBUG GameApplicationServi - Initializing application scenes
11:29:20.637 [FXGL Background Thread 1 ] DEBUG GameWorld            - Game world initialized
11:29:20.664 [FXGL Background Thread 1 ] DEBUG PhysicsWorld         - Physics world initialized: appHeight=800, physics.ppm=50.0
11:29:20.665 [FXGL Background Thread 1 ] DEBUG PhysicsWorld         - Using strategy: BRUTE_FORCE
11:29:20.667 [FXGL Background Thread 1 ] DEBUG GameScene            - Game scene initialized: 800x800
11:29:20.669 [FXGL Background Thread 1 ] DEBUG FXGLAssetLoaderServi - Loading from file system: file:/home/johnt/Documents/world-hell/BasicGameApp/target/classes/assets/textures/BG.png
11:29:20.710 [FXGL Background Thread 1 ] DEBUG GameApplicationServi - Application scenes initialized
11:29:20.718 [FXGL Background Thread 1 ] DEBUG SystemBundleService  - Loading FXGL system data
11:29:20.719 [FXGL Background Thread 1 ] DEBUG FileSystemAccess     - Reading from: /home/johnt/Documents/world-hell/BasicGameApp/system/fxgl.bundle
11:29:20.724 [FXGL Background Thread 1 ] DEBUG SystemBundleService  - Bundle FXGL: {}
11:29:20.724 [FXGL Background Thread 1 ] DEBUG UpdaterService       - Checking for updates
11:29:20.725 [FXGL Background Thread 4 ] DEBUG FXGLApplication      - Loading fonts
11:29:20.725 [FXGL Background Thread 1 ] DEBUG FXGLApplication      - Loading default localization
11:29:20.726 [FXGL Background Thread 4 ] DEBUG FXGLAssetLoaderServi - Loading from file system: jar:file:///home/johnt/.m2/repository/com/github/almasb/fxgl/17.2/fxgl-17.2.jar!/fxglassets/ui/fonts/VarelaRound-Regular.ttf
11:29:20.726 [FXGL Background Thread 1 ] DEBUG FXGLAssetLoaderServi - Loading from file system: jar:file:///home/johnt/.m2/repository/com/github/almasb/fxgl/17.2/fxgl-17.2.jar!/fxglassets/languages/english.lang
11:29:20.731 [FXGL Background Thread 4 ] DEBUG FXGLAssetLoaderServi - Loading from file system: jar:file:///home/johnt/.m2/repository/com/github/almasb/fxgl/17.2/fxgl-17.2.jar!/fxglassets/ui/fonts/Abel-Regular.ttf
11:29:20.732 [FXGL Background Thread 1 ] INFO  FXGLApplication      - FXGL initialization took: 0.179 sec
11:29:20.732 [FXGL Background Thread 4 ] DEBUG FXGLAssetLoaderServi - Loading from file system: jar:file:///home/johnt/.m2/repository/com/github/almasb/fxgl/17.2/fxgl-17.2.jar!/fxglassets/ui/fonts/TerminalLandMono-Regular.otf
11:29:20.734 [FXGL Background Thread 4 ] DEBUG FXGLAssetLoaderServi - Loading from file system: jar:file:///home/johnt/.m2/repository/com/github/almasb/fxgl/17.2/fxgl-17.2.jar!/fxglassets/ui/fonts/Courier-Prime.ttf
11:29:20.736 [JavaFX Application Thread] DEBUG Input                - Registered new binding: action0 - D
11:29:20.736 [JavaFX Application Thread] DEBUG Input                - Registered new binding: action1 - A
11:29:20.736 [JavaFX Application Thread] DEBUG Input                - Registered new binding: action2 - W
11:29:20.736 [JavaFX Application Thread] DEBUG Input                - Registered new binding: action3 - S
11:29:20.737 [JavaFX Application Thread] DEBUG FXGLAssetLoaderServi - Loading from file system: file:/home/johnt/Documents/world-hell/BasicGameApp/target/classes/assets/music/Rip%20&%20Tear%20Doom%20OST.mp3
11:29:20.829 [JavaFX Application Thread] DEBUG AudioPlayer          - Playing music com.almasb.fxgl.audio.Music@4c6b8860
11:29:20.829 [JavaFX Application Thread] DEBUG FXGLAssetLoaderServi - Loading from file system: jar:file:///home/johnt/.m2/repository/com/github/almasb/fxgl/17.2/fxgl-17.2.jar!/fxglassets/textures/fxgl_icon.png
11:29:20.850 [JavaFX Application Thread] DEBUG FXGLAssetLoaderServi - Loading from file system: jar:file:///home/johnt/.m2/repository/com/github/almasb/fxgl/17.2/fxgl-17.2.jar!/fxglassets/textures/fxgl_default_cursor.png
11:29:20.851 [JavaFX Application Thread] DEBUG Input                - Registered new binding: Screenshot - CTRL+8
11:29:20.852 [JavaFX Application Thread] DEBUG Input                - Registered new binding: System info dump - CTRL+9
11:29:20.852 [JavaFX Application Thread] DEBUG Input                - Registered new binding: Restart - CTRL+R
11:29:20.852 [JavaFX Application Thread] DEBUG Input                - Registered new binding: Toggle Debug Camera - CTRL+7
11:29:20.853 [JavaFX Application Thread] DEBUG LoopRunner           - Starting loop
11:29:20.853 [JavaFX Application Thread] DEBUG LoopRunner           - Initializing JavaFX AnimationTimerLoop
11:29:20.854 [JavaFX Application Thread] DEBUG Input                - Clearing active input actions
11:29:20.865 [JavaFX Application Thread] DEBUG GameApplicationServi - Removing overlay from FXGLStartupScene and adding to FXGLMainMenuDummyScene
11:29:20.865 [JavaFX Application Thread] DEBUG PrimaryStageWindow   - FXGLStartupScene -> FXGLMainMenuDummyScene
11:29:20.865 [JavaFX Application Thread] DEBUG PrimaryStageWindow   - Push state: WorldHellMenu
11:29:20.865 [JavaFX Application Thread] DEBUG Input                - Clearing active input actions
11:29:20.867 [JavaFX Application Thread] DEBUG GameApplicationServi - Removing overlay from FXGLMainMenuDummyScene and adding to WorldHellMenu
11:29:20.869 [JavaFX Application Thread] DEBUG PrimaryStageWindow   - FXGLMainMenuDummyScene -> WorldHellMenu
11:29:20.870 [JavaFX Application Thread] DEBUG FXGLApplication      - Registering font factories with UI factory
11:29:21.131 [FXGL Background Thread 2 ] INFO  UpdaterService       - Your current version:  17.2
11:29:21.131 [FXGL Background Thread 2 ] INFO  UpdaterService       - Latest stable version: 17.3
11:29:21.673 [JavaFX Application Thread] DEBUG Menu                 - fireNewGame()
11:29:21.673 [JavaFX Application Thread] DEBUG GameApplicationServi - Starting new game
11:29:21.673 [JavaFX Application Thread] DEBUG PrimaryStageWindow   - Pop state: WorldHellMenu
11:29:21.673 [JavaFX Application Thread] DEBUG Input                - Clearing active input actions
11:29:21.674 [JavaFX Application Thread] DEBUG GameApplicationServi - Removing overlay from WorldHellMenu and adding to FXGLMainMenuDummyScene
11:29:21.674 [JavaFX Application Thread] DEBUG PrimaryStageWindow   - FXGLMainMenuDummyScene <- WorldHellMenu
11:29:21.674 [JavaFX Application Thread] DEBUG Input                - Clearing active input actions
11:29:21.678 [JavaFX Application Thread] DEBUG GameApplicationServi - Removing overlay from FXGLMainMenuDummyScene and adding to FXGLLoadingScene
11:29:21.678 [JavaFX Application Thread] DEBUG PrimaryStageWindow   - FXGLMainMenuDummyScene -> FXGLLoadingScene
11:29:21.678 [JavaFX Application Thread] DEBUG GameApplicationServi - Clearing previous game
11:29:21.678 [JavaFX Application Thread] DEBUG GameScene            - Clearing game scene
11:29:21.678 [JavaFX Application Thread] DEBUG GameWorld            - Clearing game world
11:29:21.678 [JavaFX Application Thread] DEBUG PhysicsWorld         - Clearing physics world
11:29:21.679 [FXGL Background Thread 2 ] DEBUG FXGLApplication      - Initializing game
11:29:21.680 [FXGL Background Thread 2 ] DEBUG AudioPlayer          - Playing music com.almasb.fxgl.audio.Music@4c6b8860
11:29:21.680 [FXGL Background Thread 2 ] DEBUG FXGLAssetLoaderServi - Loading from file system: file:/home/johnt/Documents/world-hell/BasicGameApp/target/classes/assets/textures/bloody_paper2.jpg
11:29:21.693 [FXGL Background Thread 2 ] DEBUG FXGLAssetLoaderServi - Loading from file system: file:/home/johnt/Documents/world-hell/BasicGameApp/target/classes/assets/textures/girl_colored.png
11:29:21.707 [FXGL Background Thread 2 ] INFO  FXGLApplication      - Game initialization took: 0.028 sec
11:29:21.717 [JavaFX Application Thread] DEBUG Input                - Clearing active input actions
11:29:21.723 [JavaFX Application Thread] DEBUG GameApplicationServi - Removing overlay from FXGLLoadingScene and adding to GameScene
11:29:21.723 [JavaFX Application Thread] DEBUG PrimaryStageWindow   - FXGLLoadingScene -> GameScene
11:29:22.243 [JavaFX Application Thread] DEBUG FXGLAssetLoaderServi - Loading from file system: file:/home/johnt/Documents/world-hell/BasicGameApp/target/classes/assets/textures/zombie_colored.png
11:29:22.245 [JavaFX Application Thread] DEBUG FXGLAssetLoaderServi - Loading from file system: file:/home/johnt/Documents/world-hell/BasicGameApp/target/classes/assets/textures/eagle_colored.png
11:29:22.246 [JavaFX Application Thread] DEBUG FXGLAssetLoaderServi - Loading from file system: file:/home/johnt/Documents/world-hell/BasicGameApp/target/classes/assets/textures/bird_colored.png
11:29:22.722 [JavaFX Application Thread] DEBUG FXGLAssetLoaderServi - Loading from file system: file:/home/johnt/Documents/world-hell/BasicGameApp/target/classes/assets/textures/swipe.png
11:29:22.723 [JavaFX Application Thread] DEBUG FXGLAssetLoaderServi - Loading from file system: file:/home/johnt/Documents/world-hell/BasicGameApp/target/classes/assets/sounds/swipe.wav
11:29:23.723 [JavaFX Application Thread] DEBUG FXGLAssetLoaderServi - Loading from file system: file:/home/johnt/Documents/world-hell/BasicGameApp/target/classes/assets/sounds/zombie_pain.wav
11:29:23.725 [FXGL Background Thread 3 ] DEBUG Engine               - Logging environment variables
11:29:23.726 [FXGL Background Thread 3 ] DEBUG Engine               - achievements: []
11:29:23.726 [FXGL Background Thread 3 ] DEBUG Engine               - actualHeight: 800.0
11:29:23.726 [FXGL Background Thread 3 ] DEBUG Engine               - actualHeightProperty: ReadOnlyDoubleProperty [value: 800.0]
11:29:23.727 [FXGL Background Thread 3 ] DEBUG Engine               - actualWidth: 800.0
11:29:23.727 [JavaFX Application Thread] DEBUG FXGLAssetLoaderServi - Loading from file system: file:/home/johnt/Documents/world-hell/BasicGameApp/target/classes/assets/textures/pisos.png
11:29:23.727 [FXGL Background Thread 3 ] DEBUG Engine               - actualWidthProperty: ReadOnlyDoubleProperty [value: 800.0]
11:29:23.727 [FXGL Background Thread 3 ] DEBUG Engine               - appIcon: fxgl_icon.png
11:29:23.727 [FXGL Background Thread 3 ] DEBUG Engine               - applicationMode: DEVELOPER
11:29:23.727 [FXGL Background Thread 3 ] DEBUG Engine               - cSSList: [fxgl_dark.css]
11:29:23.727 [FXGL Background Thread 3 ] DEBUG Engine               - collisionDetectionStrategy: BRUTE_FORCE
11:29:23.727 [FXGL Background Thread 3 ] DEBUG Engine               - configClass: Optional.empty
11:29:23.727 [FXGL Background Thread 3 ] DEBUG Engine               - credits: []
11:29:23.729 [FXGL Background Thread 3 ] DEBUG Engine               - defaultCursor: CursorInfo(imageName=fxgl_default_cursor.png, hotspotX=7.0, hotspotY=6.0)
11:29:23.730 [FXGL Background Thread 3 ] DEBUG Engine               - devBBoxColorProperty: ObjectProperty [value: 0xff0000ff]
11:29:23.730 [FXGL Background Thread 3 ] DEBUG Engine               - devEnableDebugCameraProperty: BooleanProperty [value: false]
11:29:23.730 [FXGL Background Thread 3 ] DEBUG Engine               - devSensorColorProperty: ObjectProperty [value: 0xffff00ff]
11:29:23.731 [FXGL Background Thread 3 ] DEBUG Engine               - devShowBBoxProperty: BooleanProperty [value: false]
11:29:23.731 [FXGL Background Thread 3 ] DEBUG Engine               - devShowPositionProperty: BooleanProperty [value: false]
11:29:23.731 [FXGL Background Thread 3 ] DEBUG Engine               - enabledMenuItems: []
11:29:23.731 [FXGL Background Thread 3 ] DEBUG Engine               - engineServices: [class com.almasb.fxgl.app.services.FXGLAssetLoaderService, class com.almasb.fxgl.app.FXGLApplication$GameApplicationService, class com.almasb.fxgl.app.services.FXGLDialogService, class com.almasb.fxgl.app.services.IOTaskExecutorService, class com.almasb.fxgl.io.FileSystemService, class com.almasb.fxgl.localization.LocalizationService, class com.almasb.fxgl.app.services.SystemBundleService, class com.almasb.fxgl.profile.SaveLoadService, class com.almasb.fxgl.ui.FXGLUIFactoryServiceProvider, class com.almasb.fxgl.ui.FXGLDialogFactoryServiceProvider, class com.almasb.fxgl.audio.AudioPlayer, class com.almasb.fxgl.notification.impl.NotificationServiceProvider, class com.almasb.fxgl.achievement.AchievementService, class com.almasb.fxgl.cutscene.CutsceneService, class com.almasb.fxgl.minigames.MiniGameService, class com.almasb.fxgl.net.NetService, class com.almasb.fxgl.app.services.UpdaterService, class com.almasb.fxgl.dev.DevService]
11:29:23.731 [FXGL Background Thread 3 ] DEBUG Engine               - fontGame: Abel-Regular.ttf
11:29:23.731 [FXGL Background Thread 3 ] DEBUG Engine               - fontMono: TerminalLandMono-Regular.otf
11:29:23.731 [FXGL Background Thread 3 ] DEBUG Engine               - fontText: Courier-Prime.ttf
11:29:23.731 [FXGL Background Thread 3 ] DEBUG Engine               - fontUI: VarelaRound-Regular.ttf
11:29:23.731 [FXGL Background Thread 3 ] DEBUG Engine               - fullScreen: BooleanProperty [value: false]
11:29:23.731 [FXGL Background Thread 3 ] DEBUG Engine               - gameDifficulty: MEDIUM
11:29:23.731 [FXGL Background Thread 3 ] DEBUG Engine               - gameDifficultyProperty: ObjectProperty [value: MEDIUM]
11:29:23.732 [FXGL Background Thread 3 ] DEBUG Engine               - globalMusicVolume: 0.5
11:29:23.732 [FXGL Background Thread 3 ] DEBUG Engine               - globalMusicVolumeProperty: DoubleProperty [value: 0.2]
11:29:23.732 [FXGL Background Thread 3 ] DEBUG Engine               - globalSoundVolume: 0.5
11:29:23.732 [FXGL Background Thread 3 ] DEBUG Engine               - globalSoundVolumeProperty: DoubleProperty [value: 0.5]
11:29:23.732 [FXGL Background Thread 3 ] DEBUG Engine               - height: 800
11:29:23.732 [FXGL Background Thread 3 ] DEBUG Engine               - is3D: false
11:29:23.732 [FXGL Background Thread 3 ] DEBUG Engine               - isAndroid: false
11:29:23.732 [FXGL Background Thread 3 ] DEBUG Engine               - isBrowser: false
11:29:23.732 [FXGL Background Thread 3 ] DEBUG Engine               - isClickFeedbackEnabled: false
11:29:23.732 [FXGL Background Thread 3 ] DEBUG Engine               - isCloseConfirmation: false
11:29:23.732 [FXGL Background Thread 3 ] DEBUG Engine               - isDesktop: true
11:29:23.732 [FXGL Background Thread 3 ] DEBUG Engine               - isDeveloperMenuEnabled: false
11:29:23.733 [FXGL Background Thread 3 ] DEBUG Engine               - isEmbedded: false
11:29:23.733 [FXGL Background Thread 3 ] DEBUG Engine               - isEntityPreloadEnabled: true
11:29:23.733 [FXGL Background Thread 3 ] DEBUG Engine               - isExperimentalTiledLargeMap: false
11:29:23.733 [FXGL Background Thread 3 ] DEBUG Engine               - isFileSystemWriteAllowed: true
11:29:23.733 [FXGL Background Thread 3 ] DEBUG Engine               - isFullScreenAllowed: false
11:29:23.733 [FXGL Background Thread 3 ] DEBUG Engine               - isFullScreenFromStart: false
11:29:23.733 [FXGL Background Thread 3 ] DEBUG Engine               - isGameMenuEnabled: true
11:29:23.733 [FXGL Background Thread 3 ] DEBUG Engine               - isIOS: false
11:29:23.733 [FXGL Background Thread 3 ] DEBUG Engine               - isIntroEnabled: false
11:29:23.733 [FXGL Background Thread 3 ] DEBUG Engine               - isLinux: true
11:29:23.733 [FXGL Background Thread 3 ] DEBUG Engine               - isMac: false
11:29:23.733 [FXGL Background Thread 3 ] DEBUG Engine               - isMainMenuEnabled: true
11:29:23.733 [FXGL Background Thread 3 ] DEBUG Engine               - isManualResizeEnabled: false
11:29:23.733 [FXGL Background Thread 3 ] DEBUG Engine               - isMobile: false
11:29:23.733 [FXGL Background Thread 3 ] DEBUG Engine               - isNative: false
11:29:23.733 [FXGL Background Thread 3 ] DEBUG Engine               - isPauseMusicWhenMinimized: true
11:29:23.733 [FXGL Background Thread 3 ] DEBUG Engine               - isPreserveResizeRatio: false
11:29:23.733 [FXGL Background Thread 3 ] DEBUG Engine               - isProfilingEnabled: false
11:29:23.734 [FXGL Background Thread 3 ] DEBUG Engine               - isScaleAffectedOnResize: true
11:29:23.734 [FXGL Background Thread 3 ] DEBUG Engine               - isSingleStep: false
11:29:23.734 [FXGL Background Thread 3 ] DEBUG Engine               - isUserProfileEnabled: false
11:29:23.734 [FXGL Background Thread 3 ] DEBUG Engine               - isWindows: false
11:29:23.734 [FXGL Background Thread 3 ] DEBUG Engine               - language: ObjectProperty [value: ENGLISH]
11:29:23.734 [FXGL Background Thread 3 ] DEBUG Engine               - menuKey: ESCAPE
11:29:23.734 [FXGL Background Thread 3 ] DEBUG Engine               - mouseSensitivity: 0.2
11:29:23.734 [FXGL Background Thread 3 ] DEBUG Engine               - notificationViewClass: class com.almasb.fxgl.notification.view.XboxNotificationView
11:29:23.734 [FXGL Background Thread 3 ] DEBUG Engine               - pixelsPerMeter: 50.0
11:29:23.734 [FXGL Background Thread 3 ] DEBUG Engine               - platform: LINUX
11:29:23.734 [FXGL Background Thread 3 ] DEBUG Engine               - prefHeightProperty: ReadOnlyDoubleProperty [value: 800.0]
11:29:23.734 [FXGL Background Thread 3 ] DEBUG Engine               - prefWidthProperty: ReadOnlyDoubleProperty [value: 800.0]
11:29:23.734 [FXGL Background Thread 3 ] DEBUG Engine               - profileDir: profiles/
11:29:23.735 [FXGL Background Thread 3 ] DEBUG Engine               - profileName: StringProperty [value: DEFAULT]
11:29:23.735 [FXGL Background Thread 3 ] DEBUG Engine               - randomSeed: -1
11:29:23.735 [FXGL Background Thread 3 ] DEBUG Engine               - runtimeInfo: RuntimeInfo(platform=LINUX, version=17.2, build=20.08.2022 16.50)
11:29:23.735 [FXGL Background Thread 3 ] DEBUG Engine               - saveFileExt: sav
11:29:23.735 [FXGL Background Thread 3 ] DEBUG Engine               - scaledHeightProp$fxgl: DoubleProperty [bound, value: 800.0]
11:29:23.735 [FXGL Background Thread 3 ] DEBUG Engine               - scaledWidthProp$fxgl: DoubleProperty [bound, value: 800.0]
11:29:23.735 [FXGL Background Thread 3 ] DEBUG Engine               - sceneFactory: com.example.basicgameapp.BasicGameApp$1@2ed10fb8
11:29:23.736 [FXGL Background Thread 3 ] DEBUG Engine               - secondsIn24h: 60
11:29:23.736 [FXGL Background Thread 3 ] DEBUG Engine               - soundMenuBack: menu/back.wav
11:29:23.736 [FXGL Background Thread 3 ] DEBUG Engine               - soundMenuPress: menu/press.wav
11:29:23.736 [FXGL Background Thread 3 ] DEBUG Engine               - soundMenuSelect: menu/select.wav
11:29:23.736 [FXGL Background Thread 3 ] DEBUG Engine               - soundNotification: core/notification.wav
11:29:23.736 [FXGL Background Thread 3 ] DEBUG Engine               - stageStyle: DECORATED
11:29:23.736 [FXGL Background Thread 3 ] DEBUG Engine               - supportedLanguages: [ENGLISH, FRENCH, GERMAN, HUNGARIAN, RUSSIAN]
11:29:23.736 [FXGL Background Thread 3 ] DEBUG Engine               - ticksPerSecond: -1
11:29:23.736 [FXGL Background Thread 3 ] DEBUG Engine               - title: WorldHELL 0 
11:29:23.736 [FXGL Background Thread 3 ] DEBUG Engine               - urlGithub: https://github.com/AlmasB/FXGL
11:29:23.736 [FXGL Background Thread 3 ] DEBUG Engine               - urlLeaderboard: http://fxgl-top.herokuapp.com/
11:29:23.736 [FXGL Background Thread 3 ] DEBUG Engine               - urlPOM: https://raw.githubusercontent.com/AlmasB/FXGL/release/README.md
11:29:23.736 [FXGL Background Thread 3 ] DEBUG Engine               - userAppClass: class com.example.basicgameapp.BasicGameApp
11:29:23.736 [FXGL Background Thread 3 ] DEBUG Engine               - version: 0.1
11:29:23.736 [FXGL Background Thread 3 ] DEBUG Engine               - versionCheckDays: 7
11:29:23.736 [FXGL Background Thread 3 ] DEBUG Engine               - width: 800
11:29:23.737 [FXGL Background Thread 3 ] DEBUG Engine               - Logging services
11:29:23.737 [FXGL Background Thread 3 ] DEBUG Engine               - class com.almasb.fxgl.app.services.FXGLAssetLoaderService
11:29:23.737 [FXGL Background Thread 3 ] DEBUG Engine               - class com.almasb.fxgl.app.FXGLApplication$GameApplicationService
11:29:23.737 [FXGL Background Thread 3 ] DEBUG Engine               - class com.almasb.fxgl.app.services.FXGLDialogService
11:29:23.737 [FXGL Background Thread 3 ] DEBUG Engine               - class com.almasb.fxgl.app.services.IOTaskExecutorService
11:29:23.737 [FXGL Background Thread 3 ] DEBUG Engine               - class com.almasb.fxgl.io.FileSystemService
11:29:23.737 [FXGL Background Thread 3 ] DEBUG Engine               - class com.almasb.fxgl.localization.LocalizationService
11:29:23.737 [FXGL Background Thread 3 ] DEBUG Engine               - class com.almasb.fxgl.app.services.SystemBundleService
11:29:23.737 [FXGL Background Thread 3 ] DEBUG Engine               - class com.almasb.fxgl.profile.SaveLoadService
11:29:23.737 [FXGL Background Thread 3 ] DEBUG Engine               - class com.almasb.fxgl.ui.FXGLUIFactoryServiceProvider
11:29:23.737 [FXGL Background Thread 3 ] DEBUG Engine               - class com.almasb.fxgl.ui.FXGLDialogFactoryServiceProvider
11:29:23.737 [FXGL Background Thread 3 ] DEBUG Engine               - class com.almasb.fxgl.audio.AudioPlayer
11:29:23.737 [FXGL Background Thread 3 ] DEBUG Engine               - class com.almasb.fxgl.notification.impl.NotificationServiceProvider
11:29:23.737 [FXGL Background Thread 3 ] DEBUG Engine               - class com.almasb.fxgl.achievement.AchievementService
11:29:23.737 [FXGL Background Thread 3 ] DEBUG Engine               - class com.almasb.fxgl.cutscene.CutsceneService
11:29:23.737 [FXGL Background Thread 3 ] DEBUG Engine               - class com.almasb.fxgl.minigames.MiniGameService
11:29:23.737 [FXGL Background Thread 3 ] DEBUG Engine               - class com.almasb.fxgl.net.NetService
11:29:23.737 [FXGL Background Thread 3 ] DEBUG Engine               - class com.almasb.fxgl.app.services.UpdaterService
11:29:23.737 [FXGL Background Thread 3 ] DEBUG Engine               - class com.almasb.fxgl.dev.DevService
11:29:24.173 [JavaFX Application Thread] DEBUG FXGLAssetLoaderServi - Loading from file system: file:/home/johnt/Documents/world-hell/BasicGameApp/target/classes/assets/sounds/coin_get.wav
11:29:24.726 [JavaFX Application Thread] DEBUG FXGLAssetLoaderServi - Loading from file system: file:/home/johnt/Documents/world-hell/BasicGameApp/target/classes/assets/sounds/bird_death.wav
11:29:27.760 [JavaFX Application Thread] DEBUG FXGLAssetLoaderServi - Loading from file system: file:/home/johnt/Documents/world-hell/BasicGameApp/target/classes/assets/sounds/eagle_death.wav
11:29:43.644 [JavaFX Application Thread] DEBUG AudioPlayer          - Pausing music com.almasb.fxgl.audio.Music@4c6b8860
11:29:43.685 [JavaFX Application Thread] DEBUG LoopRunner           - Pausing loop
11:29:43.689 [JavaFX Application Thread] DEBUG FXGLAssetLoaderServi - Loading from file system: file:/home/johnt/Documents/world-hell/BasicGameApp/target/classes/assets/textures/joshua.jpg
11:29:43.694 [JavaFX Application Thread] DEBUG PrimaryStageWindow   - Push state: DialogSubScene
11:29:43.694 [JavaFX Application Thread] DEBUG Input                - Clearing active input actions
11:29:43.696 [JavaFX Application Thread] DEBUG GameApplicationServi - Removing overlay from GameScene and adding to DialogSubScene
11:29:43.696 [JavaFX Application Thread] DEBUG PrimaryStageWindow   - GameScene -> DialogSubScene
11:29:43.697 [JavaFX Application Thread] DEBUG AudioPlayer          - Stopping music com.almasb.fxgl.audio.Music@4c6b8860
11:29:51.675 [JavaFX Application Thread] DEBUG FXGLApplication      - Exiting FXGL
11:29:51.675 [JavaFX Application Thread] DEBUG LoopRunner           - Stopping loop
11:29:51.675 [JavaFX Application Thread] DEBUG SystemBundleService  - Saving FXGL system data
11:29:51.678 [JavaFX Application Thread] DEBUG FileSystemAccess     - Writing to: /home/johnt/Documents/world-hell/BasicGameApp/system/fxgl.bundle
11:29:51.680 [JavaFX Application Thread] DEBUG Async                - Shutting down background threads
11:29:51.680 [JavaFX Application Thread] DEBUG PrimaryStageWindow   - Closing main window
11:29:51.681 [JavaFX Application Thread] DEBUG Logger               - Closing Logger
