17:20:41.983 [main                     ] DEBUG Logger               - Configured Logger
17:20:42.014 [main                     ] DEBUG GameApplication      - Logging settings
Title: WorldHELL 0 
Version: 0.1
Width: 800
Height: 800
Fullscreen: false
Intro: false
Profiling: false
Single step:false
App Mode: DEVELOPER
Menu Key: ESCAPE
Stage Style: DECORATED
Scene Factory: class com.example.basicgameapp.BasicGameApp$1

17:20:42.375 [JavaFX Application Thread] DEBUG FXGLApplication      - Initializing FXGL
17:20:42.380 [JavaFX Application Thread] INFO  Engine               - FXGL-17.2 (20.08.2022 16.50) on WINDOWS (J:20.0.2 FX:20.0.1)
17:20:42.381 [JavaFX Application Thread] DEBUG Engine               - JRE Vendor Name: Oracle Corporation
17:20:42.381 [JavaFX Application Thread] DEBUG Engine               - Running on OS: Windows 11 version 10.0
17:20:42.381 [JavaFX Application Thread] DEBUG Engine               - Architecture: amd64
17:20:42.382 [JavaFX Application Thread] INFO  Engine               - Source code and latest versions at: https://github.com/AlmasB/FXGL
17:20:42.382 [JavaFX Application Thread] INFO  Engine               -       Ask questions and discuss at: https://github.com/AlmasB/FXGL/discussions
17:20:42.382 [JavaFX Application Thread] INFO  Engine               -              Join the FXGL chat at: https://gitter.im/AlmasB/FXGL
17:20:42.479 [JavaFX Application Thread] DEBUG PrimaryStageWindow   - Creating a JavaFX scene
17:20:42.533 [JavaFX Application Thread] DEBUG PrimaryStageWindow   - Target settings size: 800.0 x 800.0
17:20:42.533 [JavaFX Application Thread] DEBUG PrimaryStageWindow   - Scaled scene size:    800.0 x 800.0
17:20:42.533 [JavaFX Application Thread] DEBUG PrimaryStageWindow   - Scaled ratio: (1.0, 1.0)
17:20:42.534 [JavaFX Application Thread] DEBUG PrimaryStageWindow   - Set initial scene to FXGLStartupScene
17:20:42.538 [JavaFX Application Thread] DEBUG PrimaryStageWindow   - Opening main window
17:20:42.631 [JavaFX Application Thread] DEBUG PrimaryStageWindow   - Window border size: (14.4000244140625, 37.5999755859375)
17:20:42.631 [JavaFX Application Thread] DEBUG PrimaryStageWindow   - Scaled size: 800.0 x 800.0
17:20:42.631 [JavaFX Application Thread] DEBUG PrimaryStageWindow   - Scaled ratio: (1.0, 1.0)
17:20:42.632 [JavaFX Application Thread] DEBUG PrimaryStageWindow   - Scene size: 800.0 x 800.0
17:20:42.632 [JavaFX Application Thread] DEBUG PrimaryStageWindow   - Stage size: 814.4000244140625 x 837.5999755859375
17:20:42.643 [FXGL Background Thread 1 ] DEBUG Engine               - Initializing environment variables
17:20:42.700 [FXGL Background Thread 1 ] DEBUG FXGLAssetLoaderServi - User app class for loading assets: class com.example.basicgameapp.BasicGameApp
17:20:42.701 [FXGL Background Thread 1 ] DEBUG GameApplicationServi - Applying CSS: fxgl_dark.css
17:20:42.702 [FXGL Background Thread 1 ] DEBUG FXGLAssetLoaderServi - Loading from file system: jar:file:///C:/Users/majah/.m2/repository/com/github/almasb/fxgl/17.2/fxgl-17.2.jar!/fxglassets/ui/css/fxgl_dark.css
17:20:42.756 [FXGL Background Thread 1 ] DEBUG GameApplicationServi - Initializing application scenes
17:20:42.803 [FXGL Background Thread 1 ] DEBUG GameWorld            - Game world initialized
17:20:42.873 [FXGL Background Thread 1 ] DEBUG PhysicsWorld         - Physics world initialized: appHeight=800, physics.ppm=50.0
17:20:42.874 [FXGL Background Thread 1 ] DEBUG PhysicsWorld         - Using strategy: BRUTE_FORCE
17:20:42.879 [FXGL Background Thread 1 ] DEBUG GameScene            - Game scene initialized: 800x800
17:20:43.000 [FXGL Background Thread 1 ] DEBUG GameApplicationServi - Application scenes initialized
17:20:43.020 [FXGL Background Thread 1 ] DEBUG SystemBundleService  - Loading FXGL system data
17:20:43.025 [FXGL Background Thread 1 ] DEBUG FileSystemAccess     - Reading from: C:\Users\majah\OneDrive\Desktop\world-hell\BasicGameApp\system\fxgl.bundle
17:20:43.036 [FXGL Background Thread 1 ] DEBUG SystemBundleService  - Bundle FXGL: {}
17:20:43.036 [FXGL Background Thread 1 ] DEBUG UpdaterService       - Checking for updates
17:20:43.044 [FXGL Background Thread 4 ] DEBUG FXGLApplication      - Loading fonts
17:20:43.045 [FXGL Background Thread 1 ] DEBUG FXGLApplication      - Loading default localization
17:20:43.045 [FXGL Background Thread 1 ] DEBUG FXGLAssetLoaderServi - Loading from file system: jar:file:///C:/Users/majah/.m2/repository/com/github/almasb/fxgl/17.2/fxgl-17.2.jar!/fxglassets/languages/english.lang
17:20:43.046 [FXGL Background Thread 4 ] DEBUG FXGLAssetLoaderServi - Loading from file system: jar:file:///C:/Users/majah/.m2/repository/com/github/almasb/fxgl/17.2/fxgl-17.2.jar!/fxglassets/ui/fonts/VarelaRound-Regular.ttf
17:20:43.086 [FXGL Background Thread 1 ] INFO  FXGLApplication      - FXGL initialization took: 0.444 sec
17:20:43.099 [JavaFX Application Thread] DEBUG Input                - Registered new binding: action0 - D
17:20:43.100 [JavaFX Application Thread] DEBUG Input                - Registered new binding: action1 - A
17:20:43.101 [JavaFX Application Thread] DEBUG Input                - Registered new binding: action2 - W
17:20:43.101 [JavaFX Application Thread] DEBUG Input                - Registered new binding: action3 - S
17:20:43.102 [JavaFX Application Thread] DEBUG FXGLAssetLoaderServi - Loading from file system: jar:file:///C:/Users/majah/.m2/repository/com/github/almasb/fxgl/17.2/fxgl-17.2.jar!/fxglassets/textures/fxgl_icon.png
17:20:43.125 [JavaFX Application Thread] DEBUG FXGLAssetLoaderServi - Loading from file system: jar:file:///C:/Users/majah/.m2/repository/com/github/almasb/fxgl/17.2/fxgl-17.2.jar!/fxglassets/textures/fxgl_default_cursor.png
17:20:43.127 [JavaFX Application Thread] DEBUG Input                - Registered new binding: Screenshot - CTRL+8
17:20:43.128 [JavaFX Application Thread] DEBUG Input                - Registered new binding: System info dump - CTRL+9
17:20:43.129 [JavaFX Application Thread] DEBUG Input                - Registered new binding: Restart - CTRL+R
17:20:43.130 [JavaFX Application Thread] DEBUG Input                - Registered new binding: Toggle Debug Camera - CTRL+7
17:20:43.134 [JavaFX Application Thread] DEBUG LoopRunner           - Starting loop
17:20:43.134 [JavaFX Application Thread] DEBUG LoopRunner           - Initializing JavaFX AnimationTimerLoop
17:20:43.137 [JavaFX Application Thread] DEBUG Input                - Clearing active input actions
17:20:43.144 [JavaFX Application Thread] DEBUG GameApplicationServi - Removing overlay from FXGLStartupScene and adding to FXGLMainMenuDummyScene
17:20:43.145 [JavaFX Application Thread] DEBUG PrimaryStageWindow   - FXGLStartupScene -> FXGLMainMenuDummyScene
17:20:43.145 [JavaFX Application Thread] DEBUG PrimaryStageWindow   - Push state: WorldHellMenu
17:20:43.146 [JavaFX Application Thread] DEBUG Input                - Clearing active input actions
17:20:43.150 [JavaFX Application Thread] DEBUG GameApplicationServi - Removing overlay from FXGLMainMenuDummyScene and adding to WorldHellMenu
17:20:43.151 [JavaFX Application Thread] DEBUG PrimaryStageWindow   - FXGLMainMenuDummyScene -> WorldHellMenu
17:20:43.185 [FXGL Background Thread 4 ] DEBUG FXGLAssetLoaderServi - Loading from file system: jar:file:///C:/Users/majah/.m2/repository/com/github/almasb/fxgl/17.2/fxgl-17.2.jar!/fxglassets/ui/fonts/Abel-Regular.ttf
17:20:43.190 [FXGL Background Thread 4 ] DEBUG FXGLAssetLoaderServi - Loading from file system: jar:file:///C:/Users/majah/.m2/repository/com/github/almasb/fxgl/17.2/fxgl-17.2.jar!/fxglassets/ui/fonts/TerminalLandMono-Regular.otf
17:20:43.194 [FXGL Background Thread 4 ] DEBUG FXGLAssetLoaderServi - Loading from file system: jar:file:///C:/Users/majah/.m2/repository/com/github/almasb/fxgl/17.2/fxgl-17.2.jar!/fxglassets/ui/fonts/Courier-Prime.ttf
17:20:43.201 [JavaFX Application Thread] DEBUG FXGLApplication      - Registering font factories with UI factory
17:20:43.580 [FXGL Background Thread 2 ] INFO  UpdaterService       - Your current version:  17.2
17:20:43.581 [FXGL Background Thread 2 ] INFO  UpdaterService       - Latest stable version: 17.3
17:20:46.043 [FXGL Background Thread 3 ] DEBUG Engine               - Logging environment variables
17:20:46.044 [FXGL Background Thread 3 ] DEBUG Engine               - achievements: []
17:20:46.045 [FXGL Background Thread 3 ] DEBUG Engine               - actualHeight: 800.0
17:20:46.045 [FXGL Background Thread 3 ] DEBUG Engine               - actualHeightProperty: ReadOnlyDoubleProperty [value: 800.0]
17:20:46.045 [FXGL Background Thread 3 ] DEBUG Engine               - actualWidth: 800.0
17:20:46.045 [FXGL Background Thread 3 ] DEBUG Engine               - actualWidthProperty: ReadOnlyDoubleProperty [value: 800.0]
17:20:46.045 [FXGL Background Thread 3 ] DEBUG Engine               - appIcon: fxgl_icon.png
17:20:46.045 [FXGL Background Thread 3 ] DEBUG Engine               - applicationMode: DEVELOPER
17:20:46.046 [FXGL Background Thread 3 ] DEBUG Engine               - cSSList: [fxgl_dark.css]
17:20:46.046 [FXGL Background Thread 3 ] DEBUG Engine               - collisionDetectionStrategy: BRUTE_FORCE
17:20:46.046 [FXGL Background Thread 3 ] DEBUG Engine               - configClass: Optional.empty
17:20:46.046 [FXGL Background Thread 3 ] DEBUG Engine               - credits: []
17:20:46.049 [FXGL Background Thread 3 ] DEBUG Engine               - defaultCursor: CursorInfo(imageName=fxgl_default_cursor.png, hotspotX=7.0, hotspotY=6.0)
17:20:46.050 [FXGL Background Thread 3 ] DEBUG Engine               - devBBoxColorProperty: ObjectProperty [value: 0xff0000ff]
17:20:46.050 [FXGL Background Thread 3 ] DEBUG Engine               - devEnableDebugCameraProperty: BooleanProperty [value: false]
17:20:46.050 [FXGL Background Thread 3 ] DEBUG Engine               - devSensorColorProperty: ObjectProperty [value: 0xffff00ff]
17:20:46.051 [FXGL Background Thread 3 ] DEBUG Engine               - devShowBBoxProperty: BooleanProperty [value: false]
17:20:46.051 [FXGL Background Thread 3 ] DEBUG Engine               - devShowPositionProperty: BooleanProperty [value: false]
17:20:46.051 [FXGL Background Thread 3 ] DEBUG Engine               - enabledMenuItems: []
17:20:46.051 [FXGL Background Thread 3 ] DEBUG Engine               - engineServices: [class com.almasb.fxgl.app.services.FXGLAssetLoaderService, class com.almasb.fxgl.app.FXGLApplication$GameApplicationService, class com.almasb.fxgl.app.services.FXGLDialogService, class com.almasb.fxgl.app.services.IOTaskExecutorService, class com.almasb.fxgl.io.FileSystemService, class com.almasb.fxgl.localization.LocalizationService, class com.almasb.fxgl.app.services.SystemBundleService, class com.almasb.fxgl.profile.SaveLoadService, class com.almasb.fxgl.ui.FXGLUIFactoryServiceProvider, class com.almasb.fxgl.ui.FXGLDialogFactoryServiceProvider, class com.almasb.fxgl.audio.AudioPlayer, class com.almasb.fxgl.notification.impl.NotificationServiceProvider, class com.almasb.fxgl.achievement.AchievementService, class com.almasb.fxgl.cutscene.CutsceneService, class com.almasb.fxgl.minigames.MiniGameService, class com.almasb.fxgl.net.NetService, class com.almasb.fxgl.app.services.UpdaterService, class com.almasb.fxgl.dev.DevService]
17:20:46.051 [FXGL Background Thread 3 ] DEBUG Engine               - fontGame: Abel-Regular.ttf
17:20:46.052 [FXGL Background Thread 3 ] DEBUG Engine               - fontMono: TerminalLandMono-Regular.otf
17:20:46.052 [FXGL Background Thread 3 ] DEBUG Engine               - fontText: Courier-Prime.ttf
17:20:46.052 [FXGL Background Thread 3 ] DEBUG Engine               - fontUI: VarelaRound-Regular.ttf
17:20:46.052 [FXGL Background Thread 3 ] DEBUG Engine               - fullScreen: BooleanProperty [value: false]
17:20:46.052 [FXGL Background Thread 3 ] DEBUG Engine               - gameDifficulty: MEDIUM
17:20:46.053 [FXGL Background Thread 3 ] DEBUG Engine               - gameDifficultyProperty: ObjectProperty [value: MEDIUM]
17:20:46.053 [FXGL Background Thread 3 ] DEBUG Engine               - globalMusicVolume: 0.5
17:20:46.053 [FXGL Background Thread 3 ] DEBUG Engine               - globalMusicVolumeProperty: DoubleProperty [value: 0.5]
17:20:46.053 [FXGL Background Thread 3 ] DEBUG Engine               - globalSoundVolume: 0.5
17:20:46.054 [FXGL Background Thread 3 ] DEBUG Engine               - globalSoundVolumeProperty: DoubleProperty [value: 0.5]
17:20:46.054 [FXGL Background Thread 3 ] DEBUG Engine               - height: 800
17:20:46.054 [FXGL Background Thread 3 ] DEBUG Engine               - is3D: false
17:20:46.054 [FXGL Background Thread 3 ] DEBUG Engine               - isAndroid: false
17:20:46.054 [FXGL Background Thread 3 ] DEBUG Engine               - isBrowser: false
17:20:46.055 [FXGL Background Thread 3 ] DEBUG Engine               - isClickFeedbackEnabled: false
17:20:46.055 [FXGL Background Thread 3 ] DEBUG Engine               - isCloseConfirmation: false
17:20:46.055 [FXGL Background Thread 3 ] DEBUG Engine               - isDesktop: true
17:20:46.055 [FXGL Background Thread 3 ] DEBUG Engine               - isDeveloperMenuEnabled: false
17:20:46.055 [FXGL Background Thread 3 ] DEBUG Engine               - isEmbedded: false
17:20:46.056 [FXGL Background Thread 3 ] DEBUG Engine               - isEntityPreloadEnabled: true
17:20:46.056 [FXGL Background Thread 3 ] DEBUG Engine               - isExperimentalTiledLargeMap: false
17:20:46.056 [FXGL Background Thread 3 ] DEBUG Engine               - isFileSystemWriteAllowed: true
17:20:46.056 [FXGL Background Thread 3 ] DEBUG Engine               - isFullScreenAllowed: false
17:20:46.056 [FXGL Background Thread 3 ] DEBUG Engine               - isFullScreenFromStart: false
17:20:46.057 [FXGL Background Thread 3 ] DEBUG Engine               - isGameMenuEnabled: true
17:20:46.057 [FXGL Background Thread 3 ] DEBUG Engine               - isIOS: false
17:20:46.057 [FXGL Background Thread 3 ] DEBUG Engine               - isIntroEnabled: false
17:20:46.057 [FXGL Background Thread 3 ] DEBUG Engine               - isLinux: false
17:20:46.057 [FXGL Background Thread 3 ] DEBUG Engine               - isMac: false
17:20:46.058 [FXGL Background Thread 3 ] DEBUG Engine               - isMainMenuEnabled: true
17:20:46.058 [FXGL Background Thread 3 ] DEBUG Engine               - isManualResizeEnabled: false
17:20:46.058 [FXGL Background Thread 3 ] DEBUG Engine               - isMobile: false
17:20:46.058 [FXGL Background Thread 3 ] DEBUG Engine               - isNative: false
17:20:46.058 [FXGL Background Thread 3 ] DEBUG Engine               - isPauseMusicWhenMinimized: true
17:20:46.058 [FXGL Background Thread 3 ] DEBUG Engine               - isPreserveResizeRatio: false
17:20:46.058 [FXGL Background Thread 3 ] DEBUG Engine               - isProfilingEnabled: false
17:20:46.058 [FXGL Background Thread 3 ] DEBUG Engine               - isScaleAffectedOnResize: true
17:20:46.059 [FXGL Background Thread 3 ] DEBUG Engine               - isSingleStep: false
17:20:46.059 [FXGL Background Thread 3 ] DEBUG Engine               - isUserProfileEnabled: false
17:20:46.059 [FXGL Background Thread 3 ] DEBUG Engine               - isWindows: true
17:20:46.059 [FXGL Background Thread 3 ] DEBUG Engine               - language: ObjectProperty [value: ENGLISH]
17:20:46.059 [FXGL Background Thread 3 ] DEBUG Engine               - menuKey: ESCAPE
17:20:46.059 [FXGL Background Thread 3 ] DEBUG Engine               - mouseSensitivity: 0.2
17:20:46.059 [FXGL Background Thread 3 ] DEBUG Engine               - notificationViewClass: class com.almasb.fxgl.notification.view.XboxNotificationView
17:20:46.060 [FXGL Background Thread 3 ] DEBUG Engine               - pixelsPerMeter: 50.0
17:20:46.060 [FXGL Background Thread 3 ] DEBUG Engine               - platform: WINDOWS
17:20:46.060 [FXGL Background Thread 3 ] DEBUG Engine               - prefHeightProperty: ReadOnlyDoubleProperty [value: 800.0]
17:20:46.060 [FXGL Background Thread 3 ] DEBUG Engine               - prefWidthProperty: ReadOnlyDoubleProperty [value: 800.0]
17:20:46.060 [FXGL Background Thread 3 ] DEBUG Engine               - profileDir: profiles/
17:20:46.060 [FXGL Background Thread 3 ] DEBUG Engine               - profileName: StringProperty [value: DEFAULT]
17:20:46.060 [FXGL Background Thread 3 ] DEBUG Engine               - randomSeed: -1
17:20:46.061 [FXGL Background Thread 3 ] DEBUG Engine               - runtimeInfo: RuntimeInfo(platform=WINDOWS, version=17.2, build=20.08.2022 16.50)
17:20:46.061 [FXGL Background Thread 3 ] DEBUG Engine               - saveFileExt: sav
17:20:46.061 [FXGL Background Thread 3 ] DEBUG Engine               - scaledHeightProp$fxgl: DoubleProperty [bound, value: 800.0]
17:20:46.062 [FXGL Background Thread 3 ] DEBUG Engine               - scaledWidthProp$fxgl: DoubleProperty [bound, value: 800.0]
17:20:46.062 [FXGL Background Thread 3 ] DEBUG Engine               - sceneFactory: com.example.basicgameapp.BasicGameApp$1@30ac07c
17:20:46.062 [FXGL Background Thread 3 ] DEBUG Engine               - secondsIn24h: 60
17:20:46.062 [FXGL Background Thread 3 ] DEBUG Engine               - soundMenuBack: menu/back.wav
17:20:46.062 [FXGL Background Thread 3 ] DEBUG Engine               - soundMenuPress: menu/press.wav
17:20:46.062 [FXGL Background Thread 3 ] DEBUG Engine               - soundMenuSelect: menu/select.wav
17:20:46.062 [FXGL Background Thread 3 ] DEBUG Engine               - soundNotification: core/notification.wav
17:20:46.062 [FXGL Background Thread 3 ] DEBUG Engine               - stageStyle: DECORATED
17:20:46.063 [FXGL Background Thread 3 ] DEBUG Engine               - supportedLanguages: [ENGLISH, FRENCH, GERMAN, HUNGARIAN, RUSSIAN]
17:20:46.063 [FXGL Background Thread 3 ] DEBUG Engine               - ticksPerSecond: -1
17:20:46.063 [FXGL Background Thread 3 ] DEBUG Engine               - title: WorldHELL 0 
17:20:46.063 [FXGL Background Thread 3 ] DEBUG Engine               - urlGithub: https://github.com/AlmasB/FXGL
17:20:46.063 [FXGL Background Thread 3 ] DEBUG Engine               - urlLeaderboard: http://fxgl-top.herokuapp.com/
17:20:46.063 [FXGL Background Thread 3 ] DEBUG Engine               - urlPOM: https://raw.githubusercontent.com/AlmasB/FXGL/release/README.md
17:20:46.063 [FXGL Background Thread 3 ] DEBUG Engine               - userAppClass: class com.example.basicgameapp.BasicGameApp
17:20:46.063 [FXGL Background Thread 3 ] DEBUG Engine               - version: 0.1
17:20:46.063 [FXGL Background Thread 3 ] DEBUG Engine               - versionCheckDays: 7
17:20:46.064 [FXGL Background Thread 3 ] DEBUG Engine               - width: 800
17:20:46.064 [FXGL Background Thread 3 ] DEBUG Engine               - Logging services
17:20:46.064 [FXGL Background Thread 3 ] DEBUG Engine               - class com.almasb.fxgl.app.services.FXGLAssetLoaderService
17:20:46.064 [FXGL Background Thread 3 ] DEBUG Engine               - class com.almasb.fxgl.app.FXGLApplication$GameApplicationService
17:20:46.064 [FXGL Background Thread 3 ] DEBUG Engine               - class com.almasb.fxgl.app.services.FXGLDialogService
17:20:46.064 [FXGL Background Thread 3 ] DEBUG Engine               - class com.almasb.fxgl.app.services.IOTaskExecutorService
17:20:46.064 [FXGL Background Thread 3 ] DEBUG Engine               - class com.almasb.fxgl.io.FileSystemService
17:20:46.065 [FXGL Background Thread 3 ] DEBUG Engine               - class com.almasb.fxgl.localization.LocalizationService
17:20:46.065 [FXGL Background Thread 3 ] DEBUG Engine               - class com.almasb.fxgl.app.services.SystemBundleService
17:20:46.065 [FXGL Background Thread 3 ] DEBUG Engine               - class com.almasb.fxgl.profile.SaveLoadService
17:20:46.065 [FXGL Background Thread 3 ] DEBUG Engine               - class com.almasb.fxgl.ui.FXGLUIFactoryServiceProvider
17:20:46.065 [FXGL Background Thread 3 ] DEBUG Engine               - class com.almasb.fxgl.ui.FXGLDialogFactoryServiceProvider
17:20:46.065 [FXGL Background Thread 3 ] DEBUG Engine               - class com.almasb.fxgl.audio.AudioPlayer
17:20:46.066 [FXGL Background Thread 3 ] DEBUG Engine               - class com.almasb.fxgl.notification.impl.NotificationServiceProvider
17:20:46.066 [FXGL Background Thread 3 ] DEBUG Engine               - class com.almasb.fxgl.achievement.AchievementService
17:20:46.066 [FXGL Background Thread 3 ] DEBUG Engine               - class com.almasb.fxgl.cutscene.CutsceneService
17:20:46.066 [FXGL Background Thread 3 ] DEBUG Engine               - class com.almasb.fxgl.minigames.MiniGameService
17:20:46.066 [FXGL Background Thread 3 ] DEBUG Engine               - class com.almasb.fxgl.net.NetService
17:20:46.066 [FXGL Background Thread 3 ] DEBUG Engine               - class com.almasb.fxgl.app.services.UpdaterService
17:20:46.066 [FXGL Background Thread 3 ] DEBUG Engine               - class com.almasb.fxgl.dev.DevService
17:20:47.932 [JavaFX Application Thread] DEBUG Menu                 - fireNewGame()
17:20:47.933 [JavaFX Application Thread] DEBUG GameApplicationServi - Starting new game
17:20:47.933 [JavaFX Application Thread] DEBUG PrimaryStageWindow   - Pop state: WorldHellMenu
17:20:47.933 [JavaFX Application Thread] DEBUG Input                - Clearing active input actions
17:20:47.934 [JavaFX Application Thread] DEBUG GameApplicationServi - Removing overlay from WorldHellMenu and adding to FXGLMainMenuDummyScene
17:20:47.935 [JavaFX Application Thread] DEBUG PrimaryStageWindow   - FXGLMainMenuDummyScene <- WorldHellMenu
17:20:47.936 [JavaFX Application Thread] DEBUG Input                - Clearing active input actions
17:20:47.959 [JavaFX Application Thread] DEBUG GameApplicationServi - Removing overlay from FXGLMainMenuDummyScene and adding to FXGLLoadingScene
17:20:47.959 [JavaFX Application Thread] DEBUG PrimaryStageWindow   - FXGLMainMenuDummyScene -> FXGLLoadingScene
17:20:47.960 [JavaFX Application Thread] DEBUG GameApplicationServi - Clearing previous game
17:20:47.960 [JavaFX Application Thread] DEBUG GameScene            - Clearing game scene
17:20:47.960 [JavaFX Application Thread] DEBUG GameWorld            - Clearing game world
17:20:47.960 [JavaFX Application Thread] DEBUG PhysicsWorld         - Clearing physics world
17:20:47.963 [FXGL Background Thread 2 ] DEBUG FXGLApplication      - Initializing game
17:20:47.972 [FXGL Background Thread 2 ] DEBUG FXGLAssetLoaderServi - Loading from file system: file:/C:/Users/majah/OneDrive/Desktop/world-hell/BasicGameApp/target/classes/assets/textures/background.jpg
17:20:47.999 [FXGL Background Thread 2 ] DEBUG FXGLAssetLoaderServi - Loading from file system: file:/C:/Users/majah/OneDrive/Desktop/world-hell/BasicGameApp/target/classes/assets/textures/girl_colored.png
17:20:48.029 [FXGL Background Thread 2 ] INFO  FXGLApplication      - Game initialization took: 0.065 sec
17:20:48.045 [JavaFX Application Thread] DEBUG Input                - Clearing active input actions
17:20:48.055 [JavaFX Application Thread] DEBUG GameApplicationServi - Removing overlay from FXGLLoadingScene and adding to GameScene
17:20:48.055 [JavaFX Application Thread] DEBUG PrimaryStageWindow   - FXGLLoadingScene -> GameScene
17:20:48.540 [JavaFX Application Thread] DEBUG FXGLAssetLoaderServi - Loading from file system: file:/C:/Users/majah/OneDrive/Desktop/world-hell/BasicGameApp/target/classes/assets/textures/zombie_colored.png
17:20:48.550 [JavaFX Application Thread] DEBUG FXGLAssetLoaderServi - Loading from file system: file:/C:/Users/majah/OneDrive/Desktop/world-hell/BasicGameApp/target/classes/assets/textures/eagle_colored.png
17:20:48.556 [JavaFX Application Thread] DEBUG FXGLAssetLoaderServi - Loading from file system: file:/C:/Users/majah/OneDrive/Desktop/world-hell/BasicGameApp/target/classes/assets/textures/joshua.jpg
17:20:49.090 [JavaFX Application Thread] DEBUG FXGLAssetLoaderServi - Loading from file system: file:/C:/Users/majah/OneDrive/Desktop/world-hell/BasicGameApp/target/classes/assets/textures/swipe.png
17:20:54.392 [JavaFX Application Thread] DEBUG FXGLApplication      - Exiting FXGL
17:20:54.392 [JavaFX Application Thread] DEBUG LoopRunner           - Stopping loop
17:20:54.392 [JavaFX Application Thread] DEBUG SystemBundleService  - Saving FXGL system data
17:20:54.396 [JavaFX Application Thread] DEBUG FileSystemAccess     - Writing to: C:\Users\majah\OneDrive\Desktop\world-hell\BasicGameApp\system\fxgl.bundle
17:20:54.401 [JavaFX Application Thread] DEBUG Async                - Shutting down background threads
17:20:54.402 [JavaFX Application Thread] DEBUG PrimaryStageWindow   - Closing main window
17:20:54.458 [JavaFX Application Thread] DEBUG Logger               - Closing Logger
