17:01:23.604 [main                     ] DEBUG Logger               - Configured Logger
17:01:23.633 [main                     ] DEBUG GameApplication      - Logging settings
Title: WorldHELL 0 
Version: 0.1
Width: 800
Height: 800
Fullscreen: false
Intro: false
Profiling: false
Single step:false
App Mode: DEVELOPER
Menu Key: ESCAPE
Stage Style: DECORATED
Scene Factory: class com.example.basicgameapp.sceneFactory

17:01:23.991 [JavaFX Application Thread] DEBUG FXGLApplication      - Initializing FXGL
17:01:23.996 [JavaFX Application Thread] INFO  Engine               - FXGL-17.2 (20.08.2022 16.50) on WINDOWS (J:20.0.2 FX:20.0.1)
17:01:23.997 [JavaFX Application Thread] DEBUG Engine               - JRE Vendor Name: Oracle Corporation
17:01:23.997 [JavaFX Application Thread] DEBUG Engine               - Running on OS: Windows 11 version 10.0
17:01:23.997 [JavaFX Application Thread] DEBUG Engine               - Architecture: amd64
17:01:23.997 [JavaFX Application Thread] INFO  Engine               - Source code and latest versions at: https://github.com/AlmasB/FXGL
17:01:23.997 [JavaFX Application Thread] INFO  Engine               -       Ask questions and discuss at: https://github.com/AlmasB/FXGL/discussions
17:01:23.998 [JavaFX Application Thread] INFO  Engine               -              Join the FXGL chat at: https://gitter.im/AlmasB/FXGL
17:01:24.102 [JavaFX Application Thread] DEBUG PrimaryStageWindow   - Creating a JavaFX scene
17:01:24.158 [JavaFX Application Thread] DEBUG PrimaryStageWindow   - Target settings size: 800.0 x 800.0
17:01:24.158 [JavaFX Application Thread] DEBUG PrimaryStageWindow   - Scaled scene size:    800.0 x 800.0
17:01:24.158 [JavaFX Application Thread] DEBUG PrimaryStageWindow   - Scaled ratio: (1.0, 1.0)
17:01:24.160 [JavaFX Application Thread] DEBUG PrimaryStageWindow   - Set initial scene to FXGLStartupScene
17:01:24.164 [JavaFX Application Thread] DEBUG PrimaryStageWindow   - Opening main window
17:01:24.259 [JavaFX Application Thread] DEBUG PrimaryStageWindow   - Window border size: (14.4000244140625, 37.5999755859375)
17:01:24.260 [JavaFX Application Thread] DEBUG PrimaryStageWindow   - Scaled size: 800.0 x 800.0
17:01:24.260 [JavaFX Application Thread] DEBUG PrimaryStageWindow   - Scaled ratio: (1.0, 1.0)
17:01:24.261 [JavaFX Application Thread] DEBUG PrimaryStageWindow   - Scene size: 800.0 x 800.0
17:01:24.261 [JavaFX Application Thread] DEBUG PrimaryStageWindow   - Stage size: 814.4000244140625 x 837.5999755859375
17:01:24.269 [FXGL Background Thread 1 ] DEBUG Engine               - Initializing environment variables
17:01:24.330 [FXGL Background Thread 1 ] DEBUG FXGLAssetLoaderServi - User app class for loading assets: class com.example.basicgameapp.BasicGameApp
17:01:24.331 [FXGL Background Thread 1 ] DEBUG GameApplicationServi - Applying CSS: fxgl_dark.css
17:01:24.332 [FXGL Background Thread 1 ] DEBUG FXGLAssetLoaderServi - Loading from file system: jar:file:///C:/Users/majah/.m2/repository/com/github/almasb/fxgl/17.2/fxgl-17.2.jar!/fxglassets/ui/css/fxgl_dark.css
17:01:24.384 [FXGL Background Thread 1 ] DEBUG GameApplicationServi - Initializing application scenes
17:01:24.429 [FXGL Background Thread 1 ] DEBUG GameWorld            - Game world initialized
17:01:24.505 [FXGL Background Thread 1 ] DEBUG PhysicsWorld         - Physics world initialized: appHeight=800, physics.ppm=50.0
17:01:24.506 [FXGL Background Thread 1 ] DEBUG PhysicsWorld         - Using strategy: BRUTE_FORCE
17:01:24.510 [FXGL Background Thread 1 ] DEBUG GameScene            - Game scene initialized: 800x800
17:01:24.596 [FXGL Background Thread 1 ] DEBUG GameApplicationServi - Application scenes initialized
17:01:24.623 [FXGL Background Thread 1 ] DEBUG SystemBundleService  - Loading FXGL system data
17:01:24.629 [FXGL Background Thread 1 ] DEBUG FileSystemAccess     - Reading from: C:\Users\majah\OneDrive\Desktop\world-hell\BasicGameApp\system\fxgl.bundle
17:01:24.646 [FXGL Background Thread 1 ] DEBUG SystemBundleService  - Bundle FXGL: {}
17:01:24.646 [FXGL Background Thread 1 ] DEBUG UpdaterService       - Checking for updates
17:01:24.653 [FXGL Background Thread 4 ] DEBUG FXGLApplication      - Loading fonts
17:01:24.654 [FXGL Background Thread 1 ] DEBUG FXGLApplication      - Loading default localization
17:01:24.654 [FXGL Background Thread 4 ] DEBUG FXGLAssetLoaderServi - Loading from file system: jar:file:///C:/Users/majah/.m2/repository/com/github/almasb/fxgl/17.2/fxgl-17.2.jar!/fxglassets/ui/fonts/VarelaRound-Regular.ttf
17:01:24.654 [FXGL Background Thread 1 ] DEBUG FXGLAssetLoaderServi - Loading from file system: jar:file:///C:/Users/majah/.m2/repository/com/github/almasb/fxgl/17.2/fxgl-17.2.jar!/fxglassets/languages/english.lang
17:01:24.679 [FXGL Background Thread 1 ] INFO  FXGLApplication      - FXGL initialization took: 0.410 sec
17:01:24.691 [JavaFX Application Thread] DEBUG Input                - Registered new binding: action0 - D
17:01:24.693 [JavaFX Application Thread] DEBUG Input                - Registered new binding: action1 - A
17:01:24.693 [JavaFX Application Thread] DEBUG Input                - Registered new binding: action2 - W
17:01:24.694 [JavaFX Application Thread] DEBUG Input                - Registered new binding: action3 - S
17:01:24.695 [JavaFX Application Thread] DEBUG FXGLAssetLoaderServi - Loading from file system: jar:file:///C:/Users/majah/.m2/repository/com/github/almasb/fxgl/17.2/fxgl-17.2.jar!/fxglassets/textures/fxgl_icon.png
17:01:24.713 [JavaFX Application Thread] DEBUG FXGLAssetLoaderServi - Loading from file system: jar:file:///C:/Users/majah/.m2/repository/com/github/almasb/fxgl/17.2/fxgl-17.2.jar!/fxglassets/textures/fxgl_default_cursor.png
17:01:24.715 [JavaFX Application Thread] DEBUG Input                - Registered new binding: Screenshot - CTRL+8
17:01:24.716 [JavaFX Application Thread] DEBUG Input                - Registered new binding: System info dump - CTRL+9
17:01:24.716 [JavaFX Application Thread] DEBUG Input                - Registered new binding: Restart - CTRL+R
17:01:24.717 [JavaFX Application Thread] DEBUG Input                - Registered new binding: Toggle Debug Camera - CTRL+7
17:01:24.720 [JavaFX Application Thread] DEBUG LoopRunner           - Starting loop
17:01:24.720 [JavaFX Application Thread] DEBUG LoopRunner           - Initializing JavaFX AnimationTimerLoop
17:01:24.721 [JavaFX Application Thread] DEBUG GameApplicationServi - Starting new game
17:01:24.722 [JavaFX Application Thread] DEBUG Input                - Clearing active input actions
17:01:24.734 [JavaFX Application Thread] DEBUG GameApplicationServi - Removing overlay from FXGLStartupScene and adding to FXGLLoadingScene
17:01:24.735 [JavaFX Application Thread] DEBUG PrimaryStageWindow   - FXGLStartupScene -> FXGLLoadingScene
17:01:24.735 [JavaFX Application Thread] DEBUG GameApplicationServi - Clearing previous game
17:01:24.735 [JavaFX Application Thread] DEBUG GameScene            - Clearing game scene
17:01:24.735 [JavaFX Application Thread] DEBUG GameWorld            - Clearing game world
17:01:24.735 [JavaFX Application Thread] DEBUG PhysicsWorld         - Clearing physics world
17:01:24.737 [FXGL Background Thread 1 ] DEBUG FXGLApplication      - Initializing game
17:01:24.744 [FXGL Background Thread 1 ] DEBUG FXGLAssetLoaderServi - Loading from file system: file:/C:/Users/majah/OneDrive/Desktop/world-hell/BasicGameApp/target/classes/assets/textures/background.jpg
17:01:24.770 [FXGL Background Thread 1 ] DEBUG FXGLAssetLoaderServi - Loading from file system: file:/C:/Users/majah/OneDrive/Desktop/world-hell/BasicGameApp/target/classes/assets/textures/girl_colored.png
17:01:24.794 [FXGL Background Thread 4 ] DEBUG FXGLAssetLoaderServi - Loading from file system: jar:file:///C:/Users/majah/.m2/repository/com/github/almasb/fxgl/17.2/fxgl-17.2.jar!/fxglassets/ui/fonts/Abel-Regular.ttf
17:01:24.801 [FXGL Background Thread 4 ] DEBUG FXGLAssetLoaderServi - Loading from file system: jar:file:///C:/Users/majah/.m2/repository/com/github/almasb/fxgl/17.2/fxgl-17.2.jar!/fxglassets/ui/fonts/TerminalLandMono-Regular.otf
17:01:24.802 [FXGL Background Thread 1 ] INFO  FXGLApplication      - Game initialization took: 0.063 sec
17:01:24.806 [FXGL Background Thread 4 ] DEBUG FXGLAssetLoaderServi - Loading from file system: jar:file:///C:/Users/majah/.m2/repository/com/github/almasb/fxgl/17.2/fxgl-17.2.jar!/fxglassets/ui/fonts/Courier-Prime.ttf
17:01:24.870 [JavaFX Application Thread] DEBUG Input                - Clearing active input actions
17:01:24.882 [JavaFX Application Thread] DEBUG GameApplicationServi - Removing overlay from FXGLLoadingScene and adding to GameScene
17:01:24.882 [JavaFX Application Thread] DEBUG PrimaryStageWindow   - FXGLLoadingScene -> GameScene
17:01:24.886 [JavaFX Application Thread] DEBUG FXGLApplication      - Registering font factories with UI factory
17:01:25.371 [JavaFX Application Thread] DEBUG FXGLAssetLoaderServi - Loading from file system: file:/C:/Users/majah/OneDrive/Desktop/world-hell/BasicGameApp/target/classes/assets/textures/zombie_colored.png
17:01:25.378 [JavaFX Application Thread] DEBUG FXGLAssetLoaderServi - Loading from file system: file:/C:/Users/majah/OneDrive/Desktop/world-hell/BasicGameApp/target/classes/assets/textures/eagle_colored.png
17:01:25.382 [JavaFX Application Thread] DEBUG FXGLAssetLoaderServi - Loading from file system: file:/C:/Users/majah/OneDrive/Desktop/world-hell/BasicGameApp/target/classes/assets/textures/joshua.jpg
17:01:25.777 [FXGL Background Thread 2 ] INFO  UpdaterService       - Your current version:  17.2
17:01:25.777 [FXGL Background Thread 2 ] INFO  UpdaterService       - Latest stable version: 17.3
17:01:25.851 [JavaFX Application Thread] DEBUG FXGLAssetLoaderServi - Loading from file system: file:/C:/Users/majah/OneDrive/Desktop/world-hell/BasicGameApp/target/classes/assets/textures/swipe.png
17:01:27.652 [FXGL Background Thread 3 ] DEBUG Engine               - Logging environment variables
17:01:27.655 [FXGL Background Thread 3 ] DEBUG Engine               - achievements: []
17:01:27.655 [FXGL Background Thread 3 ] DEBUG Engine               - actualHeight: 800.0
17:01:27.655 [FXGL Background Thread 3 ] DEBUG Engine               - actualHeightProperty: ReadOnlyDoubleProperty [value: 800.0]
17:01:27.655 [FXGL Background Thread 3 ] DEBUG Engine               - actualWidth: 800.0
17:01:27.656 [FXGL Background Thread 3 ] DEBUG Engine               - actualWidthProperty: ReadOnlyDoubleProperty [value: 800.0]
17:01:27.656 [FXGL Background Thread 3 ] DEBUG Engine               - appIcon: fxgl_icon.png
17:01:27.656 [FXGL Background Thread 3 ] DEBUG Engine               - applicationMode: DEVELOPER
17:01:27.656 [FXGL Background Thread 3 ] DEBUG Engine               - cSSList: [fxgl_dark.css]
17:01:27.656 [FXGL Background Thread 3 ] DEBUG Engine               - collisionDetectionStrategy: BRUTE_FORCE
17:01:27.656 [FXGL Background Thread 3 ] DEBUG Engine               - configClass: Optional.empty
17:01:27.656 [FXGL Background Thread 3 ] DEBUG Engine               - credits: []
17:01:27.659 [FXGL Background Thread 3 ] DEBUG Engine               - defaultCursor: CursorInfo(imageName=fxgl_default_cursor.png, hotspotX=7.0, hotspotY=6.0)
17:01:27.660 [FXGL Background Thread 3 ] DEBUG Engine               - devBBoxColorProperty: ObjectProperty [value: 0xff0000ff]
17:01:27.660 [FXGL Background Thread 3 ] DEBUG Engine               - devEnableDebugCameraProperty: BooleanProperty [value: false]
17:01:27.661 [FXGL Background Thread 3 ] DEBUG Engine               - devSensorColorProperty: ObjectProperty [value: 0xffff00ff]
17:01:27.661 [FXGL Background Thread 3 ] DEBUG Engine               - devShowBBoxProperty: BooleanProperty [value: false]
17:01:27.661 [FXGL Background Thread 3 ] DEBUG Engine               - devShowPositionProperty: BooleanProperty [value: false]
17:01:27.661 [FXGL Background Thread 3 ] DEBUG Engine               - enabledMenuItems: []
17:01:27.662 [FXGL Background Thread 3 ] DEBUG Engine               - engineServices: [class com.almasb.fxgl.app.services.FXGLAssetLoaderService, class com.almasb.fxgl.app.FXGLApplication$GameApplicationService, class com.almasb.fxgl.app.services.FXGLDialogService, class com.almasb.fxgl.app.services.IOTaskExecutorService, class com.almasb.fxgl.io.FileSystemService, class com.almasb.fxgl.localization.LocalizationService, class com.almasb.fxgl.app.services.SystemBundleService, class com.almasb.fxgl.profile.SaveLoadService, class com.almasb.fxgl.ui.FXGLUIFactoryServiceProvider, class com.almasb.fxgl.ui.FXGLDialogFactoryServiceProvider, class com.almasb.fxgl.audio.AudioPlayer, class com.almasb.fxgl.notification.impl.NotificationServiceProvider, class com.almasb.fxgl.achievement.AchievementService, class com.almasb.fxgl.cutscene.CutsceneService, class com.almasb.fxgl.minigames.MiniGameService, class com.almasb.fxgl.net.NetService, class com.almasb.fxgl.app.services.UpdaterService, class com.almasb.fxgl.dev.DevService]
17:01:27.662 [FXGL Background Thread 3 ] DEBUG Engine               - fontGame: Abel-Regular.ttf
17:01:27.662 [FXGL Background Thread 3 ] DEBUG Engine               - fontMono: TerminalLandMono-Regular.otf
17:01:27.662 [FXGL Background Thread 3 ] DEBUG Engine               - fontText: Courier-Prime.ttf
17:01:27.662 [FXGL Background Thread 3 ] DEBUG Engine               - fontUI: VarelaRound-Regular.ttf
17:01:27.663 [FXGL Background Thread 3 ] DEBUG Engine               - fullScreen: BooleanProperty [value: false]
17:01:27.663 [FXGL Background Thread 3 ] DEBUG Engine               - gameDifficulty: MEDIUM
17:01:27.663 [FXGL Background Thread 3 ] DEBUG Engine               - gameDifficultyProperty: ObjectProperty [value: MEDIUM]
17:01:27.663 [FXGL Background Thread 3 ] DEBUG Engine               - globalMusicVolume: 0.5
17:01:27.663 [FXGL Background Thread 3 ] DEBUG Engine               - globalMusicVolumeProperty: DoubleProperty [value: 0.5]
17:01:27.663 [FXGL Background Thread 3 ] DEBUG Engine               - globalSoundVolume: 0.5
17:01:27.664 [FXGL Background Thread 3 ] DEBUG Engine               - globalSoundVolumeProperty: DoubleProperty [value: 0.5]
17:01:27.664 [FXGL Background Thread 3 ] DEBUG Engine               - height: 800
17:01:27.664 [FXGL Background Thread 3 ] DEBUG Engine               - is3D: false
17:01:27.664 [FXGL Background Thread 3 ] DEBUG Engine               - isAndroid: false
17:01:27.665 [FXGL Background Thread 3 ] DEBUG Engine               - isBrowser: false
17:01:27.665 [FXGL Background Thread 3 ] DEBUG Engine               - isClickFeedbackEnabled: false
17:01:27.665 [FXGL Background Thread 3 ] DEBUG Engine               - isCloseConfirmation: false
17:01:27.665 [FXGL Background Thread 3 ] DEBUG Engine               - isDesktop: true
17:01:27.665 [FXGL Background Thread 3 ] DEBUG Engine               - isDeveloperMenuEnabled: false
17:01:27.665 [FXGL Background Thread 3 ] DEBUG Engine               - isEmbedded: false
17:01:27.665 [FXGL Background Thread 3 ] DEBUG Engine               - isEntityPreloadEnabled: true
17:01:27.665 [FXGL Background Thread 3 ] DEBUG Engine               - isExperimentalTiledLargeMap: false
17:01:27.666 [FXGL Background Thread 3 ] DEBUG Engine               - isFileSystemWriteAllowed: true
17:01:27.666 [FXGL Background Thread 3 ] DEBUG Engine               - isFullScreenAllowed: false
17:01:27.666 [FXGL Background Thread 3 ] DEBUG Engine               - isFullScreenFromStart: false
17:01:27.666 [FXGL Background Thread 3 ] DEBUG Engine               - isGameMenuEnabled: true
17:01:27.666 [FXGL Background Thread 3 ] DEBUG Engine               - isIOS: false
17:01:27.666 [FXGL Background Thread 3 ] DEBUG Engine               - isIntroEnabled: false
17:01:27.666 [FXGL Background Thread 3 ] DEBUG Engine               - isLinux: false
17:01:27.666 [FXGL Background Thread 3 ] DEBUG Engine               - isMac: false
17:01:27.667 [FXGL Background Thread 3 ] DEBUG Engine               - isMainMenuEnabled: false
17:01:27.667 [FXGL Background Thread 3 ] DEBUG Engine               - isManualResizeEnabled: false
17:01:27.667 [FXGL Background Thread 3 ] DEBUG Engine               - isMobile: false
17:01:27.667 [FXGL Background Thread 3 ] DEBUG Engine               - isNative: false
17:01:27.668 [FXGL Background Thread 3 ] DEBUG Engine               - isPauseMusicWhenMinimized: true
17:01:27.668 [FXGL Background Thread 3 ] DEBUG Engine               - isPreserveResizeRatio: false
17:01:27.668 [FXGL Background Thread 3 ] DEBUG Engine               - isProfilingEnabled: false
17:01:27.668 [FXGL Background Thread 3 ] DEBUG Engine               - isScaleAffectedOnResize: true
17:01:27.668 [FXGL Background Thread 3 ] DEBUG Engine               - isSingleStep: false
17:01:27.668 [FXGL Background Thread 3 ] DEBUG Engine               - isUserProfileEnabled: false
17:01:27.668 [FXGL Background Thread 3 ] DEBUG Engine               - isWindows: true
17:01:27.668 [FXGL Background Thread 3 ] DEBUG Engine               - language: ObjectProperty [value: ENGLISH]
17:01:27.668 [FXGL Background Thread 3 ] DEBUG Engine               - menuKey: ESCAPE
17:01:27.669 [FXGL Background Thread 3 ] DEBUG Engine               - mouseSensitivity: 0.2
17:01:27.669 [FXGL Background Thread 3 ] DEBUG Engine               - notificationViewClass: class com.almasb.fxgl.notification.view.XboxNotificationView
17:01:27.669 [FXGL Background Thread 3 ] DEBUG Engine               - pixelsPerMeter: 50.0
17:01:27.669 [FXGL Background Thread 3 ] DEBUG Engine               - platform: WINDOWS
17:01:27.669 [FXGL Background Thread 3 ] DEBUG Engine               - prefHeightProperty: ReadOnlyDoubleProperty [value: 800.0]
17:01:27.670 [FXGL Background Thread 3 ] DEBUG Engine               - prefWidthProperty: ReadOnlyDoubleProperty [value: 800.0]
17:01:27.670 [FXGL Background Thread 3 ] DEBUG Engine               - profileDir: profiles/
17:01:27.670 [FXGL Background Thread 3 ] DEBUG Engine               - profileName: StringProperty [value: DEFAULT]
17:01:27.670 [FXGL Background Thread 3 ] DEBUG Engine               - randomSeed: -1
17:01:27.671 [FXGL Background Thread 3 ] DEBUG Engine               - runtimeInfo: RuntimeInfo(platform=WINDOWS, version=17.2, build=20.08.2022 16.50)
17:01:27.671 [FXGL Background Thread 3 ] DEBUG Engine               - saveFileExt: sav
17:01:27.672 [FXGL Background Thread 3 ] DEBUG Engine               - scaledHeightProp$fxgl: DoubleProperty [bound, value: 800.0]
17:01:27.672 [FXGL Background Thread 3 ] DEBUG Engine               - scaledWidthProp$fxgl: DoubleProperty [bound, value: 800.0]
17:01:27.672 [FXGL Background Thread 3 ] DEBUG Engine               - sceneFactory: com.example.basicgameapp.sceneFactory@43628f1f
17:01:27.672 [FXGL Background Thread 3 ] DEBUG Engine               - secondsIn24h: 60
17:01:27.672 [FXGL Background Thread 3 ] DEBUG Engine               - soundMenuBack: menu/back.wav
17:01:27.672 [FXGL Background Thread 3 ] DEBUG Engine               - soundMenuPress: menu/press.wav
17:01:27.672 [FXGL Background Thread 3 ] DEBUG Engine               - soundMenuSelect: menu/select.wav
17:01:27.672 [FXGL Background Thread 3 ] DEBUG Engine               - soundNotification: core/notification.wav
17:01:27.672 [FXGL Background Thread 3 ] DEBUG Engine               - stageStyle: DECORATED
17:01:27.672 [FXGL Background Thread 3 ] DEBUG Engine               - supportedLanguages: [ENGLISH, FRENCH, GERMAN, HUNGARIAN, RUSSIAN]
17:01:27.672 [FXGL Background Thread 3 ] DEBUG Engine               - ticksPerSecond: -1
17:01:27.672 [FXGL Background Thread 3 ] DEBUG Engine               - title: WorldHELL 0 
17:01:27.672 [FXGL Background Thread 3 ] DEBUG Engine               - urlGithub: https://github.com/AlmasB/FXGL
17:01:27.672 [FXGL Background Thread 3 ] DEBUG Engine               - urlLeaderboard: http://fxgl-top.herokuapp.com/
17:01:27.673 [FXGL Background Thread 3 ] DEBUG Engine               - urlPOM: https://raw.githubusercontent.com/AlmasB/FXGL/release/README.md
17:01:27.673 [FXGL Background Thread 3 ] DEBUG Engine               - userAppClass: class com.example.basicgameapp.BasicGameApp
17:01:27.673 [FXGL Background Thread 3 ] DEBUG Engine               - version: 0.1
17:01:27.673 [FXGL Background Thread 3 ] DEBUG Engine               - versionCheckDays: 7
17:01:27.673 [FXGL Background Thread 3 ] DEBUG Engine               - width: 800
17:01:27.673 [FXGL Background Thread 3 ] DEBUG Engine               - Logging services
17:01:27.673 [FXGL Background Thread 3 ] DEBUG Engine               - class com.almasb.fxgl.app.services.FXGLAssetLoaderService
17:01:27.674 [FXGL Background Thread 3 ] DEBUG Engine               - class com.almasb.fxgl.app.FXGLApplication$GameApplicationService
17:01:27.674 [FXGL Background Thread 3 ] DEBUG Engine               - class com.almasb.fxgl.app.services.FXGLDialogService
17:01:27.674 [FXGL Background Thread 3 ] DEBUG Engine               - class com.almasb.fxgl.app.services.IOTaskExecutorService
17:01:27.674 [FXGL Background Thread 3 ] DEBUG Engine               - class com.almasb.fxgl.io.FileSystemService
17:01:27.674 [FXGL Background Thread 3 ] DEBUG Engine               - class com.almasb.fxgl.localization.LocalizationService
17:01:27.674 [FXGL Background Thread 3 ] DEBUG Engine               - class com.almasb.fxgl.app.services.SystemBundleService
17:01:27.674 [FXGL Background Thread 3 ] DEBUG Engine               - class com.almasb.fxgl.profile.SaveLoadService
17:01:27.674 [FXGL Background Thread 3 ] DEBUG Engine               - class com.almasb.fxgl.ui.FXGLUIFactoryServiceProvider
17:01:27.674 [FXGL Background Thread 3 ] DEBUG Engine               - class com.almasb.fxgl.ui.FXGLDialogFactoryServiceProvider
17:01:27.674 [FXGL Background Thread 3 ] DEBUG Engine               - class com.almasb.fxgl.audio.AudioPlayer
17:01:27.674 [FXGL Background Thread 3 ] DEBUG Engine               - class com.almasb.fxgl.notification.impl.NotificationServiceProvider
17:01:27.674 [FXGL Background Thread 3 ] DEBUG Engine               - class com.almasb.fxgl.achievement.AchievementService
17:01:27.674 [FXGL Background Thread 3 ] DEBUG Engine               - class com.almasb.fxgl.cutscene.CutsceneService
17:01:27.674 [FXGL Background Thread 3 ] DEBUG Engine               - class com.almasb.fxgl.minigames.MiniGameService
17:01:27.675 [FXGL Background Thread 3 ] DEBUG Engine               - class com.almasb.fxgl.net.NetService
17:01:27.675 [FXGL Background Thread 3 ] DEBUG Engine               - class com.almasb.fxgl.app.services.UpdaterService
17:01:27.675 [FXGL Background Thread 3 ] DEBUG Engine               - class com.almasb.fxgl.dev.DevService
17:01:30.843 [JavaFX Application Thread] DEBUG FXGLAssetLoaderServi - Loading from file system: file:/C:/Users/majah/OneDrive/Desktop/world-hell/BasicGameApp/target/classes/assets/sounds/eagle_death.wav
17:01:30.952 [JavaFX Application Thread] DEBUG FXGLAssetLoaderServi - Loading from file system: file:/C:/Users/majah/OneDrive/Desktop/world-hell/BasicGameApp/target/classes/assets/textures/pisos.png
17:01:31.457 [JavaFX Application Thread] DEBUG PrimaryStageWindow   - Push state: WorldHellMenu
17:01:31.457 [JavaFX Application Thread] DEBUG Input                - Clearing active input actions
17:01:31.458 [JavaFX Application Thread] DEBUG GameApplicationServi - Removing overlay from GameScene and adding to WorldHellMenu
17:01:31.459 [JavaFX Application Thread] DEBUG PrimaryStageWindow   - GameScene -> WorldHellMenu
17:01:33.392 [JavaFX Application Thread] DEBUG PrimaryStageWindow   - Pop state: WorldHellMenu
17:01:33.392 [JavaFX Application Thread] DEBUG Input                - Clearing active input actions
17:01:33.392 [JavaFX Application Thread] DEBUG GameApplicationServi - Removing overlay from WorldHellMenu and adding to GameScene
17:01:33.393 [JavaFX Application Thread] DEBUG PrimaryStageWindow   - GameScene <- WorldHellMenu
17:01:35.917 [JavaFX Application Thread] DEBUG FXGLAssetLoaderServi - Loading from file system: file:/C:/Users/majah/OneDrive/Desktop/world-hell/BasicGameApp/target/classes/assets/sounds/slayy.wav
17:01:50.361 [JavaFX Application Thread] WARN  GameApplicationServi - Ignoring gotoMainMenu() because main menu is not enabled
17:01:50.873 [JavaFX Application Thread] WARN  GameApplicationServi - Ignoring gotoMainMenu() because main menu is not enabled
17:01:51.401 [JavaFX Application Thread] WARN  GameApplicationServi - Ignoring gotoMainMenu() because main menu is not enabled
17:01:51.913 [JavaFX Application Thread] WARN  GameApplicationServi - Ignoring gotoMainMenu() because main menu is not enabled
17:01:52.426 [JavaFX Application Thread] WARN  GameApplicationServi - Ignoring gotoMainMenu() because main menu is not enabled
17:01:52.939 [JavaFX Application Thread] WARN  GameApplicationServi - Ignoring gotoMainMenu() because main menu is not enabled
17:01:53.466 [JavaFX Application Thread] WARN  GameApplicationServi - Ignoring gotoMainMenu() because main menu is not enabled
17:01:53.978 [JavaFX Application Thread] WARN  GameApplicationServi - Ignoring gotoMainMenu() because main menu is not enabled
17:01:54.489 [JavaFX Application Thread] WARN  GameApplicationServi - Ignoring gotoMainMenu() because main menu is not enabled
17:01:55.017 [JavaFX Application Thread] WARN  GameApplicationServi - Ignoring gotoMainMenu() because main menu is not enabled
17:01:55.530 [JavaFX Application Thread] WARN  GameApplicationServi - Ignoring gotoMainMenu() because main menu is not enabled
17:01:56.041 [JavaFX Application Thread] WARN  GameApplicationServi - Ignoring gotoMainMenu() because main menu is not enabled
17:01:56.569 [JavaFX Application Thread] WARN  GameApplicationServi - Ignoring gotoMainMenu() because main menu is not enabled
17:01:57.128 [JavaFX Application Thread] DEBUG FXGLApplication      - Exiting FXGL
17:01:57.128 [JavaFX Application Thread] DEBUG LoopRunner           - Stopping loop
17:01:57.128 [JavaFX Application Thread] DEBUG SystemBundleService  - Saving FXGL system data
17:01:57.136 [JavaFX Application Thread] DEBUG FileSystemAccess     - Writing to: C:\Users\majah\OneDrive\Desktop\world-hell\BasicGameApp\system\fxgl.bundle
17:01:57.139 [JavaFX Application Thread] DEBUG Async                - Shutting down background threads
17:01:57.139 [JavaFX Application Thread] DEBUG PrimaryStageWindow   - Closing main window
17:01:57.162 [JavaFX Application Thread] DEBUG Logger               - Closing Logger
