12:26:54.067 [main                     ] DEBUG Logger               - Configured Logger
12:26:54.093 [main                     ] DEBUG GameApplication      - Logging settings
Title: WorldHELL 0 
Version: 0.1
Width: 800
Height: 800
Fullscreen: false
Intro: false
Profiling: false
Single step:false
App Mode: DEVELOPER
Menu Key: ESCAPE
Stage Style: DECORATED
Scene Factory: class com.example.basicgameapp.sceneFactory

12:26:54.392 [JavaFX Application Thread] DEBUG FXGLApplication      - Initializing FXGL
12:26:54.396 [JavaFX Application Thread] INFO  Engine               - FXGL-17.2 (20.08.2022 16.50) on LINUX (J:21.0.1 FX:20.0.1)
12:26:54.397 [JavaFX Application Thread] DEBUG Engine               - JRE Vendor Name: Oracle Corporation
12:26:54.397 [JavaFX Application Thread] DEBUG Engine               - Running on OS: Linux version 6.6.4-arch1-1
12:26:54.397 [JavaFX Application Thread] DEBUG Engine               - Architecture: amd64
12:26:54.397 [JavaFX Application Thread] INFO  Engine               - Source code and latest versions at: https://github.com/AlmasB/FXGL
12:26:54.397 [JavaFX Application Thread] INFO  Engine               -       Ask questions and discuss at: https://github.com/AlmasB/FXGL/discussions
12:26:54.398 [JavaFX Application Thread] INFO  Engine               -              Join the FXGL chat at: https://gitter.im/AlmasB/FXGL
12:26:54.459 [JavaFX Application Thread] DEBUG PrimaryStageWindow   - Creating a JavaFX scene
12:26:54.564 [JavaFX Application Thread] DEBUG PrimaryStageWindow   - Target settings size: 800.0 x 800.0
12:26:54.564 [JavaFX Application Thread] DEBUG PrimaryStageWindow   - Scaled scene size:    800.0 x 800.0
12:26:54.565 [JavaFX Application Thread] DEBUG PrimaryStageWindow   - Scaled ratio: (1.0, 1.0)
12:26:54.566 [JavaFX Application Thread] DEBUG PrimaryStageWindow   - Set initial scene to FXGLStartupScene
12:26:54.571 [JavaFX Application Thread] DEBUG PrimaryStageWindow   - Opening main window
12:26:54.607 [JavaFX Application Thread] DEBUG PrimaryStageWindow   - Window border size: (2.0, 29.0)
12:26:54.608 [JavaFX Application Thread] DEBUG PrimaryStageWindow   - Scaled size: 800.0 x 800.0
12:26:54.608 [JavaFX Application Thread] DEBUG PrimaryStageWindow   - Scaled ratio: (1.0, 1.0)
12:26:54.608 [JavaFX Application Thread] DEBUG PrimaryStageWindow   - Scene size: 800.0 x 800.0
12:26:54.608 [JavaFX Application Thread] DEBUG PrimaryStageWindow   - Stage size: 802.0 x 829.0
12:26:54.615 [FXGL Background Thread 1 ] DEBUG Engine               - Initializing environment variables
12:26:54.656 [FXGL Background Thread 1 ] DEBUG FXGLAssetLoaderServi - User app class for loading assets: class com.example.basicgameapp.BasicGameApp
12:26:54.657 [FXGL Background Thread 1 ] DEBUG GameApplicationServi - Applying CSS: fxgl_dark.css
12:26:54.658 [FXGL Background Thread 1 ] DEBUG FXGLAssetLoaderServi - Loading from file system: jar:file:///home/renz/.m2/repository/com/github/almasb/fxgl/17.2/fxgl-17.2.jar!/fxglassets/ui/css/fxgl_dark.css
12:26:54.703 [FXGL Background Thread 1 ] DEBUG GameApplicationServi - Initializing application scenes
12:26:54.770 [FXGL Background Thread 1 ] DEBUG GameWorld            - Game world initialized
12:26:54.811 [FXGL Background Thread 1 ] DEBUG PhysicsWorld         - Physics world initialized: appHeight=800, physics.ppm=50.0
12:26:54.812 [FXGL Background Thread 1 ] DEBUG PhysicsWorld         - Using strategy: BRUTE_FORCE
12:26:54.815 [FXGL Background Thread 1 ] DEBUG GameScene            - Game scene initialized: 800x800
12:26:54.816 [FXGL Background Thread 1 ] DEBUG GameApplicationServi - Application scenes initialized
12:26:54.828 [FXGL Background Thread 1 ] DEBUG SystemBundleService  - Loading FXGL system data
12:26:54.830 [FXGL Background Thread 1 ] DEBUG FileSystemAccess     - Reading from: /home/renz/Documents/world-hell/BasicGameApp/system/fxgl.bundle
12:26:54.837 [FXGL Background Thread 1 ] DEBUG SystemBundleService  - Bundle FXGL: {}
12:26:54.837 [FXGL Background Thread 1 ] DEBUG UpdaterService       - Checking for updates
12:26:54.841 [FXGL Background Thread 4 ] DEBUG FXGLApplication      - Loading fonts
12:26:54.841 [FXGL Background Thread 1 ] DEBUG FXGLApplication      - Loading default localization
12:26:54.841 [FXGL Background Thread 4 ] DEBUG FXGLAssetLoaderServi - Loading from file system: jar:file:///home/renz/.m2/repository/com/github/almasb/fxgl/17.2/fxgl-17.2.jar!/fxglassets/ui/fonts/VarelaRound-Regular.ttf
12:26:54.841 [FXGL Background Thread 1 ] DEBUG FXGLAssetLoaderServi - Loading from file system: jar:file:///home/renz/.m2/repository/com/github/almasb/fxgl/17.2/fxgl-17.2.jar!/fxglassets/languages/english.lang
12:26:54.847 [FXGL Background Thread 4 ] DEBUG FXGLAssetLoaderServi - Loading from file system: jar:file:///home/renz/.m2/repository/com/github/almasb/fxgl/17.2/fxgl-17.2.jar!/fxglassets/ui/fonts/Abel-Regular.ttf
12:26:54.849 [FXGL Background Thread 4 ] DEBUG FXGLAssetLoaderServi - Loading from file system: jar:file:///home/renz/.m2/repository/com/github/almasb/fxgl/17.2/fxgl-17.2.jar!/fxglassets/ui/fonts/TerminalLandMono-Regular.otf
12:26:54.851 [FXGL Background Thread 4 ] DEBUG FXGLAssetLoaderServi - Loading from file system: jar:file:///home/renz/.m2/repository/com/github/almasb/fxgl/17.2/fxgl-17.2.jar!/fxglassets/ui/fonts/Courier-Prime.ttf
12:26:54.852 [FXGL Background Thread 1 ] INFO  FXGLApplication      - FXGL initialization took: 0.237 sec
12:26:54.860 [JavaFX Application Thread] DEBUG Input                - Registered new binding: action0 - D
12:26:54.861 [JavaFX Application Thread] DEBUG Input                - Registered new binding: action1 - A
12:26:54.862 [JavaFX Application Thread] DEBUG Input                - Registered new binding: action2 - W
12:26:54.862 [JavaFX Application Thread] DEBUG Input                - Registered new binding: action3 - S
12:26:54.863 [JavaFX Application Thread] DEBUG FXGLAssetLoaderServi - Loading from file system: jar:file:///home/renz/.m2/repository/com/github/almasb/fxgl/17.2/fxgl-17.2.jar!/fxglassets/textures/fxgl_icon.png
12:26:54.902 [JavaFX Application Thread] DEBUG FXGLAssetLoaderServi - Loading from file system: jar:file:///home/renz/.m2/repository/com/github/almasb/fxgl/17.2/fxgl-17.2.jar!/fxglassets/textures/fxgl_default_cursor.png
12:26:54.904 [JavaFX Application Thread] DEBUG Input                - Registered new binding: Screenshot - CTRL+8
12:26:54.904 [JavaFX Application Thread] DEBUG Input                - Registered new binding: System info dump - CTRL+9
12:26:54.904 [JavaFX Application Thread] DEBUG Input                - Registered new binding: Restart - CTRL+R
12:26:54.904 [JavaFX Application Thread] DEBUG Input                - Registered new binding: Toggle Debug Camera - CTRL+7
12:26:54.906 [JavaFX Application Thread] DEBUG LoopRunner           - Starting loop
12:26:54.906 [JavaFX Application Thread] DEBUG LoopRunner           - Initializing JavaFX AnimationTimerLoop
12:26:54.906 [JavaFX Application Thread] DEBUG GameApplicationServi - Starting new game
12:26:54.907 [JavaFX Application Thread] DEBUG Input                - Clearing active input actions
12:26:54.915 [JavaFX Application Thread] DEBUG GameApplicationServi - Removing overlay from FXGLStartupScene and adding to FXGLLoadingScene
12:26:54.916 [JavaFX Application Thread] DEBUG PrimaryStageWindow   - FXGLStartupScene -> FXGLLoadingScene
12:26:54.916 [JavaFX Application Thread] DEBUG GameApplicationServi - Clearing previous game
12:26:54.916 [JavaFX Application Thread] DEBUG GameScene            - Clearing game scene
12:26:54.916 [JavaFX Application Thread] DEBUG GameWorld            - Clearing game world
12:26:54.916 [JavaFX Application Thread] DEBUG PhysicsWorld         - Clearing physics world
12:26:54.918 [FXGL Background Thread 4 ] DEBUG FXGLApplication      - Initializing game
12:26:54.919 [JavaFX Application Thread] DEBUG FXGLApplication      - Registering font factories with UI factory
12:26:54.924 [FXGL Background Thread 4 ] DEBUG FXGLAssetLoaderServi - Loading from file system: file:/home/renz/Documents/world-hell/BasicGameApp/target/classes/assets/textures/background.jpg
12:26:54.956 [FXGL Background Thread 4 ] DEBUG FXGLAssetLoaderServi - Loading from file system: file:/home/renz/Documents/world-hell/BasicGameApp/target/classes/assets/textures/girl_colored.png
12:26:54.976 [FXGL Background Thread 4 ] INFO  FXGLApplication      - Game initialization took: 0.058 sec
12:26:55.063 [JavaFX Application Thread] DEBUG Input                - Clearing active input actions
12:26:55.071 [JavaFX Application Thread] DEBUG GameApplicationServi - Removing overlay from FXGLLoadingScene and adding to GameScene
12:26:55.072 [JavaFX Application Thread] DEBUG PrimaryStageWindow   - FXGLLoadingScene -> GameScene
12:26:55.175 [FXGL Background Thread 2 ] INFO  UpdaterService       - Your current version:  17.2
12:26:55.175 [FXGL Background Thread 2 ] INFO  UpdaterService       - Latest stable version: 17.3
12:26:55.590 [JavaFX Application Thread] DEBUG FXGLAssetLoaderServi - Loading from file system: file:/home/renz/Documents/world-hell/BasicGameApp/target/classes/assets/textures/zombie_colored.png
12:26:55.593 [JavaFX Application Thread] DEBUG FXGLAssetLoaderServi - Loading from file system: file:/home/renz/Documents/world-hell/BasicGameApp/target/classes/assets/textures/eagle_colored.png
12:26:55.595 [JavaFX Application Thread] DEBUG FXGLAssetLoaderServi - Loading from file system: file:/home/renz/Documents/world-hell/BasicGameApp/target/classes/assets/textures/joshua.jpg
12:26:56.069 [JavaFX Application Thread] DEBUG FXGLAssetLoaderServi - Loading from file system: file:/home/renz/Documents/world-hell/BasicGameApp/target/classes/assets/textures/swipe.png
12:26:57.840 [FXGL Background Thread 3 ] DEBUG Engine               - Logging environment variables
12:26:57.841 [FXGL Background Thread 3 ] DEBUG Engine               - achievements: []
12:26:57.841 [FXGL Background Thread 3 ] DEBUG Engine               - actualHeight: 771.0
12:26:57.841 [FXGL Background Thread 3 ] DEBUG Engine               - actualHeightProperty: ReadOnlyDoubleProperty [value: 806.0]
12:26:57.841 [FXGL Background Thread 3 ] DEBUG Engine               - actualWidth: 798.0
12:26:57.841 [FXGL Background Thread 3 ] DEBUG Engine               - actualWidthProperty: ReadOnlyDoubleProperty [value: 806.0]
12:26:57.841 [FXGL Background Thread 3 ] DEBUG Engine               - appIcon: fxgl_icon.png
12:26:57.841 [FXGL Background Thread 3 ] DEBUG Engine               - applicationMode: DEVELOPER
12:26:57.841 [FXGL Background Thread 3 ] DEBUG Engine               - cSSList: [fxgl_dark.css]
12:26:57.842 [FXGL Background Thread 3 ] DEBUG Engine               - collisionDetectionStrategy: BRUTE_FORCE
12:26:57.842 [FXGL Background Thread 3 ] DEBUG Engine               - configClass: Optional.empty
12:26:57.842 [FXGL Background Thread 3 ] DEBUG Engine               - credits: []
12:26:57.843 [FXGL Background Thread 3 ] DEBUG Engine               - defaultCursor: CursorInfo(imageName=fxgl_default_cursor.png, hotspotX=7.0, hotspotY=6.0)
12:26:57.844 [FXGL Background Thread 3 ] DEBUG Engine               - devBBoxColorProperty: ObjectProperty [value: 0xff0000ff]
12:26:57.844 [FXGL Background Thread 3 ] DEBUG Engine               - devEnableDebugCameraProperty: BooleanProperty [value: false]
12:26:57.844 [FXGL Background Thread 3 ] DEBUG Engine               - devSensorColorProperty: ObjectProperty [value: 0xffff00ff]
12:26:57.844 [FXGL Background Thread 3 ] DEBUG Engine               - devShowBBoxProperty: BooleanProperty [value: false]
12:26:57.844 [FXGL Background Thread 3 ] DEBUG Engine               - devShowPositionProperty: BooleanProperty [value: false]
12:26:57.844 [FXGL Background Thread 3 ] DEBUG Engine               - enabledMenuItems: []
12:26:57.844 [FXGL Background Thread 3 ] DEBUG Engine               - engineServices: [class com.almasb.fxgl.app.services.FXGLAssetLoaderService, class com.almasb.fxgl.app.FXGLApplication$GameApplicationService, class com.almasb.fxgl.app.services.FXGLDialogService, class com.almasb.fxgl.app.services.IOTaskExecutorService, class com.almasb.fxgl.io.FileSystemService, class com.almasb.fxgl.localization.LocalizationService, class com.almasb.fxgl.app.services.SystemBundleService, class com.almasb.fxgl.profile.SaveLoadService, class com.almasb.fxgl.ui.FXGLUIFactoryServiceProvider, class com.almasb.fxgl.ui.FXGLDialogFactoryServiceProvider, class com.almasb.fxgl.audio.AudioPlayer, class com.almasb.fxgl.notification.impl.NotificationServiceProvider, class com.almasb.fxgl.achievement.AchievementService, class com.almasb.fxgl.cutscene.CutsceneService, class com.almasb.fxgl.minigames.MiniGameService, class com.almasb.fxgl.net.NetService, class com.almasb.fxgl.app.services.UpdaterService, class com.almasb.fxgl.dev.DevService]
12:26:57.844 [FXGL Background Thread 3 ] DEBUG Engine               - fontGame: Abel-Regular.ttf
12:26:57.844 [FXGL Background Thread 3 ] DEBUG Engine               - fontMono: TerminalLandMono-Regular.otf
12:26:57.844 [FXGL Background Thread 3 ] DEBUG Engine               - fontText: Courier-Prime.ttf
12:26:57.844 [FXGL Background Thread 3 ] DEBUG Engine               - fontUI: VarelaRound-Regular.ttf
12:26:57.844 [FXGL Background Thread 3 ] DEBUG Engine               - fullScreen: BooleanProperty [value: false]
12:26:57.844 [FXGL Background Thread 3 ] DEBUG Engine               - gameDifficulty: MEDIUM
12:26:57.844 [FXGL Background Thread 3 ] DEBUG Engine               - gameDifficultyProperty: ObjectProperty [value: MEDIUM]
12:26:57.844 [FXGL Background Thread 3 ] DEBUG Engine               - globalMusicVolume: 0.5
12:26:57.844 [FXGL Background Thread 3 ] DEBUG Engine               - globalMusicVolumeProperty: DoubleProperty [value: 0.5]
12:26:57.844 [FXGL Background Thread 3 ] DEBUG Engine               - globalSoundVolume: 0.5
12:26:57.844 [FXGL Background Thread 3 ] DEBUG Engine               - globalSoundVolumeProperty: DoubleProperty [value: 0.5]
12:26:57.845 [FXGL Background Thread 3 ] DEBUG Engine               - height: 800
12:26:57.845 [FXGL Background Thread 3 ] DEBUG Engine               - is3D: false
12:26:57.845 [FXGL Background Thread 3 ] DEBUG Engine               - isAndroid: false
12:26:57.845 [FXGL Background Thread 3 ] DEBUG Engine               - isBrowser: false
12:26:57.845 [FXGL Background Thread 3 ] DEBUG Engine               - isClickFeedbackEnabled: false
12:26:57.845 [FXGL Background Thread 3 ] DEBUG Engine               - isCloseConfirmation: false
12:26:57.845 [FXGL Background Thread 3 ] DEBUG Engine               - isDesktop: true
12:26:57.845 [FXGL Background Thread 3 ] DEBUG Engine               - isDeveloperMenuEnabled: false
12:26:57.845 [FXGL Background Thread 3 ] DEBUG Engine               - isEmbedded: false
12:26:57.845 [FXGL Background Thread 3 ] DEBUG Engine               - isEntityPreloadEnabled: true
12:26:57.845 [FXGL Background Thread 3 ] DEBUG Engine               - isExperimentalTiledLargeMap: false
12:26:57.845 [FXGL Background Thread 3 ] DEBUG Engine               - isFileSystemWriteAllowed: true
12:26:57.845 [FXGL Background Thread 3 ] DEBUG Engine               - isFullScreenAllowed: false
12:26:57.845 [FXGL Background Thread 3 ] DEBUG Engine               - isFullScreenFromStart: false
12:26:57.845 [FXGL Background Thread 3 ] DEBUG Engine               - isGameMenuEnabled: true
12:26:57.845 [FXGL Background Thread 3 ] DEBUG Engine               - isIOS: false
12:26:57.845 [FXGL Background Thread 3 ] DEBUG Engine               - isIntroEnabled: false
12:26:57.845 [FXGL Background Thread 3 ] DEBUG Engine               - isLinux: true
12:26:57.845 [FXGL Background Thread 3 ] DEBUG Engine               - isMac: false
12:26:57.845 [FXGL Background Thread 3 ] DEBUG Engine               - isMainMenuEnabled: false
12:26:57.845 [FXGL Background Thread 3 ] DEBUG Engine               - isManualResizeEnabled: false
12:26:57.845 [FXGL Background Thread 3 ] DEBUG Engine               - isMobile: false
12:26:57.845 [FXGL Background Thread 3 ] DEBUG Engine               - isNative: false
12:26:57.845 [FXGL Background Thread 3 ] DEBUG Engine               - isPauseMusicWhenMinimized: true
12:26:57.845 [FXGL Background Thread 3 ] DEBUG Engine               - isPreserveResizeRatio: false
12:26:57.845 [FXGL Background Thread 3 ] DEBUG Engine               - isProfilingEnabled: false
12:26:57.845 [FXGL Background Thread 3 ] DEBUG Engine               - isScaleAffectedOnResize: true
12:26:57.845 [FXGL Background Thread 3 ] DEBUG Engine               - isSingleStep: false
12:26:57.845 [FXGL Background Thread 3 ] DEBUG Engine               - isUserProfileEnabled: false
12:26:57.845 [FXGL Background Thread 3 ] DEBUG Engine               - isWindows: false
12:26:57.845 [FXGL Background Thread 3 ] DEBUG Engine               - language: ObjectProperty [value: ENGLISH]
12:26:57.845 [FXGL Background Thread 3 ] DEBUG Engine               - menuKey: ESCAPE
12:26:57.845 [FXGL Background Thread 3 ] DEBUG Engine               - mouseSensitivity: 0.2
12:26:57.845 [FXGL Background Thread 3 ] DEBUG Engine               - notificationViewClass: class com.almasb.fxgl.notification.view.XboxNotificationView
12:26:57.845 [FXGL Background Thread 3 ] DEBUG Engine               - pixelsPerMeter: 50.0
12:26:57.845 [FXGL Background Thread 3 ] DEBUG Engine               - platform: LINUX
12:26:57.845 [FXGL Background Thread 3 ] DEBUG Engine               - prefHeightProperty: ReadOnlyDoubleProperty [value: 800.0]
12:26:57.845 [FXGL Background Thread 3 ] DEBUG Engine               - prefWidthProperty: ReadOnlyDoubleProperty [value: 800.0]
12:26:57.845 [FXGL Background Thread 3 ] DEBUG Engine               - profileDir: profiles/
12:26:57.845 [FXGL Background Thread 3 ] DEBUG Engine               - profileName: StringProperty [value: DEFAULT]
12:26:57.845 [FXGL Background Thread 3 ] DEBUG Engine               - randomSeed: -1
12:26:57.846 [FXGL Background Thread 3 ] DEBUG Engine               - runtimeInfo: RuntimeInfo(platform=LINUX, version=17.2, build=20.08.2022 16.50)
12:26:57.846 [FXGL Background Thread 3 ] DEBUG Engine               - saveFileExt: sav
12:26:57.846 [FXGL Background Thread 3 ] DEBUG Engine               - scaledHeightProp$fxgl: DoubleProperty [bound, value: 806.0]
12:26:57.846 [FXGL Background Thread 3 ] DEBUG Engine               - scaledWidthProp$fxgl: DoubleProperty [bound, value: 806.0]
12:26:57.846 [FXGL Background Thread 3 ] DEBUG Engine               - sceneFactory: com.example.basicgameapp.sceneFactory@7c49507a
12:26:57.846 [FXGL Background Thread 3 ] DEBUG Engine               - secondsIn24h: 60
12:26:57.846 [FXGL Background Thread 3 ] DEBUG Engine               - soundMenuBack: menu/back.wav
12:26:57.846 [FXGL Background Thread 3 ] DEBUG Engine               - soundMenuPress: menu/press.wav
12:26:57.846 [FXGL Background Thread 3 ] DEBUG Engine               - soundMenuSelect: menu/select.wav
12:26:57.846 [FXGL Background Thread 3 ] DEBUG Engine               - soundNotification: core/notification.wav
12:26:57.846 [FXGL Background Thread 3 ] DEBUG Engine               - stageStyle: DECORATED
12:26:57.846 [FXGL Background Thread 3 ] DEBUG Engine               - supportedLanguages: [ENGLISH, FRENCH, GERMAN, HUNGARIAN, RUSSIAN]
12:26:57.846 [FXGL Background Thread 3 ] DEBUG Engine               - ticksPerSecond: -1
12:26:57.846 [FXGL Background Thread 3 ] DEBUG Engine               - title: WorldHELL 0 
12:26:57.846 [FXGL Background Thread 3 ] DEBUG Engine               - urlGithub: https://github.com/AlmasB/FXGL
12:26:57.846 [FXGL Background Thread 3 ] DEBUG Engine               - urlLeaderboard: http://fxgl-top.herokuapp.com/
12:26:57.846 [FXGL Background Thread 3 ] DEBUG Engine               - urlPOM: https://raw.githubusercontent.com/AlmasB/FXGL/release/README.md
12:26:57.846 [FXGL Background Thread 3 ] DEBUG Engine               - userAppClass: class com.example.basicgameapp.BasicGameApp
12:26:57.846 [FXGL Background Thread 3 ] DEBUG Engine               - version: 0.1
12:26:57.846 [FXGL Background Thread 3 ] DEBUG Engine               - versionCheckDays: 7
12:26:57.846 [FXGL Background Thread 3 ] DEBUG Engine               - width: 800
12:26:57.846 [FXGL Background Thread 3 ] DEBUG Engine               - Logging services
12:26:57.846 [FXGL Background Thread 3 ] DEBUG Engine               - class com.almasb.fxgl.app.services.FXGLAssetLoaderService
12:26:57.846 [FXGL Background Thread 3 ] DEBUG Engine               - class com.almasb.fxgl.app.FXGLApplication$GameApplicationService
12:26:57.846 [FXGL Background Thread 3 ] DEBUG Engine               - class com.almasb.fxgl.app.services.FXGLDialogService
12:26:57.846 [FXGL Background Thread 3 ] DEBUG Engine               - class com.almasb.fxgl.app.services.IOTaskExecutorService
12:26:57.846 [FXGL Background Thread 3 ] DEBUG Engine               - class com.almasb.fxgl.io.FileSystemService
12:26:57.846 [FXGL Background Thread 3 ] DEBUG Engine               - class com.almasb.fxgl.localization.LocalizationService
12:26:57.847 [FXGL Background Thread 3 ] DEBUG Engine               - class com.almasb.fxgl.app.services.SystemBundleService
12:26:57.847 [FXGL Background Thread 3 ] DEBUG Engine               - class com.almasb.fxgl.profile.SaveLoadService
12:26:57.847 [FXGL Background Thread 3 ] DEBUG Engine               - class com.almasb.fxgl.ui.FXGLUIFactoryServiceProvider
12:26:57.847 [FXGL Background Thread 3 ] DEBUG Engine               - class com.almasb.fxgl.ui.FXGLDialogFactoryServiceProvider
12:26:57.847 [FXGL Background Thread 3 ] DEBUG Engine               - class com.almasb.fxgl.audio.AudioPlayer
12:26:57.847 [FXGL Background Thread 3 ] DEBUG Engine               - class com.almasb.fxgl.notification.impl.NotificationServiceProvider
12:26:57.847 [FXGL Background Thread 3 ] DEBUG Engine               - class com.almasb.fxgl.achievement.AchievementService
12:26:57.847 [FXGL Background Thread 3 ] DEBUG Engine               - class com.almasb.fxgl.cutscene.CutsceneService
12:26:57.847 [FXGL Background Thread 3 ] DEBUG Engine               - class com.almasb.fxgl.minigames.MiniGameService
12:26:57.847 [FXGL Background Thread 3 ] DEBUG Engine               - class com.almasb.fxgl.net.NetService
12:26:57.847 [FXGL Background Thread 3 ] DEBUG Engine               - class com.almasb.fxgl.app.services.UpdaterService
12:26:57.847 [FXGL Background Thread 3 ] DEBUG Engine               - class com.almasb.fxgl.dev.DevService
12:27:00.966 [JavaFX Application Thread] DEBUG FXGLAssetLoaderServi - Loading from file system: file:/home/renz/Documents/world-hell/BasicGameApp/target/classes/assets/sounds/eagle_death.wav
12:27:04.028 [JavaFX Application Thread] DEBUG FXGLAssetLoaderServi - Loading from file system: file:/home/renz/Documents/world-hell/BasicGameApp/target/classes/assets/sounds/slayy.wav
12:27:04.966 [JavaFX Application Thread] DEBUG FXGLAssetLoaderServi - Loading from file system: file:/home/renz/Documents/world-hell/BasicGameApp/target/classes/assets/textures/you_win.png
12:27:12.059 [JavaFX Application Thread] DEBUG FXGLApplication      - Exiting FXGL
12:27:12.060 [JavaFX Application Thread] DEBUG LoopRunner           - Stopping loop
12:27:12.060 [JavaFX Application Thread] DEBUG SystemBundleService  - Saving FXGL system data
12:27:12.062 [JavaFX Application Thread] DEBUG FileSystemAccess     - Writing to: /home/renz/Documents/world-hell/BasicGameApp/system/fxgl.bundle
12:27:12.064 [JavaFX Application Thread] DEBUG Async                - Shutting down background threads
12:27:12.064 [JavaFX Application Thread] DEBUG PrimaryStageWindow   - Closing main window
12:27:12.067 [JavaFX Application Thread] DEBUG Logger               - Closing Logger
