10:28:46.936 [main                     ] DEBUG Logger               - Configured Logger
10:28:46.976 [main                     ] DEBUG GameApplication      - Logging settings
Title: WorldHELL 0 
Version: 0.1
Width: 800
Height: 800
Fullscreen: false
Intro: false
Profiling: false
Single step:false
App Mode: DEVELOPER
Menu Key: ESCAPE
Stage Style: DECORATED
Scene Factory: class com.example.basicgameapp.BasicGameApp$1

10:28:47.428 [JavaFX Application Thread] DEBUG FXGLApplication      - Initializing FXGL
10:28:47.434 [JavaFX Application Thread] INFO  Engine               - FXGL-17.2 (20.08.2022 16.50) on WINDOWS (J:20.0.2 FX:20.0.1)
10:28:47.435 [JavaFX Application Thread] DEBUG Engine               - JRE Vendor Name: Oracle Corporation
10:28:47.435 [JavaFX Application Thread] DEBUG Engine               - Running on OS: Windows 11 version 10.0
10:28:47.435 [JavaFX Application Thread] DEBUG Engine               - Architecture: amd64
10:28:47.435 [JavaFX Application Thread] INFO  Engine               - Source code and latest versions at: https://github.com/AlmasB/FXGL
10:28:47.436 [JavaFX Application Thread] INFO  Engine               -       Ask questions and discuss at: https://github.com/AlmasB/FXGL/discussions
10:28:47.436 [JavaFX Application Thread] INFO  Engine               -              Join the FXGL chat at: https://gitter.im/AlmasB/FXGL
10:28:47.558 [JavaFX Application Thread] DEBUG PrimaryStageWindow   - Creating a JavaFX scene
10:28:47.627 [JavaFX Application Thread] DEBUG PrimaryStageWindow   - Target settings size: 800.0 x 800.0
10:28:47.628 [JavaFX Application Thread] DEBUG PrimaryStageWindow   - Scaled scene size:    800.0 x 800.0
10:28:47.628 [JavaFX Application Thread] DEBUG PrimaryStageWindow   - Scaled ratio: (1.0, 1.0)
10:28:47.629 [JavaFX Application Thread] DEBUG PrimaryStageWindow   - Set initial scene to FXGLStartupScene
10:28:47.633 [JavaFX Application Thread] DEBUG PrimaryStageWindow   - Opening main window
10:28:47.746 [JavaFX Application Thread] DEBUG PrimaryStageWindow   - Window border size: (14.4000244140625, 37.5999755859375)
10:28:47.747 [JavaFX Application Thread] DEBUG PrimaryStageWindow   - Scaled size: 800.0 x 800.0
10:28:47.747 [JavaFX Application Thread] DEBUG PrimaryStageWindow   - Scaled ratio: (1.0, 1.0)
10:28:47.747 [JavaFX Application Thread] DEBUG PrimaryStageWindow   - Scene size: 800.0 x 800.0
10:28:47.747 [JavaFX Application Thread] DEBUG PrimaryStageWindow   - Stage size: 814.4000244140625 x 837.5999755859375
10:28:47.761 [FXGL Background Thread 1 ] DEBUG Engine               - Initializing environment variables
10:28:47.825 [FXGL Background Thread 1 ] DEBUG FXGLAssetLoaderServi - User app class for loading assets: class com.example.basicgameapp.BasicGameApp
10:28:47.826 [FXGL Background Thread 1 ] DEBUG GameApplicationServi - Applying CSS: fxgl_dark.css
10:28:47.827 [FXGL Background Thread 1 ] DEBUG FXGLAssetLoaderServi - Loading from file system: jar:file:///C:/Users/majah/.m2/repository/com/github/almasb/fxgl/17.2/fxgl-17.2.jar!/fxglassets/ui/css/fxgl_dark.css
10:28:47.887 [FXGL Background Thread 1 ] DEBUG GameApplicationServi - Initializing application scenes
10:28:47.935 [FXGL Background Thread 1 ] DEBUG GameWorld            - Game world initialized
10:28:48.012 [FXGL Background Thread 1 ] DEBUG PhysicsWorld         - Physics world initialized: appHeight=800, physics.ppm=50.0
10:28:48.012 [FXGL Background Thread 1 ] DEBUG PhysicsWorld         - Using strategy: BRUTE_FORCE
10:28:48.018 [FXGL Background Thread 1 ] DEBUG GameScene            - Game scene initialized: 800x800
10:28:48.025 [FXGL Background Thread 1 ] DEBUG FXGLAssetLoaderServi - Loading from file system: file:/C:/Users/majah/OneDrive/Desktop/wH/world-hell/BasicGameApp/target/classes/assets/textures/BG.png
10:28:48.109 [FXGL Background Thread 1 ] DEBUG GameApplicationServi - Application scenes initialized
10:28:48.128 [FXGL Background Thread 1 ] DEBUG SystemBundleService  - Loading FXGL system data
10:28:48.135 [FXGL Background Thread 1 ] DEBUG FileSystemAccess     - Reading from: C:\Users\majah\OneDrive\Desktop\wH\world-hell\BasicGameApp\system\fxgl.bundle
10:28:48.154 [FXGL Background Thread 1 ] DEBUG SystemBundleService  - Bundle FXGL: {}
10:28:48.155 [FXGL Background Thread 1 ] DEBUG UpdaterService       - Checking for updates
10:28:48.160 [FXGL Background Thread 1 ] DEBUG FXGLApplication      - Loading default localization
10:28:48.161 [FXGL Background Thread 4 ] DEBUG FXGLApplication      - Loading fonts
10:28:48.161 [FXGL Background Thread 4 ] DEBUG FXGLAssetLoaderServi - Loading from file system: jar:file:///C:/Users/majah/.m2/repository/com/github/almasb/fxgl/17.2/fxgl-17.2.jar!/fxglassets/ui/fonts/VarelaRound-Regular.ttf
10:28:48.162 [FXGL Background Thread 1 ] DEBUG FXGLAssetLoaderServi - Loading from file system: jar:file:///C:/Users/majah/.m2/repository/com/github/almasb/fxgl/17.2/fxgl-17.2.jar!/fxglassets/languages/english.lang
10:28:48.189 [FXGL Background Thread 1 ] INFO  FXGLApplication      - FXGL initialization took: 0.427 sec
10:28:48.201 [JavaFX Application Thread] DEBUG Input                - Registered new binding: action0 - D
10:28:48.201 [JavaFX Application Thread] DEBUG Input                - Registered new binding: action1 - A
10:28:48.202 [JavaFX Application Thread] DEBUG Input                - Registered new binding: action2 - W
10:28:48.202 [JavaFX Application Thread] DEBUG Input                - Registered new binding: action3 - S
10:28:48.203 [JavaFX Application Thread] DEBUG FXGLAssetLoaderServi - Loading from file system: file:/C:/Users/majah/OneDrive/Desktop/wH/world-hell/BasicGameApp/target/classes/assets/music/Rip%20&%20Tear%20Doom%20OST.mp3
10:28:48.294 [FXGL Background Thread 4 ] DEBUG FXGLAssetLoaderServi - Loading from file system: jar:file:///C:/Users/majah/.m2/repository/com/github/almasb/fxgl/17.2/fxgl-17.2.jar!/fxglassets/ui/fonts/Abel-Regular.ttf
10:28:48.299 [FXGL Background Thread 4 ] DEBUG FXGLAssetLoaderServi - Loading from file system: jar:file:///C:/Users/majah/.m2/repository/com/github/almasb/fxgl/17.2/fxgl-17.2.jar!/fxglassets/ui/fonts/TerminalLandMono-Regular.otf
10:28:48.307 [FXGL Background Thread 4 ] DEBUG FXGLAssetLoaderServi - Loading from file system: jar:file:///C:/Users/majah/.m2/repository/com/github/almasb/fxgl/17.2/fxgl-17.2.jar!/fxglassets/ui/fonts/Courier-Prime.ttf
10:28:48.367 [JavaFX Application Thread] DEBUG AudioPlayer          - Playing music com.almasb.fxgl.audio.Music@33d883d1
10:28:48.368 [JavaFX Application Thread] DEBUG FXGLAssetLoaderServi - Loading from file system: jar:file:///C:/Users/majah/.m2/repository/com/github/almasb/fxgl/17.2/fxgl-17.2.jar!/fxglassets/textures/fxgl_icon.png
10:28:48.388 [JavaFX Application Thread] DEBUG FXGLAssetLoaderServi - Loading from file system: jar:file:///C:/Users/majah/.m2/repository/com/github/almasb/fxgl/17.2/fxgl-17.2.jar!/fxglassets/textures/fxgl_default_cursor.png
10:28:48.390 [JavaFX Application Thread] DEBUG Input                - Registered new binding: Screenshot - CTRL+8
10:28:48.390 [JavaFX Application Thread] DEBUG Input                - Registered new binding: System info dump - CTRL+9
10:28:48.391 [JavaFX Application Thread] DEBUG Input                - Registered new binding: Restart - CTRL+R
10:28:48.391 [JavaFX Application Thread] DEBUG Input                - Registered new binding: Toggle Debug Camera - CTRL+7
10:28:48.395 [JavaFX Application Thread] DEBUG LoopRunner           - Starting loop
10:28:48.395 [JavaFX Application Thread] DEBUG LoopRunner           - Initializing JavaFX AnimationTimerLoop
10:28:48.399 [JavaFX Application Thread] DEBUG Input                - Clearing active input actions
10:28:48.413 [JavaFX Application Thread] DEBUG GameApplicationServi - Removing overlay from FXGLStartupScene and adding to FXGLMainMenuDummyScene
10:28:48.414 [JavaFX Application Thread] DEBUG PrimaryStageWindow   - FXGLStartupScene -> FXGLMainMenuDummyScene
10:28:48.414 [JavaFX Application Thread] DEBUG PrimaryStageWindow   - Push state: WorldHellMenu
10:28:48.415 [JavaFX Application Thread] DEBUG Input                - Clearing active input actions
10:28:48.420 [JavaFX Application Thread] DEBUG GameApplicationServi - Removing overlay from FXGLMainMenuDummyScene and adding to WorldHellMenu
10:28:48.422 [JavaFX Application Thread] DEBUG PrimaryStageWindow   - FXGLMainMenuDummyScene -> WorldHellMenu
10:28:48.423 [JavaFX Application Thread] DEBUG FXGLApplication      - Registering font factories with UI factory
10:28:48.453 [FXGL Background Thread 2 ] WARN  UpdaterService       - Failed to find updates: java.net.UnknownHostException: raw.githubusercontent.com
10:28:49.709 [JavaFX Application Thread] DEBUG Menu                 - fireNewGame()
10:28:49.709 [JavaFX Application Thread] DEBUG GameApplicationServi - Starting new game
10:28:49.710 [JavaFX Application Thread] DEBUG PrimaryStageWindow   - Pop state: WorldHellMenu
10:28:49.710 [JavaFX Application Thread] DEBUG Input                - Clearing active input actions
10:28:49.711 [JavaFX Application Thread] DEBUG GameApplicationServi - Removing overlay from WorldHellMenu and adding to FXGLMainMenuDummyScene
10:28:49.712 [JavaFX Application Thread] DEBUG PrimaryStageWindow   - FXGLMainMenuDummyScene <- WorldHellMenu
10:28:49.713 [JavaFX Application Thread] DEBUG Input                - Clearing active input actions
10:28:49.728 [JavaFX Application Thread] DEBUG GameApplicationServi - Removing overlay from FXGLMainMenuDummyScene and adding to FXGLLoadingScene
10:28:49.728 [JavaFX Application Thread] DEBUG PrimaryStageWindow   - FXGLMainMenuDummyScene -> FXGLLoadingScene
10:28:49.728 [JavaFX Application Thread] DEBUG GameApplicationServi - Clearing previous game
10:28:49.728 [JavaFX Application Thread] DEBUG GameScene            - Clearing game scene
10:28:49.728 [JavaFX Application Thread] DEBUG GameWorld            - Clearing game world
10:28:49.729 [JavaFX Application Thread] DEBUG PhysicsWorld         - Clearing physics world
10:28:49.731 [FXGL Background Thread 2 ] DEBUG FXGLApplication      - Initializing game
10:28:49.732 [FXGL Background Thread 2 ] DEBUG AudioPlayer          - Playing music com.almasb.fxgl.audio.Music@33d883d1
10:28:49.733 [FXGL Background Thread 2 ] DEBUG FXGLAssetLoaderServi - Loading from file system: file:/C:/Users/majah/OneDrive/Desktop/wH/world-hell/BasicGameApp/target/classes/assets/textures/bloody_paper2.jpg
10:28:49.765 [FXGL Background Thread 2 ] DEBUG FXGLAssetLoaderServi - Loading from file system: file:/C:/Users/majah/OneDrive/Desktop/wH/world-hell/BasicGameApp/target/classes/assets/textures/girl_colored.png
10:28:49.797 [FXGL Background Thread 2 ] INFO  FXGLApplication      - Game initialization took: 0.067 sec
10:28:49.805 [JavaFX Application Thread] DEBUG Input                - Clearing active input actions
10:28:49.813 [JavaFX Application Thread] DEBUG GameApplicationServi - Removing overlay from FXGLLoadingScene and adding to GameScene
10:28:49.813 [JavaFX Application Thread] DEBUG PrimaryStageWindow   - FXGLLoadingScene -> GameScene
10:28:50.444 [JavaFX Application Thread] DEBUG FXGLAssetLoaderServi - Loading from file system: file:/C:/Users/majah/OneDrive/Desktop/wH/world-hell/BasicGameApp/target/classes/assets/textures/zombie_colored.png
10:28:50.453 [JavaFX Application Thread] DEBUG FXGLAssetLoaderServi - Loading from file system: file:/C:/Users/majah/OneDrive/Desktop/wH/world-hell/BasicGameApp/target/classes/assets/textures/eagle_colored.png
10:28:50.460 [JavaFX Application Thread] DEBUG FXGLAssetLoaderServi - Loading from file system: file:/C:/Users/majah/OneDrive/Desktop/wH/world-hell/BasicGameApp/target/classes/assets/textures/bird_colored.png
10:28:50.874 [JavaFX Application Thread] DEBUG FXGLAssetLoaderServi - Loading from file system: file:/C:/Users/majah/OneDrive/Desktop/wH/world-hell/BasicGameApp/target/classes/assets/textures/swipe.png
10:28:50.878 [JavaFX Application Thread] DEBUG FXGLAssetLoaderServi - Loading from file system: file:/C:/Users/majah/OneDrive/Desktop/wH/world-hell/BasicGameApp/target/classes/assets/sounds/swipe.wav
10:28:51.159 [FXGL Background Thread 3 ] DEBUG Engine               - Logging environment variables
10:28:51.160 [FXGL Background Thread 3 ] DEBUG Engine               - achievements: []
10:28:51.161 [FXGL Background Thread 3 ] DEBUG Engine               - actualHeight: 800.0
10:28:51.161 [FXGL Background Thread 3 ] DEBUG Engine               - actualHeightProperty: ReadOnlyDoubleProperty [value: 800.0]
10:28:51.161 [FXGL Background Thread 3 ] DEBUG Engine               - actualWidth: 800.0
10:28:51.161 [FXGL Background Thread 3 ] DEBUG Engine               - actualWidthProperty: ReadOnlyDoubleProperty [value: 800.0]
10:28:51.161 [FXGL Background Thread 3 ] DEBUG Engine               - appIcon: fxgl_icon.png
10:28:51.161 [FXGL Background Thread 3 ] DEBUG Engine               - applicationMode: DEVELOPER
10:28:51.162 [FXGL Background Thread 3 ] DEBUG Engine               - cSSList: [fxgl_dark.css]
10:28:51.162 [FXGL Background Thread 3 ] DEBUG Engine               - collisionDetectionStrategy: BRUTE_FORCE
10:28:51.162 [FXGL Background Thread 3 ] DEBUG Engine               - configClass: Optional.empty
10:28:51.162 [FXGL Background Thread 3 ] DEBUG Engine               - credits: []
10:28:51.166 [FXGL Background Thread 3 ] DEBUG Engine               - defaultCursor: CursorInfo(imageName=fxgl_default_cursor.png, hotspotX=7.0, hotspotY=6.0)
10:28:51.166 [FXGL Background Thread 3 ] DEBUG Engine               - devBBoxColorProperty: ObjectProperty [value: 0xff0000ff]
10:28:51.167 [FXGL Background Thread 3 ] DEBUG Engine               - devEnableDebugCameraProperty: BooleanProperty [value: false]
10:28:51.167 [FXGL Background Thread 3 ] DEBUG Engine               - devSensorColorProperty: ObjectProperty [value: 0xffff00ff]
10:28:51.167 [FXGL Background Thread 3 ] DEBUG Engine               - devShowBBoxProperty: BooleanProperty [value: false]
10:28:51.167 [FXGL Background Thread 3 ] DEBUG Engine               - devShowPositionProperty: BooleanProperty [value: false]
10:28:51.167 [FXGL Background Thread 3 ] DEBUG Engine               - enabledMenuItems: []
10:28:51.169 [FXGL Background Thread 3 ] DEBUG Engine               - engineServices: [class com.almasb.fxgl.app.services.FXGLAssetLoaderService, class com.almasb.fxgl.app.FXGLApplication$GameApplicationService, class com.almasb.fxgl.app.services.FXGLDialogService, class com.almasb.fxgl.app.services.IOTaskExecutorService, class com.almasb.fxgl.io.FileSystemService, class com.almasb.fxgl.localization.LocalizationService, class com.almasb.fxgl.app.services.SystemBundleService, class com.almasb.fxgl.profile.SaveLoadService, class com.almasb.fxgl.ui.FXGLUIFactoryServiceProvider, class com.almasb.fxgl.ui.FXGLDialogFactoryServiceProvider, class com.almasb.fxgl.audio.AudioPlayer, class com.almasb.fxgl.notification.impl.NotificationServiceProvider, class com.almasb.fxgl.achievement.AchievementService, class com.almasb.fxgl.cutscene.CutsceneService, class com.almasb.fxgl.minigames.MiniGameService, class com.almasb.fxgl.net.NetService, class com.almasb.fxgl.app.services.UpdaterService, class com.almasb.fxgl.dev.DevService]
10:28:51.169 [FXGL Background Thread 3 ] DEBUG Engine               - fontGame: Abel-Regular.ttf
10:28:51.169 [FXGL Background Thread 3 ] DEBUG Engine               - fontMono: TerminalLandMono-Regular.otf
10:28:51.169 [FXGL Background Thread 3 ] DEBUG Engine               - fontText: Courier-Prime.ttf
10:28:51.170 [FXGL Background Thread 3 ] DEBUG Engine               - fontUI: VarelaRound-Regular.ttf
10:28:51.170 [FXGL Background Thread 3 ] DEBUG Engine               - fullScreen: BooleanProperty [value: false]
10:28:51.170 [FXGL Background Thread 3 ] DEBUG Engine               - gameDifficulty: MEDIUM
10:28:51.170 [FXGL Background Thread 3 ] DEBUG Engine               - gameDifficultyProperty: ObjectProperty [value: MEDIUM]
10:28:51.170 [FXGL Background Thread 3 ] DEBUG Engine               - globalMusicVolume: 0.5
10:28:51.170 [FXGL Background Thread 3 ] DEBUG Engine               - globalMusicVolumeProperty: DoubleProperty [value: 0.2]
10:28:51.170 [FXGL Background Thread 3 ] DEBUG Engine               - globalSoundVolume: 0.5
10:28:51.171 [FXGL Background Thread 3 ] DEBUG Engine               - globalSoundVolumeProperty: DoubleProperty [value: 0.5]
10:28:51.171 [FXGL Background Thread 3 ] DEBUG Engine               - height: 800
10:28:51.171 [FXGL Background Thread 3 ] DEBUG Engine               - is3D: false
10:28:51.171 [FXGL Background Thread 3 ] DEBUG Engine               - isAndroid: false
10:28:51.171 [FXGL Background Thread 3 ] DEBUG Engine               - isBrowser: false
10:28:51.171 [FXGL Background Thread 3 ] DEBUG Engine               - isClickFeedbackEnabled: false
10:28:51.171 [FXGL Background Thread 3 ] DEBUG Engine               - isCloseConfirmation: false
10:28:51.171 [FXGL Background Thread 3 ] DEBUG Engine               - isDesktop: true
10:28:51.171 [FXGL Background Thread 3 ] DEBUG Engine               - isDeveloperMenuEnabled: false
10:28:51.172 [FXGL Background Thread 3 ] DEBUG Engine               - isEmbedded: false
10:28:51.172 [FXGL Background Thread 3 ] DEBUG Engine               - isEntityPreloadEnabled: true
10:28:51.172 [FXGL Background Thread 3 ] DEBUG Engine               - isExperimentalTiledLargeMap: false
10:28:51.172 [FXGL Background Thread 3 ] DEBUG Engine               - isFileSystemWriteAllowed: true
10:28:51.172 [FXGL Background Thread 3 ] DEBUG Engine               - isFullScreenAllowed: false
10:28:51.172 [FXGL Background Thread 3 ] DEBUG Engine               - isFullScreenFromStart: false
10:28:51.172 [FXGL Background Thread 3 ] DEBUG Engine               - isGameMenuEnabled: true
10:28:51.172 [FXGL Background Thread 3 ] DEBUG Engine               - isIOS: false
10:28:51.172 [FXGL Background Thread 3 ] DEBUG Engine               - isIntroEnabled: false
10:28:51.172 [FXGL Background Thread 3 ] DEBUG Engine               - isLinux: false
10:28:51.172 [FXGL Background Thread 3 ] DEBUG Engine               - isMac: false
10:28:51.172 [FXGL Background Thread 3 ] DEBUG Engine               - isMainMenuEnabled: true
10:28:51.173 [FXGL Background Thread 3 ] DEBUG Engine               - isManualResizeEnabled: false
10:28:51.173 [FXGL Background Thread 3 ] DEBUG Engine               - isMobile: false
10:28:51.173 [FXGL Background Thread 3 ] DEBUG Engine               - isNative: false
10:28:51.173 [FXGL Background Thread 3 ] DEBUG Engine               - isPauseMusicWhenMinimized: true
10:28:51.173 [FXGL Background Thread 3 ] DEBUG Engine               - isPreserveResizeRatio: false
10:28:51.173 [FXGL Background Thread 3 ] DEBUG Engine               - isProfilingEnabled: false
10:28:51.173 [FXGL Background Thread 3 ] DEBUG Engine               - isScaleAffectedOnResize: true
10:28:51.173 [FXGL Background Thread 3 ] DEBUG Engine               - isSingleStep: false
10:28:51.173 [FXGL Background Thread 3 ] DEBUG Engine               - isUserProfileEnabled: false
10:28:51.173 [FXGL Background Thread 3 ] DEBUG Engine               - isWindows: true
10:28:51.173 [FXGL Background Thread 3 ] DEBUG Engine               - language: ObjectProperty [value: ENGLISH]
10:28:51.173 [FXGL Background Thread 3 ] DEBUG Engine               - menuKey: ESCAPE
10:28:51.174 [FXGL Background Thread 3 ] DEBUG Engine               - mouseSensitivity: 0.2
10:28:51.174 [FXGL Background Thread 3 ] DEBUG Engine               - notificationViewClass: class com.almasb.fxgl.notification.view.XboxNotificationView
10:28:51.174 [FXGL Background Thread 3 ] DEBUG Engine               - pixelsPerMeter: 50.0
10:28:51.174 [FXGL Background Thread 3 ] DEBUG Engine               - platform: WINDOWS
10:28:51.174 [FXGL Background Thread 3 ] DEBUG Engine               - prefHeightProperty: ReadOnlyDoubleProperty [value: 800.0]
10:28:51.174 [FXGL Background Thread 3 ] DEBUG Engine               - prefWidthProperty: ReadOnlyDoubleProperty [value: 800.0]
10:28:51.174 [FXGL Background Thread 3 ] DEBUG Engine               - profileDir: profiles/
10:28:51.174 [FXGL Background Thread 3 ] DEBUG Engine               - profileName: StringProperty [value: DEFAULT]
10:28:51.174 [FXGL Background Thread 3 ] DEBUG Engine               - randomSeed: -1
10:28:51.175 [FXGL Background Thread 3 ] DEBUG Engine               - runtimeInfo: RuntimeInfo(platform=WINDOWS, version=17.2, build=20.08.2022 16.50)
10:28:51.175 [FXGL Background Thread 3 ] DEBUG Engine               - saveFileExt: sav
10:28:51.175 [FXGL Background Thread 3 ] DEBUG Engine               - scaledHeightProp$fxgl: DoubleProperty [bound, value: 800.0]
10:28:51.175 [FXGL Background Thread 3 ] DEBUG Engine               - scaledWidthProp$fxgl: DoubleProperty [bound, value: 800.0]
10:28:51.175 [FXGL Background Thread 3 ] DEBUG Engine               - sceneFactory: com.example.basicgameapp.BasicGameApp$1@66166138
10:28:51.175 [FXGL Background Thread 3 ] DEBUG Engine               - secondsIn24h: 60
10:28:51.176 [FXGL Background Thread 3 ] DEBUG Engine               - soundMenuBack: menu/back.wav
10:28:51.176 [FXGL Background Thread 3 ] DEBUG Engine               - soundMenuPress: menu/press.wav
10:28:51.176 [FXGL Background Thread 3 ] DEBUG Engine               - soundMenuSelect: menu/select.wav
10:28:51.176 [FXGL Background Thread 3 ] DEBUG Engine               - soundNotification: core/notification.wav
10:28:51.176 [FXGL Background Thread 3 ] DEBUG Engine               - stageStyle: DECORATED
10:28:51.176 [FXGL Background Thread 3 ] DEBUG Engine               - supportedLanguages: [ENGLISH, FRENCH, GERMAN, HUNGARIAN, RUSSIAN]
10:28:51.176 [FXGL Background Thread 3 ] DEBUG Engine               - ticksPerSecond: -1
10:28:51.176 [FXGL Background Thread 3 ] DEBUG Engine               - title: WorldHELL 0 
10:28:51.176 [FXGL Background Thread 3 ] DEBUG Engine               - urlGithub: https://github.com/AlmasB/FXGL
10:28:51.177 [FXGL Background Thread 3 ] DEBUG Engine               - urlLeaderboard: http://fxgl-top.herokuapp.com/
10:28:51.177 [FXGL Background Thread 3 ] DEBUG Engine               - urlPOM: https://raw.githubusercontent.com/AlmasB/FXGL/release/README.md
10:28:51.177 [FXGL Background Thread 3 ] DEBUG Engine               - userAppClass: class com.example.basicgameapp.BasicGameApp
10:28:51.177 [FXGL Background Thread 3 ] DEBUG Engine               - version: 0.1
10:28:51.177 [FXGL Background Thread 3 ] DEBUG Engine               - versionCheckDays: 7
10:28:51.177 [FXGL Background Thread 3 ] DEBUG Engine               - width: 800
10:28:51.177 [FXGL Background Thread 3 ] DEBUG Engine               - Logging services
10:28:51.177 [FXGL Background Thread 3 ] DEBUG Engine               - class com.almasb.fxgl.app.services.FXGLAssetLoaderService
10:28:51.177 [FXGL Background Thread 3 ] DEBUG Engine               - class com.almasb.fxgl.app.FXGLApplication$GameApplicationService
10:28:51.177 [FXGL Background Thread 3 ] DEBUG Engine               - class com.almasb.fxgl.app.services.FXGLDialogService
10:28:51.177 [FXGL Background Thread 3 ] DEBUG Engine               - class com.almasb.fxgl.app.services.IOTaskExecutorService
10:28:51.177 [FXGL Background Thread 3 ] DEBUG Engine               - class com.almasb.fxgl.io.FileSystemService
10:28:51.178 [FXGL Background Thread 3 ] DEBUG Engine               - class com.almasb.fxgl.localization.LocalizationService
10:28:51.178 [FXGL Background Thread 3 ] DEBUG Engine               - class com.almasb.fxgl.app.services.SystemBundleService
10:28:51.178 [FXGL Background Thread 3 ] DEBUG Engine               - class com.almasb.fxgl.profile.SaveLoadService
10:28:51.178 [FXGL Background Thread 3 ] DEBUG Engine               - class com.almasb.fxgl.ui.FXGLUIFactoryServiceProvider
10:28:51.178 [FXGL Background Thread 3 ] DEBUG Engine               - class com.almasb.fxgl.ui.FXGLDialogFactoryServiceProvider
10:28:51.178 [FXGL Background Thread 3 ] DEBUG Engine               - class com.almasb.fxgl.audio.AudioPlayer
10:28:51.178 [FXGL Background Thread 3 ] DEBUG Engine               - class com.almasb.fxgl.notification.impl.NotificationServiceProvider
10:28:51.178 [FXGL Background Thread 3 ] DEBUG Engine               - class com.almasb.fxgl.achievement.AchievementService
10:28:51.178 [FXGL Background Thread 3 ] DEBUG Engine               - class com.almasb.fxgl.cutscene.CutsceneService
10:28:51.178 [FXGL Background Thread 3 ] DEBUG Engine               - class com.almasb.fxgl.minigames.MiniGameService
10:28:51.178 [FXGL Background Thread 3 ] DEBUG Engine               - class com.almasb.fxgl.net.NetService
10:28:51.178 [FXGL Background Thread 3 ] DEBUG Engine               - class com.almasb.fxgl.app.services.UpdaterService
10:28:51.179 [FXGL Background Thread 3 ] DEBUG Engine               - class com.almasb.fxgl.dev.DevService
10:28:53.675 [JavaFX Application Thread] DEBUG FXGLAssetLoaderServi - Loading from file system: file:/C:/Users/majah/OneDrive/Desktop/wH/world-hell/BasicGameApp/target/classes/assets/sounds/zombie_pain.wav
10:28:53.684 [JavaFX Application Thread] DEBUG FXGLAssetLoaderServi - Loading from file system: file:/C:/Users/majah/OneDrive/Desktop/wH/world-hell/BasicGameApp/target/classes/assets/textures/pisos.png
10:28:54.585 [JavaFX Application Thread] DEBUG FXGLAssetLoaderServi - Loading from file system: file:/C:/Users/majah/OneDrive/Desktop/wH/world-hell/BasicGameApp/target/classes/assets/sounds/coin_get.wav
10:29:01.721 [JavaFX Application Thread] DEBUG FXGLAssetLoaderServi - Loading from file system: file:/C:/Users/majah/OneDrive/Desktop/wH/world-hell/BasicGameApp/target/classes/assets/sounds/bird_death.wav
10:29:11.481 [JavaFX Application Thread] DEBUG FXGLAssetLoaderServi - Loading from file system: file:/C:/Users/majah/OneDrive/Desktop/wH/world-hell/BasicGameApp/target/classes/assets/sounds/player_pain.wav
10:29:15.899 [JavaFX Application Thread] DEBUG FXGLAssetLoaderServi - Loading from file system: file:/C:/Users/majah/OneDrive/Desktop/wH/world-hell/BasicGameApp/target/classes/assets/sounds/eagle_death.wav
10:29:16.857 [JavaFX Application Thread] DEBUG FXGLAssetLoaderServi - Loading from file system: file:/C:/Users/majah/OneDrive/Desktop/wH/world-hell/BasicGameApp/target/classes/assets/textures/skull.png
10:29:16.895 [JavaFX Application Thread] DEBUG PrimaryStageWindow   - Push state: DialogSubScene
10:29:16.895 [JavaFX Application Thread] DEBUG Input                - Clearing active input actions
10:29:16.899 [JavaFX Application Thread] DEBUG GameApplicationServi - Removing overlay from GameScene and adding to DialogSubScene
10:29:16.899 [JavaFX Application Thread] DEBUG PrimaryStageWindow   - GameScene -> DialogSubScene
10:29:16.899 [JavaFX Application Thread] DEBUG AudioPlayer          - Stopping music com.almasb.fxgl.audio.Music@33d883d1
10:29:25.284 [JavaFX Application Thread] DEBUG PrimaryStageWindow   - Pop state: DialogSubScene
10:29:25.284 [JavaFX Application Thread] DEBUG Input                - Clearing active input actions
10:29:25.285 [JavaFX Application Thread] DEBUG GameApplicationServi - Removing overlay from DialogSubScene and adding to GameScene
10:29:25.286 [JavaFX Application Thread] DEBUG PrimaryStageWindow   - GameScene <- DialogSubScene
10:29:25.286 [JavaFX Application Thread] DEBUG Input                - Clearing active input actions
10:29:25.299 [JavaFX Application Thread] DEBUG GameApplicationServi - Removing overlay from GameScene and adding to FXGLMainMenuDummyScene
10:29:25.299 [JavaFX Application Thread] DEBUG PrimaryStageWindow   - GameScene -> FXGLMainMenuDummyScene
10:29:25.299 [JavaFX Application Thread] DEBUG PrimaryStageWindow   - Push state: WorldHellMenu
10:29:25.299 [JavaFX Application Thread] DEBUG Input                - Clearing active input actions
10:29:25.299 [JavaFX Application Thread] DEBUG GameApplicationServi - Removing overlay from FXGLMainMenuDummyScene and adding to WorldHellMenu
10:29:25.299 [JavaFX Application Thread] DEBUG PrimaryStageWindow   - FXGLMainMenuDummyScene -> WorldHellMenu
10:29:31.531 [JavaFX Application Thread] DEBUG FXGLApplication      - Exiting FXGL
10:29:31.531 [JavaFX Application Thread] DEBUG LoopRunner           - Stopping loop
10:29:31.531 [JavaFX Application Thread] DEBUG SystemBundleService  - Saving FXGL system data
10:29:31.536 [JavaFX Application Thread] DEBUG FileSystemAccess     - Writing to: C:\Users\majah\OneDrive\Desktop\wH\world-hell\BasicGameApp\system\fxgl.bundle
10:29:31.542 [JavaFX Application Thread] DEBUG Async                - Shutting down background threads
10:29:31.542 [JavaFX Application Thread] DEBUG PrimaryStageWindow   - Closing main window
10:29:31.586 [JavaFX Application Thread] DEBUG Logger               - Closing Logger
