04:58:27.281 [main                     ] DEBUG Logger               - Configured Logger
04:58:27.303 [main                     ] DEBUG GameApplication      - Logging settings
Title: WorldHELL 0 
Version: 0.1
Width: 800
Height: 800
Fullscreen: false
Intro: false
Profiling: false
Single step:false
App Mode: DEVELOPER
Menu Key: ESCAPE
Stage Style: DECORATED
Scene Factory: class com.almasb.fxgl.app.scene.SceneFactory

04:58:27.586 [JavaFX Application Thread] DEBUG FXGLApplication      - Initializing FXGL
04:58:27.590 [JavaFX Application Thread] INFO  Engine               - FXGL-17.2 (20.08.2022 16.50) on WINDOWS (J:20.0.2 FX:20.0.1)
04:58:27.590 [JavaFX Application Thread] DEBUG Engine               - JRE Vendor Name: Oracle Corporation
04:58:27.590 [JavaFX Application Thread] DEBUG Engine               - Running on OS: Windows 11 version 10.0
04:58:27.591 [JavaFX Application Thread] DEBUG Engine               - Architecture: amd64
04:58:27.591 [JavaFX Application Thread] INFO  Engine               - Source code and latest versions at: https://github.com/AlmasB/FXGL
04:58:27.591 [JavaFX Application Thread] INFO  Engine               -       Ask questions and discuss at: https://github.com/AlmasB/FXGL/discussions
04:58:27.591 [JavaFX Application Thread] INFO  Engine               -              Join the FXGL chat at: https://gitter.im/AlmasB/FXGL
04:58:27.705 [JavaFX Application Thread] DEBUG PrimaryStageWindow   - Creating a JavaFX scene
04:58:27.872 [JavaFX Application Thread] DEBUG PrimaryStageWindow   - Target settings size: 800.0 x 800.0
04:58:27.872 [JavaFX Application Thread] DEBUG PrimaryStageWindow   - Scaled scene size:    800.0 x 800.0
04:58:27.872 [JavaFX Application Thread] DEBUG PrimaryStageWindow   - Scaled ratio: (1.0, 1.0)
04:58:27.874 [JavaFX Application Thread] DEBUG PrimaryStageWindow   - Set initial scene to FXGLStartupScene
04:58:27.880 [JavaFX Application Thread] DEBUG PrimaryStageWindow   - Opening main window
04:58:27.963 [JavaFX Application Thread] DEBUG PrimaryStageWindow   - Window border size: (14.4000244140625, 37.5999755859375)
04:58:27.964 [JavaFX Application Thread] DEBUG PrimaryStageWindow   - Scaled size: 800.0 x 800.0
04:58:27.964 [JavaFX Application Thread] DEBUG PrimaryStageWindow   - Scaled ratio: (1.0, 1.0)
04:58:27.964 [JavaFX Application Thread] DEBUG PrimaryStageWindow   - Scene size: 800.0 x 800.0
04:58:27.964 [JavaFX Application Thread] DEBUG PrimaryStageWindow   - Stage size: 814.4000244140625 x 837.5999755859375
04:58:27.975 [FXGL Background Thread 1 ] DEBUG Engine               - Initializing environment variables
04:58:28.040 [FXGL Background Thread 1 ] DEBUG FXGLAssetLoaderServi - User app class for loading assets: class com.example.basicgameapp.BasicGameApp
04:58:28.040 [FXGL Background Thread 1 ] DEBUG GameApplicationServi - Applying CSS: fxgl_dark.css
04:58:28.043 [FXGL Background Thread 1 ] DEBUG FXGLAssetLoaderServi - Loading from file system: jar:file:///C:/Users/majah/.m2/repository/com/github/almasb/fxgl/17.2/fxgl-17.2.jar!/fxglassets/ui/css/fxgl_dark.css
04:58:28.086 [FXGL Background Thread 1 ] DEBUG GameApplicationServi - Initializing application scenes
04:58:28.133 [FXGL Background Thread 1 ] DEBUG GameWorld            - Game world initialized
04:58:28.204 [FXGL Background Thread 1 ] DEBUG PhysicsWorld         - Physics world initialized: appHeight=800, physics.ppm=50.0
04:58:28.205 [FXGL Background Thread 1 ] DEBUG PhysicsWorld         - Using strategy: BRUTE_FORCE
04:58:28.210 [FXGL Background Thread 1 ] DEBUG GameScene            - Game scene initialized: 800x800
04:58:28.222 [FXGL Background Thread 1 ] DEBUG FXGL.DefaultMenu     - createMenuBodyMainMenu()
04:58:28.231 [FXGL Background Thread 1 ] DEBUG FXGL.DefaultMenu     - createOptionsMenu()
04:58:28.238 [FXGL Background Thread 1 ] DEBUG FXGLAssetLoaderServi - Loading from file system: jar:file:///C:/Users/majah/.m2/repository/com/github/almasb/fxgl/17.2/fxgl-17.2.jar!/fxglassets/textures/particles/smoke.png
04:58:28.324 [FXGL Background Thread 1 ] DEBUG FXGLAssetLoaderServi - Loading from file system: jar:file:///C:/Users/majah/.m2/repository/com/github/almasb/fxgl/17.2/fxgl-17.2.jar!/fxglassets/textures/particles/trace_horizontal.png
04:58:28.350 [FXGL Background Thread 1 ] DEBUG FXGL.DefaultMenu     - createMenuBodyGameMenu()
04:58:28.352 [FXGL Background Thread 1 ] DEBUG FXGL.DefaultMenu     - createOptionsMenu()
04:58:28.367 [FXGL Background Thread 1 ] DEBUG GameApplicationServi - Application scenes initialized
04:58:28.377 [FXGL Background Thread 1 ] DEBUG SystemBundleService  - Loading FXGL system data
04:58:28.381 [FXGL Background Thread 1 ] DEBUG FileSystemAccess     - Reading from: C:\Users\majah\OneDrive\Desktop\world-hell\BasicGameApp\system\fxgl.bundle
04:58:28.390 [FXGL Background Thread 1 ] DEBUG SystemBundleService  - Bundle FXGL: {}
04:58:28.390 [FXGL Background Thread 1 ] DEBUG UpdaterService       - Checking for updates
04:58:28.393 [FXGL Background Thread 4 ] DEBUG FXGLApplication      - Loading fonts
04:58:28.394 [FXGL Background Thread 1 ] DEBUG FXGLApplication      - Loading default localization
04:58:28.394 [FXGL Background Thread 4 ] DEBUG FXGLAssetLoaderServi - Loading from file system: jar:file:///C:/Users/majah/.m2/repository/com/github/almasb/fxgl/17.2/fxgl-17.2.jar!/fxglassets/ui/fonts/VarelaRound-Regular.ttf
04:58:28.395 [FXGL Background Thread 1 ] DEBUG FXGLAssetLoaderServi - Loading from file system: jar:file:///C:/Users/majah/.m2/repository/com/github/almasb/fxgl/17.2/fxgl-17.2.jar!/fxglassets/languages/english.lang
04:58:28.414 [FXGL Background Thread 1 ] INFO  FXGLApplication      - FXGL initialization took: 0.439 sec
04:58:28.424 [JavaFX Application Thread] DEBUG Input                - Registered new binding: action0 - D
04:58:28.425 [JavaFX Application Thread] DEBUG Input                - Registered new binding: action1 - A
04:58:28.425 [JavaFX Application Thread] DEBUG Input                - Registered new binding: action2 - W
04:58:28.426 [JavaFX Application Thread] DEBUG Input                - Registered new binding: action3 - S
04:58:28.426 [JavaFX Application Thread] DEBUG FXGLAssetLoaderServi - Loading from file system: jar:file:///C:/Users/majah/.m2/repository/com/github/almasb/fxgl/17.2/fxgl-17.2.jar!/fxglassets/textures/fxgl_icon.png
04:58:28.445 [JavaFX Application Thread] DEBUG FXGLAssetLoaderServi - Loading from file system: jar:file:///C:/Users/majah/.m2/repository/com/github/almasb/fxgl/17.2/fxgl-17.2.jar!/fxglassets/textures/fxgl_default_cursor.png
04:58:28.450 [JavaFX Application Thread] DEBUG Input                - Registered new binding: Screenshot - CTRL+8
04:58:28.450 [JavaFX Application Thread] DEBUG Input                - Registered new binding: System info dump - CTRL+9
04:58:28.453 [JavaFX Application Thread] DEBUG Input                - Registered new binding: Restart - CTRL+R
04:58:28.453 [JavaFX Application Thread] DEBUG Input                - Registered new binding: Toggle Debug Camera - CTRL+7
04:58:28.456 [JavaFX Application Thread] DEBUG LoopRunner           - Starting loop
04:58:28.456 [JavaFX Application Thread] DEBUG LoopRunner           - Initializing JavaFX AnimationTimerLoop
04:58:28.458 [JavaFX Application Thread] DEBUG Input                - Clearing active input actions
04:58:28.466 [JavaFX Application Thread] DEBUG GameApplicationServi - Removing overlay from FXGLStartupScene and adding to FXGLMainMenuDummyScene
04:58:28.466 [JavaFX Application Thread] DEBUG PrimaryStageWindow   - FXGLStartupScene -> FXGLMainMenuDummyScene
04:58:28.467 [JavaFX Application Thread] DEBUG PrimaryStageWindow   - Push state: FXGLDefaultMenu
04:58:28.471 [JavaFX Application Thread] DEBUG Input                - Clearing active input actions
04:58:28.482 [JavaFX Application Thread] DEBUG GameApplicationServi - Removing overlay from FXGLMainMenuDummyScene and adding to FXGLDefaultMenu
04:58:28.483 [JavaFX Application Thread] DEBUG PrimaryStageWindow   - FXGLMainMenuDummyScene -> FXGLDefaultMenu
04:58:28.517 [FXGL Background Thread 4 ] DEBUG FXGLAssetLoaderServi - Loading from file system: jar:file:///C:/Users/majah/.m2/repository/com/github/almasb/fxgl/17.2/fxgl-17.2.jar!/fxglassets/ui/fonts/Abel-Regular.ttf
04:58:28.522 [FXGL Background Thread 4 ] DEBUG FXGLAssetLoaderServi - Loading from file system: jar:file:///C:/Users/majah/.m2/repository/com/github/almasb/fxgl/17.2/fxgl-17.2.jar!/fxglassets/ui/fonts/TerminalLandMono-Regular.otf
04:58:28.526 [FXGL Background Thread 4 ] DEBUG FXGLAssetLoaderServi - Loading from file system: jar:file:///C:/Users/majah/.m2/repository/com/github/almasb/fxgl/17.2/fxgl-17.2.jar!/fxglassets/ui/fonts/Courier-Prime.ttf
04:58:28.562 [JavaFX Application Thread] DEBUG FXGLApplication      - Registering font factories with UI factory
04:58:28.799 [FXGL Background Thread 2 ] INFO  UpdaterService       - Your current version:  17.2
04:58:28.799 [FXGL Background Thread 2 ] INFO  UpdaterService       - Latest stable version: 17.3
04:58:30.478 [JavaFX Application Thread] DEBUG FXGLApplication      - Exiting FXGL
04:58:30.478 [JavaFX Application Thread] DEBUG LoopRunner           - Stopping loop
04:58:30.478 [JavaFX Application Thread] DEBUG SystemBundleService  - Saving FXGL system data
04:58:30.480 [JavaFX Application Thread] DEBUG FileSystemAccess     - Writing to: C:\Users\majah\OneDrive\Desktop\world-hell\BasicGameApp\system\fxgl.bundle
04:58:30.482 [JavaFX Application Thread] DEBUG Async                - Shutting down background threads
04:58:30.482 [JavaFX Application Thread] DEBUG PrimaryStageWindow   - Closing main window
04:58:30.502 [JavaFX Application Thread] DEBUG Logger               - Closing Logger
