18:58:44.414 [main                     ] DEBUG Logger               - Configured Logger
18:58:44.436 [main                     ] DEBUG GameApplication      - Logging settings
Title: WorldHELL 0 
Version: 0.1
Width: 800
Height: 800
Fullscreen: false
Intro: false
Profiling: false
Single step:false
App Mode: DEVELOPER
Menu Key: ESCAPE
Stage Style: DECORATED
Scene Factory: class com.example.basicgameapp.sceneFactory

18:58:44.687 [JavaFX Application Thread] DEBUG FXGLApplication      - Initializing FXGL
18:58:44.690 [JavaFX Application Thread] INFO  Engine               - FXGL-17.2 (20.08.2022 16.50) on WINDOWS (J:20.0.2 FX:20.0.1)
18:58:44.691 [JavaFX Application Thread] DEBUG Engine               - JRE Vendor Name: Oracle Corporation
18:58:44.691 [JavaFX Application Thread] DEBUG Engine               - Running on OS: Windows 11 version 10.0
18:58:44.691 [JavaFX Application Thread] DEBUG Engine               - Architecture: amd64
18:58:44.691 [JavaFX Application Thread] INFO  Engine               - Source code and latest versions at: https://github.com/AlmasB/FXGL
18:58:44.691 [JavaFX Application Thread] INFO  Engine               -       Ask questions and discuss at: https://github.com/AlmasB/FXGL/discussions
18:58:44.691 [JavaFX Application Thread] INFO  Engine               -              Join the FXGL chat at: https://gitter.im/AlmasB/FXGL
18:58:44.759 [JavaFX Application Thread] DEBUG PrimaryStageWindow   - Creating a JavaFX scene
18:58:44.803 [JavaFX Application Thread] DEBUG PrimaryStageWindow   - Target settings size: 800.0 x 800.0
18:58:44.803 [JavaFX Application Thread] DEBUG PrimaryStageWindow   - Scaled scene size:    800.0 x 800.0
18:58:44.803 [JavaFX Application Thread] DEBUG PrimaryStageWindow   - Scaled ratio: (1.0, 1.0)
18:58:44.804 [JavaFX Application Thread] DEBUG PrimaryStageWindow   - Set initial scene to FXGLStartupScene
18:58:44.807 [JavaFX Application Thread] DEBUG PrimaryStageWindow   - Opening main window
18:58:44.879 [JavaFX Application Thread] DEBUG PrimaryStageWindow   - Window border size: (14.4000244140625, 37.5999755859375)
18:58:44.879 [JavaFX Application Thread] DEBUG PrimaryStageWindow   - Scaled size: 800.0 x 800.0
18:58:44.879 [JavaFX Application Thread] DEBUG PrimaryStageWindow   - Scaled ratio: (1.0, 1.0)
18:58:44.879 [JavaFX Application Thread] DEBUG PrimaryStageWindow   - Scene size: 800.0 x 800.0
18:58:44.879 [JavaFX Application Thread] DEBUG PrimaryStageWindow   - Stage size: 814.4000244140625 x 837.5999755859375
18:58:44.890 [FXGL Background Thread 1 ] DEBUG Engine               - Initializing environment variables
18:58:44.954 [FXGL Background Thread 1 ] DEBUG FXGLAssetLoaderServi - User app class for loading assets: class com.example.basicgameapp.BasicGameApp
18:58:44.954 [FXGL Background Thread 1 ] DEBUG GameApplicationServi - Applying CSS: fxgl_dark.css
18:58:44.955 [FXGL Background Thread 1 ] DEBUG FXGLAssetLoaderServi - Loading from file system: jar:file:///C:/Users/majah/.m2/repository/com/github/almasb/fxgl/17.2/fxgl-17.2.jar!/fxglassets/ui/css/fxgl_dark.css
18:58:45.002 [FXGL Background Thread 1 ] DEBUG GameApplicationServi - Initializing application scenes
18:58:45.047 [FXGL Background Thread 1 ] DEBUG GameWorld            - Game world initialized
18:58:45.109 [FXGL Background Thread 1 ] DEBUG PhysicsWorld         - Physics world initialized: appHeight=800, physics.ppm=50.0
18:58:45.109 [FXGL Background Thread 1 ] DEBUG PhysicsWorld         - Using strategy: BRUTE_FORCE
18:58:45.114 [FXGL Background Thread 1 ] DEBUG GameScene            - Game scene initialized: 800x800
18:58:45.116 [FXGL Background Thread 1 ] DEBUG GameApplicationServi - Application scenes initialized
18:58:45.137 [FXGL Background Thread 1 ] DEBUG SystemBundleService  - Loading FXGL system data
18:58:45.141 [FXGL Background Thread 1 ] DEBUG FileSystemAccess     - Reading from: C:\Users\majah\IdeaProjects\BasicGameApp\system\fxgl.bundle
18:58:45.150 [FXGL Background Thread 1 ] DEBUG SystemBundleService  - Bundle FXGL: {}
18:58:45.150 [FXGL Background Thread 1 ] DEBUG UpdaterService       - Checking for updates
18:58:45.154 [FXGL Background Thread 4 ] DEBUG FXGLApplication      - Loading fonts
18:58:45.155 [FXGL Background Thread 1 ] DEBUG FXGLApplication      - Loading default localization
18:58:45.155 [FXGL Background Thread 4 ] DEBUG FXGLAssetLoaderServi - Loading from file system: jar:file:///C:/Users/majah/.m2/repository/com/github/almasb/fxgl/17.2/fxgl-17.2.jar!/fxglassets/ui/fonts/VarelaRound-Regular.ttf
18:58:45.156 [FXGL Background Thread 1 ] DEBUG FXGLAssetLoaderServi - Loading from file system: jar:file:///C:/Users/majah/.m2/repository/com/github/almasb/fxgl/17.2/fxgl-17.2.jar!/fxglassets/languages/english.lang
18:58:45.175 [FXGL Background Thread 1 ] INFO  FXGLApplication      - FXGL initialization took: 0.284 sec
18:58:45.187 [JavaFX Application Thread] DEBUG Input                - Registered new binding: action0 - D
18:58:45.188 [JavaFX Application Thread] DEBUG Input                - Registered new binding: action1 - A
18:58:45.189 [JavaFX Application Thread] DEBUG Input                - Registered new binding: action2 - W
18:58:45.189 [JavaFX Application Thread] DEBUG Input                - Registered new binding: action3 - S
18:58:45.189 [JavaFX Application Thread] DEBUG FXGLAssetLoaderServi - Loading from file system: jar:file:///C:/Users/majah/.m2/repository/com/github/almasb/fxgl/17.2/fxgl-17.2.jar!/fxglassets/textures/fxgl_icon.png
18:58:45.226 [JavaFX Application Thread] DEBUG FXGLAssetLoaderServi - Loading from file system: jar:file:///C:/Users/majah/.m2/repository/com/github/almasb/fxgl/17.2/fxgl-17.2.jar!/fxglassets/textures/fxgl_default_cursor.png
18:58:45.228 [JavaFX Application Thread] DEBUG Input                - Registered new binding: Screenshot - CTRL+8
18:58:45.229 [JavaFX Application Thread] DEBUG Input                - Registered new binding: System info dump - CTRL+9
18:58:45.229 [JavaFX Application Thread] DEBUG Input                - Registered new binding: Restart - CTRL+R
18:58:45.229 [JavaFX Application Thread] DEBUG Input                - Registered new binding: Toggle Debug Camera - CTRL+7
18:58:45.233 [JavaFX Application Thread] DEBUG LoopRunner           - Starting loop
18:58:45.233 [JavaFX Application Thread] DEBUG LoopRunner           - Initializing JavaFX AnimationTimerLoop
18:58:45.233 [JavaFX Application Thread] DEBUG GameApplicationServi - Starting new game
18:58:45.234 [JavaFX Application Thread] DEBUG Input                - Clearing active input actions
18:58:45.243 [JavaFX Application Thread] DEBUG GameApplicationServi - Removing overlay from FXGLStartupScene and adding to FXGLLoadingScene
18:58:45.243 [JavaFX Application Thread] DEBUG PrimaryStageWindow   - FXGLStartupScene -> FXGLLoadingScene
18:58:45.244 [JavaFX Application Thread] DEBUG GameApplicationServi - Clearing previous game
18:58:45.244 [JavaFX Application Thread] DEBUG GameScene            - Clearing game scene
18:58:45.244 [JavaFX Application Thread] DEBUG GameWorld            - Clearing game world
18:58:45.244 [JavaFX Application Thread] DEBUG PhysicsWorld         - Clearing physics world
18:58:45.246 [FXGL Background Thread 1 ] DEBUG FXGLApplication      - Initializing game
18:58:45.255 [FXGL Background Thread 1 ] DEBUG FXGLAssetLoaderServi - Loading from file system: file:/C:/Users/majah/IdeaProjects/BasicGameApp/target/classes/assets/textures/girl_colored.png
18:58:45.268 [FXGL Background Thread 4 ] DEBUG FXGLAssetLoaderServi - Loading from file system: jar:file:///C:/Users/majah/.m2/repository/com/github/almasb/fxgl/17.2/fxgl-17.2.jar!/fxglassets/ui/fonts/Abel-Regular.ttf
18:58:45.272 [FXGL Background Thread 4 ] DEBUG FXGLAssetLoaderServi - Loading from file system: jar:file:///C:/Users/majah/.m2/repository/com/github/almasb/fxgl/17.2/fxgl-17.2.jar!/fxglassets/ui/fonts/TerminalLandMono-Regular.otf
18:58:45.275 [FXGL Background Thread 4 ] DEBUG FXGLAssetLoaderServi - Loading from file system: jar:file:///C:/Users/majah/.m2/repository/com/github/almasb/fxgl/17.2/fxgl-17.2.jar!/fxglassets/ui/fonts/Courier-Prime.ttf
18:58:45.286 [FXGL Background Thread 1 ] INFO  FXGLApplication      - Game initialization took: 0.039 sec
18:58:45.300 [JavaFX Application Thread] DEBUG FXGLApplication      - Registering font factories with UI factory
18:58:45.301 [JavaFX Application Thread] DEBUG Input                - Clearing active input actions
18:58:45.312 [JavaFX Application Thread] DEBUG GameApplicationServi - Removing overlay from FXGLLoadingScene and adding to GameScene
18:58:45.312 [JavaFX Application Thread] DEBUG PrimaryStageWindow   - FXGLLoadingScene -> GameScene
18:58:45.815 [JavaFX Application Thread] DEBUG FXGLAssetLoaderServi - Loading from file system: file:/C:/Users/majah/IdeaProjects/BasicGameApp/target/classes/assets/textures/zombie_colored.png
18:58:45.820 [JavaFX Application Thread] DEBUG FXGLAssetLoaderServi - Loading from file system: file:/C:/Users/majah/IdeaProjects/BasicGameApp/target/classes/assets/textures/eagle_colored.png
18:58:45.823 [JavaFX Application Thread] DEBUG FXGLAssetLoaderServi - Loading from file system: file:/C:/Users/majah/IdeaProjects/BasicGameApp/target/classes/assets/textures/bird_colored.png
18:58:46.204 [FXGL Background Thread 2 ] INFO  UpdaterService       - Your current version:  17.2
18:58:46.204 [FXGL Background Thread 2 ] INFO  UpdaterService       - Latest stable version: 17.3
18:58:48.154 [FXGL Background Thread 3 ] DEBUG Engine               - Logging environment variables
18:58:48.154 [FXGL Background Thread 3 ] DEBUG Engine               - achievements: []
18:58:48.154 [FXGL Background Thread 3 ] DEBUG Engine               - actualHeight: 800.0
18:58:48.154 [FXGL Background Thread 3 ] DEBUG Engine               - actualHeightProperty: ReadOnlyDoubleProperty [value: 800.0]
18:58:48.154 [FXGL Background Thread 3 ] DEBUG Engine               - actualWidth: 800.0
18:58:48.155 [FXGL Background Thread 3 ] DEBUG Engine               - actualWidthProperty: ReadOnlyDoubleProperty [value: 800.0]
18:58:48.155 [FXGL Background Thread 3 ] DEBUG Engine               - appIcon: fxgl_icon.png
18:58:48.155 [FXGL Background Thread 3 ] DEBUG Engine               - applicationMode: DEVELOPER
18:58:48.155 [FXGL Background Thread 3 ] DEBUG Engine               - cSSList: [fxgl_dark.css]
18:58:48.155 [FXGL Background Thread 3 ] DEBUG Engine               - collisionDetectionStrategy: BRUTE_FORCE
18:58:48.155 [FXGL Background Thread 3 ] DEBUG Engine               - configClass: Optional.empty
18:58:48.155 [FXGL Background Thread 3 ] DEBUG Engine               - credits: []
18:58:48.156 [FXGL Background Thread 3 ] DEBUG Engine               - defaultCursor: CursorInfo(imageName=fxgl_default_cursor.png, hotspotX=7.0, hotspotY=6.0)
18:58:48.156 [FXGL Background Thread 3 ] DEBUG Engine               - devBBoxColorProperty: ObjectProperty [value: 0xff0000ff]
18:58:48.156 [FXGL Background Thread 3 ] DEBUG Engine               - devEnableDebugCameraProperty: BooleanProperty [value: false]
18:58:48.156 [FXGL Background Thread 3 ] DEBUG Engine               - devSensorColorProperty: ObjectProperty [value: 0xffff00ff]
18:58:48.156 [FXGL Background Thread 3 ] DEBUG Engine               - devShowBBoxProperty: BooleanProperty [value: false]
18:58:48.156 [FXGL Background Thread 3 ] DEBUG Engine               - devShowPositionProperty: BooleanProperty [value: false]
18:58:48.156 [FXGL Background Thread 3 ] DEBUG Engine               - enabledMenuItems: []
18:58:48.156 [FXGL Background Thread 3 ] DEBUG Engine               - engineServices: [class com.almasb.fxgl.app.services.FXGLAssetLoaderService, class com.almasb.fxgl.app.FXGLApplication$GameApplicationService, class com.almasb.fxgl.app.services.FXGLDialogService, class com.almasb.fxgl.app.services.IOTaskExecutorService, class com.almasb.fxgl.io.FileSystemService, class com.almasb.fxgl.localization.LocalizationService, class com.almasb.fxgl.app.services.SystemBundleService, class com.almasb.fxgl.profile.SaveLoadService, class com.almasb.fxgl.ui.FXGLUIFactoryServiceProvider, class com.almasb.fxgl.ui.FXGLDialogFactoryServiceProvider, class com.almasb.fxgl.audio.AudioPlayer, class com.almasb.fxgl.notification.impl.NotificationServiceProvider, class com.almasb.fxgl.achievement.AchievementService, class com.almasb.fxgl.cutscene.CutsceneService, class com.almasb.fxgl.minigames.MiniGameService, class com.almasb.fxgl.net.NetService, class com.almasb.fxgl.app.services.UpdaterService, class com.almasb.fxgl.dev.DevService]
18:58:48.156 [FXGL Background Thread 3 ] DEBUG Engine               - fontGame: Abel-Regular.ttf
18:58:48.156 [FXGL Background Thread 3 ] DEBUG Engine               - fontMono: TerminalLandMono-Regular.otf
18:58:48.157 [FXGL Background Thread 3 ] DEBUG Engine               - fontText: Courier-Prime.ttf
18:58:48.157 [FXGL Background Thread 3 ] DEBUG Engine               - fontUI: VarelaRound-Regular.ttf
18:58:48.157 [FXGL Background Thread 3 ] DEBUG Engine               - fullScreen: BooleanProperty [value: false]
18:58:48.157 [FXGL Background Thread 3 ] DEBUG Engine               - gameDifficulty: MEDIUM
18:58:48.157 [FXGL Background Thread 3 ] DEBUG Engine               - gameDifficultyProperty: ObjectProperty [value: MEDIUM]
18:58:48.157 [FXGL Background Thread 3 ] DEBUG Engine               - globalMusicVolume: 0.5
18:58:48.157 [FXGL Background Thread 3 ] DEBUG Engine               - globalMusicVolumeProperty: DoubleProperty [value: 0.5]
18:58:48.157 [FXGL Background Thread 3 ] DEBUG Engine               - globalSoundVolume: 0.5
18:58:48.157 [FXGL Background Thread 3 ] DEBUG Engine               - globalSoundVolumeProperty: DoubleProperty [value: 0.5]
18:58:48.157 [FXGL Background Thread 3 ] DEBUG Engine               - height: 800
18:58:48.157 [FXGL Background Thread 3 ] DEBUG Engine               - is3D: false
18:58:48.157 [FXGL Background Thread 3 ] DEBUG Engine               - isAndroid: false
18:58:48.157 [FXGL Background Thread 3 ] DEBUG Engine               - isBrowser: false
18:58:48.157 [FXGL Background Thread 3 ] DEBUG Engine               - isClickFeedbackEnabled: false
18:58:48.157 [FXGL Background Thread 3 ] DEBUG Engine               - isCloseConfirmation: false
18:58:48.157 [FXGL Background Thread 3 ] DEBUG Engine               - isDesktop: true
18:58:48.157 [FXGL Background Thread 3 ] DEBUG Engine               - isDeveloperMenuEnabled: false
18:58:48.157 [FXGL Background Thread 3 ] DEBUG Engine               - isEmbedded: false
18:58:48.157 [FXGL Background Thread 3 ] DEBUG Engine               - isEntityPreloadEnabled: true
18:58:48.158 [FXGL Background Thread 3 ] DEBUG Engine               - isExperimentalTiledLargeMap: false
18:58:48.158 [FXGL Background Thread 3 ] DEBUG Engine               - isFileSystemWriteAllowed: true
18:58:48.158 [FXGL Background Thread 3 ] DEBUG Engine               - isFullScreenAllowed: false
18:58:48.158 [FXGL Background Thread 3 ] DEBUG Engine               - isFullScreenFromStart: false
18:58:48.158 [FXGL Background Thread 3 ] DEBUG Engine               - isGameMenuEnabled: true
18:58:48.158 [FXGL Background Thread 3 ] DEBUG Engine               - isIOS: false
18:58:48.158 [FXGL Background Thread 3 ] DEBUG Engine               - isIntroEnabled: false
18:58:48.158 [FXGL Background Thread 3 ] DEBUG Engine               - isLinux: false
18:58:48.158 [FXGL Background Thread 3 ] DEBUG Engine               - isMac: false
18:58:48.158 [FXGL Background Thread 3 ] DEBUG Engine               - isMainMenuEnabled: false
18:58:48.158 [FXGL Background Thread 3 ] DEBUG Engine               - isManualResizeEnabled: false
18:58:48.158 [FXGL Background Thread 3 ] DEBUG Engine               - isMobile: false
18:58:48.158 [FXGL Background Thread 3 ] DEBUG Engine               - isNative: false
18:58:48.158 [FXGL Background Thread 3 ] DEBUG Engine               - isPauseMusicWhenMinimized: true
18:58:48.158 [FXGL Background Thread 3 ] DEBUG Engine               - isPreserveResizeRatio: false
18:58:48.158 [FXGL Background Thread 3 ] DEBUG Engine               - isProfilingEnabled: false
18:58:48.158 [FXGL Background Thread 3 ] DEBUG Engine               - isScaleAffectedOnResize: true
18:58:48.158 [FXGL Background Thread 3 ] DEBUG Engine               - isSingleStep: false
18:58:48.158 [FXGL Background Thread 3 ] DEBUG Engine               - isUserProfileEnabled: false
18:58:48.158 [FXGL Background Thread 3 ] DEBUG Engine               - isWindows: true
18:58:48.158 [FXGL Background Thread 3 ] DEBUG Engine               - language: ObjectProperty [value: ENGLISH]
18:58:48.158 [FXGL Background Thread 3 ] DEBUG Engine               - menuKey: ESCAPE
18:58:48.158 [FXGL Background Thread 3 ] DEBUG Engine               - mouseSensitivity: 0.2
18:58:48.159 [FXGL Background Thread 3 ] DEBUG Engine               - notificationViewClass: class com.almasb.fxgl.notification.view.XboxNotificationView
18:58:48.159 [FXGL Background Thread 3 ] DEBUG Engine               - pixelsPerMeter: 50.0
18:58:48.159 [FXGL Background Thread 3 ] DEBUG Engine               - platform: WINDOWS
18:58:48.159 [FXGL Background Thread 3 ] DEBUG Engine               - prefHeightProperty: ReadOnlyDoubleProperty [value: 800.0]
18:58:48.159 [FXGL Background Thread 3 ] DEBUG Engine               - prefWidthProperty: ReadOnlyDoubleProperty [value: 800.0]
18:58:48.159 [FXGL Background Thread 3 ] DEBUG Engine               - profileDir: profiles/
18:58:48.159 [FXGL Background Thread 3 ] DEBUG Engine               - profileName: StringProperty [value: DEFAULT]
18:58:48.159 [FXGL Background Thread 3 ] DEBUG Engine               - randomSeed: -1
18:58:48.159 [FXGL Background Thread 3 ] DEBUG Engine               - runtimeInfo: RuntimeInfo(platform=WINDOWS, version=17.2, build=20.08.2022 16.50)
18:58:48.159 [FXGL Background Thread 3 ] DEBUG Engine               - saveFileExt: sav
18:58:48.159 [FXGL Background Thread 3 ] DEBUG Engine               - scaledHeightProp$fxgl: DoubleProperty [bound, value: 800.0]
18:58:48.159 [FXGL Background Thread 3 ] DEBUG Engine               - scaledWidthProp$fxgl: DoubleProperty [bound, value: 800.0]
18:58:48.159 [FXGL Background Thread 3 ] DEBUG Engine               - sceneFactory: com.example.basicgameapp.sceneFactory@7792cb4f
18:58:48.159 [FXGL Background Thread 3 ] DEBUG Engine               - secondsIn24h: 60
18:58:48.159 [FXGL Background Thread 3 ] DEBUG Engine               - soundMenuBack: menu/back.wav
18:58:48.159 [FXGL Background Thread 3 ] DEBUG Engine               - soundMenuPress: menu/press.wav
18:58:48.159 [FXGL Background Thread 3 ] DEBUG Engine               - soundMenuSelect: menu/select.wav
18:58:48.160 [FXGL Background Thread 3 ] DEBUG Engine               - soundNotification: core/notification.wav
18:58:48.160 [FXGL Background Thread 3 ] DEBUG Engine               - stageStyle: DECORATED
18:58:48.160 [FXGL Background Thread 3 ] DEBUG Engine               - supportedLanguages: [ENGLISH, FRENCH, GERMAN, HUNGARIAN, RUSSIAN]
18:58:48.160 [FXGL Background Thread 3 ] DEBUG Engine               - ticksPerSecond: -1
18:58:48.160 [FXGL Background Thread 3 ] DEBUG Engine               - title: WorldHELL 0 
18:58:48.160 [FXGL Background Thread 3 ] DEBUG Engine               - urlGithub: https://github.com/AlmasB/FXGL
18:58:48.160 [FXGL Background Thread 3 ] DEBUG Engine               - urlLeaderboard: http://fxgl-top.herokuapp.com/
18:58:48.160 [FXGL Background Thread 3 ] DEBUG Engine               - urlPOM: https://raw.githubusercontent.com/AlmasB/FXGL/release/README.md
18:58:48.160 [FXGL Background Thread 3 ] DEBUG Engine               - userAppClass: class com.example.basicgameapp.BasicGameApp
18:58:48.160 [FXGL Background Thread 3 ] DEBUG Engine               - version: 0.1
18:58:48.160 [FXGL Background Thread 3 ] DEBUG Engine               - versionCheckDays: 7
18:58:48.160 [FXGL Background Thread 3 ] DEBUG Engine               - width: 800
18:58:48.160 [FXGL Background Thread 3 ] DEBUG Engine               - Logging services
18:58:48.160 [FXGL Background Thread 3 ] DEBUG Engine               - class com.almasb.fxgl.app.services.FXGLAssetLoaderService
18:58:48.160 [FXGL Background Thread 3 ] DEBUG Engine               - class com.almasb.fxgl.app.FXGLApplication$GameApplicationService
18:58:48.160 [FXGL Background Thread 3 ] DEBUG Engine               - class com.almasb.fxgl.app.services.FXGLDialogService
18:58:48.160 [FXGL Background Thread 3 ] DEBUG Engine               - class com.almasb.fxgl.app.services.IOTaskExecutorService
18:58:48.160 [FXGL Background Thread 3 ] DEBUG Engine               - class com.almasb.fxgl.io.FileSystemService
18:58:48.160 [FXGL Background Thread 3 ] DEBUG Engine               - class com.almasb.fxgl.localization.LocalizationService
18:58:48.160 [FXGL Background Thread 3 ] DEBUG Engine               - class com.almasb.fxgl.app.services.SystemBundleService
18:58:48.160 [FXGL Background Thread 3 ] DEBUG Engine               - class com.almasb.fxgl.profile.SaveLoadService
18:58:48.160 [FXGL Background Thread 3 ] DEBUG Engine               - class com.almasb.fxgl.ui.FXGLUIFactoryServiceProvider
18:58:48.160 [FXGL Background Thread 3 ] DEBUG Engine               - class com.almasb.fxgl.ui.FXGLDialogFactoryServiceProvider
18:58:48.160 [FXGL Background Thread 3 ] DEBUG Engine               - class com.almasb.fxgl.audio.AudioPlayer
18:58:48.160 [FXGL Background Thread 3 ] DEBUG Engine               - class com.almasb.fxgl.notification.impl.NotificationServiceProvider
18:58:48.160 [FXGL Background Thread 3 ] DEBUG Engine               - class com.almasb.fxgl.achievement.AchievementService
18:58:48.160 [FXGL Background Thread 3 ] DEBUG Engine               - class com.almasb.fxgl.cutscene.CutsceneService
18:58:48.160 [FXGL Background Thread 3 ] DEBUG Engine               - class com.almasb.fxgl.minigames.MiniGameService
18:58:48.161 [FXGL Background Thread 3 ] DEBUG Engine               - class com.almasb.fxgl.net.NetService
18:58:48.161 [FXGL Background Thread 3 ] DEBUG Engine               - class com.almasb.fxgl.app.services.UpdaterService
18:58:48.161 [FXGL Background Thread 3 ] DEBUG Engine               - class com.almasb.fxgl.dev.DevService
18:58:52.102 [JavaFX Application Thread] DEBUG FXGLAssetLoaderServi - Loading from file system: file:/C:/Users/majah/IdeaProjects/BasicGameApp/target/classes/assets/sounds/slayy.wav
18:58:54.998 [JavaFX Application Thread] DEBUG FXGLAssetLoaderServi - Loading from file system: file:/C:/Users/majah/IdeaProjects/BasicGameApp/target/classes/assets/sounds/eagle_death.wav
18:58:58.457 [JavaFX Application Thread] DEBUG FXGLApplication      - Exiting FXGL
18:58:58.457 [JavaFX Application Thread] DEBUG LoopRunner           - Stopping loop
18:58:58.458 [JavaFX Application Thread] DEBUG SystemBundleService  - Saving FXGL system data
18:58:58.462 [JavaFX Application Thread] DEBUG FileSystemAccess     - Writing to: C:\Users\majah\IdeaProjects\BasicGameApp\system\fxgl.bundle
18:58:58.464 [JavaFX Application Thread] DEBUG Async                - Shutting down background threads
18:58:58.464 [JavaFX Application Thread] DEBUG PrimaryStageWindow   - Closing main window
18:58:58.488 [JavaFX Application Thread] DEBUG Logger               - Closing Logger
