11:35:44.644 [main                     ] DEBUG Logger               - Configured Logger
11:35:44.667 [main                     ] DEBUG GameApplication      - Logging settings
Title: WorldHELL 0 
Version: 0.1
Width: 800
Height: 800
Fullscreen: false
Intro: false
Profiling: false
Single step:false
App Mode: DEVELOPER
Menu Key: ESCAPE
Stage Style: DECORATED
Scene Factory: class com.example.basicgameapp.BasicGameApp$1

11:35:44.885 [JavaFX Application Thread] DEBUG FXGLApplication      - Initializing FXGL
11:35:44.887 [JavaFX Application Thread] INFO  Engine               - FXGL-17.2 (20.08.2022 16.50) on LINUX (J:21.0.1 FX:20.0.1)
11:35:44.887 [JavaFX Application Thread] DEBUG Engine               - JRE Vendor Name: Oracle Corporation
11:35:44.887 [JavaFX Application Thread] DEBUG Engine               - Running on OS: Linux version 6.6.6-arch1-1
11:35:44.888 [JavaFX Application Thread] DEBUG Engine               - Architecture: amd64
11:35:44.888 [JavaFX Application Thread] INFO  Engine               - Source code and latest versions at: https://github.com/AlmasB/FXGL
11:35:44.888 [JavaFX Application Thread] INFO  Engine               -       Ask questions and discuss at: https://github.com/AlmasB/FXGL/discussions
11:35:44.888 [JavaFX Application Thread] INFO  Engine               -              Join the FXGL chat at: https://gitter.im/AlmasB/FXGL
11:35:44.926 [JavaFX Application Thread] DEBUG PrimaryStageWindow   - Creating a JavaFX scene
11:35:44.996 [JavaFX Application Thread] DEBUG PrimaryStageWindow   - Target settings size: 800.0 x 800.0
11:35:44.996 [JavaFX Application Thread] DEBUG PrimaryStageWindow   - Scaled scene size:    800.0 x 800.0
11:35:44.996 [JavaFX Application Thread] DEBUG PrimaryStageWindow   - Scaled ratio: (1.0, 1.0)
11:35:44.997 [JavaFX Application Thread] DEBUG PrimaryStageWindow   - Set initial scene to FXGLStartupScene
11:35:45.000 [JavaFX Application Thread] DEBUG PrimaryStageWindow   - Opening main window
11:35:45.025 [JavaFX Application Thread] DEBUG PrimaryStageWindow   - Window border size: (0.0, 28.0)
11:35:45.025 [JavaFX Application Thread] DEBUG PrimaryStageWindow   - Scaled size: 800.0 x 800.0
11:35:45.026 [JavaFX Application Thread] DEBUG PrimaryStageWindow   - Scaled ratio: (1.0, 1.0)
11:35:45.026 [JavaFX Application Thread] DEBUG PrimaryStageWindow   - Scene size: 800.0 x 800.0
11:35:45.026 [JavaFX Application Thread] DEBUG PrimaryStageWindow   - Stage size: 800.0 x 828.0
11:35:45.029 [FXGL Background Thread 1 ] DEBUG Engine               - Initializing environment variables
11:35:45.060 [FXGL Background Thread 1 ] DEBUG FXGLAssetLoaderServi - User app class for loading assets: class com.example.basicgameapp.BasicGameApp
11:35:45.060 [FXGL Background Thread 1 ] DEBUG GameApplicationServi - Applying CSS: fxgl_dark.css
11:35:45.061 [FXGL Background Thread 1 ] DEBUG FXGLAssetLoaderServi - Loading from file system: jar:file:///home/johnt/.m2/repository/com/github/almasb/fxgl/17.2/fxgl-17.2.jar!/fxglassets/ui/css/fxgl_dark.css
11:35:45.086 [FXGL Background Thread 1 ] DEBUG GameApplicationServi - Initializing application scenes
11:35:45.123 [FXGL Background Thread 1 ] DEBUG GameWorld            - Game world initialized
11:35:45.148 [FXGL Background Thread 1 ] DEBUG PhysicsWorld         - Physics world initialized: appHeight=800, physics.ppm=50.0
11:35:45.148 [FXGL Background Thread 1 ] DEBUG PhysicsWorld         - Using strategy: BRUTE_FORCE
11:35:45.150 [FXGL Background Thread 1 ] DEBUG GameScene            - Game scene initialized: 800x800
11:35:45.152 [FXGL Background Thread 1 ] DEBUG FXGLAssetLoaderServi - Loading from file system: file:/home/johnt/Documents/world-hell/BasicGameApp/target/classes/assets/textures/BG.png
11:35:45.193 [FXGL Background Thread 1 ] DEBUG GameApplicationServi - Application scenes initialized
11:35:45.200 [FXGL Background Thread 1 ] DEBUG SystemBundleService  - Loading FXGL system data
11:35:45.202 [FXGL Background Thread 1 ] DEBUG FileSystemAccess     - Reading from: /home/johnt/Documents/world-hell/BasicGameApp/system/fxgl.bundle
11:35:45.206 [FXGL Background Thread 1 ] DEBUG SystemBundleService  - Bundle FXGL: {}
11:35:45.206 [FXGL Background Thread 1 ] DEBUG UpdaterService       - Checking for updates
11:35:45.208 [FXGL Background Thread 1 ] DEBUG FXGLApplication      - Loading default localization
11:35:45.208 [FXGL Background Thread 4 ] DEBUG FXGLApplication      - Loading fonts
11:35:45.209 [FXGL Background Thread 1 ] DEBUG FXGLAssetLoaderServi - Loading from file system: jar:file:///home/johnt/.m2/repository/com/github/almasb/fxgl/17.2/fxgl-17.2.jar!/fxglassets/languages/english.lang
11:35:45.209 [FXGL Background Thread 4 ] DEBUG FXGLAssetLoaderServi - Loading from file system: jar:file:///home/johnt/.m2/repository/com/github/almasb/fxgl/17.2/fxgl-17.2.jar!/fxglassets/ui/fonts/VarelaRound-Regular.ttf
11:35:45.214 [FXGL Background Thread 4 ] DEBUG FXGLAssetLoaderServi - Loading from file system: jar:file:///home/johnt/.m2/repository/com/github/almasb/fxgl/17.2/fxgl-17.2.jar!/fxglassets/ui/fonts/Abel-Regular.ttf
11:35:45.214 [FXGL Background Thread 1 ] INFO  FXGLApplication      - FXGL initialization took: 0.185 sec
11:35:45.215 [FXGL Background Thread 4 ] DEBUG FXGLAssetLoaderServi - Loading from file system: jar:file:///home/johnt/.m2/repository/com/github/almasb/fxgl/17.2/fxgl-17.2.jar!/fxglassets/ui/fonts/TerminalLandMono-Regular.otf
11:35:45.216 [FXGL Background Thread 4 ] DEBUG FXGLAssetLoaderServi - Loading from file system: jar:file:///home/johnt/.m2/repository/com/github/almasb/fxgl/17.2/fxgl-17.2.jar!/fxglassets/ui/fonts/Courier-Prime.ttf
11:35:45.221 [JavaFX Application Thread] DEBUG Input                - Registered new binding: action0 - D
11:35:45.221 [JavaFX Application Thread] DEBUG Input                - Registered new binding: action1 - A
11:35:45.221 [JavaFX Application Thread] DEBUG Input                - Registered new binding: action2 - W
11:35:45.222 [JavaFX Application Thread] DEBUG Input                - Registered new binding: action3 - S
11:35:45.222 [JavaFX Application Thread] DEBUG FXGLAssetLoaderServi - Loading from file system: file:/home/johnt/Documents/world-hell/BasicGameApp/target/classes/assets/music/Rip%20&%20Tear%20Doom%20OST.mp3
11:35:45.303 [JavaFX Application Thread] DEBUG AudioPlayer          - Playing music com.almasb.fxgl.audio.Music@15b98231
11:35:45.303 [JavaFX Application Thread] DEBUG FXGLAssetLoaderServi - Loading from file system: jar:file:///home/johnt/.m2/repository/com/github/almasb/fxgl/17.2/fxgl-17.2.jar!/fxglassets/textures/fxgl_icon.png
11:35:45.319 [JavaFX Application Thread] DEBUG FXGLAssetLoaderServi - Loading from file system: jar:file:///home/johnt/.m2/repository/com/github/almasb/fxgl/17.2/fxgl-17.2.jar!/fxglassets/textures/fxgl_default_cursor.png
11:35:45.320 [JavaFX Application Thread] DEBUG Input                - Registered new binding: Screenshot - CTRL+8
11:35:45.320 [JavaFX Application Thread] DEBUG Input                - Registered new binding: System info dump - CTRL+9
11:35:45.320 [JavaFX Application Thread] DEBUG Input                - Registered new binding: Restart - CTRL+R
11:35:45.320 [JavaFX Application Thread] DEBUG Input                - Registered new binding: Toggle Debug Camera - CTRL+7
11:35:45.321 [JavaFX Application Thread] DEBUG LoopRunner           - Starting loop
11:35:45.321 [JavaFX Application Thread] DEBUG LoopRunner           - Initializing JavaFX AnimationTimerLoop
11:35:45.322 [JavaFX Application Thread] DEBUG Input                - Clearing active input actions
11:35:45.326 [JavaFX Application Thread] DEBUG GameApplicationServi - Removing overlay from FXGLStartupScene and adding to FXGLMainMenuDummyScene
11:35:45.326 [JavaFX Application Thread] DEBUG PrimaryStageWindow   - FXGLStartupScene -> FXGLMainMenuDummyScene
11:35:45.326 [JavaFX Application Thread] DEBUG PrimaryStageWindow   - Push state: WorldHellMenu
11:35:45.326 [JavaFX Application Thread] DEBUG Input                - Clearing active input actions
11:35:45.332 [JavaFX Application Thread] DEBUG GameApplicationServi - Removing overlay from FXGLMainMenuDummyScene and adding to WorldHellMenu
11:35:45.333 [JavaFX Application Thread] DEBUG PrimaryStageWindow   - FXGLMainMenuDummyScene -> WorldHellMenu
11:35:45.333 [JavaFX Application Thread] DEBUG FXGLApplication      - Registering font factories with UI factory
11:35:46.261 [JavaFX Application Thread] DEBUG Menu                 - fireNewGame()
11:35:46.262 [JavaFX Application Thread] DEBUG GameApplicationServi - Starting new game
11:35:46.262 [JavaFX Application Thread] DEBUG PrimaryStageWindow   - Pop state: WorldHellMenu
11:35:46.262 [JavaFX Application Thread] DEBUG Input                - Clearing active input actions
11:35:46.263 [JavaFX Application Thread] DEBUG GameApplicationServi - Removing overlay from WorldHellMenu and adding to FXGLMainMenuDummyScene
11:35:46.264 [JavaFX Application Thread] DEBUG PrimaryStageWindow   - FXGLMainMenuDummyScene <- WorldHellMenu
11:35:46.264 [JavaFX Application Thread] DEBUG Input                - Clearing active input actions
11:35:46.268 [JavaFX Application Thread] DEBUG GameApplicationServi - Removing overlay from FXGLMainMenuDummyScene and adding to FXGLLoadingScene
11:35:46.269 [JavaFX Application Thread] DEBUG PrimaryStageWindow   - FXGLMainMenuDummyScene -> FXGLLoadingScene
11:35:46.269 [JavaFX Application Thread] DEBUG GameApplicationServi - Clearing previous game
11:35:46.269 [JavaFX Application Thread] DEBUG GameScene            - Clearing game scene
11:35:46.269 [JavaFX Application Thread] DEBUG GameWorld            - Clearing game world
11:35:46.269 [JavaFX Application Thread] DEBUG PhysicsWorld         - Clearing physics world
11:35:46.270 [FXGL Background Thread 4 ] DEBUG FXGLApplication      - Initializing game
11:35:46.271 [FXGL Background Thread 4 ] DEBUG AudioPlayer          - Playing music com.almasb.fxgl.audio.Music@15b98231
11:35:46.272 [FXGL Background Thread 4 ] DEBUG FXGLAssetLoaderServi - Loading from file system: file:/home/johnt/Documents/world-hell/BasicGameApp/target/classes/assets/textures/bloody_paper2.jpg
11:35:46.290 [FXGL Background Thread 4 ] DEBUG FXGLAssetLoaderServi - Loading from file system: file:/home/johnt/Documents/world-hell/BasicGameApp/target/classes/assets/textures/girl_colored.png
11:35:46.304 [FXGL Background Thread 4 ] INFO  FXGLApplication      - Game initialization took: 0.034 sec
11:35:46.308 [JavaFX Application Thread] DEBUG Input                - Clearing active input actions
11:35:46.313 [JavaFX Application Thread] DEBUG GameApplicationServi - Removing overlay from FXGLLoadingScene and adding to GameScene
11:35:46.314 [JavaFX Application Thread] DEBUG PrimaryStageWindow   - FXGLLoadingScene -> GameScene
11:35:46.835 [JavaFX Application Thread] DEBUG FXGLAssetLoaderServi - Loading from file system: file:/home/johnt/Documents/world-hell/BasicGameApp/target/classes/assets/textures/zombie_colored.png
11:35:46.837 [JavaFX Application Thread] DEBUG FXGLAssetLoaderServi - Loading from file system: file:/home/johnt/Documents/world-hell/BasicGameApp/target/classes/assets/textures/eagle_colored.png
11:35:46.838 [JavaFX Application Thread] DEBUG FXGLAssetLoaderServi - Loading from file system: file:/home/johnt/Documents/world-hell/BasicGameApp/target/classes/assets/textures/bird_colored.png
11:35:47.319 [JavaFX Application Thread] DEBUG FXGLAssetLoaderServi - Loading from file system: file:/home/johnt/Documents/world-hell/BasicGameApp/target/classes/assets/textures/swipe.png
11:35:47.320 [JavaFX Application Thread] DEBUG FXGLAssetLoaderServi - Loading from file system: file:/home/johnt/Documents/world-hell/BasicGameApp/target/classes/assets/sounds/swipe.wav
11:35:48.209 [FXGL Background Thread 3 ] DEBUG Engine               - Logging environment variables
11:35:48.210 [FXGL Background Thread 3 ] DEBUG Engine               - achievements: []
11:35:48.210 [FXGL Background Thread 3 ] DEBUG Engine               - actualHeight: 800.0
11:35:48.210 [FXGL Background Thread 3 ] DEBUG Engine               - actualHeightProperty: ReadOnlyDoubleProperty [value: 800.0]
11:35:48.210 [FXGL Background Thread 3 ] DEBUG Engine               - actualWidth: 800.0
11:35:48.211 [FXGL Background Thread 3 ] DEBUG Engine               - actualWidthProperty: ReadOnlyDoubleProperty [value: 800.0]
11:35:48.211 [FXGL Background Thread 3 ] DEBUG Engine               - appIcon: fxgl_icon.png
11:35:48.211 [FXGL Background Thread 3 ] DEBUG Engine               - applicationMode: DEVELOPER
11:35:48.211 [FXGL Background Thread 3 ] DEBUG Engine               - cSSList: [fxgl_dark.css]
11:35:48.211 [FXGL Background Thread 3 ] DEBUG Engine               - collisionDetectionStrategy: BRUTE_FORCE
11:35:48.211 [FXGL Background Thread 3 ] DEBUG Engine               - configClass: Optional.empty
11:35:48.212 [FXGL Background Thread 3 ] DEBUG Engine               - credits: []
11:35:48.214 [FXGL Background Thread 3 ] DEBUG Engine               - defaultCursor: CursorInfo(imageName=fxgl_default_cursor.png, hotspotX=7.0, hotspotY=6.0)
11:35:48.215 [FXGL Background Thread 3 ] DEBUG Engine               - devBBoxColorProperty: ObjectProperty [value: 0xff0000ff]
11:35:48.215 [FXGL Background Thread 3 ] DEBUG Engine               - devEnableDebugCameraProperty: BooleanProperty [value: false]
11:35:48.215 [FXGL Background Thread 3 ] DEBUG Engine               - devSensorColorProperty: ObjectProperty [value: 0xffff00ff]
11:35:48.215 [FXGL Background Thread 3 ] DEBUG Engine               - devShowBBoxProperty: BooleanProperty [value: false]
11:35:48.215 [FXGL Background Thread 3 ] DEBUG Engine               - devShowPositionProperty: BooleanProperty [value: false]
11:35:48.216 [FXGL Background Thread 3 ] DEBUG Engine               - enabledMenuItems: []
11:35:48.216 [FXGL Background Thread 3 ] DEBUG Engine               - engineServices: [class com.almasb.fxgl.app.services.FXGLAssetLoaderService, class com.almasb.fxgl.app.FXGLApplication$GameApplicationService, class com.almasb.fxgl.app.services.FXGLDialogService, class com.almasb.fxgl.app.services.IOTaskExecutorService, class com.almasb.fxgl.io.FileSystemService, class com.almasb.fxgl.localization.LocalizationService, class com.almasb.fxgl.app.services.SystemBundleService, class com.almasb.fxgl.profile.SaveLoadService, class com.almasb.fxgl.ui.FXGLUIFactoryServiceProvider, class com.almasb.fxgl.ui.FXGLDialogFactoryServiceProvider, class com.almasb.fxgl.audio.AudioPlayer, class com.almasb.fxgl.notification.impl.NotificationServiceProvider, class com.almasb.fxgl.achievement.AchievementService, class com.almasb.fxgl.cutscene.CutsceneService, class com.almasb.fxgl.minigames.MiniGameService, class com.almasb.fxgl.net.NetService, class com.almasb.fxgl.app.services.UpdaterService, class com.almasb.fxgl.dev.DevService]
11:35:48.216 [FXGL Background Thread 3 ] DEBUG Engine               - fontGame: Abel-Regular.ttf
11:35:48.216 [FXGL Background Thread 3 ] DEBUG Engine               - fontMono: TerminalLandMono-Regular.otf
11:35:48.216 [FXGL Background Thread 3 ] DEBUG Engine               - fontText: Courier-Prime.ttf
11:35:48.216 [FXGL Background Thread 3 ] DEBUG Engine               - fontUI: VarelaRound-Regular.ttf
11:35:48.216 [FXGL Background Thread 3 ] DEBUG Engine               - fullScreen: BooleanProperty [value: false]
11:35:48.216 [FXGL Background Thread 3 ] DEBUG Engine               - gameDifficulty: MEDIUM
11:35:48.217 [FXGL Background Thread 3 ] DEBUG Engine               - gameDifficultyProperty: ObjectProperty [value: MEDIUM]
11:35:48.217 [FXGL Background Thread 3 ] DEBUG Engine               - globalMusicVolume: 0.5
11:35:48.217 [FXGL Background Thread 3 ] DEBUG Engine               - globalMusicVolumeProperty: DoubleProperty [value: 0.2]
11:35:48.217 [FXGL Background Thread 3 ] DEBUG Engine               - globalSoundVolume: 0.5
11:35:48.217 [FXGL Background Thread 3 ] DEBUG Engine               - globalSoundVolumeProperty: DoubleProperty [value: 0.5]
11:35:48.217 [FXGL Background Thread 3 ] DEBUG Engine               - height: 800
11:35:48.218 [FXGL Background Thread 3 ] DEBUG Engine               - is3D: false
11:35:48.218 [FXGL Background Thread 3 ] DEBUG Engine               - isAndroid: false
11:35:48.218 [FXGL Background Thread 3 ] DEBUG Engine               - isBrowser: false
11:35:48.218 [FXGL Background Thread 3 ] DEBUG Engine               - isClickFeedbackEnabled: false
11:35:48.218 [FXGL Background Thread 3 ] DEBUG Engine               - isCloseConfirmation: false
11:35:48.219 [FXGL Background Thread 3 ] DEBUG Engine               - isDesktop: true
11:35:48.219 [FXGL Background Thread 3 ] DEBUG Engine               - isDeveloperMenuEnabled: false
11:35:48.219 [FXGL Background Thread 3 ] DEBUG Engine               - isEmbedded: false
11:35:48.219 [FXGL Background Thread 3 ] DEBUG Engine               - isEntityPreloadEnabled: true
11:35:48.219 [FXGL Background Thread 3 ] DEBUG Engine               - isExperimentalTiledLargeMap: false
11:35:48.219 [FXGL Background Thread 3 ] DEBUG Engine               - isFileSystemWriteAllowed: true
11:35:48.219 [FXGL Background Thread 3 ] DEBUG Engine               - isFullScreenAllowed: false
11:35:48.219 [FXGL Background Thread 3 ] DEBUG Engine               - isFullScreenFromStart: false
11:35:48.219 [FXGL Background Thread 3 ] DEBUG Engine               - isGameMenuEnabled: true
11:35:48.219 [FXGL Background Thread 3 ] DEBUG Engine               - isIOS: false
11:35:48.219 [FXGL Background Thread 3 ] DEBUG Engine               - isIntroEnabled: false
11:35:48.220 [FXGL Background Thread 3 ] DEBUG Engine               - isLinux: true
11:35:48.220 [FXGL Background Thread 3 ] DEBUG Engine               - isMac: false
11:35:48.220 [FXGL Background Thread 3 ] DEBUG Engine               - isMainMenuEnabled: true
11:35:48.220 [FXGL Background Thread 3 ] DEBUG Engine               - isManualResizeEnabled: false
11:35:48.220 [FXGL Background Thread 3 ] DEBUG Engine               - isMobile: false
11:35:48.220 [FXGL Background Thread 3 ] DEBUG Engine               - isNative: false
11:35:48.220 [FXGL Background Thread 3 ] DEBUG Engine               - isPauseMusicWhenMinimized: true
11:35:48.220 [FXGL Background Thread 3 ] DEBUG Engine               - isPreserveResizeRatio: false
11:35:48.220 [FXGL Background Thread 3 ] DEBUG Engine               - isProfilingEnabled: false
11:35:48.220 [FXGL Background Thread 3 ] DEBUG Engine               - isScaleAffectedOnResize: true
11:35:48.221 [FXGL Background Thread 3 ] DEBUG Engine               - isSingleStep: false
11:35:48.221 [FXGL Background Thread 3 ] DEBUG Engine               - isUserProfileEnabled: false
11:35:48.221 [FXGL Background Thread 3 ] DEBUG Engine               - isWindows: false
11:35:48.221 [FXGL Background Thread 3 ] DEBUG Engine               - language: ObjectProperty [value: ENGLISH]
11:35:48.221 [FXGL Background Thread 3 ] DEBUG Engine               - menuKey: ESCAPE
11:35:48.221 [FXGL Background Thread 3 ] DEBUG Engine               - mouseSensitivity: 0.2
11:35:48.221 [FXGL Background Thread 3 ] DEBUG Engine               - notificationViewClass: class com.almasb.fxgl.notification.view.XboxNotificationView
11:35:48.221 [FXGL Background Thread 3 ] DEBUG Engine               - pixelsPerMeter: 50.0
11:35:48.221 [FXGL Background Thread 3 ] DEBUG Engine               - platform: LINUX
11:35:48.222 [FXGL Background Thread 3 ] DEBUG Engine               - prefHeightProperty: ReadOnlyDoubleProperty [value: 800.0]
11:35:48.222 [FXGL Background Thread 3 ] DEBUG Engine               - prefWidthProperty: ReadOnlyDoubleProperty [value: 800.0]
11:35:48.222 [FXGL Background Thread 3 ] DEBUG Engine               - profileDir: profiles/
11:35:48.222 [FXGL Background Thread 3 ] DEBUG Engine               - profileName: StringProperty [value: DEFAULT]
11:35:48.222 [FXGL Background Thread 3 ] DEBUG Engine               - randomSeed: -1
11:35:48.223 [FXGL Background Thread 3 ] DEBUG Engine               - runtimeInfo: RuntimeInfo(platform=LINUX, version=17.2, build=20.08.2022 16.50)
11:35:48.223 [FXGL Background Thread 3 ] DEBUG Engine               - saveFileExt: sav
11:35:48.223 [FXGL Background Thread 3 ] DEBUG Engine               - scaledHeightProp$fxgl: DoubleProperty [bound, value: 800.0]
11:35:48.223 [FXGL Background Thread 3 ] DEBUG Engine               - scaledWidthProp$fxgl: DoubleProperty [bound, value: 800.0]
11:35:48.223 [FXGL Background Thread 3 ] DEBUG Engine               - sceneFactory: com.example.basicgameapp.BasicGameApp$1@305c97c2
11:35:48.223 [FXGL Background Thread 3 ] DEBUG Engine               - secondsIn24h: 60
11:35:48.223 [FXGL Background Thread 3 ] DEBUG Engine               - soundMenuBack: menu/back.wav
11:35:48.223 [FXGL Background Thread 3 ] DEBUG Engine               - soundMenuPress: menu/press.wav
11:35:48.223 [FXGL Background Thread 3 ] DEBUG Engine               - soundMenuSelect: menu/select.wav
11:35:48.223 [FXGL Background Thread 3 ] DEBUG Engine               - soundNotification: core/notification.wav
11:35:48.223 [FXGL Background Thread 3 ] DEBUG Engine               - stageStyle: DECORATED
11:35:48.223 [FXGL Background Thread 3 ] DEBUG Engine               - supportedLanguages: [ENGLISH, FRENCH, GERMAN, HUNGARIAN, RUSSIAN]
11:35:48.223 [FXGL Background Thread 3 ] DEBUG Engine               - ticksPerSecond: -1
11:35:48.224 [FXGL Background Thread 3 ] DEBUG Engine               - title: WorldHELL 0 
11:35:48.224 [FXGL Background Thread 3 ] DEBUG Engine               - urlGithub: https://github.com/AlmasB/FXGL
11:35:48.224 [FXGL Background Thread 3 ] DEBUG Engine               - urlLeaderboard: http://fxgl-top.herokuapp.com/
11:35:48.224 [FXGL Background Thread 3 ] DEBUG Engine               - urlPOM: https://raw.githubusercontent.com/AlmasB/FXGL/release/README.md
11:35:48.224 [FXGL Background Thread 3 ] DEBUG Engine               - userAppClass: class com.example.basicgameapp.BasicGameApp
11:35:48.224 [FXGL Background Thread 3 ] DEBUG Engine               - version: 0.1
11:35:48.224 [FXGL Background Thread 3 ] DEBUG Engine               - versionCheckDays: 7
11:35:48.224 [FXGL Background Thread 3 ] DEBUG Engine               - width: 800
11:35:48.224 [FXGL Background Thread 3 ] DEBUG Engine               - Logging services
11:35:48.224 [FXGL Background Thread 3 ] DEBUG Engine               - class com.almasb.fxgl.app.services.FXGLAssetLoaderService
11:35:48.224 [FXGL Background Thread 3 ] DEBUG Engine               - class com.almasb.fxgl.app.FXGLApplication$GameApplicationService
11:35:48.224 [FXGL Background Thread 3 ] DEBUG Engine               - class com.almasb.fxgl.app.services.FXGLDialogService
11:35:48.224 [FXGL Background Thread 3 ] DEBUG Engine               - class com.almasb.fxgl.app.services.IOTaskExecutorService
11:35:48.224 [FXGL Background Thread 3 ] DEBUG Engine               - class com.almasb.fxgl.io.FileSystemService
11:35:48.224 [FXGL Background Thread 3 ] DEBUG Engine               - class com.almasb.fxgl.localization.LocalizationService
11:35:48.224 [FXGL Background Thread 3 ] DEBUG Engine               - class com.almasb.fxgl.app.services.SystemBundleService
11:35:48.224 [FXGL Background Thread 3 ] DEBUG Engine               - class com.almasb.fxgl.profile.SaveLoadService
11:35:48.224 [FXGL Background Thread 3 ] DEBUG Engine               - class com.almasb.fxgl.ui.FXGLUIFactoryServiceProvider
11:35:48.224 [FXGL Background Thread 3 ] DEBUG Engine               - class com.almasb.fxgl.ui.FXGLDialogFactoryServiceProvider
11:35:48.224 [FXGL Background Thread 3 ] DEBUG Engine               - class com.almasb.fxgl.audio.AudioPlayer
11:35:48.224 [FXGL Background Thread 3 ] DEBUG Engine               - class com.almasb.fxgl.notification.impl.NotificationServiceProvider
11:35:48.224 [FXGL Background Thread 3 ] DEBUG Engine               - class com.almasb.fxgl.achievement.AchievementService
11:35:48.224 [FXGL Background Thread 3 ] DEBUG Engine               - class com.almasb.fxgl.cutscene.CutsceneService
11:35:48.224 [FXGL Background Thread 3 ] DEBUG Engine               - class com.almasb.fxgl.minigames.MiniGameService
11:35:48.224 [FXGL Background Thread 3 ] DEBUG Engine               - class com.almasb.fxgl.net.NetService
11:35:48.224 [FXGL Background Thread 3 ] DEBUG Engine               - class com.almasb.fxgl.app.services.UpdaterService
11:35:48.224 [FXGL Background Thread 3 ] DEBUG Engine               - class com.almasb.fxgl.dev.DevService
11:35:50.740 [FXGL Background Thread 2 ] INFO  UpdaterService       - Your current version:  17.2
11:35:50.741 [FXGL Background Thread 2 ] INFO  UpdaterService       - Latest stable version: 17.3
11:35:51.301 [JavaFX Application Thread] DEBUG FXGLAssetLoaderServi - Loading from file system: file:/home/johnt/Documents/world-hell/BasicGameApp/target/classes/assets/sounds/eagle_death.wav
11:35:51.302 [JavaFX Application Thread] DEBUG FXGLAssetLoaderServi - Loading from file system: file:/home/johnt/Documents/world-hell/BasicGameApp/target/classes/assets/textures/pisos.png
11:35:52.320 [JavaFX Application Thread] DEBUG FXGLAssetLoaderServi - Loading from file system: file:/home/johnt/Documents/world-hell/BasicGameApp/target/classes/assets/sounds/zombie_pain.wav
11:35:52.600 [JavaFX Application Thread] DEBUG FXGLAssetLoaderServi - Loading from file system: file:/home/johnt/Documents/world-hell/BasicGameApp/target/classes/assets/sounds/coin_get.wav
11:35:53.336 [JavaFX Application Thread] DEBUG FXGLAssetLoaderServi - Loading from file system: file:/home/johnt/Documents/world-hell/BasicGameApp/target/classes/assets/sounds/bird_death.wav
11:36:10.053 [JavaFX Application Thread] WARN  FXGLAssetLoaderServi - Asset "/assets/textures/brick.png" was not found!
11:36:10.053 [JavaFX Application Thread] WARN  FXGLAssetLoaderServi - Failed to load IMAGE
11:36:10.068 [JavaFX Application Thread] DEBUG PrimaryStageWindow   - Push state: DialogSubScene
11:36:10.068 [JavaFX Application Thread] DEBUG Input                - Clearing active input actions
11:36:10.070 [JavaFX Application Thread] DEBUG GameApplicationServi - Removing overlay from GameScene and adding to DialogSubScene
11:36:10.070 [JavaFX Application Thread] DEBUG PrimaryStageWindow   - GameScene -> DialogSubScene
11:36:11.431 [JavaFX Application Thread] DEBUG PrimaryStageWindow   - Pop state: DialogSubScene
11:36:11.431 [JavaFX Application Thread] DEBUG Input                - Clearing active input actions
11:36:11.432 [JavaFX Application Thread] DEBUG GameApplicationServi - Removing overlay from DialogSubScene and adding to GameScene
11:36:11.433 [JavaFX Application Thread] DEBUG PrimaryStageWindow   - GameScene <- DialogSubScene
11:36:13.354 [JavaFX Application Thread] DEBUG FXGLApplication      - Exiting FXGL
11:36:13.354 [JavaFX Application Thread] DEBUG LoopRunner           - Stopping loop
11:36:13.354 [JavaFX Application Thread] DEBUG SystemBundleService  - Saving FXGL system data
11:36:13.358 [JavaFX Application Thread] DEBUG FileSystemAccess     - Writing to: /home/johnt/Documents/world-hell/BasicGameApp/system/fxgl.bundle
11:36:13.360 [JavaFX Application Thread] DEBUG Async                - Shutting down background threads
11:36:13.361 [JavaFX Application Thread] DEBUG PrimaryStageWindow   - Closing main window
11:36:13.362 [JavaFX Application Thread] DEBUG Logger               - Closing Logger
