13:11:42.968 [main                     ] DEBUG Logger               - Configured Logger
13:11:43.002 [main                     ] DEBUG GameApplication      - Logging settings
Title: WorldHELL 0 
Version: 0.1
Width: 800
Height: 800
Fullscreen: false
Intro: false
Profiling: false
Single step:false
App Mode: DEVELOPER
Menu Key: ESCAPE
Stage Style: DECORATED
Scene Factory: class com.example.basicgameapp.BasicGameApp$1

13:11:43.373 [JavaFX Application Thread] DEBUG FXGLApplication      - Initializing FXGL
13:11:43.378 [JavaFX Application Thread] INFO  Engine               - FXGL-17.2 (20.08.2022 16.50) on WINDOWS (J:21.0.1 FX:20.0.1)
13:11:43.379 [JavaFX Application Thread] DEBUG Engine               - JRE Vendor Name: Oracle Corporation
13:11:43.379 [JavaFX Application Thread] DEBUG Engine               - Running on OS: Windows 11 version 10.0
13:11:43.379 [JavaFX Application Thread] DEBUG Engine               - Architecture: amd64
13:11:43.379 [JavaFX Application Thread] INFO  Engine               - Source code and latest versions at: https://github.com/AlmasB/FXGL
13:11:43.379 [JavaFX Application Thread] INFO  Engine               -       Ask questions and discuss at: https://github.com/AlmasB/FXGL/discussions
13:11:43.380 [JavaFX Application Thread] INFO  Engine               -              Join the FXGL chat at: https://gitter.im/AlmasB/FXGL
13:11:43.498 [JavaFX Application Thread] DEBUG PrimaryStageWindow   - Creating a JavaFX scene
13:11:43.568 [JavaFX Application Thread] DEBUG PrimaryStageWindow   - Target settings size: 800.0 x 800.0
13:11:43.569 [JavaFX Application Thread] DEBUG PrimaryStageWindow   - Scaled scene size:    800.0 x 800.0
13:11:43.569 [JavaFX Application Thread] DEBUG PrimaryStageWindow   - Scaled ratio: (1.0, 1.0)
13:11:43.570 [JavaFX Application Thread] DEBUG PrimaryStageWindow   - Set initial scene to FXGLStartupScene
13:11:43.575 [JavaFX Application Thread] DEBUG PrimaryStageWindow   - Opening main window
13:11:43.681 [JavaFX Application Thread] DEBUG PrimaryStageWindow   - Window border size: (14.4000244140625, 37.5999755859375)
13:11:43.681 [JavaFX Application Thread] DEBUG PrimaryStageWindow   - Scaled size: 800.0 x 800.0
13:11:43.682 [JavaFX Application Thread] DEBUG PrimaryStageWindow   - Scaled ratio: (1.0, 1.0)
13:11:43.682 [JavaFX Application Thread] DEBUG PrimaryStageWindow   - Scene size: 800.0 x 800.0
13:11:43.682 [JavaFX Application Thread] DEBUG PrimaryStageWindow   - Stage size: 814.4000244140625 x 837.5999755859375
13:11:43.693 [FXGL Background Thread 1 ] DEBUG Engine               - Initializing environment variables
13:11:43.759 [FXGL Background Thread 1 ] DEBUG FXGLAssetLoaderServi - User app class for loading assets: class com.example.basicgameapp.BasicGameApp
13:11:43.760 [FXGL Background Thread 1 ] DEBUG GameApplicationServi - Applying CSS: fxgl_dark.css
13:11:43.761 [FXGL Background Thread 1 ] DEBUG FXGLAssetLoaderServi - Loading from file system: jar:file:///C:/Users/majah/.m2/repository/com/github/almasb/fxgl/17.2/fxgl-17.2.jar!/fxglassets/ui/css/fxgl_dark.css
13:11:43.818 [FXGL Background Thread 1 ] DEBUG GameApplicationServi - Initializing application scenes
13:11:43.858 [FXGL Background Thread 1 ] DEBUG GameWorld            - Game world initialized
13:11:43.932 [FXGL Background Thread 1 ] DEBUG PhysicsWorld         - Physics world initialized: appHeight=800, physics.ppm=50.0
13:11:43.932 [FXGL Background Thread 1 ] DEBUG PhysicsWorld         - Using strategy: BRUTE_FORCE
13:11:43.937 [FXGL Background Thread 1 ] DEBUG GameScene            - Game scene initialized: 800x800
13:11:43.944 [FXGL Background Thread 1 ] DEBUG FXGLAssetLoaderServi - Loading from file system: file:/C:/Users/majah/OneDrive/Desktop/wH/world-hell/BasicGameApp/target/classes/assets/textures/BG.png
13:11:44.045 [FXGL Background Thread 1 ] DEBUG GameApplicationServi - Application scenes initialized
13:11:44.066 [FXGL Background Thread 1 ] DEBUG SystemBundleService  - Loading FXGL system data
13:11:44.071 [FXGL Background Thread 1 ] DEBUG FileSystemAccess     - Reading from: C:\Users\majah\OneDrive\Desktop\wH\world-hell\BasicGameApp\system\fxgl.bundle
13:11:44.083 [FXGL Background Thread 1 ] DEBUG SystemBundleService  - Bundle FXGL: {}
13:11:44.083 [FXGL Background Thread 1 ] DEBUG UpdaterService       - Checking for updates
13:11:44.088 [FXGL Background Thread 4 ] DEBUG FXGLApplication      - Loading fonts
13:11:44.089 [FXGL Background Thread 1 ] DEBUG FXGLApplication      - Loading default localization
13:11:44.089 [FXGL Background Thread 4 ] DEBUG FXGLAssetLoaderServi - Loading from file system: jar:file:///C:/Users/majah/.m2/repository/com/github/almasb/fxgl/17.2/fxgl-17.2.jar!/fxglassets/ui/fonts/VarelaRound-Regular.ttf
13:11:44.089 [FXGL Background Thread 1 ] DEBUG FXGLAssetLoaderServi - Loading from file system: jar:file:///C:/Users/majah/.m2/repository/com/github/almasb/fxgl/17.2/fxgl-17.2.jar!/fxglassets/languages/english.lang
13:11:44.105 [FXGL Background Thread 1 ] INFO  FXGLApplication      - FXGL initialization took: 0.412 sec
13:11:44.116 [JavaFX Application Thread] DEBUG Input                - Registered new binding: action0 - D
13:11:44.116 [JavaFX Application Thread] DEBUG Input                - Registered new binding: action1 - A
13:11:44.116 [JavaFX Application Thread] DEBUG Input                - Registered new binding: action2 - W
13:11:44.117 [JavaFX Application Thread] DEBUG Input                - Registered new binding: action3 - S
13:11:44.117 [JavaFX Application Thread] DEBUG FXGLAssetLoaderServi - Loading from file system: file:/C:/Users/majah/OneDrive/Desktop/wH/world-hell/BasicGameApp/target/classes/assets/music/Rip%20&%20Tear%20Doom%20OST.mp3
13:11:44.129 [FXGL Background Thread 4 ] DEBUG FXGLAssetLoaderServi - Loading from file system: jar:file:///C:/Users/majah/.m2/repository/com/github/almasb/fxgl/17.2/fxgl-17.2.jar!/fxglassets/ui/fonts/Abel-Regular.ttf
13:11:44.141 [FXGL Background Thread 4 ] DEBUG FXGLAssetLoaderServi - Loading from file system: jar:file:///C:/Users/majah/.m2/repository/com/github/almasb/fxgl/17.2/fxgl-17.2.jar!/fxglassets/ui/fonts/TerminalLandMono-Regular.otf
13:11:44.152 [FXGL Background Thread 4 ] DEBUG FXGLAssetLoaderServi - Loading from file system: jar:file:///C:/Users/majah/.m2/repository/com/github/almasb/fxgl/17.2/fxgl-17.2.jar!/fxglassets/ui/fonts/Courier-Prime.ttf
13:11:44.253 [JavaFX Application Thread] DEBUG AudioPlayer          - Playing music com.almasb.fxgl.audio.Music@7e77e59c
13:11:44.253 [JavaFX Application Thread] DEBUG FXGLAssetLoaderServi - Loading from file system: jar:file:///C:/Users/majah/.m2/repository/com/github/almasb/fxgl/17.2/fxgl-17.2.jar!/fxglassets/textures/fxgl_icon.png
13:11:44.270 [JavaFX Application Thread] DEBUG FXGLAssetLoaderServi - Loading from file system: jar:file:///C:/Users/majah/.m2/repository/com/github/almasb/fxgl/17.2/fxgl-17.2.jar!/fxglassets/textures/fxgl_default_cursor.png
13:11:44.271 [JavaFX Application Thread] DEBUG Input                - Registered new binding: Screenshot - CTRL+8
13:11:44.272 [JavaFX Application Thread] DEBUG Input                - Registered new binding: System info dump - CTRL+9
13:11:44.272 [JavaFX Application Thread] DEBUG Input                - Registered new binding: Restart - CTRL+R
13:11:44.272 [JavaFX Application Thread] DEBUG Input                - Registered new binding: Toggle Debug Camera - CTRL+7
13:11:44.273 [JavaFX Application Thread] DEBUG LoopRunner           - Starting loop
13:11:44.273 [JavaFX Application Thread] DEBUG LoopRunner           - Initializing JavaFX AnimationTimerLoop
13:11:44.275 [JavaFX Application Thread] DEBUG Input                - Clearing active input actions
13:11:44.283 [JavaFX Application Thread] DEBUG GameApplicationServi - Removing overlay from FXGLStartupScene and adding to FXGLMainMenuDummyScene
13:11:44.284 [JavaFX Application Thread] DEBUG PrimaryStageWindow   - FXGLStartupScene -> FXGLMainMenuDummyScene
13:11:44.284 [JavaFX Application Thread] DEBUG PrimaryStageWindow   - Push state: WorldHellMenu
13:11:44.284 [JavaFX Application Thread] DEBUG Input                - Clearing active input actions
13:11:44.288 [JavaFX Application Thread] DEBUG GameApplicationServi - Removing overlay from FXGLMainMenuDummyScene and adding to WorldHellMenu
13:11:44.289 [JavaFX Application Thread] DEBUG PrimaryStageWindow   - FXGLMainMenuDummyScene -> WorldHellMenu
13:11:44.296 [JavaFX Application Thread] DEBUG FXGLApplication      - Registering font factories with UI factory
13:11:45.117 [FXGL Background Thread 2 ] INFO  UpdaterService       - Your current version:  17.2
13:11:45.118 [FXGL Background Thread 2 ] INFO  UpdaterService       - Latest stable version: 17.3
13:11:45.727 [JavaFX Application Thread] DEBUG FXGLApplication      - Exiting FXGL
13:11:45.728 [JavaFX Application Thread] DEBUG LoopRunner           - Stopping loop
13:11:45.728 [JavaFX Application Thread] DEBUG SystemBundleService  - Saving FXGL system data
13:11:45.731 [JavaFX Application Thread] DEBUG FileSystemAccess     - Writing to: C:\Users\majah\OneDrive\Desktop\wH\world-hell\BasicGameApp\system\fxgl.bundle
13:11:45.734 [JavaFX Application Thread] DEBUG Async                - Shutting down background threads
13:11:45.734 [JavaFX Application Thread] DEBUG PrimaryStageWindow   - Closing main window
13:11:45.756 [JavaFX Application Thread] DEBUG Logger               - Closing Logger
