10:52:10.247 [main                     ] DEBUG Logger               - Configured Logger
10:52:10.263 [main                     ] DEBUG GameApplication      - Logging settings
Title: WorldHELL 0 
Version: 0.1
Width: 800
Height: 800
Fullscreen: false
Intro: false
Profiling: false
Single step:false
App Mode: DEVELOPER
Menu Key: ESCAPE
Stage Style: DECORATED
Scene Factory: class com.example.basicgameapp.BasicGameApp$1

10:52:10.439 [JavaFX Application Thread] DEBUG FXGLApplication      - Initializing FXGL
10:52:10.443 [JavaFX Application Thread] INFO  Engine               - FXGL-17.2 (20.08.2022 16.50) on LINUX (J:21.0.1 FX:20.0.1)
10:52:10.443 [JavaFX Application Thread] DEBUG Engine               - JRE Vendor Name: Oracle Corporation
10:52:10.444 [JavaFX Application Thread] DEBUG Engine               - Running on OS: Linux version 6.6.6-arch1-1
10:52:10.444 [JavaFX Application Thread] DEBUG Engine               - Architecture: amd64
10:52:10.444 [JavaFX Application Thread] INFO  Engine               - Source code and latest versions at: https://github.com/AlmasB/FXGL
10:52:10.444 [JavaFX Application Thread] INFO  Engine               -       Ask questions and discuss at: https://github.com/AlmasB/FXGL/discussions
10:52:10.444 [JavaFX Application Thread] INFO  Engine               -              Join the FXGL chat at: https://gitter.im/AlmasB/FXGL
10:52:10.496 [JavaFX Application Thread] DEBUG PrimaryStageWindow   - Creating a JavaFX scene
10:52:10.571 [JavaFX Application Thread] DEBUG PrimaryStageWindow   - Target settings size: 800.0 x 800.0
10:52:10.571 [JavaFX Application Thread] DEBUG PrimaryStageWindow   - Scaled scene size:    800.0 x 800.0
10:52:10.571 [JavaFX Application Thread] DEBUG PrimaryStageWindow   - Scaled ratio: (1.0, 1.0)
10:52:10.572 [JavaFX Application Thread] DEBUG PrimaryStageWindow   - Set initial scene to FXGLStartupScene
10:52:10.574 [JavaFX Application Thread] DEBUG PrimaryStageWindow   - Opening main window
10:52:10.593 [JavaFX Application Thread] DEBUG PrimaryStageWindow   - Window border size: (0.0, 28.0)
10:52:10.593 [JavaFX Application Thread] DEBUG PrimaryStageWindow   - Scaled size: 800.0 x 800.0
10:52:10.593 [JavaFX Application Thread] DEBUG PrimaryStageWindow   - Scaled ratio: (1.0, 1.0)
10:52:10.593 [JavaFX Application Thread] DEBUG PrimaryStageWindow   - Scene size: 800.0 x 800.0
10:52:10.593 [JavaFX Application Thread] DEBUG PrimaryStageWindow   - Stage size: 800.0 x 828.0
10:52:10.596 [FXGL Background Thread 1 ] DEBUG Engine               - Initializing environment variables
10:52:10.619 [FXGL Background Thread 1 ] DEBUG FXGLAssetLoaderServi - User app class for loading assets: class com.example.basicgameapp.BasicGameApp
10:52:10.619 [FXGL Background Thread 1 ] DEBUG GameApplicationServi - Applying CSS: fxgl_dark.css
10:52:10.620 [FXGL Background Thread 1 ] DEBUG FXGLAssetLoaderServi - Loading from file system: jar:file:///home/johnt/.m2/repository/com/github/almasb/fxgl/17.2/fxgl-17.2.jar!/fxglassets/ui/css/fxgl_dark.css
10:52:10.640 [FXGL Background Thread 1 ] DEBUG GameApplicationServi - Initializing application scenes
10:52:10.670 [FXGL Background Thread 1 ] DEBUG GameWorld            - Game world initialized
10:52:10.694 [FXGL Background Thread 1 ] DEBUG PhysicsWorld         - Physics world initialized: appHeight=800, physics.ppm=50.0
10:52:10.694 [FXGL Background Thread 1 ] DEBUG PhysicsWorld         - Using strategy: BRUTE_FORCE
10:52:10.697 [FXGL Background Thread 1 ] DEBUG GameScene            - Game scene initialized: 800x800
10:52:10.699 [FXGL Background Thread 1 ] DEBUG FXGLAssetLoaderServi - Loading from file system: file:/home/johnt/Documents/world-hell/BasicGameApp/target/classes/assets/textures/BG.png
10:52:10.746 [FXGL Background Thread 1 ] DEBUG GameApplicationServi - Application scenes initialized
10:52:10.753 [FXGL Background Thread 1 ] DEBUG SystemBundleService  - Loading FXGL system data
10:52:10.755 [FXGL Background Thread 1 ] DEBUG FileSystemAccess     - Reading from: /home/johnt/Documents/world-hell/BasicGameApp/system/fxgl.bundle
10:52:10.759 [FXGL Background Thread 1 ] DEBUG SystemBundleService  - Bundle FXGL: {}
10:52:10.759 [FXGL Background Thread 1 ] DEBUG UpdaterService       - Checking for updates
10:52:10.762 [FXGL Background Thread 4 ] DEBUG FXGLApplication      - Loading fonts
10:52:10.762 [FXGL Background Thread 4 ] DEBUG FXGLAssetLoaderServi - Loading from file system: jar:file:///home/johnt/.m2/repository/com/github/almasb/fxgl/17.2/fxgl-17.2.jar!/fxglassets/ui/fonts/VarelaRound-Regular.ttf
10:52:10.762 [FXGL Background Thread 1 ] DEBUG FXGLApplication      - Loading default localization
10:52:10.762 [FXGL Background Thread 1 ] DEBUG FXGLAssetLoaderServi - Loading from file system: jar:file:///home/johnt/.m2/repository/com/github/almasb/fxgl/17.2/fxgl-17.2.jar!/fxglassets/languages/english.lang
10:52:10.767 [FXGL Background Thread 4 ] DEBUG FXGLAssetLoaderServi - Loading from file system: jar:file:///home/johnt/.m2/repository/com/github/almasb/fxgl/17.2/fxgl-17.2.jar!/fxglassets/ui/fonts/Abel-Regular.ttf
10:52:10.768 [FXGL Background Thread 4 ] DEBUG FXGLAssetLoaderServi - Loading from file system: jar:file:///home/johnt/.m2/repository/com/github/almasb/fxgl/17.2/fxgl-17.2.jar!/fxglassets/ui/fonts/TerminalLandMono-Regular.otf
10:52:10.770 [FXGL Background Thread 4 ] DEBUG FXGLAssetLoaderServi - Loading from file system: jar:file:///home/johnt/.m2/repository/com/github/almasb/fxgl/17.2/fxgl-17.2.jar!/fxglassets/ui/fonts/Courier-Prime.ttf
10:52:10.772 [FXGL Background Thread 1 ] INFO  FXGLApplication      - FXGL initialization took: 0.176 sec
10:52:10.772 [JavaFX Application Thread] DEBUG FXGLApplication      - Registering font factories with UI factory
10:52:10.777 [JavaFX Application Thread] DEBUG Input                - Registered new binding: action0 - D
10:52:10.777 [JavaFX Application Thread] DEBUG Input                - Registered new binding: action1 - A
10:52:10.777 [JavaFX Application Thread] DEBUG Input                - Registered new binding: action2 - W
10:52:10.777 [JavaFX Application Thread] DEBUG Input                - Registered new binding: action3 - S
10:52:10.777 [JavaFX Application Thread] DEBUG FXGLAssetLoaderServi - Loading from file system: jar:file:///home/johnt/.m2/repository/com/github/almasb/fxgl/17.2/fxgl-17.2.jar!/fxglassets/textures/fxgl_icon.png
10:52:10.791 [JavaFX Application Thread] DEBUG FXGLAssetLoaderServi - Loading from file system: jar:file:///home/johnt/.m2/repository/com/github/almasb/fxgl/17.2/fxgl-17.2.jar!/fxglassets/textures/fxgl_default_cursor.png
10:52:10.792 [JavaFX Application Thread] DEBUG Input                - Registered new binding: Screenshot - CTRL+8
10:52:10.793 [JavaFX Application Thread] DEBUG Input                - Registered new binding: System info dump - CTRL+9
10:52:10.793 [JavaFX Application Thread] DEBUG Input                - Registered new binding: Restart - CTRL+R
10:52:10.793 [JavaFX Application Thread] DEBUG Input                - Registered new binding: Toggle Debug Camera - CTRL+7
10:52:10.794 [JavaFX Application Thread] DEBUG LoopRunner           - Starting loop
10:52:10.794 [JavaFX Application Thread] DEBUG LoopRunner           - Initializing JavaFX AnimationTimerLoop
10:52:10.795 [JavaFX Application Thread] DEBUG Input                - Clearing active input actions
10:52:10.798 [JavaFX Application Thread] DEBUG GameApplicationServi - Removing overlay from FXGLStartupScene and adding to FXGLMainMenuDummyScene
10:52:10.799 [JavaFX Application Thread] DEBUG PrimaryStageWindow   - FXGLStartupScene -> FXGLMainMenuDummyScene
10:52:10.799 [JavaFX Application Thread] DEBUG PrimaryStageWindow   - Push state: WorldHellMenu
10:52:10.799 [JavaFX Application Thread] DEBUG Input                - Clearing active input actions
10:52:10.800 [JavaFX Application Thread] DEBUG GameApplicationServi - Removing overlay from FXGLMainMenuDummyScene and adding to WorldHellMenu
10:52:10.800 [JavaFX Application Thread] DEBUG PrimaryStageWindow   - FXGLMainMenuDummyScene -> WorldHellMenu
10:52:11.726 [FXGL Background Thread 2 ] INFO  UpdaterService       - Your current version:  17.2
10:52:11.726 [FXGL Background Thread 2 ] INFO  UpdaterService       - Latest stable version: 17.3
10:52:12.449 [JavaFX Application Thread] DEBUG Menu                 - fireNewGame()
10:52:12.449 [JavaFX Application Thread] DEBUG GameApplicationServi - Starting new game
10:52:12.449 [JavaFX Application Thread] DEBUG PrimaryStageWindow   - Pop state: WorldHellMenu
10:52:12.449 [JavaFX Application Thread] DEBUG Input                - Clearing active input actions
10:52:12.450 [JavaFX Application Thread] DEBUG GameApplicationServi - Removing overlay from WorldHellMenu and adding to FXGLMainMenuDummyScene
10:52:12.451 [JavaFX Application Thread] DEBUG PrimaryStageWindow   - FXGLMainMenuDummyScene <- WorldHellMenu
10:52:12.452 [JavaFX Application Thread] DEBUG Input                - Clearing active input actions
10:52:12.459 [JavaFX Application Thread] DEBUG GameApplicationServi - Removing overlay from FXGLMainMenuDummyScene and adding to FXGLLoadingScene
10:52:12.460 [JavaFX Application Thread] DEBUG PrimaryStageWindow   - FXGLMainMenuDummyScene -> FXGLLoadingScene
10:52:12.460 [JavaFX Application Thread] DEBUG GameApplicationServi - Clearing previous game
10:52:12.460 [JavaFX Application Thread] DEBUG GameScene            - Clearing game scene
10:52:12.460 [JavaFX Application Thread] DEBUG GameWorld            - Clearing game world
10:52:12.460 [JavaFX Application Thread] DEBUG PhysicsWorld         - Clearing physics world
10:52:12.461 [FXGL Background Thread 2 ] DEBUG FXGLApplication      - Initializing game
10:52:12.462 [FXGL Background Thread 2 ] DEBUG FXGLAssetLoaderServi - Loading from file system: file:/home/johnt/Documents/world-hell/BasicGameApp/target/classes/assets/music/Doom%20Eternal%20OST%20-%20The%20Only%20Thing%20They%20Fear%20Is%20You%20(Mick%20Gordon)%20%5BDoom%20Eternal%20Theme%5D.mp3
10:52:12.542 [FXGL Background Thread 2 ] DEBUG AudioPlayer          - Playing music com.almasb.fxgl.audio.Music@bc12007
10:52:12.543 [FXGL Background Thread 2 ] DEBUG FXGLAssetLoaderServi - Loading from file system: file:/home/johnt/Documents/world-hell/BasicGameApp/target/classes/assets/textures/background.jpg
10:52:12.551 [FXGL Background Thread 2 ] DEBUG FXGLAssetLoaderServi - Loading from file system: file:/home/johnt/Documents/world-hell/BasicGameApp/target/classes/assets/textures/girl_colored.png
10:52:12.559 [JavaFX Application Thread] DEBUG LoopRunner           - Stopping loop
10:52:12.560 [JavaFX Application Thread] FATAL FXGLApplication      - Uncaught Exception:
java.lang.RuntimeException: Initialization failed
	at com.almasb.fxgl.all@17.2/com.almasb.fxgl.app.FXGLApplication$InitAppTask.failed(FXGLApplication.kt:343)
	at javafx.graphics@20.0.1/javafx.concurrent.Task.setState(Task.java:710)
	at javafx.graphics@20.0.1/javafx.concurrent.Task$TaskCallable.lambda$call$2(Task.java:1456)
	at javafx.graphics@20.0.1/com.sun.javafx.application.PlatformImpl.lambda$runLater$10(PlatformImpl.java:456)
	at java.base/java.security.AccessController.doPrivileged(AccessController.java:400)
	at javafx.graphics@20.0.1/com.sun.javafx.application.PlatformImpl.lambda$runLater$11(PlatformImpl.java:455)
	at javafx.graphics@20.0.1/com.sun.glass.ui.InvokeLaterDispatcher$Future.run(InvokeLaterDispatcher.java:95)
	at javafx.graphics@20.0.1/com.sun.glass.ui.gtk.GtkApplication._runLoop(Native Method)
	at javafx.graphics@20.0.1/com.sun.glass.ui.gtk.GtkApplication.lambda$runLoop$11(GtkApplication.java:316)
	at java.base/java.lang.Thread.run(Thread.java:1583)
Caused by: java.lang.NullPointerException: Cannot invoke "javafx.scene.text.Text.setText(String)" because "this.hpText" is null
	at com.example.basicgameapp/com.example.basicgameapp.BasicGameApp.initGame(BasicGameApp.java:104)
	at com.almasb.fxgl.all@17.2/com.almasb.fxgl.app.FXGLApplication$InitAppTask.initGame(FXGLApplication.kt:339)
	at com.almasb.fxgl.all@17.2/com.almasb.fxgl.app.FXGLApplication$InitAppTask.call(FXGLApplication.kt:319)
	at com.almasb.fxgl.all@17.2/com.almasb.fxgl.app.FXGLApplication$InitAppTask.call(FXGLApplication.kt:311)
	at javafx.graphics@20.0.1/javafx.concurrent.Task$TaskCallable.call(Task.java:1426)
	at java.base/java.util.concurrent.FutureTask.run(FutureTask.java:317)
	at java.base/java.util.concurrent.Executors$RunnableAdapter.call(Executors.java:572)
	at java.base/java.util.concurrent.FutureTask.run(FutureTask.java:317)
	at java.base/java.util.concurrent.ThreadPoolExecutor.runWorker(ThreadPoolExecutor.java:1144)
	at java.base/java.util.concurrent.ThreadPoolExecutor$Worker.run(ThreadPoolExecutor.java:642)
	... 1 more

10:52:12.561 [JavaFX Application Thread] FATAL FXGLApplication      - Application will now exit
10:52:12.570 [JavaFX Application Thread] DEBUG PrimaryStageWindow   - Push state: ErrorSubScene
10:52:12.570 [JavaFX Application Thread] DEBUG Input                - Clearing active input actions
10:52:12.572 [JavaFX Application Thread] DEBUG GameApplicationServi - Removing overlay from FXGLLoadingScene and adding to ErrorSubScene
10:52:12.572 [JavaFX Application Thread] DEBUG PrimaryStageWindow   - FXGLLoadingScene -> ErrorSubScene
10:52:13.761 [FXGL Background Thread 3 ] DEBUG Engine               - Logging environment variables
10:52:13.761 [FXGL Background Thread 3 ] DEBUG Engine               - achievements: []
10:52:13.761 [FXGL Background Thread 3 ] DEBUG Engine               - actualHeight: 800.0
10:52:13.762 [FXGL Background Thread 3 ] DEBUG Engine               - actualHeightProperty: ReadOnlyDoubleProperty [value: 800.0]
10:52:13.762 [FXGL Background Thread 3 ] DEBUG Engine               - actualWidth: 800.0
10:52:13.762 [FXGL Background Thread 3 ] DEBUG Engine               - actualWidthProperty: ReadOnlyDoubleProperty [value: 800.0]
10:52:13.762 [FXGL Background Thread 3 ] DEBUG Engine               - appIcon: fxgl_icon.png
10:52:13.762 [FXGL Background Thread 3 ] DEBUG Engine               - applicationMode: DEVELOPER
10:52:13.763 [FXGL Background Thread 3 ] DEBUG Engine               - cSSList: [fxgl_dark.css]
10:52:13.763 [FXGL Background Thread 3 ] DEBUG Engine               - collisionDetectionStrategy: BRUTE_FORCE
10:52:13.763 [FXGL Background Thread 3 ] DEBUG Engine               - configClass: Optional.empty
10:52:13.763 [FXGL Background Thread 3 ] DEBUG Engine               - credits: []
10:52:13.764 [FXGL Background Thread 3 ] DEBUG Engine               - defaultCursor: CursorInfo(imageName=fxgl_default_cursor.png, hotspotX=7.0, hotspotY=6.0)
10:52:13.764 [FXGL Background Thread 3 ] DEBUG Engine               - devBBoxColorProperty: ObjectProperty [value: 0xff0000ff]
10:52:13.764 [FXGL Background Thread 3 ] DEBUG Engine               - devEnableDebugCameraProperty: BooleanProperty [value: false]
10:52:13.764 [FXGL Background Thread 3 ] DEBUG Engine               - devSensorColorProperty: ObjectProperty [value: 0xffff00ff]
10:52:13.764 [FXGL Background Thread 3 ] DEBUG Engine               - devShowBBoxProperty: BooleanProperty [value: false]
10:52:13.764 [FXGL Background Thread 3 ] DEBUG Engine               - devShowPositionProperty: BooleanProperty [value: false]
10:52:13.764 [FXGL Background Thread 3 ] DEBUG Engine               - enabledMenuItems: []
10:52:13.764 [FXGL Background Thread 3 ] DEBUG Engine               - engineServices: [class com.almasb.fxgl.app.services.FXGLAssetLoaderService, class com.almasb.fxgl.app.FXGLApplication$GameApplicationService, class com.almasb.fxgl.app.services.FXGLDialogService, class com.almasb.fxgl.app.services.IOTaskExecutorService, class com.almasb.fxgl.io.FileSystemService, class com.almasb.fxgl.localization.LocalizationService, class com.almasb.fxgl.app.services.SystemBundleService, class com.almasb.fxgl.profile.SaveLoadService, class com.almasb.fxgl.ui.FXGLUIFactoryServiceProvider, class com.almasb.fxgl.ui.FXGLDialogFactoryServiceProvider, class com.almasb.fxgl.audio.AudioPlayer, class com.almasb.fxgl.notification.impl.NotificationServiceProvider, class com.almasb.fxgl.achievement.AchievementService, class com.almasb.fxgl.cutscene.CutsceneService, class com.almasb.fxgl.minigames.MiniGameService, class com.almasb.fxgl.net.NetService, class com.almasb.fxgl.app.services.UpdaterService, class com.almasb.fxgl.dev.DevService]
10:52:13.764 [FXGL Background Thread 3 ] DEBUG Engine               - fontGame: Abel-Regular.ttf
10:52:13.764 [FXGL Background Thread 3 ] DEBUG Engine               - fontMono: TerminalLandMono-Regular.otf
10:52:13.765 [FXGL Background Thread 3 ] DEBUG Engine               - fontText: Courier-Prime.ttf
10:52:13.765 [FXGL Background Thread 3 ] DEBUG Engine               - fontUI: VarelaRound-Regular.ttf
10:52:13.765 [FXGL Background Thread 3 ] DEBUG Engine               - fullScreen: BooleanProperty [value: false]
10:52:13.765 [FXGL Background Thread 3 ] DEBUG Engine               - gameDifficulty: MEDIUM
10:52:13.765 [FXGL Background Thread 3 ] DEBUG Engine               - gameDifficultyProperty: ObjectProperty [value: MEDIUM]
10:52:13.765 [FXGL Background Thread 3 ] DEBUG Engine               - globalMusicVolume: 0.5
10:52:13.765 [FXGL Background Thread 3 ] DEBUG Engine               - globalMusicVolumeProperty: DoubleProperty [value: 0.5]
10:52:13.765 [FXGL Background Thread 3 ] DEBUG Engine               - globalSoundVolume: 0.5
10:52:13.765 [FXGL Background Thread 3 ] DEBUG Engine               - globalSoundVolumeProperty: DoubleProperty [value: 0.5]
10:52:13.765 [FXGL Background Thread 3 ] DEBUG Engine               - height: 800
10:52:13.765 [FXGL Background Thread 3 ] DEBUG Engine               - is3D: false
10:52:13.765 [FXGL Background Thread 3 ] DEBUG Engine               - isAndroid: false
10:52:13.765 [FXGL Background Thread 3 ] DEBUG Engine               - isBrowser: false
10:52:13.765 [FXGL Background Thread 3 ] DEBUG Engine               - isClickFeedbackEnabled: false
10:52:13.765 [FXGL Background Thread 3 ] DEBUG Engine               - isCloseConfirmation: false
10:52:13.765 [FXGL Background Thread 3 ] DEBUG Engine               - isDesktop: true
10:52:13.765 [FXGL Background Thread 3 ] DEBUG Engine               - isDeveloperMenuEnabled: false
10:52:13.765 [FXGL Background Thread 3 ] DEBUG Engine               - isEmbedded: false
10:52:13.765 [FXGL Background Thread 3 ] DEBUG Engine               - isEntityPreloadEnabled: true
10:52:13.765 [FXGL Background Thread 3 ] DEBUG Engine               - isExperimentalTiledLargeMap: false
10:52:13.765 [FXGL Background Thread 3 ] DEBUG Engine               - isFileSystemWriteAllowed: true
10:52:13.765 [FXGL Background Thread 3 ] DEBUG Engine               - isFullScreenAllowed: false
10:52:13.765 [FXGL Background Thread 3 ] DEBUG Engine               - isFullScreenFromStart: false
10:52:13.765 [FXGL Background Thread 3 ] DEBUG Engine               - isGameMenuEnabled: true
10:52:13.765 [FXGL Background Thread 3 ] DEBUG Engine               - isIOS: false
10:52:13.765 [FXGL Background Thread 3 ] DEBUG Engine               - isIntroEnabled: false
10:52:13.765 [FXGL Background Thread 3 ] DEBUG Engine               - isLinux: true
10:52:13.765 [FXGL Background Thread 3 ] DEBUG Engine               - isMac: false
10:52:13.765 [FXGL Background Thread 3 ] DEBUG Engine               - isMainMenuEnabled: true
10:52:13.765 [FXGL Background Thread 3 ] DEBUG Engine               - isManualResizeEnabled: false
10:52:13.765 [FXGL Background Thread 3 ] DEBUG Engine               - isMobile: false
10:52:13.765 [FXGL Background Thread 3 ] DEBUG Engine               - isNative: false
10:52:13.765 [FXGL Background Thread 3 ] DEBUG Engine               - isPauseMusicWhenMinimized: true
10:52:13.765 [FXGL Background Thread 3 ] DEBUG Engine               - isPreserveResizeRatio: false
10:52:13.765 [FXGL Background Thread 3 ] DEBUG Engine               - isProfilingEnabled: false
10:52:13.765 [FXGL Background Thread 3 ] DEBUG Engine               - isScaleAffectedOnResize: true
10:52:13.766 [FXGL Background Thread 3 ] DEBUG Engine               - isSingleStep: false
10:52:13.766 [FXGL Background Thread 3 ] DEBUG Engine               - isUserProfileEnabled: false
10:52:13.766 [FXGL Background Thread 3 ] DEBUG Engine               - isWindows: false
10:52:13.766 [FXGL Background Thread 3 ] DEBUG Engine               - language: ObjectProperty [value: ENGLISH]
10:52:13.766 [FXGL Background Thread 3 ] DEBUG Engine               - menuKey: ESCAPE
10:52:13.766 [FXGL Background Thread 3 ] DEBUG Engine               - mouseSensitivity: 0.2
10:52:13.766 [FXGL Background Thread 3 ] DEBUG Engine               - notificationViewClass: class com.almasb.fxgl.notification.view.XboxNotificationView
10:52:13.766 [FXGL Background Thread 3 ] DEBUG Engine               - pixelsPerMeter: 50.0
10:52:13.766 [FXGL Background Thread 3 ] DEBUG Engine               - platform: LINUX
10:52:13.766 [FXGL Background Thread 3 ] DEBUG Engine               - prefHeightProperty: ReadOnlyDoubleProperty [value: 800.0]
10:52:13.766 [FXGL Background Thread 3 ] DEBUG Engine               - prefWidthProperty: ReadOnlyDoubleProperty [value: 800.0]
10:52:13.766 [FXGL Background Thread 3 ] DEBUG Engine               - profileDir: profiles/
10:52:13.766 [FXGL Background Thread 3 ] DEBUG Engine               - profileName: StringProperty [value: DEFAULT]
10:52:13.766 [FXGL Background Thread 3 ] DEBUG Engine               - randomSeed: -1
10:52:13.766 [FXGL Background Thread 3 ] DEBUG Engine               - runtimeInfo: RuntimeInfo(platform=LINUX, version=17.2, build=20.08.2022 16.50)
10:52:13.766 [FXGL Background Thread 3 ] DEBUG Engine               - saveFileExt: sav
10:52:13.766 [FXGL Background Thread 3 ] DEBUG Engine               - scaledHeightProp$fxgl: DoubleProperty [bound, value: 800.0]
10:52:13.766 [FXGL Background Thread 3 ] DEBUG Engine               - scaledWidthProp$fxgl: DoubleProperty [bound, value: 800.0]
10:52:13.766 [FXGL Background Thread 3 ] DEBUG Engine               - sceneFactory: com.example.basicgameapp.BasicGameApp$1@694c74bc
10:52:13.766 [FXGL Background Thread 3 ] DEBUG Engine               - secondsIn24h: 60
10:52:13.766 [FXGL Background Thread 3 ] DEBUG Engine               - soundMenuBack: menu/back.wav
10:52:13.766 [FXGL Background Thread 3 ] DEBUG Engine               - soundMenuPress: menu/press.wav
10:52:13.766 [FXGL Background Thread 3 ] DEBUG Engine               - soundMenuSelect: menu/select.wav
10:52:13.766 [FXGL Background Thread 3 ] DEBUG Engine               - soundNotification: core/notification.wav
10:52:13.766 [FXGL Background Thread 3 ] DEBUG Engine               - stageStyle: DECORATED
10:52:13.766 [FXGL Background Thread 3 ] DEBUG Engine               - supportedLanguages: [ENGLISH, FRENCH, GERMAN, HUNGARIAN, RUSSIAN]
10:52:13.766 [FXGL Background Thread 3 ] DEBUG Engine               - ticksPerSecond: -1
10:52:13.766 [FXGL Background Thread 3 ] DEBUG Engine               - title: WorldHELL 0 
10:52:13.766 [FXGL Background Thread 3 ] DEBUG Engine               - urlGithub: https://github.com/AlmasB/FXGL
10:52:13.766 [FXGL Background Thread 3 ] DEBUG Engine               - urlLeaderboard: http://fxgl-top.herokuapp.com/
10:52:13.766 [FXGL Background Thread 3 ] DEBUG Engine               - urlPOM: https://raw.githubusercontent.com/AlmasB/FXGL/release/README.md
10:52:13.766 [FXGL Background Thread 3 ] DEBUG Engine               - userAppClass: class com.example.basicgameapp.BasicGameApp
10:52:13.766 [FXGL Background Thread 3 ] DEBUG Engine               - version: 0.1
10:52:13.766 [FXGL Background Thread 3 ] DEBUG Engine               - versionCheckDays: 7
10:52:13.766 [FXGL Background Thread 3 ] DEBUG Engine               - width: 800
10:52:13.766 [FXGL Background Thread 3 ] DEBUG Engine               - Logging services
10:52:13.766 [FXGL Background Thread 3 ] DEBUG Engine               - class com.almasb.fxgl.app.services.FXGLAssetLoaderService
10:52:13.766 [FXGL Background Thread 3 ] DEBUG Engine               - class com.almasb.fxgl.app.FXGLApplication$GameApplicationService
10:52:13.766 [FXGL Background Thread 3 ] DEBUG Engine               - class com.almasb.fxgl.app.services.FXGLDialogService
10:52:13.766 [FXGL Background Thread 3 ] DEBUG Engine               - class com.almasb.fxgl.app.services.IOTaskExecutorService
10:52:13.766 [FXGL Background Thread 3 ] DEBUG Engine               - class com.almasb.fxgl.io.FileSystemService
10:52:13.766 [FXGL Background Thread 3 ] DEBUG Engine               - class com.almasb.fxgl.localization.LocalizationService
10:52:13.766 [FXGL Background Thread 3 ] DEBUG Engine               - class com.almasb.fxgl.app.services.SystemBundleService
10:52:13.766 [FXGL Background Thread 3 ] DEBUG Engine               - class com.almasb.fxgl.profile.SaveLoadService
10:52:13.766 [FXGL Background Thread 3 ] DEBUG Engine               - class com.almasb.fxgl.ui.FXGLUIFactoryServiceProvider
10:52:13.766 [FXGL Background Thread 3 ] DEBUG Engine               - class com.almasb.fxgl.ui.FXGLDialogFactoryServiceProvider
10:52:13.766 [FXGL Background Thread 3 ] DEBUG Engine               - class com.almasb.fxgl.audio.AudioPlayer
10:52:13.766 [FXGL Background Thread 3 ] DEBUG Engine               - class com.almasb.fxgl.notification.impl.NotificationServiceProvider
10:52:13.766 [FXGL Background Thread 3 ] DEBUG Engine               - class com.almasb.fxgl.achievement.AchievementService
10:52:13.766 [FXGL Background Thread 3 ] DEBUG Engine               - class com.almasb.fxgl.cutscene.CutsceneService
10:52:13.766 [FXGL Background Thread 3 ] DEBUG Engine               - class com.almasb.fxgl.minigames.MiniGameService
10:52:13.766 [FXGL Background Thread 3 ] DEBUG Engine               - class com.almasb.fxgl.net.NetService
10:52:13.766 [FXGL Background Thread 3 ] DEBUG Engine               - class com.almasb.fxgl.app.services.UpdaterService
10:52:13.766 [FXGL Background Thread 3 ] DEBUG Engine               - class com.almasb.fxgl.dev.DevService
10:52:21.442 [JavaFX Application Thread] DEBUG FXGLApplication      - Exiting FXGL
10:52:21.443 [JavaFX Application Thread] DEBUG Async                - Shutting down background threads
10:52:21.443 [JavaFX Application Thread] DEBUG PrimaryStageWindow   - Closing main window
10:52:21.450 [JavaFX Application Thread] DEBUG Logger               - Closing Logger
