16:56:28.891 [main                     ] DEBUG Logger               - Configured Logger
16:56:28.919 [main                     ] DEBUG GameApplication      - Logging settings
Title: WorldHELL 0 
Version: 0.1
Width: 800
Height: 800
Fullscreen: false
Intro: false
Profiling: false
Single step:false
App Mode: DEVELOPER
Menu Key: ESCAPE
Stage Style: DECORATED
Scene Factory: class com.example.basicgameapp.sceneFactory

16:56:29.423 [JavaFX Application Thread] DEBUG FXGLApplication      - Initializing FXGL
16:56:29.430 [JavaFX Application Thread] INFO  Engine               - FXGL-17.2 (20.08.2022 16.50) on WINDOWS (J:20.0.2 FX:20.0.1)
16:56:29.431 [JavaFX Application Thread] DEBUG Engine               - JRE Vendor Name: Oracle Corporation
16:56:29.431 [JavaFX Application Thread] DEBUG Engine               - Running on OS: Windows 11 version 10.0
16:56:29.431 [JavaFX Application Thread] DEBUG Engine               - Architecture: amd64
16:56:29.431 [JavaFX Application Thread] INFO  Engine               - Source code and latest versions at: https://github.com/AlmasB/FXGL
16:56:29.431 [JavaFX Application Thread] INFO  Engine               -       Ask questions and discuss at: https://github.com/AlmasB/FXGL/discussions
16:56:29.432 [JavaFX Application Thread] INFO  Engine               -              Join the FXGL chat at: https://gitter.im/AlmasB/FXGL
16:56:29.567 [JavaFX Application Thread] DEBUG PrimaryStageWindow   - Creating a JavaFX scene
16:56:29.643 [JavaFX Application Thread] DEBUG PrimaryStageWindow   - Target settings size: 800.0 x 800.0
16:56:29.643 [JavaFX Application Thread] DEBUG PrimaryStageWindow   - Scaled scene size:    800.0 x 800.0
16:56:29.643 [JavaFX Application Thread] DEBUG PrimaryStageWindow   - Scaled ratio: (1.0, 1.0)
16:56:29.645 [JavaFX Application Thread] DEBUG PrimaryStageWindow   - Set initial scene to FXGLStartupScene
16:56:29.650 [JavaFX Application Thread] DEBUG PrimaryStageWindow   - Opening main window
16:56:29.751 [JavaFX Application Thread] DEBUG PrimaryStageWindow   - Window border size: (14.4000244140625, 37.5999755859375)
16:56:29.751 [JavaFX Application Thread] DEBUG PrimaryStageWindow   - Scaled size: 800.0 x 800.0
16:56:29.752 [JavaFX Application Thread] DEBUG PrimaryStageWindow   - Scaled ratio: (1.0, 1.0)
16:56:29.752 [JavaFX Application Thread] DEBUG PrimaryStageWindow   - Scene size: 800.0 x 800.0
16:56:29.752 [JavaFX Application Thread] DEBUG PrimaryStageWindow   - Stage size: 814.4000244140625 x 837.5999755859375
16:56:29.766 [FXGL Background Thread 1 ] DEBUG Engine               - Initializing environment variables
16:56:29.835 [FXGL Background Thread 1 ] DEBUG FXGLAssetLoaderServi - User app class for loading assets: class com.example.basicgameapp.BasicGameApp
16:56:29.835 [FXGL Background Thread 1 ] DEBUG GameApplicationServi - Applying CSS: fxgl_dark.css
16:56:29.836 [FXGL Background Thread 1 ] DEBUG FXGLAssetLoaderServi - Loading from file system: jar:file:///C:/Users/majah/.m2/repository/com/github/almasb/fxgl/17.2/fxgl-17.2.jar!/fxglassets/ui/css/fxgl_dark.css
16:56:29.890 [FXGL Background Thread 1 ] DEBUG GameApplicationServi - Initializing application scenes
16:56:29.942 [FXGL Background Thread 1 ] DEBUG GameWorld            - Game world initialized
16:56:30.019 [FXGL Background Thread 1 ] DEBUG PhysicsWorld         - Physics world initialized: appHeight=800, physics.ppm=50.0
16:56:30.019 [FXGL Background Thread 1 ] DEBUG PhysicsWorld         - Using strategy: BRUTE_FORCE
16:56:30.024 [FXGL Background Thread 1 ] DEBUG GameScene            - Game scene initialized: 800x800
16:56:30.028 [JavaFX Application Thread] DEBUG LoopRunner           - Stopping loop
16:56:30.028 [JavaFX Application Thread] DEBUG LoopRunner           - Initializing JavaFX AnimationTimerLoop
16:56:30.033 [JavaFX Application Thread] FATAL FXGLApplication      - Uncaught Exception:
java.lang.IllegalArgumentException: Invalid URL: Invalid URL or resource not found
	at javafx.graphics@20.0.1/javafx.scene.image.Image.validateUrl(Image.java:1138)
	at javafx.graphics@20.0.1/javafx.scene.image.Image.<init>(Image.java:628)
	at com.example.basicgameapp/com.example.basicgameapp.WorldHellMenu.setBackgroundImage(WorldHellMenu.java:21)
	at com.example.basicgameapp/com.example.basicgameapp.WorldHellMenu.<init>(WorldHellMenu.java:16)
	at com.example.basicgameapp/com.example.basicgameapp.sceneFactory.newGameMenu(sceneFactory.java:15)
	at com.almasb.fxgl.all@17.2/com.almasb.fxgl.app.FXGLApplication$GameApplicationService.initAppScenes(FXGLApplication.kt:461)
	at com.almasb.fxgl.all@17.2/com.almasb.fxgl.app.FXGLApplication$GameApplicationService.onInit(FXGLApplication.kt:417)
	at com.almasb.fxgl.all@17.2/com.almasb.fxgl.app.Engine.initServices(Engine.kt:85)
	at com.almasb.fxgl.all@17.2/com.almasb.fxgl.app.FXGLApplication.startImpl$lambda-2(FXGLApplication.kt:138)
	at com.almasb.fxgl.core@17.2/com.almasb.fxgl.core.concurrent.IOTask.lambda$ofVoid$5(IOTask.java:184)
	at com.almasb.fxgl.core@17.2/com.almasb.fxgl.core.concurrent.IOTask$2.onExecute(IOTask.java:197)
	at com.almasb.fxgl.core@17.2/com.almasb.fxgl.core.concurrent.IOTask$1.call(IOTask.java:148)
	at javafx.graphics@20.0.1/javafx.concurrent.Task$TaskCallable.call(Task.java:1426)
	at java.base/java.util.concurrent.FutureTask.run(FutureTask.java:317)
	at java.base/java.util.concurrent.Executors$RunnableAdapter.call(Executors.java:577)
	at java.base/java.util.concurrent.FutureTask.run(FutureTask.java:317)
	at java.base/java.util.concurrent.ThreadPoolExecutor.runWorker(ThreadPoolExecutor.java:1144)
	at java.base/java.util.concurrent.ThreadPoolExecutor$Worker.run(ThreadPoolExecutor.java:642)
	at java.base/java.lang.Thread.run(Thread.java:1623)
Caused by: java.lang.IllegalArgumentException: Invalid URL or resource not found
	at javafx.graphics@20.0.1/javafx.scene.image.Image.validateUrl(Image.java:1123)
	... 18 more

16:56:30.033 [JavaFX Application Thread] FATAL FXGLApplication      - Application will now exit
16:56:30.076 [JavaFX Application Thread] DEBUG PrimaryStageWindow   - Push state: ErrorSubScene
16:56:30.076 [JavaFX Application Thread] DEBUG Input                - Clearing active input actions
16:56:30.082 [JavaFX Application Thread] DEBUG GameApplicationServi - Removing overlay from FXGLStartupScene and adding to ErrorSubScene
16:56:30.082 [JavaFX Application Thread] DEBUG PrimaryStageWindow   - FXGLStartupScene -> ErrorSubScene
16:56:40.746 [JavaFX Application Thread] DEBUG FXGLApplication      - Exiting FXGL
16:56:40.746 [JavaFX Application Thread] DEBUG Async                - Shutting down background threads
16:56:40.747 [JavaFX Application Thread] DEBUG PrimaryStageWindow   - Closing main window
16:56:40.792 [JavaFX Application Thread] DEBUG Logger               - Closing Logger
