17:19:16.001 [main                     ] DEBUG Logger               - Configured Logger
17:19:16.029 [main                     ] DEBUG GameApplication      - Logging settings
Title: WorldHELL 0 
Version: 0.1
Width: 800
Height: 800
Fullscreen: false
Intro: false
Profiling: false
Single step:false
App Mode: DEVELOPER
Menu Key: ESCAPE
Stage Style: DECORATED
Scene Factory: class com.example.basicgameapp.BasicGameApp$1

17:19:16.397 [JavaFX Application Thread] DEBUG FXGLApplication      - Initializing FXGL
17:19:16.402 [JavaFX Application Thread] INFO  Engine               - FXGL-17.2 (20.08.2022 16.50) on WINDOWS (J:20.0.2 FX:20.0.1)
17:19:16.403 [JavaFX Application Thread] DEBUG Engine               - JRE Vendor Name: Oracle Corporation
17:19:16.403 [JavaFX Application Thread] DEBUG Engine               - Running on OS: Windows 11 version 10.0
17:19:16.404 [JavaFX Application Thread] DEBUG Engine               - Architecture: amd64
17:19:16.404 [JavaFX Application Thread] INFO  Engine               - Source code and latest versions at: https://github.com/AlmasB/FXGL
17:19:16.404 [JavaFX Application Thread] INFO  Engine               -       Ask questions and discuss at: https://github.com/AlmasB/FXGL/discussions
17:19:16.404 [JavaFX Application Thread] INFO  Engine               -              Join the FXGL chat at: https://gitter.im/AlmasB/FXGL
17:19:16.506 [JavaFX Application Thread] DEBUG PrimaryStageWindow   - Creating a JavaFX scene
17:19:16.561 [JavaFX Application Thread] DEBUG PrimaryStageWindow   - Target settings size: 800.0 x 800.0
17:19:16.561 [JavaFX Application Thread] DEBUG PrimaryStageWindow   - Scaled scene size:    800.0 x 800.0
17:19:16.561 [JavaFX Application Thread] DEBUG PrimaryStageWindow   - Scaled ratio: (1.0, 1.0)
17:19:16.563 [JavaFX Application Thread] DEBUG PrimaryStageWindow   - Set initial scene to FXGLStartupScene
17:19:16.567 [JavaFX Application Thread] DEBUG PrimaryStageWindow   - Opening main window
17:19:16.658 [JavaFX Application Thread] DEBUG PrimaryStageWindow   - Window border size: (14.4000244140625, 37.5999755859375)
17:19:16.658 [JavaFX Application Thread] DEBUG PrimaryStageWindow   - Scaled size: 800.0 x 800.0
17:19:16.659 [JavaFX Application Thread] DEBUG PrimaryStageWindow   - Scaled ratio: (1.0, 1.0)
17:19:16.659 [JavaFX Application Thread] DEBUG PrimaryStageWindow   - Scene size: 800.0 x 800.0
17:19:16.659 [JavaFX Application Thread] DEBUG PrimaryStageWindow   - Stage size: 814.4000244140625 x 837.5999755859375
17:19:16.669 [FXGL Background Thread 1 ] DEBUG Engine               - Initializing environment variables
17:19:16.734 [FXGL Background Thread 1 ] DEBUG FXGLAssetLoaderServi - User app class for loading assets: class com.example.basicgameapp.BasicGameApp
17:19:16.735 [FXGL Background Thread 1 ] DEBUG GameApplicationServi - Applying CSS: fxgl_dark.css
17:19:16.736 [FXGL Background Thread 1 ] DEBUG FXGLAssetLoaderServi - Loading from file system: jar:file:///C:/Users/majah/.m2/repository/com/github/almasb/fxgl/17.2/fxgl-17.2.jar!/fxglassets/ui/css/fxgl_dark.css
17:19:16.797 [FXGL Background Thread 1 ] DEBUG GameApplicationServi - Initializing application scenes
17:19:16.845 [FXGL Background Thread 1 ] DEBUG GameWorld            - Game world initialized
17:19:16.922 [FXGL Background Thread 1 ] DEBUG PhysicsWorld         - Physics world initialized: appHeight=800, physics.ppm=50.0
17:19:16.922 [FXGL Background Thread 1 ] DEBUG PhysicsWorld         - Using strategy: BRUTE_FORCE
17:19:16.930 [FXGL Background Thread 1 ] DEBUG GameScene            - Game scene initialized: 800x800
17:19:17.017 [FXGL Background Thread 1 ] DEBUG GameApplicationServi - Application scenes initialized
17:19:17.036 [FXGL Background Thread 1 ] DEBUG SystemBundleService  - Loading FXGL system data
17:19:17.041 [FXGL Background Thread 1 ] DEBUG FileSystemAccess     - Reading from: C:\Users\majah\OneDrive\Desktop\world-hell\BasicGameApp\system\fxgl.bundle
17:19:17.056 [FXGL Background Thread 1 ] DEBUG SystemBundleService  - Bundle FXGL: {}
17:19:17.056 [FXGL Background Thread 1 ] DEBUG UpdaterService       - Checking for updates
17:19:17.062 [FXGL Background Thread 1 ] DEBUG FXGLApplication      - Loading default localization
17:19:17.062 [FXGL Background Thread 4 ] DEBUG FXGLApplication      - Loading fonts
17:19:17.063 [FXGL Background Thread 1 ] DEBUG FXGLAssetLoaderServi - Loading from file system: jar:file:///C:/Users/majah/.m2/repository/com/github/almasb/fxgl/17.2/fxgl-17.2.jar!/fxglassets/languages/english.lang
17:19:17.063 [FXGL Background Thread 4 ] DEBUG FXGLAssetLoaderServi - Loading from file system: jar:file:///C:/Users/majah/.m2/repository/com/github/almasb/fxgl/17.2/fxgl-17.2.jar!/fxglassets/ui/fonts/VarelaRound-Regular.ttf
17:19:17.098 [FXGL Background Thread 1 ] INFO  FXGLApplication      - FXGL initialization took: 0.428 sec
17:19:17.114 [JavaFX Application Thread] DEBUG Input                - Registered new binding: action0 - D
17:19:17.115 [JavaFX Application Thread] DEBUG Input                - Registered new binding: action1 - A
17:19:17.117 [JavaFX Application Thread] DEBUG Input                - Registered new binding: action2 - W
17:19:17.118 [JavaFX Application Thread] DEBUG Input                - Registered new binding: action3 - S
17:19:17.118 [JavaFX Application Thread] DEBUG FXGLAssetLoaderServi - Loading from file system: jar:file:///C:/Users/majah/.m2/repository/com/github/almasb/fxgl/17.2/fxgl-17.2.jar!/fxglassets/textures/fxgl_icon.png
17:19:17.139 [JavaFX Application Thread] DEBUG FXGLAssetLoaderServi - Loading from file system: jar:file:///C:/Users/majah/.m2/repository/com/github/almasb/fxgl/17.2/fxgl-17.2.jar!/fxglassets/textures/fxgl_default_cursor.png
17:19:17.141 [JavaFX Application Thread] DEBUG Input                - Registered new binding: Screenshot - CTRL+8
17:19:17.142 [JavaFX Application Thread] DEBUG Input                - Registered new binding: System info dump - CTRL+9
17:19:17.142 [JavaFX Application Thread] DEBUG Input                - Registered new binding: Restart - CTRL+R
17:19:17.142 [JavaFX Application Thread] DEBUG Input                - Registered new binding: Toggle Debug Camera - CTRL+7
17:19:17.145 [JavaFX Application Thread] DEBUG LoopRunner           - Starting loop
17:19:17.145 [JavaFX Application Thread] DEBUG LoopRunner           - Initializing JavaFX AnimationTimerLoop
17:19:17.146 [JavaFX Application Thread] DEBUG GameApplicationServi - Starting new game
17:19:17.146 [JavaFX Application Thread] DEBUG Input                - Clearing active input actions
17:19:17.163 [JavaFX Application Thread] DEBUG GameApplicationServi - Removing overlay from FXGLStartupScene and adding to FXGLLoadingScene
17:19:17.164 [JavaFX Application Thread] DEBUG PrimaryStageWindow   - FXGLStartupScene -> FXGLLoadingScene
17:19:17.164 [JavaFX Application Thread] DEBUG GameApplicationServi - Clearing previous game
17:19:17.164 [JavaFX Application Thread] DEBUG GameScene            - Clearing game scene
17:19:17.164 [JavaFX Application Thread] DEBUG GameWorld            - Clearing game world
17:19:17.164 [JavaFX Application Thread] DEBUG PhysicsWorld         - Clearing physics world
17:19:17.166 [FXGL Background Thread 1 ] DEBUG FXGLApplication      - Initializing game
17:19:17.171 [FXGL Background Thread 1 ] DEBUG FXGLAssetLoaderServi - Loading from file system: file:/C:/Users/majah/OneDrive/Desktop/world-hell/BasicGameApp/target/classes/assets/textures/background.jpg
17:19:17.195 [FXGL Background Thread 4 ] DEBUG FXGLAssetLoaderServi - Loading from file system: jar:file:///C:/Users/majah/.m2/repository/com/github/almasb/fxgl/17.2/fxgl-17.2.jar!/fxglassets/ui/fonts/Abel-Regular.ttf
17:19:17.200 [FXGL Background Thread 1 ] DEBUG FXGLAssetLoaderServi - Loading from file system: file:/C:/Users/majah/OneDrive/Desktop/world-hell/BasicGameApp/target/classes/assets/textures/girl_colored.png
17:19:17.202 [FXGL Background Thread 4 ] DEBUG FXGLAssetLoaderServi - Loading from file system: jar:file:///C:/Users/majah/.m2/repository/com/github/almasb/fxgl/17.2/fxgl-17.2.jar!/fxglassets/ui/fonts/TerminalLandMono-Regular.otf
17:19:17.206 [FXGL Background Thread 4 ] DEBUG FXGLAssetLoaderServi - Loading from file system: jar:file:///C:/Users/majah/.m2/repository/com/github/almasb/fxgl/17.2/fxgl-17.2.jar!/fxglassets/ui/fonts/Courier-Prime.ttf
17:19:17.229 [JavaFX Application Thread] DEBUG FXGLApplication      - Registering font factories with UI factory
17:19:17.230 [FXGL Background Thread 1 ] INFO  FXGLApplication      - Game initialization took: 0.064 sec
17:19:17.303 [JavaFX Application Thread] DEBUG Input                - Clearing active input actions
17:19:17.319 [JavaFX Application Thread] DEBUG GameApplicationServi - Removing overlay from FXGLLoadingScene and adding to GameScene
17:19:17.320 [JavaFX Application Thread] DEBUG PrimaryStageWindow   - FXGLLoadingScene -> GameScene
17:19:17.810 [JavaFX Application Thread] DEBUG FXGLAssetLoaderServi - Loading from file system: file:/C:/Users/majah/OneDrive/Desktop/world-hell/BasicGameApp/target/classes/assets/textures/zombie_colored.png
17:19:17.817 [JavaFX Application Thread] DEBUG FXGLAssetLoaderServi - Loading from file system: file:/C:/Users/majah/OneDrive/Desktop/world-hell/BasicGameApp/target/classes/assets/textures/eagle_colored.png
17:19:17.821 [JavaFX Application Thread] DEBUG FXGLAssetLoaderServi - Loading from file system: file:/C:/Users/majah/OneDrive/Desktop/world-hell/BasicGameApp/target/classes/assets/textures/joshua.jpg
17:19:18.273 [JavaFX Application Thread] DEBUG FXGLAssetLoaderServi - Loading from file system: file:/C:/Users/majah/OneDrive/Desktop/world-hell/BasicGameApp/target/classes/assets/textures/swipe.png
17:19:19.235 [FXGL Background Thread 2 ] INFO  UpdaterService       - Your current version:  17.2
17:19:19.236 [FXGL Background Thread 2 ] INFO  UpdaterService       - Latest stable version: 17.3
17:19:19.238 [JavaFX Application Thread] DEBUG PrimaryStageWindow   - Push state: WorldHellMenu
17:19:19.239 [JavaFX Application Thread] DEBUG Input                - Clearing active input actions
17:19:19.240 [JavaFX Application Thread] DEBUG GameApplicationServi - Removing overlay from GameScene and adding to WorldHellMenu
17:19:19.241 [JavaFX Application Thread] DEBUG PrimaryStageWindow   - GameScene -> WorldHellMenu
17:19:20.028 [JavaFX Application Thread] DEBUG PrimaryStageWindow   - Pop state: WorldHellMenu
17:19:20.028 [JavaFX Application Thread] DEBUG Input                - Clearing active input actions
17:19:20.029 [JavaFX Application Thread] DEBUG GameApplicationServi - Removing overlay from WorldHellMenu and adding to GameScene
17:19:20.030 [JavaFX Application Thread] DEBUG PrimaryStageWindow   - GameScene <- WorldHellMenu
17:19:20.061 [FXGL Background Thread 3 ] DEBUG Engine               - Logging environment variables
17:19:20.063 [FXGL Background Thread 3 ] DEBUG Engine               - achievements: []
17:19:20.063 [FXGL Background Thread 3 ] DEBUG Engine               - actualHeight: 800.0
17:19:20.063 [FXGL Background Thread 3 ] DEBUG Engine               - actualHeightProperty: ReadOnlyDoubleProperty [value: 800.0]
17:19:20.063 [FXGL Background Thread 3 ] DEBUG Engine               - actualWidth: 800.0
17:19:20.064 [FXGL Background Thread 3 ] DEBUG Engine               - actualWidthProperty: ReadOnlyDoubleProperty [value: 800.0]
17:19:20.064 [FXGL Background Thread 3 ] DEBUG Engine               - appIcon: fxgl_icon.png
17:19:20.064 [FXGL Background Thread 3 ] DEBUG Engine               - applicationMode: DEVELOPER
17:19:20.064 [FXGL Background Thread 3 ] DEBUG Engine               - cSSList: [fxgl_dark.css]
17:19:20.064 [FXGL Background Thread 3 ] DEBUG Engine               - collisionDetectionStrategy: BRUTE_FORCE
17:19:20.065 [FXGL Background Thread 3 ] DEBUG Engine               - configClass: Optional.empty
17:19:20.065 [FXGL Background Thread 3 ] DEBUG Engine               - credits: []
17:19:20.072 [FXGL Background Thread 3 ] DEBUG Engine               - defaultCursor: CursorInfo(imageName=fxgl_default_cursor.png, hotspotX=7.0, hotspotY=6.0)
17:19:20.073 [FXGL Background Thread 3 ] DEBUG Engine               - devBBoxColorProperty: ObjectProperty [value: 0xff0000ff]
17:19:20.073 [FXGL Background Thread 3 ] DEBUG Engine               - devEnableDebugCameraProperty: BooleanProperty [value: false]
17:19:20.073 [FXGL Background Thread 3 ] DEBUG Engine               - devSensorColorProperty: ObjectProperty [value: 0xffff00ff]
17:19:20.073 [FXGL Background Thread 3 ] DEBUG Engine               - devShowBBoxProperty: BooleanProperty [value: false]
17:19:20.073 [FXGL Background Thread 3 ] DEBUG Engine               - devShowPositionProperty: BooleanProperty [value: false]
17:19:20.074 [FXGL Background Thread 3 ] DEBUG Engine               - enabledMenuItems: []
17:19:20.074 [FXGL Background Thread 3 ] DEBUG Engine               - engineServices: [class com.almasb.fxgl.app.services.FXGLAssetLoaderService, class com.almasb.fxgl.app.FXGLApplication$GameApplicationService, class com.almasb.fxgl.app.services.FXGLDialogService, class com.almasb.fxgl.app.services.IOTaskExecutorService, class com.almasb.fxgl.io.FileSystemService, class com.almasb.fxgl.localization.LocalizationService, class com.almasb.fxgl.app.services.SystemBundleService, class com.almasb.fxgl.profile.SaveLoadService, class com.almasb.fxgl.ui.FXGLUIFactoryServiceProvider, class com.almasb.fxgl.ui.FXGLDialogFactoryServiceProvider, class com.almasb.fxgl.audio.AudioPlayer, class com.almasb.fxgl.notification.impl.NotificationServiceProvider, class com.almasb.fxgl.achievement.AchievementService, class com.almasb.fxgl.cutscene.CutsceneService, class com.almasb.fxgl.minigames.MiniGameService, class com.almasb.fxgl.net.NetService, class com.almasb.fxgl.app.services.UpdaterService, class com.almasb.fxgl.dev.DevService]
17:19:20.074 [FXGL Background Thread 3 ] DEBUG Engine               - fontGame: Abel-Regular.ttf
17:19:20.074 [FXGL Background Thread 3 ] DEBUG Engine               - fontMono: TerminalLandMono-Regular.otf
17:19:20.074 [FXGL Background Thread 3 ] DEBUG Engine               - fontText: Courier-Prime.ttf
17:19:20.074 [FXGL Background Thread 3 ] DEBUG Engine               - fontUI: VarelaRound-Regular.ttf
17:19:20.074 [FXGL Background Thread 3 ] DEBUG Engine               - fullScreen: BooleanProperty [value: false]
17:19:20.075 [FXGL Background Thread 3 ] DEBUG Engine               - gameDifficulty: MEDIUM
17:19:20.075 [FXGL Background Thread 3 ] DEBUG Engine               - gameDifficultyProperty: ObjectProperty [value: MEDIUM]
17:19:20.075 [FXGL Background Thread 3 ] DEBUG Engine               - globalMusicVolume: 0.5
17:19:20.075 [FXGL Background Thread 3 ] DEBUG Engine               - globalMusicVolumeProperty: DoubleProperty [value: 0.5]
17:19:20.075 [FXGL Background Thread 3 ] DEBUG Engine               - globalSoundVolume: 0.5
17:19:20.075 [FXGL Background Thread 3 ] DEBUG Engine               - globalSoundVolumeProperty: DoubleProperty [value: 0.5]
17:19:20.075 [FXGL Background Thread 3 ] DEBUG Engine               - height: 800
17:19:20.076 [FXGL Background Thread 3 ] DEBUG Engine               - is3D: false
17:19:20.076 [FXGL Background Thread 3 ] DEBUG Engine               - isAndroid: false
17:19:20.076 [FXGL Background Thread 3 ] DEBUG Engine               - isBrowser: false
17:19:20.076 [FXGL Background Thread 3 ] DEBUG Engine               - isClickFeedbackEnabled: false
17:19:20.076 [FXGL Background Thread 3 ] DEBUG Engine               - isCloseConfirmation: false
17:19:20.076 [FXGL Background Thread 3 ] DEBUG Engine               - isDesktop: true
17:19:20.076 [FXGL Background Thread 3 ] DEBUG Engine               - isDeveloperMenuEnabled: false
17:19:20.076 [FXGL Background Thread 3 ] DEBUG Engine               - isEmbedded: false
17:19:20.077 [FXGL Background Thread 3 ] DEBUG Engine               - isEntityPreloadEnabled: true
17:19:20.077 [FXGL Background Thread 3 ] DEBUG Engine               - isExperimentalTiledLargeMap: false
17:19:20.077 [FXGL Background Thread 3 ] DEBUG Engine               - isFileSystemWriteAllowed: true
17:19:20.077 [FXGL Background Thread 3 ] DEBUG Engine               - isFullScreenAllowed: false
17:19:20.077 [FXGL Background Thread 3 ] DEBUG Engine               - isFullScreenFromStart: false
17:19:20.077 [FXGL Background Thread 3 ] DEBUG Engine               - isGameMenuEnabled: true
17:19:20.078 [FXGL Background Thread 3 ] DEBUG Engine               - isIOS: false
17:19:20.078 [FXGL Background Thread 3 ] DEBUG Engine               - isIntroEnabled: false
17:19:20.078 [FXGL Background Thread 3 ] DEBUG Engine               - isLinux: false
17:19:20.078 [FXGL Background Thread 3 ] DEBUG Engine               - isMac: false
17:19:20.078 [FXGL Background Thread 3 ] DEBUG Engine               - isMainMenuEnabled: false
17:19:20.078 [FXGL Background Thread 3 ] DEBUG Engine               - isManualResizeEnabled: false
17:19:20.078 [FXGL Background Thread 3 ] DEBUG Engine               - isMobile: false
17:19:20.078 [FXGL Background Thread 3 ] DEBUG Engine               - isNative: false
17:19:20.078 [FXGL Background Thread 3 ] DEBUG Engine               - isPauseMusicWhenMinimized: true
17:19:20.078 [FXGL Background Thread 3 ] DEBUG Engine               - isPreserveResizeRatio: false
17:19:20.078 [FXGL Background Thread 3 ] DEBUG Engine               - isProfilingEnabled: false
17:19:20.079 [FXGL Background Thread 3 ] DEBUG Engine               - isScaleAffectedOnResize: true
17:19:20.079 [FXGL Background Thread 3 ] DEBUG Engine               - isSingleStep: false
17:19:20.079 [FXGL Background Thread 3 ] DEBUG Engine               - isUserProfileEnabled: false
17:19:20.079 [FXGL Background Thread 3 ] DEBUG Engine               - isWindows: true
17:19:20.079 [FXGL Background Thread 3 ] DEBUG Engine               - language: ObjectProperty [value: ENGLISH]
17:19:20.079 [FXGL Background Thread 3 ] DEBUG Engine               - menuKey: ESCAPE
17:19:20.079 [FXGL Background Thread 3 ] DEBUG Engine               - mouseSensitivity: 0.2
17:19:20.079 [FXGL Background Thread 3 ] DEBUG Engine               - notificationViewClass: class com.almasb.fxgl.notification.view.XboxNotificationView
17:19:20.079 [FXGL Background Thread 3 ] DEBUG Engine               - pixelsPerMeter: 50.0
17:19:20.080 [FXGL Background Thread 3 ] DEBUG Engine               - platform: WINDOWS
17:19:20.080 [FXGL Background Thread 3 ] DEBUG Engine               - prefHeightProperty: ReadOnlyDoubleProperty [value: 800.0]
17:19:20.080 [FXGL Background Thread 3 ] DEBUG Engine               - prefWidthProperty: ReadOnlyDoubleProperty [value: 800.0]
17:19:20.080 [FXGL Background Thread 3 ] DEBUG Engine               - profileDir: profiles/
17:19:20.080 [FXGL Background Thread 3 ] DEBUG Engine               - profileName: StringProperty [value: DEFAULT]
17:19:20.080 [FXGL Background Thread 3 ] DEBUG Engine               - randomSeed: -1
17:19:20.080 [FXGL Background Thread 3 ] DEBUG Engine               - runtimeInfo: RuntimeInfo(platform=WINDOWS, version=17.2, build=20.08.2022 16.50)
17:19:20.080 [FXGL Background Thread 3 ] DEBUG Engine               - saveFileExt: sav
17:19:20.081 [FXGL Background Thread 3 ] DEBUG Engine               - scaledHeightProp$fxgl: DoubleProperty [bound, value: 800.0]
17:19:20.081 [FXGL Background Thread 3 ] DEBUG Engine               - scaledWidthProp$fxgl: DoubleProperty [bound, value: 800.0]
17:19:20.081 [FXGL Background Thread 3 ] DEBUG Engine               - sceneFactory: com.example.basicgameapp.BasicGameApp$1@7bd6dad1
17:19:20.081 [FXGL Background Thread 3 ] DEBUG Engine               - secondsIn24h: 60
17:19:20.081 [FXGL Background Thread 3 ] DEBUG Engine               - soundMenuBack: menu/back.wav
17:19:20.081 [FXGL Background Thread 3 ] DEBUG Engine               - soundMenuPress: menu/press.wav
17:19:20.081 [FXGL Background Thread 3 ] DEBUG Engine               - soundMenuSelect: menu/select.wav
17:19:20.081 [FXGL Background Thread 3 ] DEBUG Engine               - soundNotification: core/notification.wav
17:19:20.081 [FXGL Background Thread 3 ] DEBUG Engine               - stageStyle: DECORATED
17:19:20.081 [FXGL Background Thread 3 ] DEBUG Engine               - supportedLanguages: [ENGLISH, FRENCH, GERMAN, HUNGARIAN, RUSSIAN]
17:19:20.081 [FXGL Background Thread 3 ] DEBUG Engine               - ticksPerSecond: -1
17:19:20.082 [FXGL Background Thread 3 ] DEBUG Engine               - title: WorldHELL 0 
17:19:20.082 [FXGL Background Thread 3 ] DEBUG Engine               - urlGithub: https://github.com/AlmasB/FXGL
17:19:20.082 [FXGL Background Thread 3 ] DEBUG Engine               - urlLeaderboard: http://fxgl-top.herokuapp.com/
17:19:20.082 [FXGL Background Thread 3 ] DEBUG Engine               - urlPOM: https://raw.githubusercontent.com/AlmasB/FXGL/release/README.md
17:19:20.082 [FXGL Background Thread 3 ] DEBUG Engine               - userAppClass: class com.example.basicgameapp.BasicGameApp
17:19:20.082 [FXGL Background Thread 3 ] DEBUG Engine               - version: 0.1
17:19:20.082 [FXGL Background Thread 3 ] DEBUG Engine               - versionCheckDays: 7
17:19:20.082 [FXGL Background Thread 3 ] DEBUG Engine               - width: 800
17:19:20.082 [FXGL Background Thread 3 ] DEBUG Engine               - Logging services
17:19:20.082 [FXGL Background Thread 3 ] DEBUG Engine               - class com.almasb.fxgl.app.services.FXGLAssetLoaderService
17:19:20.082 [FXGL Background Thread 3 ] DEBUG Engine               - class com.almasb.fxgl.app.FXGLApplication$GameApplicationService
17:19:20.082 [FXGL Background Thread 3 ] DEBUG Engine               - class com.almasb.fxgl.app.services.FXGLDialogService
17:19:20.082 [FXGL Background Thread 3 ] DEBUG Engine               - class com.almasb.fxgl.app.services.IOTaskExecutorService
17:19:20.083 [FXGL Background Thread 3 ] DEBUG Engine               - class com.almasb.fxgl.io.FileSystemService
17:19:20.083 [FXGL Background Thread 3 ] DEBUG Engine               - class com.almasb.fxgl.localization.LocalizationService
17:19:20.083 [FXGL Background Thread 3 ] DEBUG Engine               - class com.almasb.fxgl.app.services.SystemBundleService
17:19:20.083 [FXGL Background Thread 3 ] DEBUG Engine               - class com.almasb.fxgl.profile.SaveLoadService
17:19:20.083 [FXGL Background Thread 3 ] DEBUG Engine               - class com.almasb.fxgl.ui.FXGLUIFactoryServiceProvider
17:19:20.083 [FXGL Background Thread 3 ] DEBUG Engine               - class com.almasb.fxgl.ui.FXGLDialogFactoryServiceProvider
17:19:20.083 [FXGL Background Thread 3 ] DEBUG Engine               - class com.almasb.fxgl.audio.AudioPlayer
17:19:20.083 [FXGL Background Thread 3 ] DEBUG Engine               - class com.almasb.fxgl.notification.impl.NotificationServiceProvider
17:19:20.083 [FXGL Background Thread 3 ] DEBUG Engine               - class com.almasb.fxgl.achievement.AchievementService
17:19:20.083 [FXGL Background Thread 3 ] DEBUG Engine               - class com.almasb.fxgl.cutscene.CutsceneService
17:19:20.083 [FXGL Background Thread 3 ] DEBUG Engine               - class com.almasb.fxgl.minigames.MiniGameService
17:19:20.083 [FXGL Background Thread 3 ] DEBUG Engine               - class com.almasb.fxgl.net.NetService
17:19:20.084 [FXGL Background Thread 3 ] DEBUG Engine               - class com.almasb.fxgl.app.services.UpdaterService
17:19:20.084 [FXGL Background Thread 3 ] DEBUG Engine               - class com.almasb.fxgl.dev.DevService
17:19:20.470 [JavaFX Application Thread] DEBUG PrimaryStageWindow   - Push state: WorldHellMenu
17:19:20.470 [JavaFX Application Thread] DEBUG Input                - Clearing active input actions
17:19:20.471 [JavaFX Application Thread] DEBUG GameApplicationServi - Removing overlay from GameScene and adding to WorldHellMenu
17:19:20.471 [JavaFX Application Thread] DEBUG PrimaryStageWindow   - GameScene -> WorldHellMenu
17:19:20.975 [JavaFX Application Thread] DEBUG PrimaryStageWindow   - Pop state: WorldHellMenu
17:19:20.975 [JavaFX Application Thread] DEBUG Input                - Clearing active input actions
17:19:20.975 [JavaFX Application Thread] DEBUG GameApplicationServi - Removing overlay from WorldHellMenu and adding to GameScene
17:19:20.976 [JavaFX Application Thread] DEBUG PrimaryStageWindow   - GameScene <- WorldHellMenu
17:19:21.241 [JavaFX Application Thread] DEBUG PrimaryStageWindow   - Push state: WorldHellMenu
17:19:21.241 [JavaFX Application Thread] DEBUG Input                - Clearing active input actions
17:19:21.242 [JavaFX Application Thread] DEBUG GameApplicationServi - Removing overlay from GameScene and adding to WorldHellMenu
17:19:21.242 [JavaFX Application Thread] DEBUG PrimaryStageWindow   - GameScene -> WorldHellMenu
17:19:21.721 [JavaFX Application Thread] DEBUG PrimaryStageWindow   - Pop state: WorldHellMenu
17:19:21.722 [JavaFX Application Thread] DEBUG Input                - Clearing active input actions
17:19:21.722 [JavaFX Application Thread] DEBUG GameApplicationServi - Removing overlay from WorldHellMenu and adding to GameScene
17:19:21.723 [JavaFX Application Thread] DEBUG PrimaryStageWindow   - GameScene <- WorldHellMenu
17:19:22.035 [JavaFX Application Thread] DEBUG PrimaryStageWindow   - Push state: WorldHellMenu
17:19:22.035 [JavaFX Application Thread] DEBUG Input                - Clearing active input actions
17:19:22.036 [JavaFX Application Thread] DEBUG GameApplicationServi - Removing overlay from GameScene and adding to WorldHellMenu
17:19:22.036 [JavaFX Application Thread] DEBUG PrimaryStageWindow   - GameScene -> WorldHellMenu
17:19:22.415 [JavaFX Application Thread] DEBUG PrimaryStageWindow   - Pop state: WorldHellMenu
17:19:22.415 [JavaFX Application Thread] DEBUG Input                - Clearing active input actions
17:19:22.415 [JavaFX Application Thread] DEBUG GameApplicationServi - Removing overlay from WorldHellMenu and adding to GameScene
17:19:22.416 [JavaFX Application Thread] DEBUG PrimaryStageWindow   - GameScene <- WorldHellMenu
17:19:23.223 [JavaFX Application Thread] DEBUG PrimaryStageWindow   - Push state: WorldHellMenu
17:19:23.223 [JavaFX Application Thread] DEBUG Input                - Clearing active input actions
17:19:23.223 [JavaFX Application Thread] DEBUG GameApplicationServi - Removing overlay from GameScene and adding to WorldHellMenu
17:19:23.224 [JavaFX Application Thread] DEBUG PrimaryStageWindow   - GameScene -> WorldHellMenu
17:19:23.519 [JavaFX Application Thread] DEBUG PrimaryStageWindow   - Pop state: WorldHellMenu
17:19:23.519 [JavaFX Application Thread] DEBUG Input                - Clearing active input actions
17:19:23.520 [JavaFX Application Thread] DEBUG GameApplicationServi - Removing overlay from WorldHellMenu and adding to GameScene
17:19:23.520 [JavaFX Application Thread] DEBUG PrimaryStageWindow   - GameScene <- WorldHellMenu
17:19:24.690 [JavaFX Application Thread] DEBUG PrimaryStageWindow   - Push state: WorldHellMenu
17:19:24.690 [JavaFX Application Thread] DEBUG Input                - Clearing active input actions
17:19:24.691 [JavaFX Application Thread] DEBUG GameApplicationServi - Removing overlay from GameScene and adding to WorldHellMenu
17:19:24.691 [JavaFX Application Thread] DEBUG PrimaryStageWindow   - GameScene -> WorldHellMenu
17:19:24.928 [JavaFX Application Thread] DEBUG PrimaryStageWindow   - Pop state: WorldHellMenu
17:19:24.928 [JavaFX Application Thread] DEBUG Input                - Clearing active input actions
17:19:24.929 [JavaFX Application Thread] DEBUG GameApplicationServi - Removing overlay from WorldHellMenu and adding to GameScene
17:19:24.929 [JavaFX Application Thread] DEBUG PrimaryStageWindow   - GameScene <- WorldHellMenu
17:19:25.956 [JavaFX Application Thread] DEBUG FXGLAssetLoaderServi - Loading from file system: file:/C:/Users/majah/OneDrive/Desktop/world-hell/BasicGameApp/target/classes/assets/sounds/eagle_death.wav
17:19:26.050 [JavaFX Application Thread] DEBUG FXGLAssetLoaderServi - Loading from file system: file:/C:/Users/majah/OneDrive/Desktop/world-hell/BasicGameApp/target/classes/assets/textures/pisos.png
17:19:27.075 [JavaFX Application Thread] DEBUG FXGLAssetLoaderServi - Loading from file system: file:/C:/Users/majah/OneDrive/Desktop/world-hell/BasicGameApp/target/classes/assets/sounds/slayy.wav
17:19:27.764 [JavaFX Application Thread] DEBUG PrimaryStageWindow   - Push state: WorldHellMenu
17:19:27.764 [JavaFX Application Thread] DEBUG Input                - Clearing active input actions
17:19:27.764 [JavaFX Application Thread] DEBUG GameApplicationServi - Removing overlay from GameScene and adding to WorldHellMenu
17:19:27.765 [JavaFX Application Thread] DEBUG PrimaryStageWindow   - GameScene -> WorldHellMenu
17:19:28.786 [JavaFX Application Thread] DEBUG PrimaryStageWindow   - Pop state: WorldHellMenu
17:19:28.786 [JavaFX Application Thread] DEBUG Input                - Clearing active input actions
17:19:28.787 [JavaFX Application Thread] DEBUG GameApplicationServi - Removing overlay from WorldHellMenu and adding to GameScene
17:19:28.787 [JavaFX Application Thread] DEBUG PrimaryStageWindow   - GameScene <- WorldHellMenu
17:19:29.371 [JavaFX Application Thread] DEBUG PrimaryStageWindow   - Push state: WorldHellMenu
17:19:29.372 [JavaFX Application Thread] DEBUG Input                - Clearing active input actions
17:19:29.372 [JavaFX Application Thread] DEBUG GameApplicationServi - Removing overlay from GameScene and adding to WorldHellMenu
17:19:29.372 [JavaFX Application Thread] DEBUG PrimaryStageWindow   - GameScene -> WorldHellMenu
17:19:31.529 [JavaFX Application Thread] DEBUG Menu                 - fireNewGame()
17:19:31.529 [JavaFX Application Thread] DEBUG GameApplicationServi - Starting new game
17:19:31.530 [JavaFX Application Thread] DEBUG PrimaryStageWindow   - Pop state: WorldHellMenu
17:19:31.530 [JavaFX Application Thread] DEBUG Input                - Clearing active input actions
17:19:31.531 [JavaFX Application Thread] DEBUG GameApplicationServi - Removing overlay from WorldHellMenu and adding to GameScene
17:19:31.532 [JavaFX Application Thread] DEBUG PrimaryStageWindow   - GameScene <- WorldHellMenu
17:19:31.532 [JavaFX Application Thread] DEBUG Input                - Clearing active input actions
17:19:31.563 [JavaFX Application Thread] DEBUG GameApplicationServi - Removing overlay from GameScene and adding to FXGLLoadingScene
17:19:31.563 [JavaFX Application Thread] DEBUG PrimaryStageWindow   - GameScene -> FXGLLoadingScene
17:19:31.563 [JavaFX Application Thread] DEBUG GameApplicationServi - Clearing previous game
17:19:31.563 [JavaFX Application Thread] DEBUG GameScene            - Clearing game scene
17:19:31.563 [JavaFX Application Thread] DEBUG GameWorld            - Clearing game world
17:19:31.573 [JavaFX Application Thread] DEBUG PhysicsWorld         - Clearing physics world
17:19:31.574 [FXGL Background Thread 2 ] DEBUG FXGLApplication      - Initializing game
17:19:31.577 [FXGL Background Thread 2 ] INFO  FXGLApplication      - Game initialization took: 0.003 sec
17:19:31.580 [JavaFX Application Thread] DEBUG Input                - Clearing active input actions
17:19:31.591 [JavaFX Application Thread] DEBUG GameApplicationServi - Removing overlay from FXGLLoadingScene and adding to GameScene
17:19:31.592 [JavaFX Application Thread] DEBUG PrimaryStageWindow   - FXGLLoadingScene -> GameScene
17:19:32.473 [JavaFX Application Thread] DEBUG PrimaryStageWindow   - Push state: WorldHellMenu
17:19:32.474 [JavaFX Application Thread] DEBUG Input                - Clearing active input actions
17:19:32.474 [JavaFX Application Thread] DEBUG GameApplicationServi - Removing overlay from GameScene and adding to WorldHellMenu
17:19:32.475 [JavaFX Application Thread] DEBUG PrimaryStageWindow   - GameScene -> WorldHellMenu
17:19:33.368 [JavaFX Application Thread] DEBUG FXGLApplication      - Exiting FXGL
17:19:33.369 [JavaFX Application Thread] DEBUG LoopRunner           - Stopping loop
17:19:33.369 [JavaFX Application Thread] DEBUG SystemBundleService  - Saving FXGL system data
17:19:33.373 [JavaFX Application Thread] DEBUG FileSystemAccess     - Writing to: C:\Users\majah\OneDrive\Desktop\world-hell\BasicGameApp\system\fxgl.bundle
17:19:33.377 [JavaFX Application Thread] DEBUG Async                - Shutting down background threads
17:19:33.378 [JavaFX Application Thread] DEBUG PrimaryStageWindow   - Closing main window
17:19:33.424 [JavaFX Application Thread] DEBUG Logger               - Closing Logger
