12:09:21.599 [main                     ] DEBUG Logger               - Configured Logger
12:09:21.622 [main                     ] DEBUG GameApplication      - Logging settings
Title: WorldHELL 0 
Version: 0.1
Width: 800
Height: 800
Fullscreen: false
Intro: false
Profiling: false
Single step:false
App Mode: DEVELOPER
Menu Key: ESCAPE
Stage Style: DECORATED
Scene Factory: class com.example.basicgameapp.BasicGameApp$1

12:09:21.920 [JavaFX Application Thread] DEBUG FXGLApplication      - Initializing FXGL
12:09:21.923 [JavaFX Application Thread] INFO  Engine               - FXGL-17.2 (20.08.2022 16.50) on WINDOWS (J:21.0.1 FX:20.0.1)
12:09:21.923 [JavaFX Application Thread] DEBUG Engine               - JRE Vendor Name: Oracle Corporation
12:09:21.923 [JavaFX Application Thread] DEBUG Engine               - Running on OS: Windows 11 version 10.0
12:09:21.923 [JavaFX Application Thread] DEBUG Engine               - Architecture: amd64
12:09:21.923 [JavaFX Application Thread] INFO  Engine               - Source code and latest versions at: https://github.com/AlmasB/FXGL
12:09:21.924 [JavaFX Application Thread] INFO  Engine               -       Ask questions and discuss at: https://github.com/AlmasB/FXGL/discussions
12:09:21.924 [JavaFX Application Thread] INFO  Engine               -              Join the FXGL chat at: https://gitter.im/AlmasB/FXGL
12:09:22.013 [JavaFX Application Thread] DEBUG PrimaryStageWindow   - Creating a JavaFX scene
12:09:22.068 [JavaFX Application Thread] DEBUG PrimaryStageWindow   - Target settings size: 800.0 x 800.0
12:09:22.068 [JavaFX Application Thread] DEBUG PrimaryStageWindow   - Scaled scene size:    800.0 x 800.0
12:09:22.068 [JavaFX Application Thread] DEBUG PrimaryStageWindow   - Scaled ratio: (1.0, 1.0)
12:09:22.069 [JavaFX Application Thread] DEBUG PrimaryStageWindow   - Set initial scene to FXGLStartupScene
12:09:22.071 [JavaFX Application Thread] DEBUG PrimaryStageWindow   - Opening main window
12:09:22.152 [JavaFX Application Thread] DEBUG PrimaryStageWindow   - Window border size: (14.4000244140625, 37.5999755859375)
12:09:22.153 [JavaFX Application Thread] DEBUG PrimaryStageWindow   - Scaled size: 800.0 x 800.0
12:09:22.153 [JavaFX Application Thread] DEBUG PrimaryStageWindow   - Scaled ratio: (1.0, 1.0)
12:09:22.153 [JavaFX Application Thread] DEBUG PrimaryStageWindow   - Scene size: 800.0 x 800.0
12:09:22.153 [JavaFX Application Thread] DEBUG PrimaryStageWindow   - Stage size: 814.4000244140625 x 837.5999755859375
12:09:22.165 [FXGL Background Thread 1 ] DEBUG Engine               - Initializing environment variables
12:09:22.218 [FXGL Background Thread 1 ] DEBUG FXGLAssetLoaderServi - User app class for loading assets: class com.example.basicgameapp.BasicGameApp
12:09:22.218 [FXGL Background Thread 1 ] DEBUG GameApplicationServi - Applying CSS: fxgl_dark.css
12:09:22.218 [FXGL Background Thread 1 ] DEBUG FXGLAssetLoaderServi - Loading from file system: jar:file:///C:/Users/majah/.m2/repository/com/github/almasb/fxgl/17.2/fxgl-17.2.jar!/fxglassets/ui/css/fxgl_dark.css
12:09:22.254 [FXGL Background Thread 1 ] DEBUG GameApplicationServi - Initializing application scenes
12:09:22.292 [FXGL Background Thread 1 ] DEBUG GameWorld            - Game world initialized
12:09:22.355 [FXGL Background Thread 1 ] DEBUG PhysicsWorld         - Physics world initialized: appHeight=800, physics.ppm=50.0
12:09:22.355 [FXGL Background Thread 1 ] DEBUG PhysicsWorld         - Using strategy: BRUTE_FORCE
12:09:22.359 [FXGL Background Thread 1 ] DEBUG GameScene            - Game scene initialized: 800x800
12:09:22.366 [FXGL Background Thread 1 ] DEBUG FXGLAssetLoaderServi - Loading from file system: file:/C:/Users/majah/OneDrive/Desktop/wH/world-hell/BasicGameApp/target/classes/assets/textures/BG.png
12:09:22.437 [FXGL Background Thread 1 ] DEBUG GameApplicationServi - Application scenes initialized
12:09:22.456 [FXGL Background Thread 1 ] DEBUG SystemBundleService  - Loading FXGL system data
12:09:22.462 [FXGL Background Thread 1 ] DEBUG FileSystemAccess     - Reading from: C:\Users\majah\OneDrive\Desktop\wH\world-hell\BasicGameApp\system\fxgl.bundle
12:09:22.476 [FXGL Background Thread 1 ] DEBUG SystemBundleService  - Bundle FXGL: {}
12:09:22.476 [FXGL Background Thread 1 ] DEBUG UpdaterService       - Checking for updates
12:09:22.481 [FXGL Background Thread 4 ] DEBUG FXGLApplication      - Loading fonts
12:09:22.482 [FXGL Background Thread 1 ] DEBUG FXGLApplication      - Loading default localization
12:09:22.482 [FXGL Background Thread 4 ] DEBUG FXGLAssetLoaderServi - Loading from file system: jar:file:///C:/Users/majah/.m2/repository/com/github/almasb/fxgl/17.2/fxgl-17.2.jar!/fxglassets/ui/fonts/VarelaRound-Regular.ttf
12:09:22.482 [FXGL Background Thread 1 ] DEBUG FXGLAssetLoaderServi - Loading from file system: jar:file:///C:/Users/majah/.m2/repository/com/github/almasb/fxgl/17.2/fxgl-17.2.jar!/fxglassets/languages/english.lang
12:09:22.497 [FXGL Background Thread 1 ] INFO  FXGLApplication      - FXGL initialization took: 0.331 sec
12:09:22.506 [JavaFX Application Thread] DEBUG Input                - Registered new binding: action0 - D
12:09:22.506 [JavaFX Application Thread] DEBUG Input                - Registered new binding: action1 - A
12:09:22.507 [JavaFX Application Thread] DEBUG Input                - Registered new binding: action2 - W
12:09:22.507 [JavaFX Application Thread] DEBUG Input                - Registered new binding: action3 - S
12:09:22.507 [JavaFX Application Thread] DEBUG FXGLAssetLoaderServi - Loading from file system: file:/C:/Users/majah/OneDrive/Desktop/wH/world-hell/BasicGameApp/target/classes/assets/music/Rip%20&%20Tear%20Doom%20OST.mp3
12:09:22.522 [FXGL Background Thread 4 ] DEBUG FXGLAssetLoaderServi - Loading from file system: jar:file:///C:/Users/majah/.m2/repository/com/github/almasb/fxgl/17.2/fxgl-17.2.jar!/fxglassets/ui/fonts/Abel-Regular.ttf
12:09:22.531 [FXGL Background Thread 4 ] DEBUG FXGLAssetLoaderServi - Loading from file system: jar:file:///C:/Users/majah/.m2/repository/com/github/almasb/fxgl/17.2/fxgl-17.2.jar!/fxglassets/ui/fonts/TerminalLandMono-Regular.otf
12:09:22.541 [FXGL Background Thread 4 ] DEBUG FXGLAssetLoaderServi - Loading from file system: jar:file:///C:/Users/majah/.m2/repository/com/github/almasb/fxgl/17.2/fxgl-17.2.jar!/fxglassets/ui/fonts/Courier-Prime.ttf
12:09:22.664 [JavaFX Application Thread] DEBUG AudioPlayer          - Playing music com.almasb.fxgl.audio.Music@536e5170
12:09:22.665 [JavaFX Application Thread] DEBUG FXGLAssetLoaderServi - Loading from file system: jar:file:///C:/Users/majah/.m2/repository/com/github/almasb/fxgl/17.2/fxgl-17.2.jar!/fxglassets/textures/fxgl_icon.png
12:09:22.686 [JavaFX Application Thread] DEBUG FXGLAssetLoaderServi - Loading from file system: jar:file:///C:/Users/majah/.m2/repository/com/github/almasb/fxgl/17.2/fxgl-17.2.jar!/fxglassets/textures/fxgl_default_cursor.png
12:09:22.689 [JavaFX Application Thread] DEBUG Input                - Registered new binding: Screenshot - CTRL+8
12:09:22.690 [JavaFX Application Thread] DEBUG Input                - Registered new binding: System info dump - CTRL+9
12:09:22.690 [JavaFX Application Thread] DEBUG Input                - Registered new binding: Restart - CTRL+R
12:09:22.691 [JavaFX Application Thread] DEBUG Input                - Registered new binding: Toggle Debug Camera - CTRL+7
12:09:22.692 [JavaFX Application Thread] DEBUG LoopRunner           - Starting loop
12:09:22.692 [JavaFX Application Thread] DEBUG LoopRunner           - Initializing JavaFX AnimationTimerLoop
12:09:22.695 [JavaFX Application Thread] DEBUG Input                - Clearing active input actions
12:09:22.710 [JavaFX Application Thread] DEBUG GameApplicationServi - Removing overlay from FXGLStartupScene and adding to FXGLMainMenuDummyScene
12:09:22.710 [JavaFX Application Thread] DEBUG PrimaryStageWindow   - FXGLStartupScene -> FXGLMainMenuDummyScene
12:09:22.710 [JavaFX Application Thread] DEBUG PrimaryStageWindow   - Push state: WorldHellMenu
12:09:22.710 [JavaFX Application Thread] DEBUG Input                - Clearing active input actions
12:09:22.715 [JavaFX Application Thread] DEBUG GameApplicationServi - Removing overlay from FXGLMainMenuDummyScene and adding to WorldHellMenu
12:09:22.716 [JavaFX Application Thread] DEBUG PrimaryStageWindow   - FXGLMainMenuDummyScene -> WorldHellMenu
12:09:22.716 [JavaFX Application Thread] DEBUG FXGLApplication      - Registering font factories with UI factory
12:09:23.464 [FXGL Background Thread 2 ] INFO  UpdaterService       - Your current version:  17.2
12:09:23.464 [FXGL Background Thread 2 ] INFO  UpdaterService       - Latest stable version: 17.3
12:09:25.480 [FXGL Background Thread 3 ] DEBUG Engine               - Logging environment variables
12:09:25.480 [FXGL Background Thread 3 ] DEBUG Engine               - achievements: []
12:09:25.480 [FXGL Background Thread 3 ] DEBUG Engine               - actualHeight: 800.0
12:09:25.480 [FXGL Background Thread 3 ] DEBUG Engine               - actualHeightProperty: ReadOnlyDoubleProperty [value: 800.0]
12:09:25.481 [FXGL Background Thread 3 ] DEBUG Engine               - actualWidth: 800.0
12:09:25.481 [FXGL Background Thread 3 ] DEBUG Engine               - actualWidthProperty: ReadOnlyDoubleProperty [value: 800.0]
12:09:25.481 [FXGL Background Thread 3 ] DEBUG Engine               - appIcon: fxgl_icon.png
12:09:25.481 [FXGL Background Thread 3 ] DEBUG Engine               - applicationMode: DEVELOPER
12:09:25.481 [FXGL Background Thread 3 ] DEBUG Engine               - cSSList: [fxgl_dark.css]
12:09:25.481 [FXGL Background Thread 3 ] DEBUG Engine               - collisionDetectionStrategy: BRUTE_FORCE
12:09:25.481 [FXGL Background Thread 3 ] DEBUG Engine               - configClass: Optional.empty
12:09:25.481 [FXGL Background Thread 3 ] DEBUG Engine               - credits: []
12:09:25.482 [FXGL Background Thread 3 ] DEBUG Engine               - defaultCursor: CursorInfo(imageName=fxgl_default_cursor.png, hotspotX=7.0, hotspotY=6.0)
12:09:25.483 [FXGL Background Thread 3 ] DEBUG Engine               - devBBoxColorProperty: ObjectProperty [value: 0xff0000ff]
12:09:25.483 [FXGL Background Thread 3 ] DEBUG Engine               - devEnableDebugCameraProperty: BooleanProperty [value: false]
12:09:25.483 [FXGL Background Thread 3 ] DEBUG Engine               - devSensorColorProperty: ObjectProperty [value: 0xffff00ff]
12:09:25.483 [FXGL Background Thread 3 ] DEBUG Engine               - devShowBBoxProperty: BooleanProperty [value: false]
12:09:25.483 [FXGL Background Thread 3 ] DEBUG Engine               - devShowPositionProperty: BooleanProperty [value: false]
12:09:25.483 [FXGL Background Thread 3 ] DEBUG Engine               - enabledMenuItems: []
12:09:25.483 [FXGL Background Thread 3 ] DEBUG Engine               - engineServices: [class com.almasb.fxgl.app.services.FXGLAssetLoaderService, class com.almasb.fxgl.app.FXGLApplication$GameApplicationService, class com.almasb.fxgl.app.services.FXGLDialogService, class com.almasb.fxgl.app.services.IOTaskExecutorService, class com.almasb.fxgl.io.FileSystemService, class com.almasb.fxgl.localization.LocalizationService, class com.almasb.fxgl.app.services.SystemBundleService, class com.almasb.fxgl.profile.SaveLoadService, class com.almasb.fxgl.ui.FXGLUIFactoryServiceProvider, class com.almasb.fxgl.ui.FXGLDialogFactoryServiceProvider, class com.almasb.fxgl.audio.AudioPlayer, class com.almasb.fxgl.notification.impl.NotificationServiceProvider, class com.almasb.fxgl.achievement.AchievementService, class com.almasb.fxgl.cutscene.CutsceneService, class com.almasb.fxgl.minigames.MiniGameService, class com.almasb.fxgl.net.NetService, class com.almasb.fxgl.app.services.UpdaterService, class com.almasb.fxgl.dev.DevService]
12:09:25.483 [FXGL Background Thread 3 ] DEBUG Engine               - fontGame: Abel-Regular.ttf
12:09:25.483 [FXGL Background Thread 3 ] DEBUG Engine               - fontMono: TerminalLandMono-Regular.otf
12:09:25.483 [FXGL Background Thread 3 ] DEBUG Engine               - fontText: Courier-Prime.ttf
12:09:25.483 [FXGL Background Thread 3 ] DEBUG Engine               - fontUI: VarelaRound-Regular.ttf
12:09:25.483 [FXGL Background Thread 3 ] DEBUG Engine               - fullScreen: BooleanProperty [value: false]
12:09:25.483 [FXGL Background Thread 3 ] DEBUG Engine               - gameDifficulty: MEDIUM
12:09:25.484 [FXGL Background Thread 3 ] DEBUG Engine               - gameDifficultyProperty: ObjectProperty [value: MEDIUM]
12:09:25.484 [FXGL Background Thread 3 ] DEBUG Engine               - globalMusicVolume: 0.5
12:09:25.484 [FXGL Background Thread 3 ] DEBUG Engine               - globalMusicVolumeProperty: DoubleProperty [value: 0.2]
12:09:25.484 [FXGL Background Thread 3 ] DEBUG Engine               - globalSoundVolume: 0.5
12:09:25.484 [FXGL Background Thread 3 ] DEBUG Engine               - globalSoundVolumeProperty: DoubleProperty [value: 0.5]
12:09:25.484 [FXGL Background Thread 3 ] DEBUG Engine               - height: 800
12:09:25.484 [FXGL Background Thread 3 ] DEBUG Engine               - is3D: false
12:09:25.484 [FXGL Background Thread 3 ] DEBUG Engine               - isAndroid: false
12:09:25.484 [FXGL Background Thread 3 ] DEBUG Engine               - isBrowser: false
12:09:25.484 [FXGL Background Thread 3 ] DEBUG Engine               - isClickFeedbackEnabled: false
12:09:25.484 [FXGL Background Thread 3 ] DEBUG Engine               - isCloseConfirmation: false
12:09:25.484 [FXGL Background Thread 3 ] DEBUG Engine               - isDesktop: true
12:09:25.484 [FXGL Background Thread 3 ] DEBUG Engine               - isDeveloperMenuEnabled: false
12:09:25.484 [FXGL Background Thread 3 ] DEBUG Engine               - isEmbedded: false
12:09:25.484 [FXGL Background Thread 3 ] DEBUG Engine               - isEntityPreloadEnabled: true
12:09:25.484 [FXGL Background Thread 3 ] DEBUG Engine               - isExperimentalTiledLargeMap: false
12:09:25.485 [FXGL Background Thread 3 ] DEBUG Engine               - isFileSystemWriteAllowed: true
12:09:25.485 [FXGL Background Thread 3 ] DEBUG Engine               - isFullScreenAllowed: false
12:09:25.485 [FXGL Background Thread 3 ] DEBUG Engine               - isFullScreenFromStart: false
12:09:25.485 [FXGL Background Thread 3 ] DEBUG Engine               - isGameMenuEnabled: true
12:09:25.485 [FXGL Background Thread 3 ] DEBUG Engine               - isIOS: false
12:09:25.485 [FXGL Background Thread 3 ] DEBUG Engine               - isIntroEnabled: false
12:09:25.485 [FXGL Background Thread 3 ] DEBUG Engine               - isLinux: false
12:09:25.485 [FXGL Background Thread 3 ] DEBUG Engine               - isMac: false
12:09:25.485 [FXGL Background Thread 3 ] DEBUG Engine               - isMainMenuEnabled: true
12:09:25.485 [FXGL Background Thread 3 ] DEBUG Engine               - isManualResizeEnabled: false
12:09:25.485 [FXGL Background Thread 3 ] DEBUG Engine               - isMobile: false
12:09:25.485 [FXGL Background Thread 3 ] DEBUG Engine               - isNative: false
12:09:25.485 [FXGL Background Thread 3 ] DEBUG Engine               - isPauseMusicWhenMinimized: true
12:09:25.485 [FXGL Background Thread 3 ] DEBUG Engine               - isPreserveResizeRatio: false
12:09:25.485 [FXGL Background Thread 3 ] DEBUG Engine               - isProfilingEnabled: false
12:09:25.485 [FXGL Background Thread 3 ] DEBUG Engine               - isScaleAffectedOnResize: true
12:09:25.485 [FXGL Background Thread 3 ] DEBUG Engine               - isSingleStep: false
12:09:25.485 [FXGL Background Thread 3 ] DEBUG Engine               - isUserProfileEnabled: false
12:09:25.485 [FXGL Background Thread 3 ] DEBUG Engine               - isWindows: true
12:09:25.486 [FXGL Background Thread 3 ] DEBUG Engine               - language: ObjectProperty [value: ENGLISH]
12:09:25.486 [FXGL Background Thread 3 ] DEBUG Engine               - menuKey: ESCAPE
12:09:25.486 [FXGL Background Thread 3 ] DEBUG Engine               - mouseSensitivity: 0.2
12:09:25.486 [FXGL Background Thread 3 ] DEBUG Engine               - notificationViewClass: class com.almasb.fxgl.notification.view.XboxNotificationView
12:09:25.486 [FXGL Background Thread 3 ] DEBUG Engine               - pixelsPerMeter: 50.0
12:09:25.486 [FXGL Background Thread 3 ] DEBUG Engine               - platform: WINDOWS
12:09:25.486 [FXGL Background Thread 3 ] DEBUG Engine               - prefHeightProperty: ReadOnlyDoubleProperty [value: 800.0]
12:09:25.486 [FXGL Background Thread 3 ] DEBUG Engine               - prefWidthProperty: ReadOnlyDoubleProperty [value: 800.0]
12:09:25.486 [FXGL Background Thread 3 ] DEBUG Engine               - profileDir: profiles/
12:09:25.486 [FXGL Background Thread 3 ] DEBUG Engine               - profileName: StringProperty [value: DEFAULT]
12:09:25.486 [FXGL Background Thread 3 ] DEBUG Engine               - randomSeed: -1
12:09:25.486 [FXGL Background Thread 3 ] DEBUG Engine               - runtimeInfo: RuntimeInfo(platform=WINDOWS, version=17.2, build=20.08.2022 16.50)
12:09:25.487 [FXGL Background Thread 3 ] DEBUG Engine               - saveFileExt: sav
12:09:25.487 [FXGL Background Thread 3 ] DEBUG Engine               - scaledHeightProp$fxgl: DoubleProperty [bound, value: 800.0]
12:09:25.487 [FXGL Background Thread 3 ] DEBUG Engine               - scaledWidthProp$fxgl: DoubleProperty [bound, value: 800.0]
12:09:25.487 [FXGL Background Thread 3 ] DEBUG Engine               - sceneFactory: com.example.basicgameapp.BasicGameApp$1@71a8a4ea
12:09:25.487 [FXGL Background Thread 3 ] DEBUG Engine               - secondsIn24h: 60
12:09:25.487 [FXGL Background Thread 3 ] DEBUG Engine               - soundMenuBack: menu/back.wav
12:09:25.487 [FXGL Background Thread 3 ] DEBUG Engine               - soundMenuPress: menu/press.wav
12:09:25.487 [FXGL Background Thread 3 ] DEBUG Engine               - soundMenuSelect: menu/select.wav
12:09:25.487 [FXGL Background Thread 3 ] DEBUG Engine               - soundNotification: core/notification.wav
12:09:25.487 [FXGL Background Thread 3 ] DEBUG Engine               - stageStyle: DECORATED
12:09:25.487 [FXGL Background Thread 3 ] DEBUG Engine               - supportedLanguages: [ENGLISH, FRENCH, GERMAN, HUNGARIAN, RUSSIAN]
12:09:25.487 [FXGL Background Thread 3 ] DEBUG Engine               - ticksPerSecond: -1
12:09:25.487 [FXGL Background Thread 3 ] DEBUG Engine               - title: WorldHELL 0 
12:09:25.487 [FXGL Background Thread 3 ] DEBUG Engine               - urlGithub: https://github.com/AlmasB/FXGL
12:09:25.487 [FXGL Background Thread 3 ] DEBUG Engine               - urlLeaderboard: http://fxgl-top.herokuapp.com/
12:09:25.487 [FXGL Background Thread 3 ] DEBUG Engine               - urlPOM: https://raw.githubusercontent.com/AlmasB/FXGL/release/README.md
12:09:25.487 [FXGL Background Thread 3 ] DEBUG Engine               - userAppClass: class com.example.basicgameapp.BasicGameApp
12:09:25.487 [FXGL Background Thread 3 ] DEBUG Engine               - version: 0.1
12:09:25.487 [FXGL Background Thread 3 ] DEBUG Engine               - versionCheckDays: 7
12:09:25.487 [FXGL Background Thread 3 ] DEBUG Engine               - width: 800
12:09:25.487 [FXGL Background Thread 3 ] DEBUG Engine               - Logging services
12:09:25.487 [FXGL Background Thread 3 ] DEBUG Engine               - class com.almasb.fxgl.app.services.FXGLAssetLoaderService
12:09:25.487 [FXGL Background Thread 3 ] DEBUG Engine               - class com.almasb.fxgl.app.FXGLApplication$GameApplicationService
12:09:25.487 [FXGL Background Thread 3 ] DEBUG Engine               - class com.almasb.fxgl.app.services.FXGLDialogService
12:09:25.487 [FXGL Background Thread 3 ] DEBUG Engine               - class com.almasb.fxgl.app.services.IOTaskExecutorService
12:09:25.487 [FXGL Background Thread 3 ] DEBUG Engine               - class com.almasb.fxgl.io.FileSystemService
12:09:25.487 [FXGL Background Thread 3 ] DEBUG Engine               - class com.almasb.fxgl.localization.LocalizationService
12:09:25.487 [FXGL Background Thread 3 ] DEBUG Engine               - class com.almasb.fxgl.app.services.SystemBundleService
12:09:25.487 [FXGL Background Thread 3 ] DEBUG Engine               - class com.almasb.fxgl.profile.SaveLoadService
12:09:25.487 [FXGL Background Thread 3 ] DEBUG Engine               - class com.almasb.fxgl.ui.FXGLUIFactoryServiceProvider
12:09:25.487 [FXGL Background Thread 3 ] DEBUG Engine               - class com.almasb.fxgl.ui.FXGLDialogFactoryServiceProvider
12:09:25.487 [FXGL Background Thread 3 ] DEBUG Engine               - class com.almasb.fxgl.audio.AudioPlayer
12:09:25.487 [FXGL Background Thread 3 ] DEBUG Engine               - class com.almasb.fxgl.notification.impl.NotificationServiceProvider
12:09:25.487 [FXGL Background Thread 3 ] DEBUG Engine               - class com.almasb.fxgl.achievement.AchievementService
12:09:25.488 [FXGL Background Thread 3 ] DEBUG Engine               - class com.almasb.fxgl.cutscene.CutsceneService
12:09:25.488 [FXGL Background Thread 3 ] DEBUG Engine               - class com.almasb.fxgl.minigames.MiniGameService
12:09:25.488 [FXGL Background Thread 3 ] DEBUG Engine               - class com.almasb.fxgl.net.NetService
12:09:25.488 [FXGL Background Thread 3 ] DEBUG Engine               - class com.almasb.fxgl.app.services.UpdaterService
12:09:25.488 [FXGL Background Thread 3 ] DEBUG Engine               - class com.almasb.fxgl.dev.DevService
12:09:25.610 [JavaFX Application Thread] DEBUG Menu                 - fireNewGame()
12:09:25.610 [JavaFX Application Thread] DEBUG GameApplicationServi - Starting new game
12:09:25.610 [JavaFX Application Thread] DEBUG PrimaryStageWindow   - Pop state: WorldHellMenu
12:09:25.611 [JavaFX Application Thread] DEBUG Input                - Clearing active input actions
12:09:25.611 [JavaFX Application Thread] DEBUG GameApplicationServi - Removing overlay from WorldHellMenu and adding to FXGLMainMenuDummyScene
12:09:25.611 [JavaFX Application Thread] DEBUG PrimaryStageWindow   - FXGLMainMenuDummyScene <- WorldHellMenu
12:09:25.612 [JavaFX Application Thread] DEBUG Input                - Clearing active input actions
12:09:25.617 [JavaFX Application Thread] DEBUG GameApplicationServi - Removing overlay from FXGLMainMenuDummyScene and adding to FXGLLoadingScene
12:09:25.617 [JavaFX Application Thread] DEBUG PrimaryStageWindow   - FXGLMainMenuDummyScene -> FXGLLoadingScene
12:09:25.617 [JavaFX Application Thread] DEBUG GameApplicationServi - Clearing previous game
12:09:25.617 [JavaFX Application Thread] DEBUG GameScene            - Clearing game scene
12:09:25.617 [JavaFX Application Thread] DEBUG GameWorld            - Clearing game world
12:09:25.617 [JavaFX Application Thread] DEBUG PhysicsWorld         - Clearing physics world
12:09:25.619 [FXGL Background Thread 2 ] DEBUG FXGLApplication      - Initializing game
12:09:25.620 [FXGL Background Thread 2 ] DEBUG AudioPlayer          - Playing music com.almasb.fxgl.audio.Music@536e5170
12:09:25.621 [FXGL Background Thread 2 ] DEBUG FXGLAssetLoaderServi - Loading from file system: file:/C:/Users/majah/OneDrive/Desktop/wH/world-hell/BasicGameApp/target/classes/assets/textures/bloody_paper2.jpg
12:09:25.650 [FXGL Background Thread 2 ] DEBUG FXGLAssetLoaderServi - Loading from file system: file:/C:/Users/majah/OneDrive/Desktop/wH/world-hell/BasicGameApp/target/classes/assets/textures/girl_colored.png
12:09:25.690 [FXGL Background Thread 2 ] INFO  FXGLApplication      - Game initialization took: 0.071 sec
12:09:25.721 [JavaFX Application Thread] DEBUG Input                - Clearing active input actions
12:09:25.727 [JavaFX Application Thread] DEBUG GameApplicationServi - Removing overlay from FXGLLoadingScene and adding to GameScene
12:09:25.728 [JavaFX Application Thread] DEBUG PrimaryStageWindow   - FXGLLoadingScene -> GameScene
12:09:26.392 [JavaFX Application Thread] DEBUG FXGLAssetLoaderServi - Loading from file system: file:/C:/Users/majah/OneDrive/Desktop/wH/world-hell/BasicGameApp/target/classes/assets/textures/zombie_colored.png
12:09:26.398 [JavaFX Application Thread] DEBUG FXGLAssetLoaderServi - Loading from file system: file:/C:/Users/majah/OneDrive/Desktop/wH/world-hell/BasicGameApp/target/classes/assets/textures/eagle_colored.png
12:09:26.401 [JavaFX Application Thread] DEBUG FXGLAssetLoaderServi - Loading from file system: file:/C:/Users/majah/OneDrive/Desktop/wH/world-hell/BasicGameApp/target/classes/assets/textures/bird_colored.png
12:09:26.855 [JavaFX Application Thread] DEBUG FXGLAssetLoaderServi - Loading from file system: file:/C:/Users/majah/OneDrive/Desktop/wH/world-hell/BasicGameApp/target/classes/assets/textures/rightslash.png
12:09:26.857 [JavaFX Application Thread] DEBUG FXGLAssetLoaderServi - Loading from file system: file:/C:/Users/majah/OneDrive/Desktop/wH/world-hell/BasicGameApp/target/classes/assets/sounds/swipe.wav
12:09:29.513 [JavaFX Application Thread] DEBUG FXGLAssetLoaderServi - Loading from file system: file:/C:/Users/majah/OneDrive/Desktop/wH/world-hell/BasicGameApp/target/classes/assets/sounds/player_pain.wav
12:09:30.681 [JavaFX Application Thread] DEBUG FXGLAssetLoaderServi - Loading from file system: file:/C:/Users/majah/OneDrive/Desktop/wH/world-hell/BasicGameApp/target/classes/assets/sounds/eagle_death.wav
12:09:30.687 [JavaFX Application Thread] DEBUG FXGLAssetLoaderServi - Loading from file system: file:/C:/Users/majah/OneDrive/Desktop/wH/world-hell/BasicGameApp/target/classes/assets/textures/pisos.png
12:09:30.711 [JavaFX Application Thread] DEBUG FXGLAssetLoaderServi - Loading from file system: file:/C:/Users/majah/OneDrive/Desktop/wH/world-hell/BasicGameApp/target/classes/assets/sounds/coin_get.wav
12:09:33.719 [JavaFX Application Thread] DEBUG FXGLAssetLoaderServi - Loading from file system: file:/C:/Users/majah/OneDrive/Desktop/wH/world-hell/BasicGameApp/target/classes/assets/sounds/bird_death.wav
12:09:41.720 [JavaFX Application Thread] DEBUG FXGLAssetLoaderServi - Loading from file system: file:/C:/Users/majah/OneDrive/Desktop/wH/world-hell/BasicGameApp/target/classes/assets/sounds/zombie_pain.wav
12:09:42.616 [JavaFX Application Thread] DEBUG FXGLAssetLoaderServi - Loading from file system: file:/C:/Users/majah/OneDrive/Desktop/wH/world-hell/BasicGameApp/target/classes/assets/textures/skull.png
12:09:42.652 [JavaFX Application Thread] DEBUG PrimaryStageWindow   - Push state: DialogSubScene
12:09:42.652 [JavaFX Application Thread] DEBUG Input                - Clearing active input actions
12:09:42.654 [JavaFX Application Thread] DEBUG GameApplicationServi - Removing overlay from GameScene and adding to DialogSubScene
12:09:42.654 [JavaFX Application Thread] DEBUG PrimaryStageWindow   - GameScene -> DialogSubScene
12:09:42.655 [JavaFX Application Thread] DEBUG AudioPlayer          - Stopping music com.almasb.fxgl.audio.Music@536e5170
12:09:55.000 [JavaFX Application Thread] DEBUG PrimaryStageWindow   - Pop state: DialogSubScene
12:09:55.000 [JavaFX Application Thread] DEBUG Input                - Clearing active input actions
12:09:55.000 [JavaFX Application Thread] DEBUG GameApplicationServi - Removing overlay from DialogSubScene and adding to GameScene
12:09:55.001 [JavaFX Application Thread] DEBUG PrimaryStageWindow   - GameScene <- DialogSubScene
12:09:55.001 [JavaFX Application Thread] DEBUG Input                - Clearing active input actions
12:09:55.005 [JavaFX Application Thread] DEBUG GameApplicationServi - Removing overlay from GameScene and adding to FXGLMainMenuDummyScene
12:09:55.005 [JavaFX Application Thread] DEBUG PrimaryStageWindow   - GameScene -> FXGLMainMenuDummyScene
12:09:55.005 [JavaFX Application Thread] DEBUG PrimaryStageWindow   - Push state: WorldHellMenu
12:09:55.005 [JavaFX Application Thread] DEBUG Input                - Clearing active input actions
12:09:55.005 [JavaFX Application Thread] DEBUG GameApplicationServi - Removing overlay from FXGLMainMenuDummyScene and adding to WorldHellMenu
12:09:55.005 [JavaFX Application Thread] DEBUG PrimaryStageWindow   - FXGLMainMenuDummyScene -> WorldHellMenu
12:09:56.852 [JavaFX Application Thread] DEBUG Menu                 - fireExit()
12:09:56.855 [JavaFX Application Thread] DEBUG PrimaryStageWindow   - Push state: DialogSubScene
12:09:56.855 [JavaFX Application Thread] DEBUG Input                - Clearing active input actions
12:09:56.856 [JavaFX Application Thread] DEBUG GameApplicationServi - Removing overlay from WorldHellMenu and adding to DialogSubScene
12:09:56.857 [JavaFX Application Thread] DEBUG PrimaryStageWindow   - WorldHellMenu -> DialogSubScene
12:09:58.400 [JavaFX Application Thread] DEBUG PrimaryStageWindow   - Pop state: DialogSubScene
12:09:58.400 [JavaFX Application Thread] DEBUG Input                - Clearing active input actions
12:09:58.400 [JavaFX Application Thread] DEBUG GameApplicationServi - Removing overlay from DialogSubScene and adding to WorldHellMenu
12:09:58.401 [JavaFX Application Thread] DEBUG PrimaryStageWindow   - WorldHellMenu <- DialogSubScene
12:09:58.401 [JavaFX Application Thread] DEBUG FXGLApplication      - Exiting FXGL
12:09:58.401 [JavaFX Application Thread] DEBUG LoopRunner           - Stopping loop
12:09:58.401 [JavaFX Application Thread] DEBUG SystemBundleService  - Saving FXGL system data
12:09:58.406 [JavaFX Application Thread] DEBUG FileSystemAccess     - Writing to: C:\Users\majah\OneDrive\Desktop\wH\world-hell\BasicGameApp\system\fxgl.bundle
12:09:58.408 [JavaFX Application Thread] DEBUG Async                - Shutting down background threads
12:09:58.408 [JavaFX Application Thread] DEBUG PrimaryStageWindow   - Closing main window
12:09:58.436 [JavaFX Application Thread] DEBUG Logger               - Closing Logger
