04:56:31.228 [main                     ] DEBUG Logger               - Configured Logger
04:56:31.247 [main                     ] DEBUG GameApplication      - Logging settings
Title: WorldHELL 0 
Version: 0.1
Width: 800
Height: 800
Fullscreen: false
Intro: false
Profiling: false
Single step:false
App Mode: DEVELOPER
Menu Key: ESCAPE
Stage Style: DECORATED
Scene Factory: class com.almasb.fxgl.app.scene.SceneFactory

04:56:31.493 [JavaFX Application Thread] DEBUG FXGLApplication      - Initializing FXGL
04:56:31.497 [JavaFX Application Thread] INFO  Engine               - FXGL-17.2 (20.08.2022 16.50) on WINDOWS (J:20.0.2 FX:20.0.1)
04:56:31.498 [JavaFX Application Thread] DEBUG Engine               - JRE Vendor Name: Oracle Corporation
04:56:31.498 [JavaFX Application Thread] DEBUG Engine               - Running on OS: Windows 11 version 10.0
04:56:31.498 [JavaFX Application Thread] DEBUG Engine               - Architecture: amd64
04:56:31.498 [JavaFX Application Thread] INFO  Engine               - Source code and latest versions at: https://github.com/AlmasB/FXGL
04:56:31.498 [JavaFX Application Thread] INFO  Engine               -       Ask questions and discuss at: https://github.com/AlmasB/FXGL/discussions
04:56:31.498 [JavaFX Application Thread] INFO  Engine               -              Join the FXGL chat at: https://gitter.im/AlmasB/FXGL
04:56:31.567 [JavaFX Application Thread] DEBUG PrimaryStageWindow   - Creating a JavaFX scene
04:56:31.607 [JavaFX Application Thread] DEBUG PrimaryStageWindow   - Target settings size: 800.0 x 800.0
04:56:31.607 [JavaFX Application Thread] DEBUG PrimaryStageWindow   - Scaled scene size:    800.0 x 800.0
04:56:31.607 [JavaFX Application Thread] DEBUG PrimaryStageWindow   - Scaled ratio: (1.0, 1.0)
04:56:31.608 [JavaFX Application Thread] DEBUG PrimaryStageWindow   - Set initial scene to FXGLStartupScene
04:56:31.612 [JavaFX Application Thread] DEBUG PrimaryStageWindow   - Opening main window
04:56:31.680 [JavaFX Application Thread] DEBUG PrimaryStageWindow   - Window border size: (14.4000244140625, 37.5999755859375)
04:56:31.681 [JavaFX Application Thread] DEBUG PrimaryStageWindow   - Scaled size: 800.0 x 800.0
04:56:31.681 [JavaFX Application Thread] DEBUG PrimaryStageWindow   - Scaled ratio: (1.0, 1.0)
04:56:31.681 [JavaFX Application Thread] DEBUG PrimaryStageWindow   - Scene size: 800.0 x 800.0
04:56:31.682 [JavaFX Application Thread] DEBUG PrimaryStageWindow   - Stage size: 814.4000244140625 x 837.5999755859375
04:56:31.690 [FXGL Background Thread 1 ] DEBUG Engine               - Initializing environment variables
04:56:31.742 [FXGL Background Thread 1 ] DEBUG FXGLAssetLoaderServi - User app class for loading assets: class com.example.basicgameapp.BasicGameApp
04:56:31.742 [FXGL Background Thread 1 ] DEBUG GameApplicationServi - Applying CSS: fxgl_dark.css
04:56:31.743 [FXGL Background Thread 1 ] DEBUG FXGLAssetLoaderServi - Loading from file system: jar:file:///C:/Users/majah/.m2/repository/com/github/almasb/fxgl/17.2/fxgl-17.2.jar!/fxglassets/ui/css/fxgl_dark.css
04:56:31.782 [FXGL Background Thread 1 ] DEBUG GameApplicationServi - Initializing application scenes
04:56:31.815 [FXGL Background Thread 1 ] DEBUG GameWorld            - Game world initialized
04:56:31.871 [FXGL Background Thread 1 ] DEBUG PhysicsWorld         - Physics world initialized: appHeight=800, physics.ppm=50.0
04:56:31.871 [FXGL Background Thread 1 ] DEBUG PhysicsWorld         - Using strategy: BRUTE_FORCE
04:56:31.877 [FXGL Background Thread 1 ] DEBUG GameScene            - Game scene initialized: 800x800
04:56:31.887 [FXGL Background Thread 1 ] DEBUG FXGL.DefaultMenu     - createMenuBodyMainMenu()
04:56:31.898 [FXGL Background Thread 1 ] DEBUG FXGL.DefaultMenu     - createOptionsMenu()
04:56:31.908 [FXGL Background Thread 1 ] DEBUG FXGLAssetLoaderServi - Loading from file system: jar:file:///C:/Users/majah/.m2/repository/com/github/almasb/fxgl/17.2/fxgl-17.2.jar!/fxglassets/textures/particles/smoke.png
04:56:31.972 [FXGL Background Thread 1 ] DEBUG FXGLAssetLoaderServi - Loading from file system: jar:file:///C:/Users/majah/.m2/repository/com/github/almasb/fxgl/17.2/fxgl-17.2.jar!/fxglassets/textures/particles/trace_horizontal.png
04:56:31.995 [FXGL Background Thread 1 ] DEBUG FXGL.DefaultMenu     - createMenuBodyGameMenu()
04:56:31.996 [FXGL Background Thread 1 ] DEBUG FXGL.DefaultMenu     - createOptionsMenu()
04:56:32.009 [FXGL Background Thread 1 ] DEBUG GameApplicationServi - Application scenes initialized
04:56:32.020 [FXGL Background Thread 1 ] DEBUG SystemBundleService  - Loading FXGL system data
04:56:32.025 [FXGL Background Thread 1 ] DEBUG FileSystemAccess     - Reading from: C:\Users\majah\OneDrive\Desktop\world-hell\BasicGameApp\system\fxgl.bundle
04:56:32.033 [FXGL Background Thread 1 ] DEBUG SystemBundleService  - Bundle FXGL: {}
04:56:32.033 [FXGL Background Thread 1 ] DEBUG UpdaterService       - Checking for updates
04:56:32.038 [FXGL Background Thread 4 ] DEBUG FXGLApplication      - Loading fonts
04:56:32.038 [FXGL Background Thread 4 ] DEBUG FXGLAssetLoaderServi - Loading from file system: jar:file:///C:/Users/majah/.m2/repository/com/github/almasb/fxgl/17.2/fxgl-17.2.jar!/fxglassets/ui/fonts/VarelaRound-Regular.ttf
04:56:32.039 [FXGL Background Thread 1 ] DEBUG FXGLApplication      - Loading default localization
04:56:32.039 [FXGL Background Thread 1 ] DEBUG FXGLAssetLoaderServi - Loading from file system: jar:file:///C:/Users/majah/.m2/repository/com/github/almasb/fxgl/17.2/fxgl-17.2.jar!/fxglassets/languages/english.lang
04:56:32.058 [FXGL Background Thread 1 ] INFO  FXGLApplication      - FXGL initialization took: 0.367 sec
04:56:32.066 [JavaFX Application Thread] DEBUG Input                - Registered new binding: action0 - D
04:56:32.066 [JavaFX Application Thread] DEBUG Input                - Registered new binding: action1 - A
04:56:32.067 [JavaFX Application Thread] DEBUG Input                - Registered new binding: action2 - W
04:56:32.067 [JavaFX Application Thread] DEBUG Input                - Registered new binding: action3 - S
04:56:32.068 [JavaFX Application Thread] DEBUG FXGLAssetLoaderServi - Loading from file system: jar:file:///C:/Users/majah/.m2/repository/com/github/almasb/fxgl/17.2/fxgl-17.2.jar!/fxglassets/textures/fxgl_icon.png
04:56:32.084 [JavaFX Application Thread] DEBUG FXGLAssetLoaderServi - Loading from file system: jar:file:///C:/Users/majah/.m2/repository/com/github/almasb/fxgl/17.2/fxgl-17.2.jar!/fxglassets/textures/fxgl_default_cursor.png
04:56:32.087 [JavaFX Application Thread] DEBUG Input                - Registered new binding: Screenshot - CTRL+8
04:56:32.087 [JavaFX Application Thread] DEBUG Input                - Registered new binding: System info dump - CTRL+9
04:56:32.087 [JavaFX Application Thread] DEBUG Input                - Registered new binding: Restart - CTRL+R
04:56:32.088 [JavaFX Application Thread] DEBUG Input                - Registered new binding: Toggle Debug Camera - CTRL+7
04:56:32.090 [JavaFX Application Thread] DEBUG LoopRunner           - Starting loop
04:56:32.090 [JavaFX Application Thread] DEBUG LoopRunner           - Initializing JavaFX AnimationTimerLoop
04:56:32.092 [JavaFX Application Thread] DEBUG Input                - Clearing active input actions
04:56:32.098 [JavaFX Application Thread] DEBUG GameApplicationServi - Removing overlay from FXGLStartupScene and adding to FXGLMainMenuDummyScene
04:56:32.099 [JavaFX Application Thread] DEBUG PrimaryStageWindow   - FXGLStartupScene -> FXGLMainMenuDummyScene
04:56:32.099 [JavaFX Application Thread] DEBUG PrimaryStageWindow   - Push state: FXGLDefaultMenu
04:56:32.103 [JavaFX Application Thread] DEBUG Input                - Clearing active input actions
04:56:32.110 [JavaFX Application Thread] DEBUG GameApplicationServi - Removing overlay from FXGLMainMenuDummyScene and adding to FXGLDefaultMenu
04:56:32.110 [JavaFX Application Thread] DEBUG PrimaryStageWindow   - FXGLMainMenuDummyScene -> FXGLDefaultMenu
04:56:32.128 [FXGL Background Thread 4 ] DEBUG FXGLAssetLoaderServi - Loading from file system: jar:file:///C:/Users/majah/.m2/repository/com/github/almasb/fxgl/17.2/fxgl-17.2.jar!/fxglassets/ui/fonts/Abel-Regular.ttf
04:56:32.131 [FXGL Background Thread 4 ] DEBUG FXGLAssetLoaderServi - Loading from file system: jar:file:///C:/Users/majah/.m2/repository/com/github/almasb/fxgl/17.2/fxgl-17.2.jar!/fxglassets/ui/fonts/TerminalLandMono-Regular.otf
04:56:32.135 [FXGL Background Thread 4 ] DEBUG FXGLAssetLoaderServi - Loading from file system: jar:file:///C:/Users/majah/.m2/repository/com/github/almasb/fxgl/17.2/fxgl-17.2.jar!/fxglassets/ui/fonts/Courier-Prime.ttf
04:56:32.178 [JavaFX Application Thread] DEBUG FXGLApplication      - Registering font factories with UI factory
04:56:32.369 [FXGL Background Thread 2 ] INFO  UpdaterService       - Your current version:  17.2
04:56:32.369 [FXGL Background Thread 2 ] INFO  UpdaterService       - Latest stable version: 17.3
04:56:33.582 [JavaFX Application Thread] DEBUG Menu                 - fireNewGame()
04:56:33.582 [JavaFX Application Thread] DEBUG GameApplicationServi - Starting new game
04:56:33.584 [JavaFX Application Thread] DEBUG PrimaryStageWindow   - Pop state: FXGLDefaultMenu
04:56:33.584 [JavaFX Application Thread] DEBUG Input                - Clearing active input actions
04:56:33.585 [JavaFX Application Thread] DEBUG GameApplicationServi - Removing overlay from FXGLDefaultMenu and adding to FXGLMainMenuDummyScene
04:56:33.585 [JavaFX Application Thread] DEBUG PrimaryStageWindow   - FXGLMainMenuDummyScene <- FXGLDefaultMenu
04:56:33.585 [JavaFX Application Thread] DEBUG Input                - Clearing active input actions
04:56:33.596 [JavaFX Application Thread] DEBUG GameApplicationServi - Removing overlay from FXGLMainMenuDummyScene and adding to FXGLLoadingScene
04:56:33.596 [JavaFX Application Thread] DEBUG PrimaryStageWindow   - FXGLMainMenuDummyScene -> FXGLLoadingScene
04:56:33.596 [JavaFX Application Thread] DEBUG GameApplicationServi - Clearing previous game
04:56:33.596 [JavaFX Application Thread] DEBUG GameScene            - Clearing game scene
04:56:33.596 [JavaFX Application Thread] DEBUG GameWorld            - Clearing game world
04:56:33.597 [JavaFX Application Thread] DEBUG PhysicsWorld         - Clearing physics world
04:56:33.600 [FXGL Background Thread 2 ] DEBUG FXGLApplication      - Initializing game
04:56:33.601 [FXGL Background Thread 2 ] DEBUG FXGLAssetLoaderServi - Loading from file system: file:/C:/Users/majah/OneDrive/Desktop/world-hell/BasicGameApp/target/classes/assets/textures/background.jpg
04:56:33.630 [FXGL Background Thread 2 ] DEBUG FXGLAssetLoaderServi - Loading from file system: file:/C:/Users/majah/OneDrive/Desktop/world-hell/BasicGameApp/target/classes/assets/textures/girl_colored.png
04:56:33.659 [FXGL Background Thread 2 ] INFO  FXGLApplication      - Game initialization took: 0.059 sec
04:56:33.660 [JavaFX Application Thread] DEBUG Input                - Clearing active input actions
04:56:33.665 [JavaFX Application Thread] DEBUG GameApplicationServi - Removing overlay from FXGLLoadingScene and adding to GameScene
04:56:33.665 [JavaFX Application Thread] DEBUG PrimaryStageWindow   - FXGLLoadingScene -> GameScene
04:56:34.144 [JavaFX Application Thread] DEBUG FXGLAssetLoaderServi - Loading from file system: file:/C:/Users/majah/OneDrive/Desktop/world-hell/BasicGameApp/target/classes/assets/textures/zombie_colored.png
04:56:34.150 [JavaFX Application Thread] DEBUG FXGLAssetLoaderServi - Loading from file system: file:/C:/Users/majah/OneDrive/Desktop/world-hell/BasicGameApp/target/classes/assets/textures/eagle_colored.png
04:56:34.153 [JavaFX Application Thread] DEBUG FXGLAssetLoaderServi - Loading from file system: file:/C:/Users/majah/OneDrive/Desktop/world-hell/BasicGameApp/target/classes/assets/textures/joshua.jpg
04:56:34.574 [JavaFX Application Thread] DEBUG FXGLAssetLoaderServi - Loading from file system: file:/C:/Users/majah/OneDrive/Desktop/world-hell/BasicGameApp/target/classes/assets/textures/swipe.png
04:56:35.038 [FXGL Background Thread 3 ] DEBUG Engine               - Logging environment variables
04:56:35.039 [FXGL Background Thread 3 ] DEBUG Engine               - achievements: []
04:56:35.040 [FXGL Background Thread 3 ] DEBUG Engine               - actualHeight: 800.0
04:56:35.040 [FXGL Background Thread 3 ] DEBUG Engine               - actualHeightProperty: ReadOnlyDoubleProperty [value: 800.0]
04:56:35.040 [FXGL Background Thread 3 ] DEBUG Engine               - actualWidth: 800.0
04:56:35.040 [FXGL Background Thread 3 ] DEBUG Engine               - actualWidthProperty: ReadOnlyDoubleProperty [value: 800.0]
04:56:35.040 [FXGL Background Thread 3 ] DEBUG Engine               - appIcon: fxgl_icon.png
04:56:35.040 [FXGL Background Thread 3 ] DEBUG Engine               - applicationMode: DEVELOPER
04:56:35.040 [FXGL Background Thread 3 ] DEBUG Engine               - cSSList: [fxgl_dark.css]
04:56:35.040 [FXGL Background Thread 3 ] DEBUG Engine               - collisionDetectionStrategy: BRUTE_FORCE
04:56:35.040 [FXGL Background Thread 3 ] DEBUG Engine               - configClass: Optional.empty
04:56:35.041 [FXGL Background Thread 3 ] DEBUG Engine               - credits: []
04:56:35.041 [FXGL Background Thread 3 ] DEBUG Engine               - defaultCursor: CursorInfo(imageName=fxgl_default_cursor.png, hotspotX=7.0, hotspotY=6.0)
04:56:35.042 [FXGL Background Thread 3 ] DEBUG Engine               - devBBoxColorProperty: ObjectProperty [value: 0xff0000ff]
04:56:35.042 [FXGL Background Thread 3 ] DEBUG Engine               - devEnableDebugCameraProperty: BooleanProperty [value: false]
04:56:35.042 [FXGL Background Thread 3 ] DEBUG Engine               - devSensorColorProperty: ObjectProperty [value: 0xffff00ff]
04:56:35.042 [FXGL Background Thread 3 ] DEBUG Engine               - devShowBBoxProperty: BooleanProperty [value: false]
04:56:35.042 [FXGL Background Thread 3 ] DEBUG Engine               - devShowPositionProperty: BooleanProperty [value: false]
04:56:35.042 [FXGL Background Thread 3 ] DEBUG Engine               - enabledMenuItems: []
04:56:35.042 [FXGL Background Thread 3 ] DEBUG Engine               - engineServices: [class com.almasb.fxgl.app.services.FXGLAssetLoaderService, class com.almasb.fxgl.app.FXGLApplication$GameApplicationService, class com.almasb.fxgl.app.services.FXGLDialogService, class com.almasb.fxgl.app.services.IOTaskExecutorService, class com.almasb.fxgl.io.FileSystemService, class com.almasb.fxgl.localization.LocalizationService, class com.almasb.fxgl.app.services.SystemBundleService, class com.almasb.fxgl.profile.SaveLoadService, class com.almasb.fxgl.ui.FXGLUIFactoryServiceProvider, class com.almasb.fxgl.ui.FXGLDialogFactoryServiceProvider, class com.almasb.fxgl.audio.AudioPlayer, class com.almasb.fxgl.notification.impl.NotificationServiceProvider, class com.almasb.fxgl.achievement.AchievementService, class com.almasb.fxgl.cutscene.CutsceneService, class com.almasb.fxgl.minigames.MiniGameService, class com.almasb.fxgl.net.NetService, class com.almasb.fxgl.app.services.UpdaterService, class com.almasb.fxgl.dev.DevService]
04:56:35.042 [FXGL Background Thread 3 ] DEBUG Engine               - fontGame: Abel-Regular.ttf
04:56:35.042 [FXGL Background Thread 3 ] DEBUG Engine               - fontMono: TerminalLandMono-Regular.otf
04:56:35.042 [FXGL Background Thread 3 ] DEBUG Engine               - fontText: Courier-Prime.ttf
04:56:35.043 [FXGL Background Thread 3 ] DEBUG Engine               - fontUI: VarelaRound-Regular.ttf
04:56:35.043 [FXGL Background Thread 3 ] DEBUG Engine               - fullScreen: BooleanProperty [value: false]
04:56:35.043 [FXGL Background Thread 3 ] DEBUG Engine               - gameDifficulty: MEDIUM
04:56:35.043 [FXGL Background Thread 3 ] DEBUG Engine               - gameDifficultyProperty: ObjectProperty [value: MEDIUM]
04:56:35.043 [FXGL Background Thread 3 ] DEBUG Engine               - globalMusicVolume: 0.5
04:56:35.043 [FXGL Background Thread 3 ] DEBUG Engine               - globalMusicVolumeProperty: DoubleProperty [value: 0.5]
04:56:35.043 [FXGL Background Thread 3 ] DEBUG Engine               - globalSoundVolume: 0.5
04:56:35.043 [FXGL Background Thread 3 ] DEBUG Engine               - globalSoundVolumeProperty: DoubleProperty [value: 0.5]
04:56:35.043 [FXGL Background Thread 3 ] DEBUG Engine               - height: 800
04:56:35.043 [FXGL Background Thread 3 ] DEBUG Engine               - is3D: false
04:56:35.043 [FXGL Background Thread 3 ] DEBUG Engine               - isAndroid: false
04:56:35.043 [FXGL Background Thread 3 ] DEBUG Engine               - isBrowser: false
04:56:35.043 [FXGL Background Thread 3 ] DEBUG Engine               - isClickFeedbackEnabled: false
04:56:35.044 [FXGL Background Thread 3 ] DEBUG Engine               - isCloseConfirmation: false
04:56:35.044 [FXGL Background Thread 3 ] DEBUG Engine               - isDesktop: true
04:56:35.044 [FXGL Background Thread 3 ] DEBUG Engine               - isDeveloperMenuEnabled: false
04:56:35.044 [FXGL Background Thread 3 ] DEBUG Engine               - isEmbedded: false
04:56:35.044 [FXGL Background Thread 3 ] DEBUG Engine               - isEntityPreloadEnabled: true
04:56:35.044 [FXGL Background Thread 3 ] DEBUG Engine               - isExperimentalTiledLargeMap: false
04:56:35.044 [FXGL Background Thread 3 ] DEBUG Engine               - isFileSystemWriteAllowed: true
04:56:35.044 [FXGL Background Thread 3 ] DEBUG Engine               - isFullScreenAllowed: false
04:56:35.044 [FXGL Background Thread 3 ] DEBUG Engine               - isFullScreenFromStart: false
04:56:35.044 [FXGL Background Thread 3 ] DEBUG Engine               - isGameMenuEnabled: true
04:56:35.044 [FXGL Background Thread 3 ] DEBUG Engine               - isIOS: false
04:56:35.044 [FXGL Background Thread 3 ] DEBUG Engine               - isIntroEnabled: false
04:56:35.044 [FXGL Background Thread 3 ] DEBUG Engine               - isLinux: false
04:56:35.044 [FXGL Background Thread 3 ] DEBUG Engine               - isMac: false
04:56:35.044 [FXGL Background Thread 3 ] DEBUG Engine               - isMainMenuEnabled: true
04:56:35.044 [FXGL Background Thread 3 ] DEBUG Engine               - isManualResizeEnabled: false
04:56:35.044 [FXGL Background Thread 3 ] DEBUG Engine               - isMobile: false
04:56:35.044 [FXGL Background Thread 3 ] DEBUG Engine               - isNative: false
04:56:35.045 [FXGL Background Thread 3 ] DEBUG Engine               - isPauseMusicWhenMinimized: true
04:56:35.045 [FXGL Background Thread 3 ] DEBUG Engine               - isPreserveResizeRatio: false
04:56:35.045 [FXGL Background Thread 3 ] DEBUG Engine               - isProfilingEnabled: false
04:56:35.045 [FXGL Background Thread 3 ] DEBUG Engine               - isScaleAffectedOnResize: true
04:56:35.045 [FXGL Background Thread 3 ] DEBUG Engine               - isSingleStep: false
04:56:35.045 [FXGL Background Thread 3 ] DEBUG Engine               - isUserProfileEnabled: false
04:56:35.045 [FXGL Background Thread 3 ] DEBUG Engine               - isWindows: true
04:56:35.045 [FXGL Background Thread 3 ] DEBUG Engine               - language: ObjectProperty [value: ENGLISH]
04:56:35.045 [FXGL Background Thread 3 ] DEBUG Engine               - menuKey: ESCAPE
04:56:35.045 [FXGL Background Thread 3 ] DEBUG Engine               - mouseSensitivity: 0.2
04:56:35.045 [FXGL Background Thread 3 ] DEBUG Engine               - notificationViewClass: class com.almasb.fxgl.notification.view.XboxNotificationView
04:56:35.045 [FXGL Background Thread 3 ] DEBUG Engine               - pixelsPerMeter: 50.0
04:56:35.045 [FXGL Background Thread 3 ] DEBUG Engine               - platform: WINDOWS
04:56:35.045 [FXGL Background Thread 3 ] DEBUG Engine               - prefHeightProperty: ReadOnlyDoubleProperty [value: 800.0]
04:56:35.045 [FXGL Background Thread 3 ] DEBUG Engine               - prefWidthProperty: ReadOnlyDoubleProperty [value: 800.0]
04:56:35.045 [FXGL Background Thread 3 ] DEBUG Engine               - profileDir: profiles/
04:56:35.045 [FXGL Background Thread 3 ] DEBUG Engine               - profileName: StringProperty [value: DEFAULT]
04:56:35.045 [FXGL Background Thread 3 ] DEBUG Engine               - randomSeed: -1
04:56:35.046 [FXGL Background Thread 3 ] DEBUG Engine               - runtimeInfo: RuntimeInfo(platform=WINDOWS, version=17.2, build=20.08.2022 16.50)
04:56:35.046 [FXGL Background Thread 3 ] DEBUG Engine               - saveFileExt: sav
04:56:35.046 [FXGL Background Thread 3 ] DEBUG Engine               - scaledHeightProp$fxgl: DoubleProperty [bound, value: 800.0]
04:56:35.046 [FXGL Background Thread 3 ] DEBUG Engine               - scaledWidthProp$fxgl: DoubleProperty [bound, value: 800.0]
04:56:35.046 [FXGL Background Thread 3 ] DEBUG Engine               - sceneFactory: com.almasb.fxgl.app.scene.SceneFactory@3344c6e8
04:56:35.046 [FXGL Background Thread 3 ] DEBUG Engine               - secondsIn24h: 60
04:56:35.046 [FXGL Background Thread 3 ] DEBUG Engine               - soundMenuBack: menu/back.wav
04:56:35.046 [FXGL Background Thread 3 ] DEBUG Engine               - soundMenuPress: menu/press.wav
04:56:35.046 [FXGL Background Thread 3 ] DEBUG Engine               - soundMenuSelect: menu/select.wav
04:56:35.046 [FXGL Background Thread 3 ] DEBUG Engine               - soundNotification: core/notification.wav
04:56:35.047 [FXGL Background Thread 3 ] DEBUG Engine               - stageStyle: DECORATED
04:56:35.047 [FXGL Background Thread 3 ] DEBUG Engine               - supportedLanguages: [ENGLISH, FRENCH, GERMAN, HUNGARIAN, RUSSIAN]
04:56:35.047 [FXGL Background Thread 3 ] DEBUG Engine               - ticksPerSecond: -1
04:56:35.047 [FXGL Background Thread 3 ] DEBUG Engine               - title: WorldHELL 0 
04:56:35.047 [FXGL Background Thread 3 ] DEBUG Engine               - urlGithub: https://github.com/AlmasB/FXGL
04:56:35.047 [FXGL Background Thread 3 ] DEBUG Engine               - urlLeaderboard: http://fxgl-top.herokuapp.com/
04:56:35.047 [FXGL Background Thread 3 ] DEBUG Engine               - urlPOM: https://raw.githubusercontent.com/AlmasB/FXGL/release/README.md
04:56:35.047 [FXGL Background Thread 3 ] DEBUG Engine               - userAppClass: class com.example.basicgameapp.BasicGameApp
04:56:35.047 [FXGL Background Thread 3 ] DEBUG Engine               - version: 0.1
04:56:35.047 [FXGL Background Thread 3 ] DEBUG Engine               - versionCheckDays: 7
04:56:35.047 [FXGL Background Thread 3 ] DEBUG Engine               - width: 800
04:56:35.047 [FXGL Background Thread 3 ] DEBUG Engine               - Logging services
04:56:35.047 [FXGL Background Thread 3 ] DEBUG Engine               - class com.almasb.fxgl.app.services.FXGLAssetLoaderService
04:56:35.047 [FXGL Background Thread 3 ] DEBUG Engine               - class com.almasb.fxgl.app.FXGLApplication$GameApplicationService
04:56:35.047 [FXGL Background Thread 3 ] DEBUG Engine               - class com.almasb.fxgl.app.services.FXGLDialogService
04:56:35.047 [FXGL Background Thread 3 ] DEBUG Engine               - class com.almasb.fxgl.app.services.IOTaskExecutorService
04:56:35.047 [FXGL Background Thread 3 ] DEBUG Engine               - class com.almasb.fxgl.io.FileSystemService
04:56:35.047 [FXGL Background Thread 3 ] DEBUG Engine               - class com.almasb.fxgl.localization.LocalizationService
04:56:35.047 [FXGL Background Thread 3 ] DEBUG Engine               - class com.almasb.fxgl.app.services.SystemBundleService
04:56:35.048 [FXGL Background Thread 3 ] DEBUG Engine               - class com.almasb.fxgl.profile.SaveLoadService
04:56:35.048 [FXGL Background Thread 3 ] DEBUG Engine               - class com.almasb.fxgl.ui.FXGLUIFactoryServiceProvider
04:56:35.048 [FXGL Background Thread 3 ] DEBUG Engine               - class com.almasb.fxgl.ui.FXGLDialogFactoryServiceProvider
04:56:35.048 [FXGL Background Thread 3 ] DEBUG Engine               - class com.almasb.fxgl.audio.AudioPlayer
04:56:35.048 [FXGL Background Thread 3 ] DEBUG Engine               - class com.almasb.fxgl.notification.impl.NotificationServiceProvider
04:56:35.048 [FXGL Background Thread 3 ] DEBUG Engine               - class com.almasb.fxgl.achievement.AchievementService
04:56:35.048 [FXGL Background Thread 3 ] DEBUG Engine               - class com.almasb.fxgl.cutscene.CutsceneService
04:56:35.048 [FXGL Background Thread 3 ] DEBUG Engine               - class com.almasb.fxgl.minigames.MiniGameService
04:56:35.048 [FXGL Background Thread 3 ] DEBUG Engine               - class com.almasb.fxgl.net.NetService
04:56:35.048 [FXGL Background Thread 3 ] DEBUG Engine               - class com.almasb.fxgl.app.services.UpdaterService
04:56:35.048 [FXGL Background Thread 3 ] DEBUG Engine               - class com.almasb.fxgl.dev.DevService
04:56:37.502 [JavaFX Application Thread] DEBUG FXGLAssetLoaderServi - Loading from file system: file:/C:/Users/majah/OneDrive/Desktop/world-hell/BasicGameApp/target/classes/assets/sounds/slayy.wav
04:56:39.519 [JavaFX Application Thread] DEBUG FXGLAssetLoaderServi - Loading from file system: file:/C:/Users/majah/OneDrive/Desktop/world-hell/BasicGameApp/target/classes/assets/sounds/eagle_death.wav
04:56:39.527 [JavaFX Application Thread] DEBUG FXGLAssetLoaderServi - Loading from file system: file:/C:/Users/majah/OneDrive/Desktop/world-hell/BasicGameApp/target/classes/assets/textures/pisos.png
04:56:53.181 [JavaFX Application Thread] DEBUG LoopRunner           - Stopping loop
04:56:53.184 [JavaFX Application Thread] FATAL FXGLApplication      - Uncaught Exception:
java.lang.IllegalArgumentException: Component HealthComponent not found!
	at com.almasb.fxgl.entity@17.2/com.almasb.fxgl.entity.Entity.getComponent(Entity.java:366)
	at com.example.basicgameapp/com.example.basicgameapp.BasicGameApp.lambda$initGame$2(BasicGameApp.java:114)
	at com.almasb.fxgl.core@17.2/com.almasb.fxgl.time.TimerAction.update(TimerAction.kt:69)
	at com.almasb.fxgl.core@17.2/com.almasb.fxgl.time.Timer.update(Timer.kt:38)
	at com.almasb.fxgl.scene@17.2/com.almasb.fxgl.scene.Scene.update(Scene.kt:104)
	at com.almasb.fxgl.all@17.2/com.almasb.fxgl.app.MainWindow$update$1.invoke(MainWindow.kt:115)
	at com.almasb.fxgl.all@17.2/com.almasb.fxgl.app.MainWindow$update$1.invoke(MainWindow.kt:115)
	at com.almasb.fxgl.core@17.2/com.almasb.fxgl.core.fsm.StateMachine.runOnActiveStates(StateMachine.kt:69)
	at com.almasb.fxgl.all@17.2/com.almasb.fxgl.app.MainWindow.update(MainWindow.kt:115)
	at com.almasb.fxgl.all@17.2/com.almasb.fxgl.app.FXGLApplication$GameApplicationService.onUpdate(FXGLApplication.kt:426)
	at com.almasb.fxgl.all@17.2/com.almasb.fxgl.app.Engine.loop(Engine.kt:134)
	at com.almasb.fxgl.all@17.2/com.almasb.fxgl.app.Engine.access$loop(Engine.kt:24)
	at com.almasb.fxgl.all@17.2/com.almasb.fxgl.app.Engine$loop$1.invoke(Engine.kt:28)
	at com.almasb.fxgl.all@17.2/com.almasb.fxgl.app.Engine$loop$1.invoke(Engine.kt:28)
	at com.almasb.fxgl.all@17.2/com.almasb.fxgl.app.LoopRunner.frame(LoopRunner.kt:103)
	at com.almasb.fxgl.all@17.2/com.almasb.fxgl.app.LoopRunner.access$frame(LoopRunner.kt:23)
	at com.almasb.fxgl.all@17.2/com.almasb.fxgl.app.LoopRunner$impl$2$1.onTick(LoopRunner.kt:57)
	at com.almasb.fxgl.all@17.2/com.almasb.fxgl.app.AnimationTimerLoop$timer$1.handle(LoopRunner.kt:137)
	at javafx.graphics@20.0.1/javafx.animation.AnimationTimer$AnimationTimerReceiver.lambda$handle$0(AnimationTimer.java:58)
	at java.base/java.security.AccessController.doPrivileged(AccessController.java:400)
	at javafx.graphics@20.0.1/javafx.animation.AnimationTimer$AnimationTimerReceiver.handle(AnimationTimer.java:57)
	at javafx.graphics@20.0.1/com.sun.scenario.animation.AbstractPrimaryTimer.timePulseImpl(AbstractPrimaryTimer.java:356)
	at javafx.graphics@20.0.1/com.sun.scenario.animation.AbstractPrimaryTimer$MainLoop.run(AbstractPrimaryTimer.java:266)
	at javafx.graphics@20.0.1/com.sun.javafx.tk.quantum.QuantumToolkit.pulse(QuantumToolkit.java:588)
	at javafx.graphics@20.0.1/com.sun.javafx.tk.quantum.QuantumToolkit.pulse(QuantumToolkit.java:572)
	at javafx.graphics@20.0.1/com.sun.javafx.tk.quantum.QuantumToolkit.pulseFromQueue(QuantumToolkit.java:565)
	at javafx.graphics@20.0.1/com.sun.javafx.tk.quantum.QuantumToolkit.lambda$runToolkit$11(QuantumToolkit.java:352)
	at javafx.graphics@20.0.1/com.sun.glass.ui.InvokeLaterDispatcher$Future.run(InvokeLaterDispatcher.java:95)
	at javafx.graphics@20.0.1/com.sun.glass.ui.win.WinApplication._runLoop(Native Method)
	at javafx.graphics@20.0.1/com.sun.glass.ui.win.WinApplication.lambda$runLoop$3(WinApplication.java:185)
	at java.base/java.lang.Thread.run(Thread.java:1623)

04:56:53.185 [JavaFX Application Thread] FATAL FXGLApplication      - Application will now exit
04:56:53.206 [JavaFX Application Thread] DEBUG PrimaryStageWindow   - Push state: ErrorSubScene
04:56:53.206 [JavaFX Application Thread] DEBUG Input                - Clearing active input actions
04:56:53.208 [JavaFX Application Thread] DEBUG GameApplicationServi - Removing overlay from GameScene and adding to ErrorSubScene
04:56:53.209 [JavaFX Application Thread] DEBUG PrimaryStageWindow   - GameScene -> ErrorSubScene
04:56:55.546 [JavaFX Application Thread] DEBUG FXGLApplication      - Exiting FXGL
04:56:55.546 [JavaFX Application Thread] DEBUG Async                - Shutting down background threads
04:56:55.546 [JavaFX Application Thread] DEBUG PrimaryStageWindow   - Closing main window
04:56:55.581 [JavaFX Application Thread] DEBUG Logger               - Closing Logger
