10:45:06.828 [main                     ] DEBUG Logger               - Configured Logger
10:45:06.859 [main                     ] DEBUG GameApplication      - Logging settings
Title: Basic Game App
Version: 0.1
Width: 800
Height: 800
Fullscreen: false
Intro: false
Profiling: false
Single step:false
App Mode: DEVELOPER
Menu Key: ESCAPE
Stage Style: DECORATED
Scene Factory: class com.example.basicgameapp.sceneFactory

10:45:07.221 [JavaFX Application Thread] DEBUG FXGLApplication      - Initializing FXGL
10:45:07.227 [JavaFX Application Thread] INFO  Engine               - FXGL-17.2 (20.08.2022 16.50) on WINDOWS (J:20.0.2 FX:20.0.1)
10:45:07.228 [JavaFX Application Thread] DEBUG Engine               - JRE Vendor Name: Oracle Corporation
10:45:07.228 [JavaFX Application Thread] DEBUG Engine               - Running on OS: Windows 11 version 10.0
10:45:07.229 [JavaFX Application Thread] DEBUG Engine               - Architecture: amd64
10:45:07.229 [JavaFX Application Thread] INFO  Engine               - Source code and latest versions at: https://github.com/AlmasB/FXGL
10:45:07.229 [JavaFX Application Thread] INFO  Engine               -       Ask questions and discuss at: https://github.com/AlmasB/FXGL/discussions
10:45:07.229 [JavaFX Application Thread] INFO  Engine               -              Join the FXGL chat at: https://gitter.im/AlmasB/FXGL
10:45:07.332 [JavaFX Application Thread] DEBUG PrimaryStageWindow   - Creating a JavaFX scene
10:45:07.392 [JavaFX Application Thread] DEBUG PrimaryStageWindow   - Target settings size: 800.0 x 800.0
10:45:07.393 [JavaFX Application Thread] DEBUG PrimaryStageWindow   - Scaled scene size:    800.0 x 800.0
10:45:07.393 [JavaFX Application Thread] DEBUG PrimaryStageWindow   - Scaled ratio: (1.0, 1.0)
10:45:07.394 [JavaFX Application Thread] DEBUG PrimaryStageWindow   - Set initial scene to FXGLStartupScene
10:45:07.398 [JavaFX Application Thread] DEBUG PrimaryStageWindow   - Opening main window
10:45:07.488 [JavaFX Application Thread] DEBUG PrimaryStageWindow   - Window border size: (14.4000244140625, 37.5999755859375)
10:45:07.488 [JavaFX Application Thread] DEBUG PrimaryStageWindow   - Scaled size: 800.0 x 800.0
10:45:07.488 [JavaFX Application Thread] DEBUG PrimaryStageWindow   - Scaled ratio: (1.0, 1.0)
10:45:07.489 [JavaFX Application Thread] DEBUG PrimaryStageWindow   - Scene size: 800.0 x 800.0
10:45:07.489 [JavaFX Application Thread] DEBUG PrimaryStageWindow   - Stage size: 814.4000244140625 x 837.5999755859375
10:45:07.499 [FXGL Background Thread 1 ] DEBUG Engine               - Initializing environment variables
10:45:07.562 [FXGL Background Thread 1 ] DEBUG FXGLAssetLoaderServi - User app class for loading assets: class com.example.basicgameapp.BasicGameApp
10:45:07.563 [FXGL Background Thread 1 ] DEBUG GameApplicationServi - Applying CSS: fxgl_dark.css
10:45:07.564 [FXGL Background Thread 1 ] DEBUG FXGLAssetLoaderServi - Loading from file system: jar:file:///C:/Users/majah/.m2/repository/com/github/almasb/fxgl/17.2/fxgl-17.2.jar!/fxglassets/ui/css/fxgl_dark.css
10:45:07.614 [FXGL Background Thread 1 ] DEBUG GameApplicationServi - Initializing application scenes
10:45:07.665 [FXGL Background Thread 1 ] DEBUG GameWorld            - Game world initialized
10:45:07.740 [FXGL Background Thread 1 ] DEBUG PhysicsWorld         - Physics world initialized: appHeight=800, physics.ppm=50.0
10:45:07.740 [FXGL Background Thread 1 ] DEBUG PhysicsWorld         - Using strategy: BRUTE_FORCE
10:45:07.745 [FXGL Background Thread 1 ] DEBUG GameScene            - Game scene initialized: 800x800
10:45:07.758 [FXGL Background Thread 1 ] DEBUG FXGL.DefaultMenu     - createMenuBodyGameMenu()
10:45:07.774 [FXGL Background Thread 1 ] DEBUG FXGL.DefaultMenu     - createOptionsMenu()
10:45:07.789 [FXGL Background Thread 1 ] DEBUG FXGLAssetLoaderServi - Loading from file system: jar:file:///C:/Users/majah/.m2/repository/com/github/almasb/fxgl/17.2/fxgl-17.2.jar!/fxglassets/textures/particles/smoke.png
10:45:07.904 [FXGL Background Thread 1 ] DEBUG FXGLAssetLoaderServi - Loading from file system: jar:file:///C:/Users/majah/.m2/repository/com/github/almasb/fxgl/17.2/fxgl-17.2.jar!/fxglassets/textures/particles/trace_horizontal.png
10:45:07.946 [FXGL Background Thread 1 ] DEBUG GameApplicationServi - Application scenes initialized
10:45:07.960 [FXGL Background Thread 1 ] DEBUG SystemBundleService  - Loading FXGL system data
10:45:07.966 [FXGL Background Thread 1 ] DEBUG FileSystemAccess     - Reading from: C:\Users\majah\IdeaProjects\BasicGameApp\system\fxgl.bundle
10:45:07.979 [FXGL Background Thread 1 ] DEBUG SystemBundleService  - Bundle FXGL: {}
10:45:07.979 [FXGL Background Thread 1 ] DEBUG UpdaterService       - Checking for updates
10:45:07.986 [FXGL Background Thread 4 ] DEBUG FXGLApplication      - Loading fonts
10:45:07.986 [FXGL Background Thread 4 ] DEBUG FXGLAssetLoaderServi - Loading from file system: jar:file:///C:/Users/majah/.m2/repository/com/github/almasb/fxgl/17.2/fxgl-17.2.jar!/fxglassets/ui/fonts/VarelaRound-Regular.ttf
10:45:07.986 [FXGL Background Thread 1 ] DEBUG FXGLApplication      - Loading default localization
10:45:07.987 [FXGL Background Thread 1 ] DEBUG FXGLAssetLoaderServi - Loading from file system: jar:file:///C:/Users/majah/.m2/repository/com/github/almasb/fxgl/17.2/fxgl-17.2.jar!/fxglassets/languages/english.lang
10:45:08.011 [FXGL Background Thread 1 ] INFO  FXGLApplication      - FXGL initialization took: 0.512 sec
10:45:08.023 [JavaFX Application Thread] DEBUG Input                - Registered new binding: action0 - D
10:45:08.024 [JavaFX Application Thread] DEBUG Input                - Registered new binding: action1 - A
10:45:08.024 [JavaFX Application Thread] DEBUG Input                - Registered new binding: action2 - W
10:45:08.024 [JavaFX Application Thread] DEBUG Input                - Registered new binding: action3 - S
10:45:08.025 [JavaFX Application Thread] DEBUG FXGLAssetLoaderServi - Loading from file system: jar:file:///C:/Users/majah/.m2/repository/com/github/almasb/fxgl/17.2/fxgl-17.2.jar!/fxglassets/textures/fxgl_icon.png
10:45:08.046 [JavaFX Application Thread] DEBUG FXGLAssetLoaderServi - Loading from file system: jar:file:///C:/Users/majah/.m2/repository/com/github/almasb/fxgl/17.2/fxgl-17.2.jar!/fxglassets/textures/fxgl_default_cursor.png
10:45:08.051 [JavaFX Application Thread] DEBUG Input                - Registered new binding: Screenshot - CTRL+8
10:45:08.052 [JavaFX Application Thread] DEBUG Input                - Registered new binding: System info dump - CTRL+9
10:45:08.052 [JavaFX Application Thread] DEBUG Input                - Registered new binding: Restart - CTRL+R
10:45:08.054 [JavaFX Application Thread] DEBUG Input                - Registered new binding: Toggle Debug Camera - CTRL+7
10:45:08.057 [JavaFX Application Thread] DEBUG LoopRunner           - Starting loop
10:45:08.057 [JavaFX Application Thread] DEBUG LoopRunner           - Initializing JavaFX AnimationTimerLoop
10:45:08.059 [JavaFX Application Thread] DEBUG GameApplicationServi - Starting new game
10:45:08.060 [JavaFX Application Thread] DEBUG Input                - Clearing active input actions
10:45:08.074 [JavaFX Application Thread] DEBUG GameApplicationServi - Removing overlay from FXGLStartupScene and adding to FXGLLoadingScene
10:45:08.074 [JavaFX Application Thread] DEBUG PrimaryStageWindow   - FXGLStartupScene -> FXGLLoadingScene
10:45:08.074 [JavaFX Application Thread] DEBUG GameApplicationServi - Clearing previous game
10:45:08.074 [JavaFX Application Thread] DEBUG GameScene            - Clearing game scene
10:45:08.075 [JavaFX Application Thread] DEBUG GameWorld            - Clearing game world
10:45:08.075 [JavaFX Application Thread] DEBUG PhysicsWorld         - Clearing physics world
10:45:08.077 [FXGL Background Thread 1 ] DEBUG FXGLApplication      - Initializing game
10:45:08.081 [FXGL Background Thread 1 ] DEBUG FXGLAssetLoaderServi - Loading from file system: file:/C:/Users/majah/IdeaProjects/BasicGameApp/target/classes/assets/textures/girl_colored.png
10:45:08.091 [FXGL Background Thread 1 ] DEBUG FXGLAssetLoaderServi - Loading from file system: file:/C:/Users/majah/IdeaProjects/BasicGameApp/target/classes/assets/textures/girl_bbox.png
10:45:08.116 [FXGL Background Thread 4 ] DEBUG FXGLAssetLoaderServi - Loading from file system: jar:file:///C:/Users/majah/.m2/repository/com/github/almasb/fxgl/17.2/fxgl-17.2.jar!/fxglassets/ui/fonts/Abel-Regular.ttf
10:45:08.122 [FXGL Background Thread 4 ] DEBUG FXGLAssetLoaderServi - Loading from file system: jar:file:///C:/Users/majah/.m2/repository/com/github/almasb/fxgl/17.2/fxgl-17.2.jar!/fxglassets/ui/fonts/TerminalLandMono-Regular.otf
10:45:08.129 [FXGL Background Thread 4 ] DEBUG FXGLAssetLoaderServi - Loading from file system: jar:file:///C:/Users/majah/.m2/repository/com/github/almasb/fxgl/17.2/fxgl-17.2.jar!/fxglassets/ui/fonts/Courier-Prime.ttf
10:45:08.133 [FXGL Background Thread 1 ] INFO  FXGLApplication      - Game initialization took: 0.057 sec
10:45:08.134 [JavaFX Application Thread] DEBUG Input                - Clearing active input actions
10:45:08.152 [JavaFX Application Thread] DEBUG GameApplicationServi - Removing overlay from FXGLLoadingScene and adding to GameScene
10:45:08.152 [JavaFX Application Thread] DEBUG PrimaryStageWindow   - FXGLLoadingScene -> GameScene
10:45:08.196 [FXGL Background Thread 2 ] WARN  UpdaterService       - Failed to find updates: java.net.UnknownHostException: raw.githubusercontent.com
10:45:08.212 [JavaFX Application Thread] DEBUG FXGLApplication      - Registering font factories with UI factory
10:45:08.668 [JavaFX Application Thread] DEBUG FXGLAssetLoaderServi - Loading from file system: file:/C:/Users/majah/IdeaProjects/BasicGameApp/target/classes/assets/textures/zombie_colored.png
10:45:08.742 [JavaFX Application Thread] DEBUG FXGLAssetLoaderServi - Loading from file system: file:/C:/Users/majah/IdeaProjects/BasicGameApp/target/classes/assets/textures/eagle_colored.png
10:45:10.984 [FXGL Background Thread 3 ] DEBUG Engine               - Logging environment variables
10:45:10.986 [FXGL Background Thread 3 ] DEBUG Engine               - achievements: []
10:45:10.986 [FXGL Background Thread 3 ] DEBUG Engine               - actualHeight: 800.0
10:45:10.986 [FXGL Background Thread 3 ] DEBUG Engine               - actualHeightProperty: ReadOnlyDoubleProperty [value: 800.0]
10:45:10.986 [FXGL Background Thread 3 ] DEBUG Engine               - actualWidth: 800.0
10:45:10.987 [FXGL Background Thread 3 ] DEBUG Engine               - actualWidthProperty: ReadOnlyDoubleProperty [value: 800.0]
10:45:10.987 [FXGL Background Thread 3 ] DEBUG Engine               - appIcon: fxgl_icon.png
10:45:10.987 [FXGL Background Thread 3 ] DEBUG Engine               - applicationMode: DEVELOPER
10:45:10.987 [FXGL Background Thread 3 ] DEBUG Engine               - cSSList: [fxgl_dark.css]
10:45:10.987 [FXGL Background Thread 3 ] DEBUG Engine               - collisionDetectionStrategy: BRUTE_FORCE
10:45:10.987 [FXGL Background Thread 3 ] DEBUG Engine               - configClass: Optional.empty
10:45:10.987 [FXGL Background Thread 3 ] DEBUG Engine               - credits: []
10:45:10.989 [FXGL Background Thread 3 ] DEBUG Engine               - defaultCursor: CursorInfo(imageName=fxgl_default_cursor.png, hotspotX=7.0, hotspotY=6.0)
10:45:10.990 [FXGL Background Thread 3 ] DEBUG Engine               - devBBoxColorProperty: ObjectProperty [value: 0xff0000ff]
10:45:10.990 [FXGL Background Thread 3 ] DEBUG Engine               - devEnableDebugCameraProperty: BooleanProperty [value: false]
10:45:10.990 [FXGL Background Thread 3 ] DEBUG Engine               - devSensorColorProperty: ObjectProperty [value: 0xffff00ff]
10:45:10.990 [FXGL Background Thread 3 ] DEBUG Engine               - devShowBBoxProperty: BooleanProperty [value: false]
10:45:10.990 [FXGL Background Thread 3 ] DEBUG Engine               - devShowPositionProperty: BooleanProperty [value: false]
10:45:10.991 [FXGL Background Thread 3 ] DEBUG Engine               - enabledMenuItems: []
10:45:10.991 [FXGL Background Thread 3 ] DEBUG Engine               - engineServices: [class com.almasb.fxgl.app.services.FXGLAssetLoaderService, class com.almasb.fxgl.app.FXGLApplication$GameApplicationService, class com.almasb.fxgl.app.services.FXGLDialogService, class com.almasb.fxgl.app.services.IOTaskExecutorService, class com.almasb.fxgl.io.FileSystemService, class com.almasb.fxgl.localization.LocalizationService, class com.almasb.fxgl.app.services.SystemBundleService, class com.almasb.fxgl.profile.SaveLoadService, class com.almasb.fxgl.ui.FXGLUIFactoryServiceProvider, class com.almasb.fxgl.ui.FXGLDialogFactoryServiceProvider, class com.almasb.fxgl.audio.AudioPlayer, class com.almasb.fxgl.notification.impl.NotificationServiceProvider, class com.almasb.fxgl.achievement.AchievementService, class com.almasb.fxgl.cutscene.CutsceneService, class com.almasb.fxgl.minigames.MiniGameService, class com.almasb.fxgl.net.NetService, class com.almasb.fxgl.app.services.UpdaterService, class com.almasb.fxgl.dev.DevService]
10:45:10.991 [FXGL Background Thread 3 ] DEBUG Engine               - fontGame: Abel-Regular.ttf
10:45:10.991 [FXGL Background Thread 3 ] DEBUG Engine               - fontMono: TerminalLandMono-Regular.otf
10:45:10.991 [FXGL Background Thread 3 ] DEBUG Engine               - fontText: Courier-Prime.ttf
10:45:10.992 [FXGL Background Thread 3 ] DEBUG Engine               - fontUI: VarelaRound-Regular.ttf
10:45:10.992 [FXGL Background Thread 3 ] DEBUG Engine               - fullScreen: BooleanProperty [value: false]
10:45:10.992 [FXGL Background Thread 3 ] DEBUG Engine               - gameDifficulty: MEDIUM
10:45:10.992 [FXGL Background Thread 3 ] DEBUG Engine               - gameDifficultyProperty: ObjectProperty [value: MEDIUM]
10:45:10.992 [FXGL Background Thread 3 ] DEBUG Engine               - globalMusicVolume: 0.5
10:45:10.993 [FXGL Background Thread 3 ] DEBUG Engine               - globalMusicVolumeProperty: DoubleProperty [value: 0.5]
10:45:10.993 [FXGL Background Thread 3 ] DEBUG Engine               - globalSoundVolume: 0.5
10:45:10.993 [FXGL Background Thread 3 ] DEBUG Engine               - globalSoundVolumeProperty: DoubleProperty [value: 0.5]
10:45:10.993 [FXGL Background Thread 3 ] DEBUG Engine               - height: 800
10:45:10.993 [FXGL Background Thread 3 ] DEBUG Engine               - is3D: false
10:45:10.994 [FXGL Background Thread 3 ] DEBUG Engine               - isAndroid: false
10:45:10.994 [FXGL Background Thread 3 ] DEBUG Engine               - isBrowser: false
10:45:10.994 [FXGL Background Thread 3 ] DEBUG Engine               - isClickFeedbackEnabled: false
10:45:10.994 [FXGL Background Thread 3 ] DEBUG Engine               - isCloseConfirmation: false
10:45:10.994 [FXGL Background Thread 3 ] DEBUG Engine               - isDesktop: true
10:45:10.994 [FXGL Background Thread 3 ] DEBUG Engine               - isDeveloperMenuEnabled: false
10:45:10.995 [FXGL Background Thread 3 ] DEBUG Engine               - isEmbedded: false
10:45:10.995 [FXGL Background Thread 3 ] DEBUG Engine               - isEntityPreloadEnabled: true
10:45:10.995 [FXGL Background Thread 3 ] DEBUG Engine               - isExperimentalTiledLargeMap: false
10:45:10.995 [FXGL Background Thread 3 ] DEBUG Engine               - isFileSystemWriteAllowed: true
10:45:10.995 [FXGL Background Thread 3 ] DEBUG Engine               - isFullScreenAllowed: false
10:45:10.995 [FXGL Background Thread 3 ] DEBUG Engine               - isFullScreenFromStart: false
10:45:10.996 [FXGL Background Thread 3 ] DEBUG Engine               - isGameMenuEnabled: true
10:45:10.996 [FXGL Background Thread 3 ] DEBUG Engine               - isIOS: false
10:45:10.996 [FXGL Background Thread 3 ] DEBUG Engine               - isIntroEnabled: false
10:45:10.996 [FXGL Background Thread 3 ] DEBUG Engine               - isLinux: false
10:45:10.997 [FXGL Background Thread 3 ] DEBUG Engine               - isMac: false
10:45:10.997 [FXGL Background Thread 3 ] DEBUG Engine               - isMainMenuEnabled: false
10:45:10.997 [FXGL Background Thread 3 ] DEBUG Engine               - isManualResizeEnabled: false
10:45:10.997 [FXGL Background Thread 3 ] DEBUG Engine               - isMobile: false
10:45:10.998 [FXGL Background Thread 3 ] DEBUG Engine               - isNative: false
10:45:10.998 [FXGL Background Thread 3 ] DEBUG Engine               - isPauseMusicWhenMinimized: true
10:45:10.998 [FXGL Background Thread 3 ] DEBUG Engine               - isPreserveResizeRatio: false
10:45:10.998 [FXGL Background Thread 3 ] DEBUG Engine               - isProfilingEnabled: false
10:45:10.998 [FXGL Background Thread 3 ] DEBUG Engine               - isScaleAffectedOnResize: true
10:45:10.998 [FXGL Background Thread 3 ] DEBUG Engine               - isSingleStep: false
10:45:10.998 [FXGL Background Thread 3 ] DEBUG Engine               - isUserProfileEnabled: false
10:45:10.999 [FXGL Background Thread 3 ] DEBUG Engine               - isWindows: true
10:45:10.999 [FXGL Background Thread 3 ] DEBUG Engine               - language: ObjectProperty [value: ENGLISH]
10:45:10.999 [FXGL Background Thread 3 ] DEBUG Engine               - menuKey: ESCAPE
10:45:10.999 [FXGL Background Thread 3 ] DEBUG Engine               - mouseSensitivity: 0.2
10:45:10.999 [FXGL Background Thread 3 ] DEBUG Engine               - notificationViewClass: class com.almasb.fxgl.notification.view.XboxNotificationView
10:45:10.999 [FXGL Background Thread 3 ] DEBUG Engine               - pixelsPerMeter: 50.0
10:45:11.000 [FXGL Background Thread 3 ] DEBUG Engine               - platform: WINDOWS
10:45:11.000 [FXGL Background Thread 3 ] DEBUG Engine               - prefHeightProperty: ReadOnlyDoubleProperty [value: 800.0]
10:45:11.000 [FXGL Background Thread 3 ] DEBUG Engine               - prefWidthProperty: ReadOnlyDoubleProperty [value: 800.0]
10:45:11.000 [FXGL Background Thread 3 ] DEBUG Engine               - profileDir: profiles/
10:45:11.000 [FXGL Background Thread 3 ] DEBUG Engine               - profileName: StringProperty [value: DEFAULT]
10:45:11.001 [FXGL Background Thread 3 ] DEBUG Engine               - randomSeed: -1
10:45:11.002 [FXGL Background Thread 3 ] DEBUG Engine               - runtimeInfo: RuntimeInfo(platform=WINDOWS, version=17.2, build=20.08.2022 16.50)
10:45:11.002 [FXGL Background Thread 3 ] DEBUG Engine               - saveFileExt: sav
10:45:11.002 [FXGL Background Thread 3 ] DEBUG Engine               - scaledHeightProp$fxgl: DoubleProperty [bound, value: 800.0]
10:45:11.002 [FXGL Background Thread 3 ] DEBUG Engine               - scaledWidthProp$fxgl: DoubleProperty [bound, value: 800.0]
10:45:11.003 [FXGL Background Thread 3 ] DEBUG Engine               - sceneFactory: com.example.basicgameapp.sceneFactory@3fbd01b7
10:45:11.003 [FXGL Background Thread 3 ] DEBUG Engine               - secondsIn24h: 60
10:45:11.003 [FXGL Background Thread 3 ] DEBUG Engine               - soundMenuBack: menu/back.wav
10:45:11.003 [FXGL Background Thread 3 ] DEBUG Engine               - soundMenuPress: menu/press.wav
10:45:11.003 [FXGL Background Thread 3 ] DEBUG Engine               - soundMenuSelect: menu/select.wav
10:45:11.003 [FXGL Background Thread 3 ] DEBUG Engine               - soundNotification: core/notification.wav
10:45:11.004 [FXGL Background Thread 3 ] DEBUG Engine               - stageStyle: DECORATED
10:45:11.004 [FXGL Background Thread 3 ] DEBUG Engine               - supportedLanguages: [ENGLISH, FRENCH, GERMAN, HUNGARIAN, RUSSIAN]
10:45:11.004 [FXGL Background Thread 3 ] DEBUG Engine               - ticksPerSecond: -1
10:45:11.004 [FXGL Background Thread 3 ] DEBUG Engine               - title: Basic Game App
10:45:11.004 [FXGL Background Thread 3 ] DEBUG Engine               - urlGithub: https://github.com/AlmasB/FXGL
10:45:11.004 [FXGL Background Thread 3 ] DEBUG Engine               - urlLeaderboard: http://fxgl-top.herokuapp.com/
10:45:11.004 [FXGL Background Thread 3 ] DEBUG Engine               - urlPOM: https://raw.githubusercontent.com/AlmasB/FXGL/release/README.md
10:45:11.004 [FXGL Background Thread 3 ] DEBUG Engine               - userAppClass: class com.example.basicgameapp.BasicGameApp
10:45:11.005 [FXGL Background Thread 3 ] DEBUG Engine               - version: 0.1
10:45:11.005 [FXGL Background Thread 3 ] DEBUG Engine               - versionCheckDays: 7
10:45:11.005 [FXGL Background Thread 3 ] DEBUG Engine               - width: 800
10:45:11.005 [FXGL Background Thread 3 ] DEBUG Engine               - Logging services
10:45:11.005 [FXGL Background Thread 3 ] DEBUG Engine               - class com.almasb.fxgl.app.services.FXGLAssetLoaderService
10:45:11.005 [FXGL Background Thread 3 ] DEBUG Engine               - class com.almasb.fxgl.app.FXGLApplication$GameApplicationService
10:45:11.005 [FXGL Background Thread 3 ] DEBUG Engine               - class com.almasb.fxgl.app.services.FXGLDialogService
10:45:11.005 [FXGL Background Thread 3 ] DEBUG Engine               - class com.almasb.fxgl.app.services.IOTaskExecutorService
10:45:11.005 [FXGL Background Thread 3 ] DEBUG Engine               - class com.almasb.fxgl.io.FileSystemService
10:45:11.006 [FXGL Background Thread 3 ] DEBUG Engine               - class com.almasb.fxgl.localization.LocalizationService
10:45:11.006 [FXGL Background Thread 3 ] DEBUG Engine               - class com.almasb.fxgl.app.services.SystemBundleService
10:45:11.006 [FXGL Background Thread 3 ] DEBUG Engine               - class com.almasb.fxgl.profile.SaveLoadService
10:45:11.006 [FXGL Background Thread 3 ] DEBUG Engine               - class com.almasb.fxgl.ui.FXGLUIFactoryServiceProvider
10:45:11.006 [FXGL Background Thread 3 ] DEBUG Engine               - class com.almasb.fxgl.ui.FXGLDialogFactoryServiceProvider
10:45:11.006 [FXGL Background Thread 3 ] DEBUG Engine               - class com.almasb.fxgl.audio.AudioPlayer
10:45:11.006 [FXGL Background Thread 3 ] DEBUG Engine               - class com.almasb.fxgl.notification.impl.NotificationServiceProvider
10:45:11.006 [FXGL Background Thread 3 ] DEBUG Engine               - class com.almasb.fxgl.achievement.AchievementService
10:45:11.006 [FXGL Background Thread 3 ] DEBUG Engine               - class com.almasb.fxgl.cutscene.CutsceneService
10:45:11.006 [FXGL Background Thread 3 ] DEBUG Engine               - class com.almasb.fxgl.minigames.MiniGameService
10:45:11.006 [FXGL Background Thread 3 ] DEBUG Engine               - class com.almasb.fxgl.net.NetService
10:45:11.007 [FXGL Background Thread 3 ] DEBUG Engine               - class com.almasb.fxgl.app.services.UpdaterService
10:45:11.007 [FXGL Background Thread 3 ] DEBUG Engine               - class com.almasb.fxgl.dev.DevService
10:45:12.671 [JavaFX Application Thread] DEBUG FXGLAssetLoaderServi - Loading from file system: file:/C:/Users/majah/IdeaProjects/BasicGameApp/target/classes/assets/sounds/eagle_death.wav
10:45:19.210 [JavaFX Application Thread] DEBUG FXGLAssetLoaderServi - Loading from file system: file:/C:/Users/majah/IdeaProjects/BasicGameApp/target/classes/assets/sounds/slayy.wav
10:46:23.621 [JavaFX Application Thread] DEBUG PrimaryStageWindow   - Push state: FXGLDefaultMenu
10:46:23.631 [JavaFX Application Thread] DEBUG Input                - Clearing active input actions
10:46:23.641 [JavaFX Application Thread] DEBUG GameApplicationServi - Removing overlay from GameScene and adding to FXGLDefaultMenu
10:46:23.642 [JavaFX Application Thread] DEBUG PrimaryStageWindow   - GameScene -> FXGLDefaultMenu
10:46:37.554 [JavaFX Application Thread] DEBUG Menu                 - fireResume()
10:46:37.556 [JavaFX Application Thread] DEBUG PrimaryStageWindow   - Pop state: FXGLDefaultMenu
10:46:37.556 [JavaFX Application Thread] DEBUG Input                - Clearing active input actions
10:46:37.557 [JavaFX Application Thread] DEBUG GameApplicationServi - Removing overlay from FXGLDefaultMenu and adding to GameScene
10:46:37.557 [JavaFX Application Thread] DEBUG PrimaryStageWindow   - GameScene <- FXGLDefaultMenu
10:46:37.932 [JavaFX Application Thread] DEBUG PrimaryStageWindow   - Push state: FXGLDefaultMenu
10:46:37.932 [JavaFX Application Thread] DEBUG Input                - Clearing active input actions
10:46:37.934 [JavaFX Application Thread] DEBUG GameApplicationServi - Removing overlay from GameScene and adding to FXGLDefaultMenu
10:46:37.934 [JavaFX Application Thread] DEBUG PrimaryStageWindow   - GameScene -> FXGLDefaultMenu
10:46:44.669 [JavaFX Application Thread] DEBUG FXGL.DefaultMenu     - createContentGameplay()
10:46:45.849 [JavaFX Application Thread] DEBUG FXGL.DefaultMenu     - createContentControls()
10:46:48.031 [JavaFX Application Thread] DEBUG FXGL.DefaultMenu     - createContentVideo()
10:46:52.151 [JavaFX Application Thread] DEBUG FXGLAssetLoaderServi - Loading from file system: jar:file:///C:/Users/majah/.m2/repository/com/github/almasb/fxgl/17.2/fxgl-17.2.jar!/fxglassets/languages/french.lang
10:47:09.115 [JavaFX Application Thread] DEBUG FXGLAssetLoaderServi - Loading from file system: jar:file:///C:/Users/majah/.m2/repository/com/github/almasb/fxgl/17.2/fxgl-17.2.jar!/fxglassets/languages/german.lang
10:47:11.883 [JavaFX Application Thread] DEBUG FXGLAssetLoaderServi - Loading from file system: jar:file:///C:/Users/majah/.m2/repository/com/github/almasb/fxgl/17.2/fxgl-17.2.jar!/fxglassets/languages/hungarian.lang
10:47:14.634 [JavaFX Application Thread] DEBUG FXGLAssetLoaderServi - Loading from file system: jar:file:///C:/Users/majah/.m2/repository/com/github/almasb/fxgl/17.2/fxgl-17.2.jar!/fxglassets/languages/russian.lang
10:47:28.834 [JavaFX Application Thread] DEBUG FXGL.DefaultMenu     - createContentAudio()
10:48:03.988 [JavaFX Application Thread] DEBUG Menu                 - fireResume()
10:48:03.989 [JavaFX Application Thread] DEBUG PrimaryStageWindow   - Pop state: FXGLDefaultMenu
10:48:03.989 [JavaFX Application Thread] DEBUG Input                - Clearing active input actions
10:48:03.989 [JavaFX Application Thread] DEBUG GameApplicationServi - Removing overlay from FXGLDefaultMenu and adding to GameScene
10:48:03.989 [JavaFX Application Thread] DEBUG PrimaryStageWindow   - GameScene <- FXGLDefaultMenu
10:49:07.363 [JavaFX Application Thread] DEBUG PrimaryStageWindow   - Push state: FXGLDefaultMenu
10:49:07.364 [JavaFX Application Thread] DEBUG Input                - Clearing active input actions
10:49:07.366 [JavaFX Application Thread] DEBUG GameApplicationServi - Removing overlay from GameScene and adding to FXGLDefaultMenu
10:49:07.366 [JavaFX Application Thread] DEBUG PrimaryStageWindow   - GameScene -> FXGLDefaultMenu
10:49:09.033 [JavaFX Application Thread] DEBUG PrimaryStageWindow   - Pop state: FXGLDefaultMenu
10:49:09.033 [JavaFX Application Thread] DEBUG Input                - Clearing active input actions
10:49:09.034 [JavaFX Application Thread] DEBUG GameApplicationServi - Removing overlay from FXGLDefaultMenu and adding to GameScene
10:49:09.034 [JavaFX Application Thread] DEBUG PrimaryStageWindow   - GameScene <- FXGLDefaultMenu
10:49:09.431 [JavaFX Application Thread] DEBUG PrimaryStageWindow   - Push state: FXGLDefaultMenu
10:49:09.431 [JavaFX Application Thread] DEBUG Input                - Clearing active input actions
10:49:09.432 [JavaFX Application Thread] DEBUG GameApplicationServi - Removing overlay from GameScene and adding to FXGLDefaultMenu
10:49:09.432 [JavaFX Application Thread] DEBUG PrimaryStageWindow   - GameScene -> FXGLDefaultMenu
10:49:09.764 [JavaFX Application Thread] DEBUG PrimaryStageWindow   - Pop state: FXGLDefaultMenu
10:49:09.764 [JavaFX Application Thread] DEBUG Input                - Clearing active input actions
10:49:09.765 [JavaFX Application Thread] DEBUG GameApplicationServi - Removing overlay from FXGLDefaultMenu and adding to GameScene
10:49:09.765 [JavaFX Application Thread] DEBUG PrimaryStageWindow   - GameScene <- FXGLDefaultMenu
10:49:11.576 [JavaFX Application Thread] DEBUG PrimaryStageWindow   - Push state: FXGLDefaultMenu
10:49:11.577 [JavaFX Application Thread] DEBUG Input                - Clearing active input actions
10:49:11.578 [JavaFX Application Thread] DEBUG GameApplicationServi - Removing overlay from GameScene and adding to FXGLDefaultMenu
10:49:11.578 [JavaFX Application Thread] DEBUG PrimaryStageWindow   - GameScene -> FXGLDefaultMenu
10:49:13.830 [JavaFX Application Thread] DEBUG PrimaryStageWindow   - Pop state: FXGLDefaultMenu
10:49:13.830 [JavaFX Application Thread] DEBUG Input                - Clearing active input actions
10:49:13.830 [JavaFX Application Thread] DEBUG GameApplicationServi - Removing overlay from FXGLDefaultMenu and adding to GameScene
10:49:13.831 [JavaFX Application Thread] DEBUG PrimaryStageWindow   - GameScene <- FXGLDefaultMenu
10:49:32.230 [JavaFX Application Thread] DEBUG PrimaryStageWindow   - Push state: FXGLDefaultMenu
10:49:32.230 [JavaFX Application Thread] DEBUG Input                - Clearing active input actions
10:49:32.232 [JavaFX Application Thread] DEBUG GameApplicationServi - Removing overlay from GameScene and adding to FXGLDefaultMenu
10:49:32.232 [JavaFX Application Thread] DEBUG PrimaryStageWindow   - GameScene -> FXGLDefaultMenu
10:49:32.562 [JavaFX Application Thread] DEBUG PrimaryStageWindow   - Pop state: FXGLDefaultMenu
10:49:32.562 [JavaFX Application Thread] DEBUG Input                - Clearing active input actions
10:49:32.563 [JavaFX Application Thread] DEBUG GameApplicationServi - Removing overlay from FXGLDefaultMenu and adding to GameScene
10:49:32.563 [JavaFX Application Thread] DEBUG PrimaryStageWindow   - GameScene <- FXGLDefaultMenu
10:49:49.286 [JavaFX Application Thread] DEBUG FXGLApplication      - Exiting FXGL
10:49:49.286 [JavaFX Application Thread] DEBUG LoopRunner           - Stopping loop
10:49:49.286 [JavaFX Application Thread] DEBUG SystemBundleService  - Saving FXGL system data
10:49:49.292 [JavaFX Application Thread] DEBUG FileSystemAccess     - Writing to: C:\Users\majah\IdeaProjects\BasicGameApp\system\fxgl.bundle
10:49:49.297 [JavaFX Application Thread] DEBUG Async                - Shutting down background threads
10:49:49.299 [JavaFX Application Thread] DEBUG PrimaryStageWindow   - Closing main window
10:49:49.325 [JavaFX Application Thread] DEBUG Logger               - Closing Logger
