15:04:23.175 [main                     ] DEBUG Logger               - Configured Logger
15:04:23.199 [main                     ] DEBUG GameApplication      - Logging settings
Title: WorldHELL 0 
Version: 0.1
Width: 800
Height: 800
Fullscreen: false
Intro: false
Profiling: false
Single step:false
App Mode: DEVELOPER
Menu Key: ESCAPE
Stage Style: DECORATED
Scene Factory: class com.example.basicgameapp.BasicGameApp$1

15:04:23.389 [JavaFX Application Thread] DEBUG FXGLApplication      - Initializing FXGL
15:04:23.392 [JavaFX Application Thread] INFO  Engine               - FXGL-17.2 (20.08.2022 16.50) on LINUX (J:21.0.1 FX:20.0.1)
15:04:23.393 [JavaFX Application Thread] DEBUG Engine               - JRE Vendor Name: Oracle Corporation
15:04:23.393 [JavaFX Application Thread] DEBUG Engine               - Running on OS: Linux version 6.6.6-arch1-1
15:04:23.393 [JavaFX Application Thread] DEBUG Engine               - Architecture: amd64
15:04:23.393 [JavaFX Application Thread] INFO  Engine               - Source code and latest versions at: https://github.com/AlmasB/FXGL
15:04:23.393 [JavaFX Application Thread] INFO  Engine               -       Ask questions and discuss at: https://github.com/AlmasB/FXGL/discussions
15:04:23.394 [JavaFX Application Thread] INFO  Engine               -              Join the FXGL chat at: https://gitter.im/AlmasB/FXGL
15:04:23.455 [JavaFX Application Thread] DEBUG PrimaryStageWindow   - Creating a JavaFX scene
15:04:23.526 [JavaFX Application Thread] DEBUG PrimaryStageWindow   - Target settings size: 800.0 x 800.0
15:04:23.527 [JavaFX Application Thread] DEBUG PrimaryStageWindow   - Scaled scene size:    800.0 x 800.0
15:04:23.527 [JavaFX Application Thread] DEBUG PrimaryStageWindow   - Scaled ratio: (1.0, 1.0)
15:04:23.528 [JavaFX Application Thread] DEBUG PrimaryStageWindow   - Set initial scene to FXGLStartupScene
15:04:23.529 [JavaFX Application Thread] DEBUG PrimaryStageWindow   - Opening main window
15:04:23.550 [JavaFX Application Thread] DEBUG PrimaryStageWindow   - Window border size: (0.0, 28.0)
15:04:23.550 [JavaFX Application Thread] DEBUG PrimaryStageWindow   - Scaled size: 800.0 x 800.0
15:04:23.550 [JavaFX Application Thread] DEBUG PrimaryStageWindow   - Scaled ratio: (1.0, 1.0)
15:04:23.550 [JavaFX Application Thread] DEBUG PrimaryStageWindow   - Scene size: 800.0 x 800.0
15:04:23.550 [JavaFX Application Thread] DEBUG PrimaryStageWindow   - Stage size: 800.0 x 828.0
15:04:23.554 [FXGL Background Thread 1 ] DEBUG Engine               - Initializing environment variables
15:04:23.581 [FXGL Background Thread 1 ] DEBUG FXGLAssetLoaderServi - User app class for loading assets: class com.example.basicgameapp.BasicGameApp
15:04:23.581 [FXGL Background Thread 1 ] DEBUG GameApplicationServi - Applying CSS: fxgl_dark.css
15:04:23.581 [FXGL Background Thread 1 ] DEBUG FXGLAssetLoaderServi - Loading from file system: jar:file:///home/johnt/.m2/repository/com/github/almasb/fxgl/17.2/fxgl-17.2.jar!/fxglassets/ui/css/fxgl_dark.css
15:04:23.600 [FXGL Background Thread 1 ] DEBUG GameApplicationServi - Initializing application scenes
15:04:23.633 [FXGL Background Thread 1 ] DEBUG GameWorld            - Game world initialized
15:04:23.660 [FXGL Background Thread 1 ] DEBUG PhysicsWorld         - Physics world initialized: appHeight=800, physics.ppm=50.0
15:04:23.660 [FXGL Background Thread 1 ] DEBUG PhysicsWorld         - Using strategy: BRUTE_FORCE
15:04:23.662 [FXGL Background Thread 1 ] DEBUG GameScene            - Game scene initialized: 800x800
15:04:23.663 [FXGL Background Thread 1 ] DEBUG FXGLAssetLoaderServi - Loading from file system: file:/home/johnt/Documents/world-hell/BasicGameApp/target/classes/assets/textures/BG.png
15:04:23.701 [FXGL Background Thread 1 ] DEBUG GameApplicationServi - Application scenes initialized
15:04:23.708 [FXGL Background Thread 1 ] DEBUG SystemBundleService  - Loading FXGL system data
15:04:23.710 [FXGL Background Thread 1 ] DEBUG FileSystemAccess     - Reading from: /home/johnt/Documents/world-hell/BasicGameApp/system/fxgl.bundle
15:04:23.714 [FXGL Background Thread 1 ] DEBUG SystemBundleService  - Bundle FXGL: {}
15:04:23.714 [FXGL Background Thread 1 ] DEBUG UpdaterService       - Checking for updates
15:04:23.716 [FXGL Background Thread 4 ] DEBUG FXGLApplication      - Loading fonts
15:04:23.716 [FXGL Background Thread 1 ] DEBUG FXGLApplication      - Loading default localization
15:04:23.716 [FXGL Background Thread 4 ] DEBUG FXGLAssetLoaderServi - Loading from file system: jar:file:///home/johnt/.m2/repository/com/github/almasb/fxgl/17.2/fxgl-17.2.jar!/fxglassets/ui/fonts/VarelaRound-Regular.ttf
15:04:23.717 [FXGL Background Thread 1 ] DEBUG FXGLAssetLoaderServi - Loading from file system: jar:file:///home/johnt/.m2/repository/com/github/almasb/fxgl/17.2/fxgl-17.2.jar!/fxglassets/languages/english.lang
15:04:23.721 [FXGL Background Thread 4 ] DEBUG FXGLAssetLoaderServi - Loading from file system: jar:file:///home/johnt/.m2/repository/com/github/almasb/fxgl/17.2/fxgl-17.2.jar!/fxglassets/ui/fonts/Abel-Regular.ttf
15:04:23.722 [FXGL Background Thread 1 ] INFO  FXGLApplication      - FXGL initialization took: 0.168 sec
15:04:23.722 [FXGL Background Thread 4 ] DEBUG FXGLAssetLoaderServi - Loading from file system: jar:file:///home/johnt/.m2/repository/com/github/almasb/fxgl/17.2/fxgl-17.2.jar!/fxglassets/ui/fonts/TerminalLandMono-Regular.otf
15:04:23.723 [FXGL Background Thread 4 ] DEBUG FXGLAssetLoaderServi - Loading from file system: jar:file:///home/johnt/.m2/repository/com/github/almasb/fxgl/17.2/fxgl-17.2.jar!/fxglassets/ui/fonts/Courier-Prime.ttf
15:04:23.729 [JavaFX Application Thread] DEBUG Input                - Registered new binding: action0 - D
15:04:23.729 [JavaFX Application Thread] DEBUG Input                - Registered new binding: action1 - A
15:04:23.729 [JavaFX Application Thread] DEBUG Input                - Registered new binding: action2 - W
15:04:23.729 [JavaFX Application Thread] DEBUG Input                - Registered new binding: action3 - S
15:04:23.729 [JavaFX Application Thread] DEBUG FXGLAssetLoaderServi - Loading from file system: jar:file:///home/johnt/.m2/repository/com/github/almasb/fxgl/17.2/fxgl-17.2.jar!/fxglassets/textures/fxgl_icon.png
15:04:23.741 [JavaFX Application Thread] DEBUG FXGLAssetLoaderServi - Loading from file system: jar:file:///home/johnt/.m2/repository/com/github/almasb/fxgl/17.2/fxgl-17.2.jar!/fxglassets/textures/fxgl_default_cursor.png
15:04:23.741 [JavaFX Application Thread] DEBUG Input                - Registered new binding: Screenshot - CTRL+8
15:04:23.742 [JavaFX Application Thread] DEBUG Input                - Registered new binding: System info dump - CTRL+9
15:04:23.742 [JavaFX Application Thread] DEBUG Input                - Registered new binding: Restart - CTRL+R
15:04:23.743 [JavaFX Application Thread] DEBUG Input                - Registered new binding: Toggle Debug Camera - CTRL+7
15:04:23.744 [JavaFX Application Thread] DEBUG LoopRunner           - Starting loop
15:04:23.744 [JavaFX Application Thread] DEBUG LoopRunner           - Initializing JavaFX AnimationTimerLoop
15:04:23.745 [JavaFX Application Thread] DEBUG Input                - Clearing active input actions
15:04:23.749 [JavaFX Application Thread] DEBUG GameApplicationServi - Removing overlay from FXGLStartupScene and adding to FXGLMainMenuDummyScene
15:04:23.749 [JavaFX Application Thread] DEBUG PrimaryStageWindow   - FXGLStartupScene -> FXGLMainMenuDummyScene
15:04:23.749 [JavaFX Application Thread] DEBUG PrimaryStageWindow   - Push state: WorldHellMenu
15:04:23.749 [JavaFX Application Thread] DEBUG Input                - Clearing active input actions
15:04:23.750 [JavaFX Application Thread] DEBUG GameApplicationServi - Removing overlay from FXGLMainMenuDummyScene and adding to WorldHellMenu
15:04:23.751 [JavaFX Application Thread] DEBUG PrimaryStageWindow   - FXGLMainMenuDummyScene -> WorldHellMenu
15:04:23.751 [JavaFX Application Thread] DEBUG FXGLApplication      - Registering font factories with UI factory
15:04:23.913 [FXGL Background Thread 2 ] INFO  UpdaterService       - Your current version:  17.2
15:04:23.914 [FXGL Background Thread 2 ] INFO  UpdaterService       - Latest stable version: 17.3
15:04:25.536 [JavaFX Application Thread] DEBUG Menu                 - fireNewGame()
15:04:25.537 [JavaFX Application Thread] DEBUG GameApplicationServi - Starting new game
15:04:25.537 [JavaFX Application Thread] DEBUG PrimaryStageWindow   - Pop state: WorldHellMenu
15:04:25.537 [JavaFX Application Thread] DEBUG Input                - Clearing active input actions
15:04:25.539 [JavaFX Application Thread] DEBUG GameApplicationServi - Removing overlay from WorldHellMenu and adding to FXGLMainMenuDummyScene
15:04:25.540 [JavaFX Application Thread] DEBUG PrimaryStageWindow   - FXGLMainMenuDummyScene <- WorldHellMenu
15:04:25.540 [JavaFX Application Thread] DEBUG Input                - Clearing active input actions
15:04:25.546 [JavaFX Application Thread] DEBUG GameApplicationServi - Removing overlay from FXGLMainMenuDummyScene and adding to FXGLLoadingScene
15:04:25.546 [JavaFX Application Thread] DEBUG PrimaryStageWindow   - FXGLMainMenuDummyScene -> FXGLLoadingScene
15:04:25.547 [JavaFX Application Thread] DEBUG GameApplicationServi - Clearing previous game
15:04:25.547 [JavaFX Application Thread] DEBUG GameScene            - Clearing game scene
15:04:25.547 [JavaFX Application Thread] DEBUG GameWorld            - Clearing game world
15:04:25.547 [JavaFX Application Thread] DEBUG PhysicsWorld         - Clearing physics world
15:04:25.548 [FXGL Background Thread 2 ] DEBUG FXGLApplication      - Initializing game
15:04:25.548 [FXGL Background Thread 2 ] DEBUG FXGLAssetLoaderServi - Loading from file system: file:/home/johnt/Documents/world-hell/BasicGameApp/target/classes/assets/music/Doom%20Eternal%20OST%20-%20The%20Only%20Thing%20They%20Fear%20Is%20You%20(Mick%20Gordon)%20%5BDoom%20Eternal%20Theme%5D.mp3
15:04:25.615 [FXGL Background Thread 2 ] DEBUG AudioPlayer          - Playing music com.almasb.fxgl.audio.Music@9920a00
15:04:25.616 [FXGL Background Thread 2 ] DEBUG FXGLAssetLoaderServi - Loading from file system: file:/home/johnt/Documents/world-hell/BasicGameApp/target/classes/assets/textures/background.jpg
15:04:25.627 [FXGL Background Thread 2 ] DEBUG FXGLAssetLoaderServi - Loading from file system: file:/home/johnt/Documents/world-hell/BasicGameApp/target/classes/assets/textures/girl_colored.png
15:04:25.634 [FXGL Background Thread 2 ] INFO  FXGLApplication      - Game initialization took: 0.086 sec
15:04:25.635 [JavaFX Application Thread] DEBUG Input                - Clearing active input actions
15:04:25.637 [JavaFX Application Thread] DEBUG GameApplicationServi - Removing overlay from FXGLLoadingScene and adding to GameScene
15:04:25.637 [JavaFX Application Thread] DEBUG PrimaryStageWindow   - FXGLLoadingScene -> GameScene
15:04:26.127 [JavaFX Application Thread] DEBUG FXGLAssetLoaderServi - Loading from file system: file:/home/johnt/Documents/world-hell/BasicGameApp/target/classes/assets/textures/zombie_colored.png
15:04:26.131 [JavaFX Application Thread] DEBUG FXGLAssetLoaderServi - Loading from file system: file:/home/johnt/Documents/world-hell/BasicGameApp/target/classes/assets/textures/eagle_colored.png
15:04:26.133 [JavaFX Application Thread] DEBUG FXGLAssetLoaderServi - Loading from file system: file:/home/johnt/Documents/world-hell/BasicGameApp/target/classes/assets/textures/joshua.jpg
15:04:26.616 [JavaFX Application Thread] DEBUG FXGLAssetLoaderServi - Loading from file system: file:/home/johnt/Documents/world-hell/BasicGameApp/target/classes/assets/textures/swipe.png
15:04:26.715 [FXGL Background Thread 3 ] DEBUG Engine               - Logging environment variables
15:04:26.716 [FXGL Background Thread 3 ] DEBUG Engine               - achievements: []
15:04:26.716 [FXGL Background Thread 3 ] DEBUG Engine               - actualHeight: 800.0
15:04:26.717 [FXGL Background Thread 3 ] DEBUG Engine               - actualHeightProperty: ReadOnlyDoubleProperty [value: 800.0]
15:04:26.717 [FXGL Background Thread 3 ] DEBUG Engine               - actualWidth: 800.0
15:04:26.717 [FXGL Background Thread 3 ] DEBUG Engine               - actualWidthProperty: ReadOnlyDoubleProperty [value: 800.0]
15:04:26.717 [FXGL Background Thread 3 ] DEBUG Engine               - appIcon: fxgl_icon.png
15:04:26.717 [FXGL Background Thread 3 ] DEBUG Engine               - applicationMode: DEVELOPER
15:04:26.717 [FXGL Background Thread 3 ] DEBUG Engine               - cSSList: [fxgl_dark.css]
15:04:26.717 [FXGL Background Thread 3 ] DEBUG Engine               - collisionDetectionStrategy: BRUTE_FORCE
15:04:26.718 [FXGL Background Thread 3 ] DEBUG Engine               - configClass: Optional.empty
15:04:26.718 [FXGL Background Thread 3 ] DEBUG Engine               - credits: []
15:04:26.721 [FXGL Background Thread 3 ] DEBUG Engine               - defaultCursor: CursorInfo(imageName=fxgl_default_cursor.png, hotspotX=7.0, hotspotY=6.0)
15:04:26.722 [FXGL Background Thread 3 ] DEBUG Engine               - devBBoxColorProperty: ObjectProperty [value: 0xff0000ff]
15:04:26.722 [FXGL Background Thread 3 ] DEBUG Engine               - devEnableDebugCameraProperty: BooleanProperty [value: false]
15:04:26.723 [FXGL Background Thread 3 ] DEBUG Engine               - devSensorColorProperty: ObjectProperty [value: 0xffff00ff]
15:04:26.723 [FXGL Background Thread 3 ] DEBUG Engine               - devShowBBoxProperty: BooleanProperty [value: false]
15:04:26.723 [FXGL Background Thread 3 ] DEBUG Engine               - devShowPositionProperty: BooleanProperty [value: false]
15:04:26.723 [FXGL Background Thread 3 ] DEBUG Engine               - enabledMenuItems: []
15:04:26.723 [FXGL Background Thread 3 ] DEBUG Engine               - engineServices: [class com.almasb.fxgl.app.services.FXGLAssetLoaderService, class com.almasb.fxgl.app.FXGLApplication$GameApplicationService, class com.almasb.fxgl.app.services.FXGLDialogService, class com.almasb.fxgl.app.services.IOTaskExecutorService, class com.almasb.fxgl.io.FileSystemService, class com.almasb.fxgl.localization.LocalizationService, class com.almasb.fxgl.app.services.SystemBundleService, class com.almasb.fxgl.profile.SaveLoadService, class com.almasb.fxgl.ui.FXGLUIFactoryServiceProvider, class com.almasb.fxgl.ui.FXGLDialogFactoryServiceProvider, class com.almasb.fxgl.audio.AudioPlayer, class com.almasb.fxgl.notification.impl.NotificationServiceProvider, class com.almasb.fxgl.achievement.AchievementService, class com.almasb.fxgl.cutscene.CutsceneService, class com.almasb.fxgl.minigames.MiniGameService, class com.almasb.fxgl.net.NetService, class com.almasb.fxgl.app.services.UpdaterService, class com.almasb.fxgl.dev.DevService]
15:04:26.724 [FXGL Background Thread 3 ] DEBUG Engine               - fontGame: Abel-Regular.ttf
15:04:26.724 [FXGL Background Thread 3 ] DEBUG Engine               - fontMono: TerminalLandMono-Regular.otf
15:04:26.724 [FXGL Background Thread 3 ] DEBUG Engine               - fontText: Courier-Prime.ttf
15:04:26.724 [FXGL Background Thread 3 ] DEBUG Engine               - fontUI: VarelaRound-Regular.ttf
15:04:26.725 [FXGL Background Thread 3 ] DEBUG Engine               - fullScreen: BooleanProperty [value: false]
15:04:26.725 [FXGL Background Thread 3 ] DEBUG Engine               - gameDifficulty: MEDIUM
15:04:26.725 [FXGL Background Thread 3 ] DEBUG Engine               - gameDifficultyProperty: ObjectProperty [value: MEDIUM]
15:04:26.725 [FXGL Background Thread 3 ] DEBUG Engine               - globalMusicVolume: 0.5
15:04:26.726 [FXGL Background Thread 3 ] DEBUG Engine               - globalMusicVolumeProperty: DoubleProperty [value: 0.5]
15:04:26.726 [FXGL Background Thread 3 ] DEBUG Engine               - globalSoundVolume: 0.5
15:04:26.726 [FXGL Background Thread 3 ] DEBUG Engine               - globalSoundVolumeProperty: DoubleProperty [value: 0.5]
15:04:26.727 [FXGL Background Thread 3 ] DEBUG Engine               - height: 800
15:04:26.727 [FXGL Background Thread 3 ] DEBUG Engine               - is3D: false
15:04:26.727 [FXGL Background Thread 3 ] DEBUG Engine               - isAndroid: false
15:04:26.727 [FXGL Background Thread 3 ] DEBUG Engine               - isBrowser: false
15:04:26.727 [FXGL Background Thread 3 ] DEBUG Engine               - isClickFeedbackEnabled: false
15:04:26.728 [FXGL Background Thread 3 ] DEBUG Engine               - isCloseConfirmation: false
15:04:26.728 [FXGL Background Thread 3 ] DEBUG Engine               - isDesktop: true
15:04:26.728 [FXGL Background Thread 3 ] DEBUG Engine               - isDeveloperMenuEnabled: false
15:04:26.728 [FXGL Background Thread 3 ] DEBUG Engine               - isEmbedded: false
15:04:26.728 [FXGL Background Thread 3 ] DEBUG Engine               - isEntityPreloadEnabled: true
15:04:26.728 [FXGL Background Thread 3 ] DEBUG Engine               - isExperimentalTiledLargeMap: false
15:04:26.728 [FXGL Background Thread 3 ] DEBUG Engine               - isFileSystemWriteAllowed: true
15:04:26.728 [FXGL Background Thread 3 ] DEBUG Engine               - isFullScreenAllowed: false
15:04:26.729 [FXGL Background Thread 3 ] DEBUG Engine               - isFullScreenFromStart: false
15:04:26.729 [FXGL Background Thread 3 ] DEBUG Engine               - isGameMenuEnabled: true
15:04:26.729 [FXGL Background Thread 3 ] DEBUG Engine               - isIOS: false
15:04:26.729 [FXGL Background Thread 3 ] DEBUG Engine               - isIntroEnabled: false
15:04:26.729 [FXGL Background Thread 3 ] DEBUG Engine               - isLinux: true
15:04:26.729 [FXGL Background Thread 3 ] DEBUG Engine               - isMac: false
15:04:26.729 [FXGL Background Thread 3 ] DEBUG Engine               - isMainMenuEnabled: true
15:04:26.729 [FXGL Background Thread 3 ] DEBUG Engine               - isManualResizeEnabled: false
15:04:26.729 [FXGL Background Thread 3 ] DEBUG Engine               - isMobile: false
15:04:26.729 [FXGL Background Thread 3 ] DEBUG Engine               - isNative: false
15:04:26.729 [FXGL Background Thread 3 ] DEBUG Engine               - isPauseMusicWhenMinimized: true
15:04:26.730 [FXGL Background Thread 3 ] DEBUG Engine               - isPreserveResizeRatio: false
15:04:26.730 [FXGL Background Thread 3 ] DEBUG Engine               - isProfilingEnabled: false
15:04:26.730 [FXGL Background Thread 3 ] DEBUG Engine               - isScaleAffectedOnResize: true
15:04:26.730 [FXGL Background Thread 3 ] DEBUG Engine               - isSingleStep: false
15:04:26.730 [FXGL Background Thread 3 ] DEBUG Engine               - isUserProfileEnabled: false
15:04:26.730 [FXGL Background Thread 3 ] DEBUG Engine               - isWindows: false
15:04:26.730 [FXGL Background Thread 3 ] DEBUG Engine               - language: ObjectProperty [value: ENGLISH]
15:04:26.730 [FXGL Background Thread 3 ] DEBUG Engine               - menuKey: ESCAPE
15:04:26.730 [FXGL Background Thread 3 ] DEBUG Engine               - mouseSensitivity: 0.2
15:04:26.730 [FXGL Background Thread 3 ] DEBUG Engine               - notificationViewClass: class com.almasb.fxgl.notification.view.XboxNotificationView
15:04:26.730 [FXGL Background Thread 3 ] DEBUG Engine               - pixelsPerMeter: 50.0
15:04:26.730 [FXGL Background Thread 3 ] DEBUG Engine               - platform: LINUX
15:04:26.730 [FXGL Background Thread 3 ] DEBUG Engine               - prefHeightProperty: ReadOnlyDoubleProperty [value: 800.0]
15:04:26.730 [FXGL Background Thread 3 ] DEBUG Engine               - prefWidthProperty: ReadOnlyDoubleProperty [value: 800.0]
15:04:26.731 [FXGL Background Thread 3 ] DEBUG Engine               - profileDir: profiles/
15:04:26.731 [FXGL Background Thread 3 ] DEBUG Engine               - profileName: StringProperty [value: DEFAULT]
15:04:26.731 [FXGL Background Thread 3 ] DEBUG Engine               - randomSeed: -1
15:04:26.731 [FXGL Background Thread 3 ] DEBUG Engine               - runtimeInfo: RuntimeInfo(platform=LINUX, version=17.2, build=20.08.2022 16.50)
15:04:26.731 [FXGL Background Thread 3 ] DEBUG Engine               - saveFileExt: sav
15:04:26.731 [FXGL Background Thread 3 ] DEBUG Engine               - scaledHeightProp$fxgl: DoubleProperty [bound, value: 800.0]
15:04:26.731 [FXGL Background Thread 3 ] DEBUG Engine               - scaledWidthProp$fxgl: DoubleProperty [bound, value: 800.0]
15:04:26.731 [FXGL Background Thread 3 ] DEBUG Engine               - sceneFactory: com.example.basicgameapp.BasicGameApp$1@26f29963
15:04:26.731 [FXGL Background Thread 3 ] DEBUG Engine               - secondsIn24h: 60
15:04:26.731 [FXGL Background Thread 3 ] DEBUG Engine               - soundMenuBack: menu/back.wav
15:04:26.732 [FXGL Background Thread 3 ] DEBUG Engine               - soundMenuPress: menu/press.wav
15:04:26.732 [FXGL Background Thread 3 ] DEBUG Engine               - soundMenuSelect: menu/select.wav
15:04:26.732 [FXGL Background Thread 3 ] DEBUG Engine               - soundNotification: core/notification.wav
15:04:26.732 [FXGL Background Thread 3 ] DEBUG Engine               - stageStyle: DECORATED
15:04:26.732 [FXGL Background Thread 3 ] DEBUG Engine               - supportedLanguages: [ENGLISH, FRENCH, GERMAN, HUNGARIAN, RUSSIAN]
15:04:26.732 [FXGL Background Thread 3 ] DEBUG Engine               - ticksPerSecond: -1
15:04:26.732 [FXGL Background Thread 3 ] DEBUG Engine               - title: WorldHELL 0 
15:04:26.732 [FXGL Background Thread 3 ] DEBUG Engine               - urlGithub: https://github.com/AlmasB/FXGL
15:04:26.732 [FXGL Background Thread 3 ] DEBUG Engine               - urlLeaderboard: http://fxgl-top.herokuapp.com/
15:04:26.732 [FXGL Background Thread 3 ] DEBUG Engine               - urlPOM: https://raw.githubusercontent.com/AlmasB/FXGL/release/README.md
15:04:26.732 [FXGL Background Thread 3 ] DEBUG Engine               - userAppClass: class com.example.basicgameapp.BasicGameApp
15:04:26.732 [FXGL Background Thread 3 ] DEBUG Engine               - version: 0.1
15:04:26.732 [FXGL Background Thread 3 ] DEBUG Engine               - versionCheckDays: 7
15:04:26.732 [FXGL Background Thread 3 ] DEBUG Engine               - width: 800
15:04:26.732 [FXGL Background Thread 3 ] DEBUG Engine               - Logging services
15:04:26.732 [FXGL Background Thread 3 ] DEBUG Engine               - class com.almasb.fxgl.app.services.FXGLAssetLoaderService
15:04:26.732 [FXGL Background Thread 3 ] DEBUG Engine               - class com.almasb.fxgl.app.FXGLApplication$GameApplicationService
15:04:26.732 [FXGL Background Thread 3 ] DEBUG Engine               - class com.almasb.fxgl.app.services.FXGLDialogService
15:04:26.732 [FXGL Background Thread 3 ] DEBUG Engine               - class com.almasb.fxgl.app.services.IOTaskExecutorService
15:04:26.733 [FXGL Background Thread 3 ] DEBUG Engine               - class com.almasb.fxgl.io.FileSystemService
15:04:26.733 [FXGL Background Thread 3 ] DEBUG Engine               - class com.almasb.fxgl.localization.LocalizationService
15:04:26.733 [FXGL Background Thread 3 ] DEBUG Engine               - class com.almasb.fxgl.app.services.SystemBundleService
15:04:26.733 [FXGL Background Thread 3 ] DEBUG Engine               - class com.almasb.fxgl.profile.SaveLoadService
15:04:26.733 [FXGL Background Thread 3 ] DEBUG Engine               - class com.almasb.fxgl.ui.FXGLUIFactoryServiceProvider
15:04:26.733 [FXGL Background Thread 3 ] DEBUG Engine               - class com.almasb.fxgl.ui.FXGLDialogFactoryServiceProvider
15:04:26.733 [FXGL Background Thread 3 ] DEBUG Engine               - class com.almasb.fxgl.audio.AudioPlayer
15:04:26.733 [FXGL Background Thread 3 ] DEBUG Engine               - class com.almasb.fxgl.notification.impl.NotificationServiceProvider
15:04:26.733 [FXGL Background Thread 3 ] DEBUG Engine               - class com.almasb.fxgl.achievement.AchievementService
15:04:26.733 [FXGL Background Thread 3 ] DEBUG Engine               - class com.almasb.fxgl.cutscene.CutsceneService
15:04:26.733 [FXGL Background Thread 3 ] DEBUG Engine               - class com.almasb.fxgl.minigames.MiniGameService
15:04:26.733 [FXGL Background Thread 3 ] DEBUG Engine               - class com.almasb.fxgl.net.NetService
15:04:26.733 [FXGL Background Thread 3 ] DEBUG Engine               - class com.almasb.fxgl.app.services.UpdaterService
15:04:26.733 [FXGL Background Thread 3 ] DEBUG Engine               - class com.almasb.fxgl.dev.DevService
15:04:29.600 [JavaFX Application Thread] DEBUG FXGLAssetLoaderServi - Loading from file system: file:/home/johnt/Documents/world-hell/BasicGameApp/target/classes/assets/sounds/slayy.wav
15:04:29.609 [JavaFX Application Thread] DEBUG FXGLAssetLoaderServi - Loading from file system: file:/home/johnt/Documents/world-hell/BasicGameApp/target/classes/assets/textures/pisos.png
15:04:31.193 [JavaFX Application Thread] DEBUG FXGLAssetLoaderServi - Loading from file system: file:/home/johnt/Documents/world-hell/BasicGameApp/target/classes/assets/sounds/ai.wav
15:04:31.628 [JavaFX Application Thread] DEBUG FXGLAssetLoaderServi - Loading from file system: file:/home/johnt/Documents/world-hell/BasicGameApp/target/classes/assets/sounds/eagle_death.wav
15:04:48.904 [JavaFX Application Thread] DEBUG FXGLApplication      - Exiting FXGL
15:04:48.904 [JavaFX Application Thread] DEBUG LoopRunner           - Stopping loop
15:04:48.904 [JavaFX Application Thread] DEBUG SystemBundleService  - Saving FXGL system data
15:04:48.906 [JavaFX Application Thread] DEBUG FileSystemAccess     - Writing to: /home/johnt/Documents/world-hell/BasicGameApp/system/fxgl.bundle
15:04:48.909 [JavaFX Application Thread] DEBUG Async                - Shutting down background threads
15:04:48.909 [JavaFX Application Thread] DEBUG PrimaryStageWindow   - Closing main window
15:04:48.911 [JavaFX Application Thread] DEBUG Logger               - Closing Logger
