21:00:25.667 [main                     ] DEBUG Logger               - Configured Logger
21:00:25.687 [main                     ] DEBUG GameApplication      - Logging settings
Title: WorldHELL 0 
Version: 0.1
Width: 800
Height: 800
Fullscreen: false
Intro: false
Profiling: false
Single step:false
App Mode: DEVELOPER
Menu Key: ESCAPE
Stage Style: DECORATED
Scene Factory: class com.example.basicgameapp.BasicGameApp$1

21:00:25.891 [JavaFX Application Thread] DEBUG FXGLApplication      - Initializing FXGL
21:00:25.895 [JavaFX Application Thread] INFO  Engine               - FXGL-17.2 (20.08.2022 16.50) on LINUX (J:21.0.1 FX:20.0.1)
21:00:25.896 [JavaFX Application Thread] DEBUG Engine               - JRE Vendor Name: Oracle Corporation
21:00:25.896 [JavaFX Application Thread] DEBUG Engine               - Running on OS: Linux version 6.6.6-arch1-1
21:00:25.896 [JavaFX Application Thread] DEBUG Engine               - Architecture: amd64
21:00:25.896 [JavaFX Application Thread] INFO  Engine               - Source code and latest versions at: https://github.com/AlmasB/FXGL
21:00:25.897 [JavaFX Application Thread] INFO  Engine               -       Ask questions and discuss at: https://github.com/AlmasB/FXGL/discussions
21:00:25.897 [JavaFX Application Thread] INFO  Engine               -              Join the FXGL chat at: https://gitter.im/AlmasB/FXGL
21:00:25.949 [JavaFX Application Thread] DEBUG PrimaryStageWindow   - Creating a JavaFX scene
21:00:26.022 [JavaFX Application Thread] DEBUG PrimaryStageWindow   - Target settings size: 800.0 x 800.0
21:00:26.023 [JavaFX Application Thread] DEBUG PrimaryStageWindow   - Scaled scene size:    800.0 x 800.0
21:00:26.023 [JavaFX Application Thread] DEBUG PrimaryStageWindow   - Scaled ratio: (1.0, 1.0)
21:00:26.024 [JavaFX Application Thread] DEBUG PrimaryStageWindow   - Set initial scene to FXGLStartupScene
21:00:26.026 [JavaFX Application Thread] DEBUG PrimaryStageWindow   - Opening main window
21:00:26.048 [JavaFX Application Thread] DEBUG PrimaryStageWindow   - Window border size: (0.0, 28.0)
21:00:26.048 [JavaFX Application Thread] DEBUG PrimaryStageWindow   - Scaled size: 800.0 x 800.0
21:00:26.049 [JavaFX Application Thread] DEBUG PrimaryStageWindow   - Scaled ratio: (1.0, 1.0)
21:00:26.049 [JavaFX Application Thread] DEBUG PrimaryStageWindow   - Scene size: 800.0 x 800.0
21:00:26.049 [JavaFX Application Thread] DEBUG PrimaryStageWindow   - Stage size: 800.0 x 828.0
21:00:26.052 [FXGL Background Thread 1 ] DEBUG Engine               - Initializing environment variables
21:00:26.086 [FXGL Background Thread 1 ] DEBUG FXGLAssetLoaderServi - User app class for loading assets: class com.example.basicgameapp.BasicGameApp
21:00:26.086 [FXGL Background Thread 1 ] DEBUG GameApplicationServi - Applying CSS: fxgl_dark.css
21:00:26.086 [FXGL Background Thread 1 ] DEBUG FXGLAssetLoaderServi - Loading from file system: jar:file:///home/johnt/.m2/repository/com/github/almasb/fxgl/17.2/fxgl-17.2.jar!/fxglassets/ui/css/fxgl_dark.css
21:00:26.109 [FXGL Background Thread 1 ] DEBUG GameApplicationServi - Initializing application scenes
21:00:26.146 [FXGL Background Thread 1 ] DEBUG GameWorld            - Game world initialized
21:00:26.171 [FXGL Background Thread 1 ] DEBUG PhysicsWorld         - Physics world initialized: appHeight=800, physics.ppm=50.0
21:00:26.171 [FXGL Background Thread 1 ] DEBUG PhysicsWorld         - Using strategy: BRUTE_FORCE
21:00:26.174 [FXGL Background Thread 1 ] DEBUG GameScene            - Game scene initialized: 800x800
21:00:26.175 [FXGL Background Thread 1 ] DEBUG FXGLAssetLoaderServi - Loading from file system: file:/home/johnt/Documents/world-hell/BasicGameApp/target/classes/assets/textures/BG.png
21:00:26.216 [FXGL Background Thread 1 ] DEBUG GameApplicationServi - Application scenes initialized
21:00:26.224 [FXGL Background Thread 1 ] DEBUG SystemBundleService  - Loading FXGL system data
21:00:26.226 [FXGL Background Thread 1 ] DEBUG FileSystemAccess     - Reading from: /home/johnt/Documents/world-hell/BasicGameApp/system/fxgl.bundle
21:00:26.231 [FXGL Background Thread 1 ] DEBUG SystemBundleService  - Bundle FXGL: {}
21:00:26.231 [FXGL Background Thread 1 ] DEBUG UpdaterService       - Checking for updates
21:00:26.233 [FXGL Background Thread 4 ] DEBUG FXGLApplication      - Loading fonts
21:00:26.233 [FXGL Background Thread 1 ] DEBUG FXGLApplication      - Loading default localization
21:00:26.233 [FXGL Background Thread 4 ] DEBUG FXGLAssetLoaderServi - Loading from file system: jar:file:///home/johnt/.m2/repository/com/github/almasb/fxgl/17.2/fxgl-17.2.jar!/fxglassets/ui/fonts/VarelaRound-Regular.ttf
21:00:26.233 [FXGL Background Thread 1 ] DEBUG FXGLAssetLoaderServi - Loading from file system: jar:file:///home/johnt/.m2/repository/com/github/almasb/fxgl/17.2/fxgl-17.2.jar!/fxglassets/languages/english.lang
21:00:26.239 [FXGL Background Thread 4 ] DEBUG FXGLAssetLoaderServi - Loading from file system: jar:file:///home/johnt/.m2/repository/com/github/almasb/fxgl/17.2/fxgl-17.2.jar!/fxglassets/ui/fonts/Abel-Regular.ttf
21:00:26.240 [FXGL Background Thread 1 ] INFO  FXGLApplication      - FXGL initialization took: 0.188 sec
21:00:26.240 [FXGL Background Thread 4 ] DEBUG FXGLAssetLoaderServi - Loading from file system: jar:file:///home/johnt/.m2/repository/com/github/almasb/fxgl/17.2/fxgl-17.2.jar!/fxglassets/ui/fonts/TerminalLandMono-Regular.otf
21:00:26.241 [FXGL Background Thread 4 ] DEBUG FXGLAssetLoaderServi - Loading from file system: jar:file:///home/johnt/.m2/repository/com/github/almasb/fxgl/17.2/fxgl-17.2.jar!/fxglassets/ui/fonts/Courier-Prime.ttf
21:00:26.247 [JavaFX Application Thread] DEBUG Input                - Registered new binding: action0 - D
21:00:26.247 [JavaFX Application Thread] DEBUG Input                - Registered new binding: action1 - A
21:00:26.247 [JavaFX Application Thread] DEBUG Input                - Registered new binding: action2 - W
21:00:26.248 [JavaFX Application Thread] DEBUG Input                - Registered new binding: action3 - S
21:00:26.248 [JavaFX Application Thread] DEBUG FXGLAssetLoaderServi - Loading from file system: jar:file:///home/johnt/.m2/repository/com/github/almasb/fxgl/17.2/fxgl-17.2.jar!/fxglassets/textures/fxgl_icon.png
21:00:26.268 [JavaFX Application Thread] DEBUG FXGLAssetLoaderServi - Loading from file system: jar:file:///home/johnt/.m2/repository/com/github/almasb/fxgl/17.2/fxgl-17.2.jar!/fxglassets/textures/fxgl_default_cursor.png
21:00:26.269 [JavaFX Application Thread] DEBUG Input                - Registered new binding: Screenshot - CTRL+8
21:00:26.270 [JavaFX Application Thread] DEBUG Input                - Registered new binding: System info dump - CTRL+9
21:00:26.270 [JavaFX Application Thread] DEBUG Input                - Registered new binding: Restart - CTRL+R
21:00:26.271 [JavaFX Application Thread] DEBUG Input                - Registered new binding: Toggle Debug Camera - CTRL+7
21:00:26.272 [JavaFX Application Thread] DEBUG LoopRunner           - Starting loop
21:00:26.272 [JavaFX Application Thread] DEBUG LoopRunner           - Initializing JavaFX AnimationTimerLoop
21:00:26.274 [JavaFX Application Thread] DEBUG Input                - Clearing active input actions
21:00:26.282 [JavaFX Application Thread] DEBUG GameApplicationServi - Removing overlay from FXGLStartupScene and adding to FXGLMainMenuDummyScene
21:00:26.283 [JavaFX Application Thread] DEBUG PrimaryStageWindow   - FXGLStartupScene -> FXGLMainMenuDummyScene
21:00:26.283 [JavaFX Application Thread] DEBUG PrimaryStageWindow   - Push state: WorldHellMenu
21:00:26.283 [JavaFX Application Thread] DEBUG Input                - Clearing active input actions
21:00:26.286 [JavaFX Application Thread] DEBUG GameApplicationServi - Removing overlay from FXGLMainMenuDummyScene and adding to WorldHellMenu
21:00:26.286 [JavaFX Application Thread] DEBUG PrimaryStageWindow   - FXGLMainMenuDummyScene -> WorldHellMenu
21:00:26.286 [JavaFX Application Thread] DEBUG FXGLApplication      - Registering font factories with UI factory
21:00:26.903 [FXGL Background Thread 2 ] INFO  UpdaterService       - Your current version:  17.2
21:00:26.903 [FXGL Background Thread 2 ] INFO  UpdaterService       - Latest stable version: 17.3
21:00:27.154 [JavaFX Application Thread] DEBUG Menu                 - fireNewGame()
21:00:27.154 [JavaFX Application Thread] DEBUG GameApplicationServi - Starting new game
21:00:27.154 [JavaFX Application Thread] DEBUG PrimaryStageWindow   - Pop state: WorldHellMenu
21:00:27.154 [JavaFX Application Thread] DEBUG Input                - Clearing active input actions
21:00:27.155 [JavaFX Application Thread] DEBUG GameApplicationServi - Removing overlay from WorldHellMenu and adding to FXGLMainMenuDummyScene
21:00:27.156 [JavaFX Application Thread] DEBUG PrimaryStageWindow   - FXGLMainMenuDummyScene <- WorldHellMenu
21:00:27.156 [JavaFX Application Thread] DEBUG Input                - Clearing active input actions
21:00:27.162 [JavaFX Application Thread] DEBUG GameApplicationServi - Removing overlay from FXGLMainMenuDummyScene and adding to FXGLLoadingScene
21:00:27.162 [JavaFX Application Thread] DEBUG PrimaryStageWindow   - FXGLMainMenuDummyScene -> FXGLLoadingScene
21:00:27.163 [JavaFX Application Thread] DEBUG GameApplicationServi - Clearing previous game
21:00:27.163 [JavaFX Application Thread] DEBUG GameScene            - Clearing game scene
21:00:27.163 [JavaFX Application Thread] DEBUG GameWorld            - Clearing game world
21:00:27.163 [JavaFX Application Thread] DEBUG PhysicsWorld         - Clearing physics world
21:00:27.163 [FXGL Background Thread 2 ] DEBUG FXGLApplication      - Initializing game
21:00:27.164 [FXGL Background Thread 2 ] DEBUG FXGLAssetLoaderServi - Loading from file system: file:/home/johnt/Documents/world-hell/BasicGameApp/target/classes/assets/music/Doom%20Eternal%20OST%20-%20The%20Only%20Thing%20They%20Fear%20Is%20You%20(Mick%20Gordon)%20%5BDoom%20Eternal%20Theme%5D.mp3
21:00:27.237 [FXGL Background Thread 2 ] DEBUG AudioPlayer          - Playing music com.almasb.fxgl.audio.Music@c072b82
21:00:27.238 [FXGL Background Thread 2 ] DEBUG FXGLAssetLoaderServi - Loading from file system: file:/home/johnt/Documents/world-hell/BasicGameApp/target/classes/assets/textures/background.jpg
21:00:27.248 [FXGL Background Thread 2 ] DEBUG FXGLAssetLoaderServi - Loading from file system: file:/home/johnt/Documents/world-hell/BasicGameApp/target/classes/assets/textures/girl_colored.png
21:00:27.257 [JavaFX Application Thread] DEBUG LoopRunner           - Stopping loop
21:00:27.259 [JavaFX Application Thread] FATAL FXGLApplication      - Uncaught Exception:
java.lang.RuntimeException: Initialization failed
	at com.almasb.fxgl.all@17.2/com.almasb.fxgl.app.FXGLApplication$InitAppTask.failed(FXGLApplication.kt:343)
	at javafx.graphics@20.0.1/javafx.concurrent.Task.setState(Task.java:710)
	at javafx.graphics@20.0.1/javafx.concurrent.Task$TaskCallable.lambda$call$2(Task.java:1456)
	at javafx.graphics@20.0.1/com.sun.javafx.application.PlatformImpl.lambda$runLater$10(PlatformImpl.java:456)
	at java.base/java.security.AccessController.doPrivileged(AccessController.java:400)
	at javafx.graphics@20.0.1/com.sun.javafx.application.PlatformImpl.lambda$runLater$11(PlatformImpl.java:455)
	at javafx.graphics@20.0.1/com.sun.glass.ui.InvokeLaterDispatcher$Future.run(InvokeLaterDispatcher.java:95)
	at javafx.graphics@20.0.1/com.sun.glass.ui.gtk.GtkApplication._runLoop(Native Method)
	at javafx.graphics@20.0.1/com.sun.glass.ui.gtk.GtkApplication.lambda$runLoop$11(GtkApplication.java:316)
	at java.base/java.lang.Thread.run(Thread.java:1583)
Caused by: java.lang.ClassCastException: class javafx.beans.property.SimpleIntegerProperty cannot be cast to class javafx.beans.property.StringProperty (javafx.beans.property.SimpleIntegerProperty and javafx.beans.property.StringProperty are in module javafx.base@20.0.1 of loader 'app')
	at com.almasb.fxgl.core@17.2/com.almasb.fxgl.core.collection.PropertyMap.stringProperty(PropertyMap.kt:166)
	at com.almasb.fxgl.core@17.2/com.almasb.fxgl.core.collection.PropertyMap.getString(PropertyMap.kt:156)
	at com.almasb.fxgl.all@17.2/com.almasb.fxgl.dsl.FXGL$Companion.gets(FXGL.kt:312)
	at com.almasb.fxgl.all@17.2/com.almasb.fxgl.dsl.FXGL.gets(FXGL.kt)
	at com.example.basicgameapp/com.example.basicgameapp.BasicGameApp.initGame(BasicGameApp.java:104)
	at com.almasb.fxgl.all@17.2/com.almasb.fxgl.app.FXGLApplication$InitAppTask.initGame(FXGLApplication.kt:339)
	at com.almasb.fxgl.all@17.2/com.almasb.fxgl.app.FXGLApplication$InitAppTask.call(FXGLApplication.kt:319)
	at com.almasb.fxgl.all@17.2/com.almasb.fxgl.app.FXGLApplication$InitAppTask.call(FXGLApplication.kt:311)
	at javafx.graphics@20.0.1/javafx.concurrent.Task$TaskCallable.call(Task.java:1426)
	at java.base/java.util.concurrent.FutureTask.run(FutureTask.java:317)
	at java.base/java.util.concurrent.Executors$RunnableAdapter.call(Executors.java:572)
	at java.base/java.util.concurrent.FutureTask.run(FutureTask.java:317)
	at java.base/java.util.concurrent.ThreadPoolExecutor.runWorker(ThreadPoolExecutor.java:1144)
	at java.base/java.util.concurrent.ThreadPoolExecutor$Worker.run(ThreadPoolExecutor.java:642)
	... 1 more

21:00:27.259 [JavaFX Application Thread] FATAL FXGLApplication      - Application will now exit
21:00:27.272 [JavaFX Application Thread] DEBUG PrimaryStageWindow   - Push state: ErrorSubScene
21:00:27.273 [JavaFX Application Thread] DEBUG Input                - Clearing active input actions
21:00:27.276 [JavaFX Application Thread] DEBUG GameApplicationServi - Removing overlay from FXGLLoadingScene and adding to ErrorSubScene
21:00:27.276 [JavaFX Application Thread] DEBUG PrimaryStageWindow   - FXGLLoadingScene -> ErrorSubScene
21:00:29.232 [FXGL Background Thread 3 ] DEBUG Engine               - Logging environment variables
21:00:29.234 [FXGL Background Thread 3 ] DEBUG Engine               - achievements: []
21:00:29.234 [FXGL Background Thread 3 ] DEBUG Engine               - actualHeight: 800.0
21:00:29.234 [FXGL Background Thread 3 ] DEBUG Engine               - actualHeightProperty: ReadOnlyDoubleProperty [value: 800.0]
21:00:29.234 [FXGL Background Thread 3 ] DEBUG Engine               - actualWidth: 800.0
21:00:29.234 [FXGL Background Thread 3 ] DEBUG Engine               - actualWidthProperty: ReadOnlyDoubleProperty [value: 800.0]
21:00:29.235 [FXGL Background Thread 3 ] DEBUG Engine               - appIcon: fxgl_icon.png
21:00:29.235 [FXGL Background Thread 3 ] DEBUG Engine               - applicationMode: DEVELOPER
21:00:29.235 [FXGL Background Thread 3 ] DEBUG Engine               - cSSList: [fxgl_dark.css]
21:00:29.235 [FXGL Background Thread 3 ] DEBUG Engine               - collisionDetectionStrategy: BRUTE_FORCE
21:00:29.235 [FXGL Background Thread 3 ] DEBUG Engine               - configClass: Optional.empty
21:00:29.235 [FXGL Background Thread 3 ] DEBUG Engine               - credits: []
21:00:29.238 [FXGL Background Thread 3 ] DEBUG Engine               - defaultCursor: CursorInfo(imageName=fxgl_default_cursor.png, hotspotX=7.0, hotspotY=6.0)
21:00:29.238 [FXGL Background Thread 3 ] DEBUG Engine               - devBBoxColorProperty: ObjectProperty [value: 0xff0000ff]
21:00:29.238 [FXGL Background Thread 3 ] DEBUG Engine               - devEnableDebugCameraProperty: BooleanProperty [value: false]
21:00:29.239 [FXGL Background Thread 3 ] DEBUG Engine               - devSensorColorProperty: ObjectProperty [value: 0xffff00ff]
21:00:29.239 [FXGL Background Thread 3 ] DEBUG Engine               - devShowBBoxProperty: BooleanProperty [value: false]
21:00:29.239 [FXGL Background Thread 3 ] DEBUG Engine               - devShowPositionProperty: BooleanProperty [value: false]
21:00:29.239 [FXGL Background Thread 3 ] DEBUG Engine               - enabledMenuItems: []
21:00:29.239 [FXGL Background Thread 3 ] DEBUG Engine               - engineServices: [class com.almasb.fxgl.app.services.FXGLAssetLoaderService, class com.almasb.fxgl.app.FXGLApplication$GameApplicationService, class com.almasb.fxgl.app.services.FXGLDialogService, class com.almasb.fxgl.app.services.IOTaskExecutorService, class com.almasb.fxgl.io.FileSystemService, class com.almasb.fxgl.localization.LocalizationService, class com.almasb.fxgl.app.services.SystemBundleService, class com.almasb.fxgl.profile.SaveLoadService, class com.almasb.fxgl.ui.FXGLUIFactoryServiceProvider, class com.almasb.fxgl.ui.FXGLDialogFactoryServiceProvider, class com.almasb.fxgl.audio.AudioPlayer, class com.almasb.fxgl.notification.impl.NotificationServiceProvider, class com.almasb.fxgl.achievement.AchievementService, class com.almasb.fxgl.cutscene.CutsceneService, class com.almasb.fxgl.minigames.MiniGameService, class com.almasb.fxgl.net.NetService, class com.almasb.fxgl.app.services.UpdaterService, class com.almasb.fxgl.dev.DevService]
21:00:29.239 [FXGL Background Thread 3 ] DEBUG Engine               - fontGame: Abel-Regular.ttf
21:00:29.239 [FXGL Background Thread 3 ] DEBUG Engine               - fontMono: TerminalLandMono-Regular.otf
21:00:29.239 [FXGL Background Thread 3 ] DEBUG Engine               - fontText: Courier-Prime.ttf
21:00:29.239 [FXGL Background Thread 3 ] DEBUG Engine               - fontUI: VarelaRound-Regular.ttf
21:00:29.239 [FXGL Background Thread 3 ] DEBUG Engine               - fullScreen: BooleanProperty [value: false]
21:00:29.239 [FXGL Background Thread 3 ] DEBUG Engine               - gameDifficulty: MEDIUM
21:00:29.239 [FXGL Background Thread 3 ] DEBUG Engine               - gameDifficultyProperty: ObjectProperty [value: MEDIUM]
21:00:29.239 [FXGL Background Thread 3 ] DEBUG Engine               - globalMusicVolume: 0.5
21:00:29.240 [FXGL Background Thread 3 ] DEBUG Engine               - globalMusicVolumeProperty: DoubleProperty [value: 0.5]
21:00:29.240 [FXGL Background Thread 3 ] DEBUG Engine               - globalSoundVolume: 0.5
21:00:29.240 [FXGL Background Thread 3 ] DEBUG Engine               - globalSoundVolumeProperty: DoubleProperty [value: 0.5]
21:00:29.240 [FXGL Background Thread 3 ] DEBUG Engine               - height: 800
21:00:29.240 [FXGL Background Thread 3 ] DEBUG Engine               - is3D: false
21:00:29.240 [FXGL Background Thread 3 ] DEBUG Engine               - isAndroid: false
21:00:29.240 [FXGL Background Thread 3 ] DEBUG Engine               - isBrowser: false
21:00:29.240 [FXGL Background Thread 3 ] DEBUG Engine               - isClickFeedbackEnabled: false
21:00:29.240 [FXGL Background Thread 3 ] DEBUG Engine               - isCloseConfirmation: false
21:00:29.240 [FXGL Background Thread 3 ] DEBUG Engine               - isDesktop: true
21:00:29.240 [FXGL Background Thread 3 ] DEBUG Engine               - isDeveloperMenuEnabled: false
21:00:29.240 [FXGL Background Thread 3 ] DEBUG Engine               - isEmbedded: false
21:00:29.240 [FXGL Background Thread 3 ] DEBUG Engine               - isEntityPreloadEnabled: true
21:00:29.240 [FXGL Background Thread 3 ] DEBUG Engine               - isExperimentalTiledLargeMap: false
21:00:29.240 [FXGL Background Thread 3 ] DEBUG Engine               - isFileSystemWriteAllowed: true
21:00:29.240 [FXGL Background Thread 3 ] DEBUG Engine               - isFullScreenAllowed: false
21:00:29.240 [FXGL Background Thread 3 ] DEBUG Engine               - isFullScreenFromStart: false
21:00:29.241 [FXGL Background Thread 3 ] DEBUG Engine               - isGameMenuEnabled: true
21:00:29.241 [FXGL Background Thread 3 ] DEBUG Engine               - isIOS: false
21:00:29.241 [FXGL Background Thread 3 ] DEBUG Engine               - isIntroEnabled: false
21:00:29.241 [FXGL Background Thread 3 ] DEBUG Engine               - isLinux: true
21:00:29.241 [FXGL Background Thread 3 ] DEBUG Engine               - isMac: false
21:00:29.241 [FXGL Background Thread 3 ] DEBUG Engine               - isMainMenuEnabled: true
21:00:29.241 [FXGL Background Thread 3 ] DEBUG Engine               - isManualResizeEnabled: false
21:00:29.241 [FXGL Background Thread 3 ] DEBUG Engine               - isMobile: false
21:00:29.241 [FXGL Background Thread 3 ] DEBUG Engine               - isNative: false
21:00:29.241 [FXGL Background Thread 3 ] DEBUG Engine               - isPauseMusicWhenMinimized: true
21:00:29.241 [FXGL Background Thread 3 ] DEBUG Engine               - isPreserveResizeRatio: false
21:00:29.241 [FXGL Background Thread 3 ] DEBUG Engine               - isProfilingEnabled: false
21:00:29.241 [FXGL Background Thread 3 ] DEBUG Engine               - isScaleAffectedOnResize: true
21:00:29.241 [FXGL Background Thread 3 ] DEBUG Engine               - isSingleStep: false
21:00:29.241 [FXGL Background Thread 3 ] DEBUG Engine               - isUserProfileEnabled: false
21:00:29.241 [FXGL Background Thread 3 ] DEBUG Engine               - isWindows: false
21:00:29.241 [FXGL Background Thread 3 ] DEBUG Engine               - language: ObjectProperty [value: ENGLISH]
21:00:29.241 [FXGL Background Thread 3 ] DEBUG Engine               - menuKey: ESCAPE
21:00:29.241 [FXGL Background Thread 3 ] DEBUG Engine               - mouseSensitivity: 0.2
21:00:29.241 [FXGL Background Thread 3 ] DEBUG Engine               - notificationViewClass: class com.almasb.fxgl.notification.view.XboxNotificationView
21:00:29.241 [FXGL Background Thread 3 ] DEBUG Engine               - pixelsPerMeter: 50.0
21:00:29.241 [FXGL Background Thread 3 ] DEBUG Engine               - platform: LINUX
21:00:29.242 [FXGL Background Thread 3 ] DEBUG Engine               - prefHeightProperty: ReadOnlyDoubleProperty [value: 800.0]
21:00:29.242 [FXGL Background Thread 3 ] DEBUG Engine               - prefWidthProperty: ReadOnlyDoubleProperty [value: 800.0]
21:00:29.242 [FXGL Background Thread 3 ] DEBUG Engine               - profileDir: profiles/
21:00:29.242 [FXGL Background Thread 3 ] DEBUG Engine               - profileName: StringProperty [value: DEFAULT]
21:00:29.242 [FXGL Background Thread 3 ] DEBUG Engine               - randomSeed: -1
21:00:29.242 [FXGL Background Thread 3 ] DEBUG Engine               - runtimeInfo: RuntimeInfo(platform=LINUX, version=17.2, build=20.08.2022 16.50)
21:00:29.242 [FXGL Background Thread 3 ] DEBUG Engine               - saveFileExt: sav
21:00:29.242 [FXGL Background Thread 3 ] DEBUG Engine               - scaledHeightProp$fxgl: DoubleProperty [bound, value: 800.0]
21:00:29.242 [FXGL Background Thread 3 ] DEBUG Engine               - scaledWidthProp$fxgl: DoubleProperty [bound, value: 800.0]
21:00:29.242 [FXGL Background Thread 3 ] DEBUG Engine               - sceneFactory: com.example.basicgameapp.BasicGameApp$1@123b8e61
21:00:29.242 [FXGL Background Thread 3 ] DEBUG Engine               - secondsIn24h: 60
21:00:29.243 [FXGL Background Thread 3 ] DEBUG Engine               - soundMenuBack: menu/back.wav
21:00:29.243 [FXGL Background Thread 3 ] DEBUG Engine               - soundMenuPress: menu/press.wav
21:00:29.243 [FXGL Background Thread 3 ] DEBUG Engine               - soundMenuSelect: menu/select.wav
21:00:29.243 [FXGL Background Thread 3 ] DEBUG Engine               - soundNotification: core/notification.wav
21:00:29.243 [FXGL Background Thread 3 ] DEBUG Engine               - stageStyle: DECORATED
21:00:29.243 [FXGL Background Thread 3 ] DEBUG Engine               - supportedLanguages: [ENGLISH, FRENCH, GERMAN, HUNGARIAN, RUSSIAN]
21:00:29.243 [FXGL Background Thread 3 ] DEBUG Engine               - ticksPerSecond: -1
21:00:29.243 [FXGL Background Thread 3 ] DEBUG Engine               - title: WorldHELL 0 
21:00:29.243 [FXGL Background Thread 3 ] DEBUG Engine               - urlGithub: https://github.com/AlmasB/FXGL
21:00:29.243 [FXGL Background Thread 3 ] DEBUG Engine               - urlLeaderboard: http://fxgl-top.herokuapp.com/
21:00:29.243 [FXGL Background Thread 3 ] DEBUG Engine               - urlPOM: https://raw.githubusercontent.com/AlmasB/FXGL/release/README.md
21:00:29.243 [FXGL Background Thread 3 ] DEBUG Engine               - userAppClass: class com.example.basicgameapp.BasicGameApp
21:00:29.243 [FXGL Background Thread 3 ] DEBUG Engine               - version: 0.1
21:00:29.243 [FXGL Background Thread 3 ] DEBUG Engine               - versionCheckDays: 7
21:00:29.243 [FXGL Background Thread 3 ] DEBUG Engine               - width: 800
21:00:29.243 [FXGL Background Thread 3 ] DEBUG Engine               - Logging services
21:00:29.243 [FXGL Background Thread 3 ] DEBUG Engine               - class com.almasb.fxgl.app.services.FXGLAssetLoaderService
21:00:29.243 [FXGL Background Thread 3 ] DEBUG Engine               - class com.almasb.fxgl.app.FXGLApplication$GameApplicationService
21:00:29.243 [FXGL Background Thread 3 ] DEBUG Engine               - class com.almasb.fxgl.app.services.FXGLDialogService
21:00:29.243 [FXGL Background Thread 3 ] DEBUG Engine               - class com.almasb.fxgl.app.services.IOTaskExecutorService
21:00:29.243 [FXGL Background Thread 3 ] DEBUG Engine               - class com.almasb.fxgl.io.FileSystemService
21:00:29.243 [FXGL Background Thread 3 ] DEBUG Engine               - class com.almasb.fxgl.localization.LocalizationService
21:00:29.243 [FXGL Background Thread 3 ] DEBUG Engine               - class com.almasb.fxgl.app.services.SystemBundleService
21:00:29.243 [FXGL Background Thread 3 ] DEBUG Engine               - class com.almasb.fxgl.profile.SaveLoadService
21:00:29.243 [FXGL Background Thread 3 ] DEBUG Engine               - class com.almasb.fxgl.ui.FXGLUIFactoryServiceProvider
21:00:29.244 [FXGL Background Thread 3 ] DEBUG Engine               - class com.almasb.fxgl.ui.FXGLDialogFactoryServiceProvider
21:00:29.244 [FXGL Background Thread 3 ] DEBUG Engine               - class com.almasb.fxgl.audio.AudioPlayer
21:00:29.244 [FXGL Background Thread 3 ] DEBUG Engine               - class com.almasb.fxgl.notification.impl.NotificationServiceProvider
21:00:29.244 [FXGL Background Thread 3 ] DEBUG Engine               - class com.almasb.fxgl.achievement.AchievementService
21:00:29.244 [FXGL Background Thread 3 ] DEBUG Engine               - class com.almasb.fxgl.cutscene.CutsceneService
21:00:29.244 [FXGL Background Thread 3 ] DEBUG Engine               - class com.almasb.fxgl.minigames.MiniGameService
21:00:29.244 [FXGL Background Thread 3 ] DEBUG Engine               - class com.almasb.fxgl.net.NetService
21:00:29.244 [FXGL Background Thread 3 ] DEBUG Engine               - class com.almasb.fxgl.app.services.UpdaterService
21:00:29.244 [FXGL Background Thread 3 ] DEBUG Engine               - class com.almasb.fxgl.dev.DevService
21:00:35.136 [JavaFX Application Thread] DEBUG FXGLApplication      - Exiting FXGL
21:00:35.136 [JavaFX Application Thread] DEBUG Async                - Shutting down background threads
21:00:35.136 [JavaFX Application Thread] DEBUG PrimaryStageWindow   - Closing main window
21:00:35.140 [JavaFX Application Thread] DEBUG Logger               - Closing Logger
