15:06:01.348 [main                     ] DEBUG Logger               - Configured Logger
15:06:01.359 [main                     ] DEBUG GameApplication      - Logging settings
Title: WorldHELL 0 
Version: 0.1
Width: 800
Height: 800
Fullscreen: false
Intro: false
Profiling: false
Single step:false
App Mode: DEVELOPER
Menu Key: ESCAPE
Stage Style: DECORATED
Scene Factory: class com.example.basicgameapp.BasicGameApp$1

15:06:01.567 [JavaFX Application Thread] DEBUG FXGLApplication      - Initializing FXGL
15:06:01.569 [JavaFX Application Thread] INFO  Engine               - FXGL-17.2 (20.08.2022 16.50) on LINUX (J:21.0.1 FX:20.0.1)
15:06:01.570 [JavaFX Application Thread] DEBUG Engine               - JRE Vendor Name: Oracle Corporation
15:06:01.570 [JavaFX Application Thread] DEBUG Engine               - Running on OS: Linux version 6.6.6-arch1-1
15:06:01.570 [JavaFX Application Thread] DEBUG Engine               - Architecture: amd64
15:06:01.570 [JavaFX Application Thread] INFO  Engine               - Source code and latest versions at: https://github.com/AlmasB/FXGL
15:06:01.570 [JavaFX Application Thread] INFO  Engine               -       Ask questions and discuss at: https://github.com/AlmasB/FXGL/discussions
15:06:01.570 [JavaFX Application Thread] INFO  Engine               -              Join the FXGL chat at: https://gitter.im/AlmasB/FXGL
15:06:01.616 [JavaFX Application Thread] DEBUG PrimaryStageWindow   - Creating a JavaFX scene
15:06:01.690 [JavaFX Application Thread] DEBUG PrimaryStageWindow   - Target settings size: 800.0 x 800.0
15:06:01.691 [JavaFX Application Thread] DEBUG PrimaryStageWindow   - Scaled scene size:    800.0 x 800.0
15:06:01.691 [JavaFX Application Thread] DEBUG PrimaryStageWindow   - Scaled ratio: (1.0, 1.0)
15:06:01.691 [JavaFX Application Thread] DEBUG PrimaryStageWindow   - Set initial scene to FXGLStartupScene
15:06:01.693 [JavaFX Application Thread] DEBUG PrimaryStageWindow   - Opening main window
15:06:01.717 [JavaFX Application Thread] DEBUG PrimaryStageWindow   - Window border size: (0.0, 28.0)
15:06:01.717 [JavaFX Application Thread] DEBUG PrimaryStageWindow   - Scaled size: 800.0 x 800.0
15:06:01.717 [JavaFX Application Thread] DEBUG PrimaryStageWindow   - Scaled ratio: (1.0, 1.0)
15:06:01.717 [JavaFX Application Thread] DEBUG PrimaryStageWindow   - Scene size: 800.0 x 800.0
15:06:01.718 [JavaFX Application Thread] DEBUG PrimaryStageWindow   - Stage size: 800.0 x 828.0
15:06:01.721 [FXGL Background Thread 1 ] DEBUG Engine               - Initializing environment variables
15:06:01.747 [FXGL Background Thread 1 ] DEBUG FXGLAssetLoaderServi - User app class for loading assets: class com.example.basicgameapp.BasicGameApp
15:06:01.747 [FXGL Background Thread 1 ] DEBUG GameApplicationServi - Applying CSS: fxgl_dark.css
15:06:01.748 [FXGL Background Thread 1 ] DEBUG FXGLAssetLoaderServi - Loading from file system: jar:file:///home/johnt/.m2/repository/com/github/almasb/fxgl/17.2/fxgl-17.2.jar!/fxglassets/ui/css/fxgl_dark.css
15:06:01.778 [FXGL Background Thread 1 ] DEBUG GameApplicationServi - Initializing application scenes
15:06:01.816 [FXGL Background Thread 1 ] DEBUG GameWorld            - Game world initialized
15:06:01.840 [FXGL Background Thread 1 ] DEBUG PhysicsWorld         - Physics world initialized: appHeight=800, physics.ppm=50.0
15:06:01.841 [FXGL Background Thread 1 ] DEBUG PhysicsWorld         - Using strategy: BRUTE_FORCE
15:06:01.844 [FXGL Background Thread 1 ] DEBUG GameScene            - Game scene initialized: 800x800
15:06:01.847 [FXGL Background Thread 1 ] DEBUG FXGLAssetLoaderServi - Loading from file system: file:/home/johnt/Documents/world-hell/BasicGameApp/target/classes/assets/textures/BG.png
15:06:01.896 [FXGL Background Thread 1 ] DEBUG GameApplicationServi - Application scenes initialized
15:06:01.904 [FXGL Background Thread 1 ] DEBUG SystemBundleService  - Loading FXGL system data
15:06:01.906 [FXGL Background Thread 1 ] DEBUG FileSystemAccess     - Reading from: /home/johnt/Documents/world-hell/BasicGameApp/system/fxgl.bundle
15:06:01.910 [FXGL Background Thread 1 ] DEBUG SystemBundleService  - Bundle FXGL: {}
15:06:01.911 [FXGL Background Thread 1 ] DEBUG UpdaterService       - Checking for updates
15:06:01.913 [FXGL Background Thread 4 ] DEBUG FXGLApplication      - Loading fonts
15:06:01.913 [FXGL Background Thread 1 ] DEBUG FXGLApplication      - Loading default localization
15:06:01.913 [FXGL Background Thread 4 ] DEBUG FXGLAssetLoaderServi - Loading from file system: jar:file:///home/johnt/.m2/repository/com/github/almasb/fxgl/17.2/fxgl-17.2.jar!/fxglassets/ui/fonts/VarelaRound-Regular.ttf
15:06:01.913 [FXGL Background Thread 1 ] DEBUG FXGLAssetLoaderServi - Loading from file system: jar:file:///home/johnt/.m2/repository/com/github/almasb/fxgl/17.2/fxgl-17.2.jar!/fxglassets/languages/english.lang
15:06:01.917 [FXGL Background Thread 4 ] DEBUG FXGLAssetLoaderServi - Loading from file system: jar:file:///home/johnt/.m2/repository/com/github/almasb/fxgl/17.2/fxgl-17.2.jar!/fxglassets/ui/fonts/Abel-Regular.ttf
15:06:01.918 [FXGL Background Thread 4 ] DEBUG FXGLAssetLoaderServi - Loading from file system: jar:file:///home/johnt/.m2/repository/com/github/almasb/fxgl/17.2/fxgl-17.2.jar!/fxglassets/ui/fonts/TerminalLandMono-Regular.otf
15:06:01.920 [FXGL Background Thread 4 ] DEBUG FXGLAssetLoaderServi - Loading from file system: jar:file:///home/johnt/.m2/repository/com/github/almasb/fxgl/17.2/fxgl-17.2.jar!/fxglassets/ui/fonts/Courier-Prime.ttf
15:06:01.922 [FXGL Background Thread 1 ] INFO  FXGLApplication      - FXGL initialization took: 0.201 sec
15:06:01.922 [JavaFX Application Thread] DEBUG FXGLApplication      - Registering font factories with UI factory
15:06:01.929 [JavaFX Application Thread] DEBUG Input                - Registered new binding: action0 - D
15:06:01.929 [JavaFX Application Thread] DEBUG Input                - Registered new binding: action1 - A
15:06:01.930 [JavaFX Application Thread] DEBUG Input                - Registered new binding: action2 - W
15:06:01.930 [JavaFX Application Thread] DEBUG Input                - Registered new binding: action3 - S
15:06:01.930 [JavaFX Application Thread] DEBUG FXGLAssetLoaderServi - Loading from file system: jar:file:///home/johnt/.m2/repository/com/github/almasb/fxgl/17.2/fxgl-17.2.jar!/fxglassets/textures/fxgl_icon.png
15:06:01.948 [JavaFX Application Thread] DEBUG FXGLAssetLoaderServi - Loading from file system: jar:file:///home/johnt/.m2/repository/com/github/almasb/fxgl/17.2/fxgl-17.2.jar!/fxglassets/textures/fxgl_default_cursor.png
15:06:01.949 [JavaFX Application Thread] DEBUG Input                - Registered new binding: Screenshot - CTRL+8
15:06:01.950 [JavaFX Application Thread] DEBUG Input                - Registered new binding: System info dump - CTRL+9
15:06:01.950 [JavaFX Application Thread] DEBUG Input                - Registered new binding: Restart - CTRL+R
15:06:01.950 [JavaFX Application Thread] DEBUG Input                - Registered new binding: Toggle Debug Camera - CTRL+7
15:06:01.951 [JavaFX Application Thread] DEBUG LoopRunner           - Starting loop
15:06:01.951 [JavaFX Application Thread] DEBUG LoopRunner           - Initializing JavaFX AnimationTimerLoop
15:06:01.952 [JavaFX Application Thread] DEBUG Input                - Clearing active input actions
15:06:01.958 [JavaFX Application Thread] DEBUG GameApplicationServi - Removing overlay from FXGLStartupScene and adding to FXGLMainMenuDummyScene
15:06:01.958 [JavaFX Application Thread] DEBUG PrimaryStageWindow   - FXGLStartupScene -> FXGLMainMenuDummyScene
15:06:01.959 [JavaFX Application Thread] DEBUG PrimaryStageWindow   - Push state: WorldHellMenu
15:06:01.959 [JavaFX Application Thread] DEBUG Input                - Clearing active input actions
15:06:01.968 [JavaFX Application Thread] DEBUG GameApplicationServi - Removing overlay from FXGLMainMenuDummyScene and adding to WorldHellMenu
15:06:01.968 [JavaFX Application Thread] DEBUG PrimaryStageWindow   - FXGLMainMenuDummyScene -> WorldHellMenu
15:06:02.484 [FXGL Background Thread 2 ] INFO  UpdaterService       - Your current version:  17.2
15:06:02.484 [FXGL Background Thread 2 ] INFO  UpdaterService       - Latest stable version: 17.3
15:06:03.887 [JavaFX Application Thread] DEBUG Menu                 - fireNewGame()
15:06:03.888 [JavaFX Application Thread] DEBUG GameApplicationServi - Starting new game
15:06:03.888 [JavaFX Application Thread] DEBUG PrimaryStageWindow   - Pop state: WorldHellMenu
15:06:03.888 [JavaFX Application Thread] DEBUG Input                - Clearing active input actions
15:06:03.890 [JavaFX Application Thread] DEBUG GameApplicationServi - Removing overlay from WorldHellMenu and adding to FXGLMainMenuDummyScene
15:06:03.891 [JavaFX Application Thread] DEBUG PrimaryStageWindow   - FXGLMainMenuDummyScene <- WorldHellMenu
15:06:03.891 [JavaFX Application Thread] DEBUG Input                - Clearing active input actions
15:06:03.898 [JavaFX Application Thread] DEBUG GameApplicationServi - Removing overlay from FXGLMainMenuDummyScene and adding to FXGLLoadingScene
15:06:03.899 [JavaFX Application Thread] DEBUG PrimaryStageWindow   - FXGLMainMenuDummyScene -> FXGLLoadingScene
15:06:03.899 [JavaFX Application Thread] DEBUG GameApplicationServi - Clearing previous game
15:06:03.899 [JavaFX Application Thread] DEBUG GameScene            - Clearing game scene
15:06:03.899 [JavaFX Application Thread] DEBUG GameWorld            - Clearing game world
15:06:03.899 [JavaFX Application Thread] DEBUG PhysicsWorld         - Clearing physics world
15:06:03.900 [FXGL Background Thread 2 ] DEBUG FXGLApplication      - Initializing game
15:06:03.901 [FXGL Background Thread 2 ] DEBUG FXGLAssetLoaderServi - Loading from file system: file:/home/johnt/Documents/world-hell/BasicGameApp/target/classes/assets/music/Doom%20Eternal%20OST%20-%20The%20Only%20Thing%20They%20Fear%20Is%20You%20(Mick%20Gordon)%20%5BDoom%20Eternal%20Theme%5D.mp3
15:06:03.981 [FXGL Background Thread 2 ] DEBUG AudioPlayer          - Playing music com.almasb.fxgl.audio.Music@6bd13144
15:06:03.982 [FXGL Background Thread 2 ] DEBUG FXGLAssetLoaderServi - Loading from file system: file:/home/johnt/Documents/world-hell/BasicGameApp/target/classes/assets/textures/background.jpg
15:06:03.991 [FXGL Background Thread 2 ] DEBUG FXGLAssetLoaderServi - Loading from file system: file:/home/johnt/Documents/world-hell/BasicGameApp/target/classes/assets/textures/girl_colored.png
15:06:03.999 [FXGL Background Thread 2 ] INFO  FXGLApplication      - Game initialization took: 0.098 sec
15:06:03.999 [JavaFX Application Thread] DEBUG Input                - Clearing active input actions
15:06:04.002 [JavaFX Application Thread] DEBUG GameApplicationServi - Removing overlay from FXGLLoadingScene and adding to GameScene
15:06:04.002 [JavaFX Application Thread] DEBUG PrimaryStageWindow   - FXGLLoadingScene -> GameScene
15:06:04.496 [JavaFX Application Thread] DEBUG FXGLAssetLoaderServi - Loading from file system: file:/home/johnt/Documents/world-hell/BasicGameApp/target/classes/assets/textures/zombie_colored.png
15:06:04.500 [JavaFX Application Thread] DEBUG FXGLAssetLoaderServi - Loading from file system: file:/home/johnt/Documents/world-hell/BasicGameApp/target/classes/assets/textures/eagle_colored.png
15:06:04.502 [JavaFX Application Thread] DEBUG FXGLAssetLoaderServi - Loading from file system: file:/home/johnt/Documents/world-hell/BasicGameApp/target/classes/assets/textures/joshua.jpg
15:06:04.912 [FXGL Background Thread 3 ] DEBUG Engine               - Logging environment variables
15:06:04.913 [FXGL Background Thread 3 ] DEBUG Engine               - achievements: []
15:06:04.913 [FXGL Background Thread 3 ] DEBUG Engine               - actualHeight: 800.0
15:06:04.914 [FXGL Background Thread 3 ] DEBUG Engine               - actualHeightProperty: ReadOnlyDoubleProperty [value: 800.0]
15:06:04.914 [FXGL Background Thread 3 ] DEBUG Engine               - actualWidth: 800.0
15:06:04.914 [FXGL Background Thread 3 ] DEBUG Engine               - actualWidthProperty: ReadOnlyDoubleProperty [value: 800.0]
15:06:04.914 [FXGL Background Thread 3 ] DEBUG Engine               - appIcon: fxgl_icon.png
15:06:04.914 [FXGL Background Thread 3 ] DEBUG Engine               - applicationMode: DEVELOPER
15:06:04.914 [FXGL Background Thread 3 ] DEBUG Engine               - cSSList: [fxgl_dark.css]
15:06:04.914 [FXGL Background Thread 3 ] DEBUG Engine               - collisionDetectionStrategy: BRUTE_FORCE
15:06:04.914 [FXGL Background Thread 3 ] DEBUG Engine               - configClass: Optional.empty
15:06:04.914 [FXGL Background Thread 3 ] DEBUG Engine               - credits: []
15:06:04.916 [FXGL Background Thread 3 ] DEBUG Engine               - defaultCursor: CursorInfo(imageName=fxgl_default_cursor.png, hotspotX=7.0, hotspotY=6.0)
15:06:04.917 [FXGL Background Thread 3 ] DEBUG Engine               - devBBoxColorProperty: ObjectProperty [value: 0xff0000ff]
15:06:04.917 [FXGL Background Thread 3 ] DEBUG Engine               - devEnableDebugCameraProperty: BooleanProperty [value: false]
15:06:04.917 [FXGL Background Thread 3 ] DEBUG Engine               - devSensorColorProperty: ObjectProperty [value: 0xffff00ff]
15:06:04.917 [FXGL Background Thread 3 ] DEBUG Engine               - devShowBBoxProperty: BooleanProperty [value: false]
15:06:04.917 [FXGL Background Thread 3 ] DEBUG Engine               - devShowPositionProperty: BooleanProperty [value: false]
15:06:04.918 [FXGL Background Thread 3 ] DEBUG Engine               - enabledMenuItems: []
15:06:04.918 [FXGL Background Thread 3 ] DEBUG Engine               - engineServices: [class com.almasb.fxgl.app.services.FXGLAssetLoaderService, class com.almasb.fxgl.app.FXGLApplication$GameApplicationService, class com.almasb.fxgl.app.services.FXGLDialogService, class com.almasb.fxgl.app.services.IOTaskExecutorService, class com.almasb.fxgl.io.FileSystemService, class com.almasb.fxgl.localization.LocalizationService, class com.almasb.fxgl.app.services.SystemBundleService, class com.almasb.fxgl.profile.SaveLoadService, class com.almasb.fxgl.ui.FXGLUIFactoryServiceProvider, class com.almasb.fxgl.ui.FXGLDialogFactoryServiceProvider, class com.almasb.fxgl.audio.AudioPlayer, class com.almasb.fxgl.notification.impl.NotificationServiceProvider, class com.almasb.fxgl.achievement.AchievementService, class com.almasb.fxgl.cutscene.CutsceneService, class com.almasb.fxgl.minigames.MiniGameService, class com.almasb.fxgl.net.NetService, class com.almasb.fxgl.app.services.UpdaterService, class com.almasb.fxgl.dev.DevService]
15:06:04.918 [FXGL Background Thread 3 ] DEBUG Engine               - fontGame: Abel-Regular.ttf
15:06:04.918 [FXGL Background Thread 3 ] DEBUG Engine               - fontMono: TerminalLandMono-Regular.otf
15:06:04.918 [FXGL Background Thread 3 ] DEBUG Engine               - fontText: Courier-Prime.ttf
15:06:04.918 [FXGL Background Thread 3 ] DEBUG Engine               - fontUI: VarelaRound-Regular.ttf
15:06:04.918 [FXGL Background Thread 3 ] DEBUG Engine               - fullScreen: BooleanProperty [value: false]
15:06:04.918 [FXGL Background Thread 3 ] DEBUG Engine               - gameDifficulty: MEDIUM
15:06:04.919 [FXGL Background Thread 3 ] DEBUG Engine               - gameDifficultyProperty: ObjectProperty [value: MEDIUM]
15:06:04.919 [FXGL Background Thread 3 ] DEBUG Engine               - globalMusicVolume: 0.5
15:06:04.919 [FXGL Background Thread 3 ] DEBUG Engine               - globalMusicVolumeProperty: DoubleProperty [value: 0.5]
15:06:04.919 [FXGL Background Thread 3 ] DEBUG Engine               - globalSoundVolume: 0.5
15:06:04.919 [FXGL Background Thread 3 ] DEBUG Engine               - globalSoundVolumeProperty: DoubleProperty [value: 0.5]
15:06:04.919 [FXGL Background Thread 3 ] DEBUG Engine               - height: 800
15:06:04.919 [FXGL Background Thread 3 ] DEBUG Engine               - is3D: false
15:06:04.919 [FXGL Background Thread 3 ] DEBUG Engine               - isAndroid: false
15:06:04.919 [FXGL Background Thread 3 ] DEBUG Engine               - isBrowser: false
15:06:04.919 [FXGL Background Thread 3 ] DEBUG Engine               - isClickFeedbackEnabled: false
15:06:04.919 [FXGL Background Thread 3 ] DEBUG Engine               - isCloseConfirmation: false
15:06:04.920 [FXGL Background Thread 3 ] DEBUG Engine               - isDesktop: true
15:06:04.920 [FXGL Background Thread 3 ] DEBUG Engine               - isDeveloperMenuEnabled: false
15:06:04.920 [FXGL Background Thread 3 ] DEBUG Engine               - isEmbedded: false
15:06:04.920 [FXGL Background Thread 3 ] DEBUG Engine               - isEntityPreloadEnabled: true
15:06:04.920 [FXGL Background Thread 3 ] DEBUG Engine               - isExperimentalTiledLargeMap: false
15:06:04.920 [FXGL Background Thread 3 ] DEBUG Engine               - isFileSystemWriteAllowed: true
15:06:04.920 [FXGL Background Thread 3 ] DEBUG Engine               - isFullScreenAllowed: false
15:06:04.920 [FXGL Background Thread 3 ] DEBUG Engine               - isFullScreenFromStart: false
15:06:04.920 [FXGL Background Thread 3 ] DEBUG Engine               - isGameMenuEnabled: true
15:06:04.920 [FXGL Background Thread 3 ] DEBUG Engine               - isIOS: false
15:06:04.920 [FXGL Background Thread 3 ] DEBUG Engine               - isIntroEnabled: false
15:06:04.920 [FXGL Background Thread 3 ] DEBUG Engine               - isLinux: true
15:06:04.920 [FXGL Background Thread 3 ] DEBUG Engine               - isMac: false
15:06:04.920 [FXGL Background Thread 3 ] DEBUG Engine               - isMainMenuEnabled: true
15:06:04.920 [FXGL Background Thread 3 ] DEBUG Engine               - isManualResizeEnabled: false
15:06:04.920 [FXGL Background Thread 3 ] DEBUG Engine               - isMobile: false
15:06:04.921 [FXGL Background Thread 3 ] DEBUG Engine               - isNative: false
15:06:04.921 [FXGL Background Thread 3 ] DEBUG Engine               - isPauseMusicWhenMinimized: true
15:06:04.921 [FXGL Background Thread 3 ] DEBUG Engine               - isPreserveResizeRatio: false
15:06:04.921 [FXGL Background Thread 3 ] DEBUG Engine               - isProfilingEnabled: false
15:06:04.921 [FXGL Background Thread 3 ] DEBUG Engine               - isScaleAffectedOnResize: true
15:06:04.921 [FXGL Background Thread 3 ] DEBUG Engine               - isSingleStep: false
15:06:04.921 [FXGL Background Thread 3 ] DEBUG Engine               - isUserProfileEnabled: false
15:06:04.921 [FXGL Background Thread 3 ] DEBUG Engine               - isWindows: false
15:06:04.921 [FXGL Background Thread 3 ] DEBUG Engine               - language: ObjectProperty [value: ENGLISH]
15:06:04.921 [FXGL Background Thread 3 ] DEBUG Engine               - menuKey: ESCAPE
15:06:04.921 [FXGL Background Thread 3 ] DEBUG Engine               - mouseSensitivity: 0.2
15:06:04.921 [FXGL Background Thread 3 ] DEBUG Engine               - notificationViewClass: class com.almasb.fxgl.notification.view.XboxNotificationView
15:06:04.921 [FXGL Background Thread 3 ] DEBUG Engine               - pixelsPerMeter: 50.0
15:06:04.921 [FXGL Background Thread 3 ] DEBUG Engine               - platform: LINUX
15:06:04.921 [FXGL Background Thread 3 ] DEBUG Engine               - prefHeightProperty: ReadOnlyDoubleProperty [value: 800.0]
15:06:04.921 [FXGL Background Thread 3 ] DEBUG Engine               - prefWidthProperty: ReadOnlyDoubleProperty [value: 800.0]
15:06:04.922 [FXGL Background Thread 3 ] DEBUG Engine               - profileDir: profiles/
15:06:04.922 [FXGL Background Thread 3 ] DEBUG Engine               - profileName: StringProperty [value: DEFAULT]
15:06:04.922 [FXGL Background Thread 3 ] DEBUG Engine               - randomSeed: -1
15:06:04.922 [FXGL Background Thread 3 ] DEBUG Engine               - runtimeInfo: RuntimeInfo(platform=LINUX, version=17.2, build=20.08.2022 16.50)
15:06:04.922 [FXGL Background Thread 3 ] DEBUG Engine               - saveFileExt: sav
15:06:04.922 [FXGL Background Thread 3 ] DEBUG Engine               - scaledHeightProp$fxgl: DoubleProperty [bound, value: 800.0]
15:06:04.922 [FXGL Background Thread 3 ] DEBUG Engine               - scaledWidthProp$fxgl: DoubleProperty [bound, value: 800.0]
15:06:04.922 [FXGL Background Thread 3 ] DEBUG Engine               - sceneFactory: com.example.basicgameapp.BasicGameApp$1@4e620fc2
15:06:04.922 [FXGL Background Thread 3 ] DEBUG Engine               - secondsIn24h: 60
15:06:04.922 [FXGL Background Thread 3 ] DEBUG Engine               - soundMenuBack: menu/back.wav
15:06:04.922 [FXGL Background Thread 3 ] DEBUG Engine               - soundMenuPress: menu/press.wav
15:06:04.922 [FXGL Background Thread 3 ] DEBUG Engine               - soundMenuSelect: menu/select.wav
15:06:04.922 [FXGL Background Thread 3 ] DEBUG Engine               - soundNotification: core/notification.wav
15:06:04.922 [FXGL Background Thread 3 ] DEBUG Engine               - stageStyle: DECORATED
15:06:04.922 [FXGL Background Thread 3 ] DEBUG Engine               - supportedLanguages: [ENGLISH, FRENCH, GERMAN, HUNGARIAN, RUSSIAN]
15:06:04.922 [FXGL Background Thread 3 ] DEBUG Engine               - ticksPerSecond: -1
15:06:04.922 [FXGL Background Thread 3 ] DEBUG Engine               - title: WorldHELL 0 
15:06:04.922 [FXGL Background Thread 3 ] DEBUG Engine               - urlGithub: https://github.com/AlmasB/FXGL
15:06:04.922 [FXGL Background Thread 3 ] DEBUG Engine               - urlLeaderboard: http://fxgl-top.herokuapp.com/
15:06:04.922 [FXGL Background Thread 3 ] DEBUG Engine               - urlPOM: https://raw.githubusercontent.com/AlmasB/FXGL/release/README.md
15:06:04.922 [FXGL Background Thread 3 ] DEBUG Engine               - userAppClass: class com.example.basicgameapp.BasicGameApp
15:06:04.922 [FXGL Background Thread 3 ] DEBUG Engine               - version: 0.1
15:06:04.922 [FXGL Background Thread 3 ] DEBUG Engine               - versionCheckDays: 7
15:06:04.922 [FXGL Background Thread 3 ] DEBUG Engine               - width: 800
15:06:04.922 [FXGL Background Thread 3 ] DEBUG Engine               - Logging services
15:06:04.922 [FXGL Background Thread 3 ] DEBUG Engine               - class com.almasb.fxgl.app.services.FXGLAssetLoaderService
15:06:04.922 [FXGL Background Thread 3 ] DEBUG Engine               - class com.almasb.fxgl.app.FXGLApplication$GameApplicationService
15:06:04.923 [FXGL Background Thread 3 ] DEBUG Engine               - class com.almasb.fxgl.app.services.FXGLDialogService
15:06:04.923 [FXGL Background Thread 3 ] DEBUG Engine               - class com.almasb.fxgl.app.services.IOTaskExecutorService
15:06:04.923 [FXGL Background Thread 3 ] DEBUG Engine               - class com.almasb.fxgl.io.FileSystemService
15:06:04.923 [FXGL Background Thread 3 ] DEBUG Engine               - class com.almasb.fxgl.localization.LocalizationService
15:06:04.923 [FXGL Background Thread 3 ] DEBUG Engine               - class com.almasb.fxgl.app.services.SystemBundleService
15:06:04.923 [FXGL Background Thread 3 ] DEBUG Engine               - class com.almasb.fxgl.profile.SaveLoadService
15:06:04.923 [FXGL Background Thread 3 ] DEBUG Engine               - class com.almasb.fxgl.ui.FXGLUIFactoryServiceProvider
15:06:04.923 [FXGL Background Thread 3 ] DEBUG Engine               - class com.almasb.fxgl.ui.FXGLDialogFactoryServiceProvider
15:06:04.923 [FXGL Background Thread 3 ] DEBUG Engine               - class com.almasb.fxgl.audio.AudioPlayer
15:06:04.923 [FXGL Background Thread 3 ] DEBUG Engine               - class com.almasb.fxgl.notification.impl.NotificationServiceProvider
15:06:04.923 [FXGL Background Thread 3 ] DEBUG Engine               - class com.almasb.fxgl.achievement.AchievementService
15:06:04.923 [FXGL Background Thread 3 ] DEBUG Engine               - class com.almasb.fxgl.cutscene.CutsceneService
15:06:04.923 [FXGL Background Thread 3 ] DEBUG Engine               - class com.almasb.fxgl.minigames.MiniGameService
15:06:04.923 [FXGL Background Thread 3 ] DEBUG Engine               - class com.almasb.fxgl.net.NetService
15:06:04.923 [FXGL Background Thread 3 ] DEBUG Engine               - class com.almasb.fxgl.app.services.UpdaterService
15:06:04.923 [FXGL Background Thread 3 ] DEBUG Engine               - class com.almasb.fxgl.dev.DevService
15:06:05.000 [JavaFX Application Thread] DEBUG FXGLAssetLoaderServi - Loading from file system: file:/home/johnt/Documents/world-hell/BasicGameApp/target/classes/assets/textures/swipe.png
15:06:07.009 [JavaFX Application Thread] DEBUG FXGLAssetLoaderServi - Loading from file system: file:/home/johnt/Documents/world-hell/BasicGameApp/target/classes/assets/sounds/slayy.wav
15:06:07.014 [JavaFX Application Thread] DEBUG FXGLAssetLoaderServi - Loading from file system: file:/home/johnt/Documents/world-hell/BasicGameApp/target/classes/assets/textures/pisos.png
15:06:12.069 [JavaFX Application Thread] DEBUG FXGLAssetLoaderServi - Loading from file system: file:/home/johnt/Documents/world-hell/BasicGameApp/target/classes/assets/sounds/eagle_death.wav
15:06:13.996 [JavaFX Application Thread] DEBUG FXGLAssetLoaderServi - Loading from file system: file:/home/johnt/Documents/world-hell/BasicGameApp/target/classes/assets/sounds/ai.wav
15:06:53.700 [JavaFX Application Thread] DEBUG PrimaryStageWindow   - Push state: DialogSubScene
15:06:53.701 [JavaFX Application Thread] DEBUG Input                - Clearing active input actions
15:06:53.701 [JavaFX Application Thread] DEBUG GameApplicationServi - Removing overlay from GameScene and adding to DialogSubScene
15:06:53.701 [JavaFX Application Thread] DEBUG PrimaryStageWindow   - GameScene -> DialogSubScene
15:06:53.701 [JavaFX Application Thread] DEBUG AudioPlayer          - Stopping music com.almasb.fxgl.audio.Music@6bd13144
15:06:55.704 [JavaFX Application Thread] DEBUG PrimaryStageWindow   - Pop state: DialogSubScene
15:06:55.704 [JavaFX Application Thread] DEBUG Input                - Clearing active input actions
15:06:55.705 [JavaFX Application Thread] DEBUG GameApplicationServi - Removing overlay from DialogSubScene and adding to GameScene
15:06:55.706 [JavaFX Application Thread] DEBUG PrimaryStageWindow   - GameScene <- DialogSubScene
15:06:55.706 [JavaFX Application Thread] DEBUG Input                - Clearing active input actions
15:06:55.715 [JavaFX Application Thread] DEBUG GameApplicationServi - Removing overlay from GameScene and adding to FXGLMainMenuDummyScene
15:06:55.715 [JavaFX Application Thread] DEBUG PrimaryStageWindow   - GameScene -> FXGLMainMenuDummyScene
15:06:55.715 [JavaFX Application Thread] DEBUG PrimaryStageWindow   - Push state: WorldHellMenu
15:06:55.715 [JavaFX Application Thread] DEBUG Input                - Clearing active input actions
15:06:55.715 [JavaFX Application Thread] DEBUG GameApplicationServi - Removing overlay from FXGLMainMenuDummyScene and adding to WorldHellMenu
15:06:55.715 [JavaFX Application Thread] DEBUG PrimaryStageWindow   - FXGLMainMenuDummyScene -> WorldHellMenu
15:06:57.199 [JavaFX Application Thread] DEBUG Menu                 - fireExit()
15:06:57.202 [JavaFX Application Thread] DEBUG PrimaryStageWindow   - Push state: DialogSubScene
15:06:57.202 [JavaFX Application Thread] DEBUG Input                - Clearing active input actions
15:06:57.204 [JavaFX Application Thread] DEBUG GameApplicationServi - Removing overlay from WorldHellMenu and adding to DialogSubScene
15:06:57.204 [JavaFX Application Thread] DEBUG PrimaryStageWindow   - WorldHellMenu -> DialogSubScene
15:06:58.989 [JavaFX Application Thread] DEBUG PrimaryStageWindow   - Pop state: DialogSubScene
15:06:58.989 [JavaFX Application Thread] DEBUG Input                - Clearing active input actions
15:06:58.990 [JavaFX Application Thread] DEBUG GameApplicationServi - Removing overlay from DialogSubScene and adding to WorldHellMenu
15:06:58.991 [JavaFX Application Thread] DEBUG PrimaryStageWindow   - WorldHellMenu <- DialogSubScene
15:06:58.991 [JavaFX Application Thread] DEBUG FXGLApplication      - Exiting FXGL
15:06:58.991 [JavaFX Application Thread] DEBUG LoopRunner           - Stopping loop
15:06:58.991 [JavaFX Application Thread] DEBUG SystemBundleService  - Saving FXGL system data
15:06:58.994 [JavaFX Application Thread] DEBUG FileSystemAccess     - Writing to: /home/johnt/Documents/world-hell/BasicGameApp/system/fxgl.bundle
15:06:58.997 [JavaFX Application Thread] DEBUG Async                - Shutting down background threads
15:06:58.997 [JavaFX Application Thread] DEBUG PrimaryStageWindow   - Closing main window
15:06:58.998 [JavaFX Application Thread] DEBUG Logger               - Closing Logger
