13:08:21.001 [main                     ] DEBUG Logger               - Configured Logger
13:08:21.032 [main                     ] DEBUG GameApplication      - Logging settings
Title: WorldHELL 0 
Version: 0.1
Width: 800
Height: 800
Fullscreen: false
Intro: false
Profiling: false
Single step:false
App Mode: DEVELOPER
Menu Key: ESCAPE
Stage Style: DECORATED
Scene Factory: class com.example.basicgameapp.BasicGameApp$1

13:08:21.557 [JavaFX Application Thread] DEBUG FXGLApplication      - Initializing FXGL
13:08:21.564 [JavaFX Application Thread] INFO  Engine               - FXGL-17.2 (20.08.2022 16.50) on WINDOWS (J:21.0.1 FX:20.0.1)
13:08:21.564 [JavaFX Application Thread] DEBUG Engine               - JRE Vendor Name: Oracle Corporation
13:08:21.565 [JavaFX Application Thread] DEBUG Engine               - Running on OS: Windows 11 version 10.0
13:08:21.565 [JavaFX Application Thread] DEBUG Engine               - Architecture: amd64
13:08:21.566 [JavaFX Application Thread] INFO  Engine               - Source code and latest versions at: https://github.com/AlmasB/FXGL
13:08:21.567 [JavaFX Application Thread] INFO  Engine               -       Ask questions and discuss at: https://github.com/AlmasB/FXGL/discussions
13:08:21.567 [JavaFX Application Thread] INFO  Engine               -              Join the FXGL chat at: https://gitter.im/AlmasB/FXGL
13:08:21.709 [JavaFX Application Thread] DEBUG PrimaryStageWindow   - Creating a JavaFX scene
13:08:21.793 [JavaFX Application Thread] DEBUG PrimaryStageWindow   - Target settings size: 800.0 x 800.0
13:08:21.793 [JavaFX Application Thread] DEBUG PrimaryStageWindow   - Scaled scene size:    800.0 x 800.0
13:08:21.794 [JavaFX Application Thread] DEBUG PrimaryStageWindow   - Scaled ratio: (1.0, 1.0)
13:08:21.795 [JavaFX Application Thread] DEBUG PrimaryStageWindow   - Set initial scene to FXGLStartupScene
13:08:21.801 [JavaFX Application Thread] DEBUG PrimaryStageWindow   - Opening main window
13:08:21.920 [JavaFX Application Thread] DEBUG PrimaryStageWindow   - Window border size: (14.4000244140625, 37.5999755859375)
13:08:21.921 [JavaFX Application Thread] DEBUG PrimaryStageWindow   - Scaled size: 800.0 x 800.0
13:08:21.921 [JavaFX Application Thread] DEBUG PrimaryStageWindow   - Scaled ratio: (1.0, 1.0)
13:08:21.921 [JavaFX Application Thread] DEBUG PrimaryStageWindow   - Scene size: 800.0 x 800.0
13:08:21.922 [JavaFX Application Thread] DEBUG PrimaryStageWindow   - Stage size: 814.4000244140625 x 837.5999755859375
13:08:21.936 [FXGL Background Thread 1 ] DEBUG Engine               - Initializing environment variables
13:08:22.007 [FXGL Background Thread 1 ] DEBUG FXGLAssetLoaderServi - User app class for loading assets: class com.example.basicgameapp.BasicGameApp
13:08:22.007 [FXGL Background Thread 1 ] DEBUG GameApplicationServi - Applying CSS: fxgl_dark.css
13:08:22.008 [FXGL Background Thread 1 ] DEBUG FXGLAssetLoaderServi - Loading from file system: jar:file:///C:/Users/majah/.m2/repository/com/github/almasb/fxgl/17.2/fxgl-17.2.jar!/fxglassets/ui/css/fxgl_dark.css
13:08:22.069 [FXGL Background Thread 1 ] DEBUG GameApplicationServi - Initializing application scenes
13:08:22.122 [FXGL Background Thread 1 ] DEBUG GameWorld            - Game world initialized
13:08:22.199 [FXGL Background Thread 1 ] DEBUG PhysicsWorld         - Physics world initialized: appHeight=800, physics.ppm=50.0
13:08:22.200 [FXGL Background Thread 1 ] DEBUG PhysicsWorld         - Using strategy: BRUTE_FORCE
13:08:22.205 [FXGL Background Thread 1 ] DEBUG GameScene            - Game scene initialized: 800x800
13:08:22.212 [FXGL Background Thread 1 ] DEBUG FXGLAssetLoaderServi - Loading from file system: file:/C:/Users/majah/OneDrive/Desktop/wH/world-hell/BasicGameApp/target/classes/assets/textures/BG.png
13:08:22.305 [FXGL Background Thread 1 ] DEBUG GameApplicationServi - Application scenes initialized
13:08:22.327 [FXGL Background Thread 1 ] DEBUG SystemBundleService  - Loading FXGL system data
13:08:22.333 [FXGL Background Thread 1 ] DEBUG FileSystemAccess     - Reading from: C:\Users\majah\OneDrive\Desktop\wH\world-hell\BasicGameApp\system\fxgl.bundle
13:08:22.350 [FXGL Background Thread 1 ] DEBUG SystemBundleService  - Bundle FXGL: {}
13:08:22.350 [FXGL Background Thread 1 ] DEBUG UpdaterService       - Checking for updates
13:08:22.357 [FXGL Background Thread 4 ] DEBUG FXGLApplication      - Loading fonts
13:08:22.357 [FXGL Background Thread 1 ] DEBUG FXGLApplication      - Loading default localization
13:08:22.357 [FXGL Background Thread 4 ] DEBUG FXGLAssetLoaderServi - Loading from file system: jar:file:///C:/Users/majah/.m2/repository/com/github/almasb/fxgl/17.2/fxgl-17.2.jar!/fxglassets/ui/fonts/VarelaRound-Regular.ttf
13:08:22.358 [FXGL Background Thread 1 ] DEBUG FXGLAssetLoaderServi - Loading from file system: jar:file:///C:/Users/majah/.m2/repository/com/github/almasb/fxgl/17.2/fxgl-17.2.jar!/fxglassets/languages/english.lang
13:08:22.387 [FXGL Background Thread 1 ] INFO  FXGLApplication      - FXGL initialization took: 0.452 sec
13:08:22.400 [JavaFX Application Thread] DEBUG Input                - Registered new binding: action0 - D
13:08:22.401 [JavaFX Application Thread] DEBUG Input                - Registered new binding: action1 - A
13:08:22.401 [JavaFX Application Thread] DEBUG Input                - Registered new binding: action2 - W
13:08:22.402 [JavaFX Application Thread] DEBUG Input                - Registered new binding: action3 - S
13:08:22.402 [JavaFX Application Thread] DEBUG FXGLAssetLoaderServi - Loading from file system: file:/C:/Users/majah/OneDrive/Desktop/wH/world-hell/BasicGameApp/target/classes/assets/music/Rip%20&%20Tear%20Doom%20OST.mp3
13:08:22.417 [FXGL Background Thread 4 ] DEBUG FXGLAssetLoaderServi - Loading from file system: jar:file:///C:/Users/majah/.m2/repository/com/github/almasb/fxgl/17.2/fxgl-17.2.jar!/fxglassets/ui/fonts/Abel-Regular.ttf
13:08:22.433 [FXGL Background Thread 4 ] DEBUG FXGLAssetLoaderServi - Loading from file system: jar:file:///C:/Users/majah/.m2/repository/com/github/almasb/fxgl/17.2/fxgl-17.2.jar!/fxglassets/ui/fonts/TerminalLandMono-Regular.otf
13:08:22.447 [FXGL Background Thread 4 ] DEBUG FXGLAssetLoaderServi - Loading from file system: jar:file:///C:/Users/majah/.m2/repository/com/github/almasb/fxgl/17.2/fxgl-17.2.jar!/fxglassets/ui/fonts/Courier-Prime.ttf
13:08:22.569 [JavaFX Application Thread] DEBUG AudioPlayer          - Playing music com.almasb.fxgl.audio.Music@1539e1b1
13:08:22.569 [JavaFX Application Thread] DEBUG FXGLAssetLoaderServi - Loading from file system: jar:file:///C:/Users/majah/.m2/repository/com/github/almasb/fxgl/17.2/fxgl-17.2.jar!/fxglassets/textures/fxgl_icon.png
13:08:22.592 [JavaFX Application Thread] DEBUG FXGLAssetLoaderServi - Loading from file system: jar:file:///C:/Users/majah/.m2/repository/com/github/almasb/fxgl/17.2/fxgl-17.2.jar!/fxglassets/textures/fxgl_default_cursor.png
13:08:22.594 [JavaFX Application Thread] DEBUG Input                - Registered new binding: Screenshot - CTRL+8
13:08:22.595 [JavaFX Application Thread] DEBUG Input                - Registered new binding: System info dump - CTRL+9
13:08:22.595 [JavaFX Application Thread] DEBUG Input                - Registered new binding: Restart - CTRL+R
13:08:22.596 [JavaFX Application Thread] DEBUG Input                - Registered new binding: Toggle Debug Camera - CTRL+7
13:08:22.598 [JavaFX Application Thread] DEBUG LoopRunner           - Starting loop
13:08:22.598 [JavaFX Application Thread] DEBUG LoopRunner           - Initializing JavaFX AnimationTimerLoop
13:08:22.603 [JavaFX Application Thread] DEBUG Input                - Clearing active input actions
13:08:22.618 [JavaFX Application Thread] DEBUG GameApplicationServi - Removing overlay from FXGLStartupScene and adding to FXGLMainMenuDummyScene
13:08:22.618 [JavaFX Application Thread] DEBUG PrimaryStageWindow   - FXGLStartupScene -> FXGLMainMenuDummyScene
13:08:22.618 [JavaFX Application Thread] DEBUG PrimaryStageWindow   - Push state: WorldHellMenu
13:08:22.618 [JavaFX Application Thread] DEBUG Input                - Clearing active input actions
13:08:22.626 [JavaFX Application Thread] DEBUG GameApplicationServi - Removing overlay from FXGLMainMenuDummyScene and adding to WorldHellMenu
13:08:22.628 [JavaFX Application Thread] DEBUG PrimaryStageWindow   - FXGLMainMenuDummyScene -> WorldHellMenu
13:08:22.628 [JavaFX Application Thread] DEBUG FXGLApplication      - Registering font factories with UI factory
13:08:23.674 [FXGL Background Thread 2 ] INFO  UpdaterService       - Your current version:  17.2
13:08:23.675 [FXGL Background Thread 2 ] INFO  UpdaterService       - Latest stable version: 17.3
13:08:25.355 [FXGL Background Thread 3 ] DEBUG Engine               - Logging environment variables
13:08:25.356 [FXGL Background Thread 3 ] DEBUG Engine               - achievements: []
13:08:25.356 [FXGL Background Thread 3 ] DEBUG Engine               - actualHeight: 800.0
13:08:25.357 [FXGL Background Thread 3 ] DEBUG Engine               - actualHeightProperty: ReadOnlyDoubleProperty [value: 800.0]
13:08:25.357 [FXGL Background Thread 3 ] DEBUG Engine               - actualWidth: 800.0
13:08:25.357 [FXGL Background Thread 3 ] DEBUG Engine               - actualWidthProperty: ReadOnlyDoubleProperty [value: 800.0]
13:08:25.357 [FXGL Background Thread 3 ] DEBUG Engine               - appIcon: fxgl_icon.png
13:08:25.357 [FXGL Background Thread 3 ] DEBUG Engine               - applicationMode: DEVELOPER
13:08:25.357 [FXGL Background Thread 3 ] DEBUG Engine               - cSSList: [fxgl_dark.css]
13:08:25.357 [FXGL Background Thread 3 ] DEBUG Engine               - collisionDetectionStrategy: BRUTE_FORCE
13:08:25.357 [FXGL Background Thread 3 ] DEBUG Engine               - configClass: Optional.empty
13:08:25.357 [FXGL Background Thread 3 ] DEBUG Engine               - credits: []
13:08:25.360 [FXGL Background Thread 3 ] DEBUG Engine               - defaultCursor: CursorInfo(imageName=fxgl_default_cursor.png, hotspotX=7.0, hotspotY=6.0)
13:08:25.360 [FXGL Background Thread 3 ] DEBUG Engine               - devBBoxColorProperty: ObjectProperty [value: 0xff0000ff]
13:08:25.360 [FXGL Background Thread 3 ] DEBUG Engine               - devEnableDebugCameraProperty: BooleanProperty [value: false]
13:08:25.361 [FXGL Background Thread 3 ] DEBUG Engine               - devSensorColorProperty: ObjectProperty [value: 0xffff00ff]
13:08:25.361 [FXGL Background Thread 3 ] DEBUG Engine               - devShowBBoxProperty: BooleanProperty [value: false]
13:08:25.361 [FXGL Background Thread 3 ] DEBUG Engine               - devShowPositionProperty: BooleanProperty [value: false]
13:08:25.361 [FXGL Background Thread 3 ] DEBUG Engine               - enabledMenuItems: []
13:08:25.361 [FXGL Background Thread 3 ] DEBUG Engine               - engineServices: [class com.almasb.fxgl.app.services.FXGLAssetLoaderService, class com.almasb.fxgl.app.FXGLApplication$GameApplicationService, class com.almasb.fxgl.app.services.FXGLDialogService, class com.almasb.fxgl.app.services.IOTaskExecutorService, class com.almasb.fxgl.io.FileSystemService, class com.almasb.fxgl.localization.LocalizationService, class com.almasb.fxgl.app.services.SystemBundleService, class com.almasb.fxgl.profile.SaveLoadService, class com.almasb.fxgl.ui.FXGLUIFactoryServiceProvider, class com.almasb.fxgl.ui.FXGLDialogFactoryServiceProvider, class com.almasb.fxgl.audio.AudioPlayer, class com.almasb.fxgl.notification.impl.NotificationServiceProvider, class com.almasb.fxgl.achievement.AchievementService, class com.almasb.fxgl.cutscene.CutsceneService, class com.almasb.fxgl.minigames.MiniGameService, class com.almasb.fxgl.net.NetService, class com.almasb.fxgl.app.services.UpdaterService, class com.almasb.fxgl.dev.DevService]
13:08:25.361 [FXGL Background Thread 3 ] DEBUG Engine               - fontGame: Abel-Regular.ttf
13:08:25.361 [FXGL Background Thread 3 ] DEBUG Engine               - fontMono: TerminalLandMono-Regular.otf
13:08:25.361 [FXGL Background Thread 3 ] DEBUG Engine               - fontText: Courier-Prime.ttf
13:08:25.361 [FXGL Background Thread 3 ] DEBUG Engine               - fontUI: VarelaRound-Regular.ttf
13:08:25.361 [FXGL Background Thread 3 ] DEBUG Engine               - fullScreen: BooleanProperty [value: false]
13:08:25.361 [FXGL Background Thread 3 ] DEBUG Engine               - gameDifficulty: MEDIUM
13:08:25.361 [FXGL Background Thread 3 ] DEBUG Engine               - gameDifficultyProperty: ObjectProperty [value: MEDIUM]
13:08:25.362 [FXGL Background Thread 3 ] DEBUG Engine               - globalMusicVolume: 0.5
13:08:25.362 [FXGL Background Thread 3 ] DEBUG Engine               - globalMusicVolumeProperty: DoubleProperty [value: 0.2]
13:08:25.362 [FXGL Background Thread 3 ] DEBUG Engine               - globalSoundVolume: 0.5
13:08:25.362 [FXGL Background Thread 3 ] DEBUG Engine               - globalSoundVolumeProperty: DoubleProperty [value: 0.5]
13:08:25.362 [FXGL Background Thread 3 ] DEBUG Engine               - height: 800
13:08:25.362 [FXGL Background Thread 3 ] DEBUG Engine               - is3D: false
13:08:25.362 [FXGL Background Thread 3 ] DEBUG Engine               - isAndroid: false
13:08:25.362 [FXGL Background Thread 3 ] DEBUG Engine               - isBrowser: false
13:08:25.362 [FXGL Background Thread 3 ] DEBUG Engine               - isClickFeedbackEnabled: false
13:08:25.362 [FXGL Background Thread 3 ] DEBUG Engine               - isCloseConfirmation: false
13:08:25.362 [FXGL Background Thread 3 ] DEBUG Engine               - isDesktop: true
13:08:25.363 [FXGL Background Thread 3 ] DEBUG Engine               - isDeveloperMenuEnabled: false
13:08:25.363 [FXGL Background Thread 3 ] DEBUG Engine               - isEmbedded: false
13:08:25.363 [FXGL Background Thread 3 ] DEBUG Engine               - isEntityPreloadEnabled: true
13:08:25.363 [FXGL Background Thread 3 ] DEBUG Engine               - isExperimentalTiledLargeMap: false
13:08:25.363 [FXGL Background Thread 3 ] DEBUG Engine               - isFileSystemWriteAllowed: true
13:08:25.363 [FXGL Background Thread 3 ] DEBUG Engine               - isFullScreenAllowed: false
13:08:25.363 [FXGL Background Thread 3 ] DEBUG Engine               - isFullScreenFromStart: false
13:08:25.363 [FXGL Background Thread 3 ] DEBUG Engine               - isGameMenuEnabled: true
13:08:25.363 [FXGL Background Thread 3 ] DEBUG Engine               - isIOS: false
13:08:25.363 [FXGL Background Thread 3 ] DEBUG Engine               - isIntroEnabled: false
13:08:25.363 [FXGL Background Thread 3 ] DEBUG Engine               - isLinux: false
13:08:25.363 [FXGL Background Thread 3 ] DEBUG Engine               - isMac: false
13:08:25.363 [FXGL Background Thread 3 ] DEBUG Engine               - isMainMenuEnabled: true
13:08:25.364 [FXGL Background Thread 3 ] DEBUG Engine               - isManualResizeEnabled: false
13:08:25.364 [FXGL Background Thread 3 ] DEBUG Engine               - isMobile: false
13:08:25.364 [FXGL Background Thread 3 ] DEBUG Engine               - isNative: false
13:08:25.364 [FXGL Background Thread 3 ] DEBUG Engine               - isPauseMusicWhenMinimized: true
13:08:25.364 [FXGL Background Thread 3 ] DEBUG Engine               - isPreserveResizeRatio: false
13:08:25.364 [FXGL Background Thread 3 ] DEBUG Engine               - isProfilingEnabled: false
13:08:25.364 [FXGL Background Thread 3 ] DEBUG Engine               - isScaleAffectedOnResize: true
13:08:25.364 [FXGL Background Thread 3 ] DEBUG Engine               - isSingleStep: false
13:08:25.365 [FXGL Background Thread 3 ] DEBUG Engine               - isUserProfileEnabled: false
13:08:25.365 [FXGL Background Thread 3 ] DEBUG Engine               - isWindows: true
13:08:25.365 [FXGL Background Thread 3 ] DEBUG Engine               - language: ObjectProperty [value: ENGLISH]
13:08:25.365 [FXGL Background Thread 3 ] DEBUG Engine               - menuKey: ESCAPE
13:08:25.365 [FXGL Background Thread 3 ] DEBUG Engine               - mouseSensitivity: 0.2
13:08:25.365 [FXGL Background Thread 3 ] DEBUG Engine               - notificationViewClass: class com.almasb.fxgl.notification.view.XboxNotificationView
13:08:25.365 [FXGL Background Thread 3 ] DEBUG Engine               - pixelsPerMeter: 50.0
13:08:25.366 [FXGL Background Thread 3 ] DEBUG Engine               - platform: WINDOWS
13:08:25.366 [FXGL Background Thread 3 ] DEBUG Engine               - prefHeightProperty: ReadOnlyDoubleProperty [value: 800.0]
13:08:25.366 [FXGL Background Thread 3 ] DEBUG Engine               - prefWidthProperty: ReadOnlyDoubleProperty [value: 800.0]
13:08:25.366 [FXGL Background Thread 3 ] DEBUG Engine               - profileDir: profiles/
13:08:25.366 [FXGL Background Thread 3 ] DEBUG Engine               - profileName: StringProperty [value: DEFAULT]
13:08:25.366 [FXGL Background Thread 3 ] DEBUG Engine               - randomSeed: -1
13:08:25.367 [FXGL Background Thread 3 ] DEBUG Engine               - runtimeInfo: RuntimeInfo(platform=WINDOWS, version=17.2, build=20.08.2022 16.50)
13:08:25.367 [FXGL Background Thread 3 ] DEBUG Engine               - saveFileExt: sav
13:08:25.367 [FXGL Background Thread 3 ] DEBUG Engine               - scaledHeightProp$fxgl: DoubleProperty [bound, value: 800.0]
13:08:25.367 [FXGL Background Thread 3 ] DEBUG Engine               - scaledWidthProp$fxgl: DoubleProperty [bound, value: 800.0]
13:08:25.367 [FXGL Background Thread 3 ] DEBUG Engine               - sceneFactory: com.example.basicgameapp.BasicGameApp$1@59b97152
13:08:25.367 [FXGL Background Thread 3 ] DEBUG Engine               - secondsIn24h: 60
13:08:25.367 [FXGL Background Thread 3 ] DEBUG Engine               - soundMenuBack: menu/back.wav
13:08:25.367 [FXGL Background Thread 3 ] DEBUG Engine               - soundMenuPress: menu/press.wav
13:08:25.367 [FXGL Background Thread 3 ] DEBUG Engine               - soundMenuSelect: menu/select.wav
13:08:25.367 [FXGL Background Thread 3 ] DEBUG Engine               - soundNotification: core/notification.wav
13:08:25.368 [FXGL Background Thread 3 ] DEBUG Engine               - stageStyle: DECORATED
13:08:25.368 [FXGL Background Thread 3 ] DEBUG Engine               - supportedLanguages: [ENGLISH, FRENCH, GERMAN, HUNGARIAN, RUSSIAN]
13:08:25.368 [FXGL Background Thread 3 ] DEBUG Engine               - ticksPerSecond: -1
13:08:25.368 [FXGL Background Thread 3 ] DEBUG Engine               - title: WorldHELL 0 
13:08:25.368 [FXGL Background Thread 3 ] DEBUG Engine               - urlGithub: https://github.com/AlmasB/FXGL
13:08:25.368 [FXGL Background Thread 3 ] DEBUG Engine               - urlLeaderboard: http://fxgl-top.herokuapp.com/
13:08:25.368 [FXGL Background Thread 3 ] DEBUG Engine               - urlPOM: https://raw.githubusercontent.com/AlmasB/FXGL/release/README.md
13:08:25.368 [FXGL Background Thread 3 ] DEBUG Engine               - userAppClass: class com.example.basicgameapp.BasicGameApp
13:08:25.368 [FXGL Background Thread 3 ] DEBUG Engine               - version: 0.1
13:08:25.368 [FXGL Background Thread 3 ] DEBUG Engine               - versionCheckDays: 7
13:08:25.368 [FXGL Background Thread 3 ] DEBUG Engine               - width: 800
13:08:25.368 [FXGL Background Thread 3 ] DEBUG Engine               - Logging services
13:08:25.368 [FXGL Background Thread 3 ] DEBUG Engine               - class com.almasb.fxgl.app.services.FXGLAssetLoaderService
13:08:25.368 [FXGL Background Thread 3 ] DEBUG Engine               - class com.almasb.fxgl.app.FXGLApplication$GameApplicationService
13:08:25.368 [FXGL Background Thread 3 ] DEBUG Engine               - class com.almasb.fxgl.app.services.FXGLDialogService
13:08:25.368 [FXGL Background Thread 3 ] DEBUG Engine               - class com.almasb.fxgl.app.services.IOTaskExecutorService
13:08:25.368 [FXGL Background Thread 3 ] DEBUG Engine               - class com.almasb.fxgl.io.FileSystemService
13:08:25.369 [FXGL Background Thread 3 ] DEBUG Engine               - class com.almasb.fxgl.localization.LocalizationService
13:08:25.369 [FXGL Background Thread 3 ] DEBUG Engine               - class com.almasb.fxgl.app.services.SystemBundleService
13:08:25.369 [FXGL Background Thread 3 ] DEBUG Engine               - class com.almasb.fxgl.profile.SaveLoadService
13:08:25.369 [FXGL Background Thread 3 ] DEBUG Engine               - class com.almasb.fxgl.ui.FXGLUIFactoryServiceProvider
13:08:25.369 [FXGL Background Thread 3 ] DEBUG Engine               - class com.almasb.fxgl.ui.FXGLDialogFactoryServiceProvider
13:08:25.369 [FXGL Background Thread 3 ] DEBUG Engine               - class com.almasb.fxgl.audio.AudioPlayer
13:08:25.369 [FXGL Background Thread 3 ] DEBUG Engine               - class com.almasb.fxgl.notification.impl.NotificationServiceProvider
13:08:25.369 [FXGL Background Thread 3 ] DEBUG Engine               - class com.almasb.fxgl.achievement.AchievementService
13:08:25.369 [FXGL Background Thread 3 ] DEBUG Engine               - class com.almasb.fxgl.cutscene.CutsceneService
13:08:25.369 [FXGL Background Thread 3 ] DEBUG Engine               - class com.almasb.fxgl.minigames.MiniGameService
13:08:25.369 [FXGL Background Thread 3 ] DEBUG Engine               - class com.almasb.fxgl.net.NetService
13:08:25.369 [FXGL Background Thread 3 ] DEBUG Engine               - class com.almasb.fxgl.app.services.UpdaterService
13:08:25.369 [FXGL Background Thread 3 ] DEBUG Engine               - class com.almasb.fxgl.dev.DevService
13:08:26.955 [JavaFX Application Thread] DEBUG Menu                 - fireNewGame()
13:08:26.955 [JavaFX Application Thread] DEBUG GameApplicationServi - Starting new game
13:08:26.957 [JavaFX Application Thread] DEBUG PrimaryStageWindow   - Pop state: WorldHellMenu
13:08:26.957 [JavaFX Application Thread] DEBUG Input                - Clearing active input actions
13:08:26.959 [JavaFX Application Thread] DEBUG GameApplicationServi - Removing overlay from WorldHellMenu and adding to FXGLMainMenuDummyScene
13:08:26.960 [JavaFX Application Thread] DEBUG PrimaryStageWindow   - FXGLMainMenuDummyScene <- WorldHellMenu
13:08:26.961 [JavaFX Application Thread] DEBUG Input                - Clearing active input actions
13:08:26.980 [JavaFX Application Thread] DEBUG GameApplicationServi - Removing overlay from FXGLMainMenuDummyScene and adding to FXGLLoadingScene
13:08:26.982 [JavaFX Application Thread] DEBUG PrimaryStageWindow   - FXGLMainMenuDummyScene -> FXGLLoadingScene
13:08:26.982 [JavaFX Application Thread] DEBUG GameApplicationServi - Clearing previous game
13:08:26.982 [JavaFX Application Thread] DEBUG GameScene            - Clearing game scene
13:08:26.982 [JavaFX Application Thread] DEBUG GameWorld            - Clearing game world
13:08:26.983 [JavaFX Application Thread] DEBUG PhysicsWorld         - Clearing physics world
13:08:26.987 [FXGL Background Thread 2 ] DEBUG FXGLApplication      - Initializing game
13:08:26.990 [FXGL Background Thread 2 ] DEBUG AudioPlayer          - Playing music com.almasb.fxgl.audio.Music@1539e1b1
13:08:26.991 [FXGL Background Thread 2 ] DEBUG FXGLAssetLoaderServi - Loading from file system: file:/C:/Users/majah/OneDrive/Desktop/wH/world-hell/BasicGameApp/target/classes/assets/textures/bloody_paper2.jpg
13:08:27.024 [FXGL Background Thread 2 ] DEBUG FXGLAssetLoaderServi - Loading from file system: file:/C:/Users/majah/OneDrive/Desktop/wH/world-hell/BasicGameApp/target/classes/assets/textures/girl_colored.png
13:08:27.070 [FXGL Background Thread 2 ] INFO  FXGLApplication      - Game initialization took: 0.083 sec
13:08:27.090 [JavaFX Application Thread] DEBUG Input                - Clearing active input actions
13:08:27.097 [JavaFX Application Thread] DEBUG GameApplicationServi - Removing overlay from FXGLLoadingScene and adding to GameScene
13:08:27.097 [JavaFX Application Thread] DEBUG PrimaryStageWindow   - FXGLLoadingScene -> GameScene
13:08:27.784 [JavaFX Application Thread] DEBUG FXGLAssetLoaderServi - Loading from file system: file:/C:/Users/majah/OneDrive/Desktop/wH/world-hell/BasicGameApp/target/classes/assets/textures/zombie_colored.png
13:08:27.795 [JavaFX Application Thread] DEBUG FXGLAssetLoaderServi - Loading from file system: file:/C:/Users/majah/OneDrive/Desktop/wH/world-hell/BasicGameApp/target/classes/assets/textures/eagle_colored.png
13:08:27.801 [JavaFX Application Thread] DEBUG FXGLAssetLoaderServi - Loading from file system: file:/C:/Users/majah/OneDrive/Desktop/wH/world-hell/BasicGameApp/target/classes/assets/textures/bird_colored.png
13:08:28.292 [JavaFX Application Thread] DEBUG FXGLAssetLoaderServi - Loading from file system: file:/C:/Users/majah/OneDrive/Desktop/wH/world-hell/BasicGameApp/target/classes/assets/textures/rightslash.png
13:08:28.296 [JavaFX Application Thread] DEBUG FXGLAssetLoaderServi - Loading from file system: file:/C:/Users/majah/OneDrive/Desktop/wH/world-hell/BasicGameApp/target/classes/assets/sounds/swipe.wav
13:08:32.117 [JavaFX Application Thread] DEBUG FXGLAssetLoaderServi - Loading from file system: file:/C:/Users/majah/OneDrive/Desktop/wH/world-hell/BasicGameApp/target/classes/assets/sounds/zombie_pain.wav
13:08:32.128 [JavaFX Application Thread] DEBUG FXGLAssetLoaderServi - Loading from file system: file:/C:/Users/majah/OneDrive/Desktop/wH/world-hell/BasicGameApp/target/classes/assets/textures/pisos.png
13:08:33.123 [JavaFX Application Thread] DEBUG FXGLAssetLoaderServi - Loading from file system: file:/C:/Users/majah/OneDrive/Desktop/wH/world-hell/BasicGameApp/target/classes/assets/sounds/coin_get.wav
13:08:38.087 [JavaFX Application Thread] DEBUG FXGLAssetLoaderServi - Loading from file system: file:/C:/Users/majah/OneDrive/Desktop/wH/world-hell/BasicGameApp/target/classes/assets/sounds/eagle_death.wav
13:08:38.101 [JavaFX Application Thread] DEBUG FXGLAssetLoaderServi - Loading from file system: file:/C:/Users/majah/OneDrive/Desktop/wH/world-hell/BasicGameApp/target/classes/assets/sounds/bird_death.wav
13:08:39.491 [JavaFX Application Thread] DEBUG FXGLAssetLoaderServi - Loading from file system: file:/C:/Users/majah/OneDrive/Desktop/wH/world-hell/BasicGameApp/target/classes/assets/sounds/player_pain.wav
13:08:48.772 [JavaFX Application Thread] DEBUG FXGLApplication      - Exiting FXGL
13:08:48.772 [JavaFX Application Thread] DEBUG LoopRunner           - Stopping loop
13:08:48.772 [JavaFX Application Thread] DEBUG SystemBundleService  - Saving FXGL system data
13:08:48.781 [JavaFX Application Thread] DEBUG FileSystemAccess     - Writing to: C:\Users\majah\OneDrive\Desktop\wH\world-hell\BasicGameApp\system\fxgl.bundle
13:08:48.788 [JavaFX Application Thread] DEBUG Async                - Shutting down background threads
13:08:48.788 [JavaFX Application Thread] DEBUG PrimaryStageWindow   - Closing main window
13:08:48.826 [JavaFX Application Thread] DEBUG Logger               - Closing Logger
