10:52:06.129 [main                     ] DEBUG Logger               - Configured Logger
10:52:06.159 [main                     ] DEBUG GameApplication      - Logging settings
Title: WorldHELL 0 
Version: 0.1
Width: 800
Height: 800
Fullscreen: false
Intro: false
Profiling: false
Single step:false
App Mode: DEVELOPER
Menu Key: ESCAPE
Stage Style: DECORATED
Scene Factory: class com.example.basicgameapp.sceneFactory

10:52:06.520 [JavaFX Application Thread] DEBUG FXGLApplication      - Initializing FXGL
10:52:06.527 [JavaFX Application Thread] INFO  Engine               - FXGL-17.2 (20.08.2022 16.50) on WINDOWS (J:20.0.2 FX:20.0.1)
10:52:06.527 [JavaFX Application Thread] DEBUG Engine               - JRE Vendor Name: Oracle Corporation
10:52:06.528 [JavaFX Application Thread] DEBUG Engine               - Running on OS: Windows 11 version 10.0
10:52:06.528 [JavaFX Application Thread] DEBUG Engine               - Architecture: amd64
10:52:06.528 [JavaFX Application Thread] INFO  Engine               - Source code and latest versions at: https://github.com/AlmasB/FXGL
10:52:06.528 [JavaFX Application Thread] INFO  Engine               -       Ask questions and discuss at: https://github.com/AlmasB/FXGL/discussions
10:52:06.528 [JavaFX Application Thread] INFO  Engine               -              Join the FXGL chat at: https://gitter.im/AlmasB/FXGL
10:52:06.632 [JavaFX Application Thread] DEBUG PrimaryStageWindow   - Creating a JavaFX scene
10:52:06.689 [JavaFX Application Thread] DEBUG PrimaryStageWindow   - Target settings size: 800.0 x 800.0
10:52:06.690 [JavaFX Application Thread] DEBUG PrimaryStageWindow   - Scaled scene size:    800.0 x 800.0
10:52:06.690 [JavaFX Application Thread] DEBUG PrimaryStageWindow   - Scaled ratio: (1.0, 1.0)
10:52:06.691 [JavaFX Application Thread] DEBUG PrimaryStageWindow   - Set initial scene to FXGLStartupScene
10:52:06.695 [JavaFX Application Thread] DEBUG PrimaryStageWindow   - Opening main window
10:52:06.783 [JavaFX Application Thread] DEBUG PrimaryStageWindow   - Window border size: (14.4000244140625, 37.5999755859375)
10:52:06.783 [JavaFX Application Thread] DEBUG PrimaryStageWindow   - Scaled size: 800.0 x 800.0
10:52:06.783 [JavaFX Application Thread] DEBUG PrimaryStageWindow   - Scaled ratio: (1.0, 1.0)
10:52:06.783 [JavaFX Application Thread] DEBUG PrimaryStageWindow   - Scene size: 800.0 x 800.0
10:52:06.784 [JavaFX Application Thread] DEBUG PrimaryStageWindow   - Stage size: 814.4000244140625 x 837.5999755859375
10:52:06.794 [FXGL Background Thread 1 ] DEBUG Engine               - Initializing environment variables
10:52:06.856 [FXGL Background Thread 1 ] DEBUG FXGLAssetLoaderServi - User app class for loading assets: class com.example.basicgameapp.BasicGameApp
10:52:06.857 [FXGL Background Thread 1 ] DEBUG GameApplicationServi - Applying CSS: fxgl_dark.css
10:52:06.858 [FXGL Background Thread 1 ] DEBUG FXGLAssetLoaderServi - Loading from file system: jar:file:///C:/Users/majah/.m2/repository/com/github/almasb/fxgl/17.2/fxgl-17.2.jar!/fxglassets/ui/css/fxgl_dark.css
10:52:06.911 [FXGL Background Thread 1 ] DEBUG GameApplicationServi - Initializing application scenes
10:52:06.952 [FXGL Background Thread 1 ] DEBUG GameWorld            - Game world initialized
10:52:07.025 [FXGL Background Thread 1 ] DEBUG PhysicsWorld         - Physics world initialized: appHeight=800, physics.ppm=50.0
10:52:07.025 [FXGL Background Thread 1 ] DEBUG PhysicsWorld         - Using strategy: BRUTE_FORCE
10:52:07.030 [FXGL Background Thread 1 ] DEBUG GameScene            - Game scene initialized: 800x800
10:52:07.044 [FXGL Background Thread 1 ] DEBUG FXGL.DefaultMenu     - createMenuBodyGameMenu()
10:52:07.058 [FXGL Background Thread 1 ] DEBUG FXGL.DefaultMenu     - createOptionsMenu()
10:52:07.071 [FXGL Background Thread 1 ] DEBUG FXGLAssetLoaderServi - Loading from file system: jar:file:///C:/Users/majah/.m2/repository/com/github/almasb/fxgl/17.2/fxgl-17.2.jar!/fxglassets/textures/particles/smoke.png
10:52:07.192 [FXGL Background Thread 1 ] DEBUG FXGLAssetLoaderServi - Loading from file system: jar:file:///C:/Users/majah/.m2/repository/com/github/almasb/fxgl/17.2/fxgl-17.2.jar!/fxglassets/textures/particles/trace_horizontal.png
10:52:07.232 [FXGL Background Thread 1 ] DEBUG GameApplicationServi - Application scenes initialized
10:52:07.252 [FXGL Background Thread 1 ] DEBUG SystemBundleService  - Loading FXGL system data
10:52:07.258 [FXGL Background Thread 1 ] DEBUG FileSystemAccess     - Reading from: C:\Users\majah\IdeaProjects\BasicGameApp\system\fxgl.bundle
10:52:07.271 [FXGL Background Thread 1 ] DEBUG SystemBundleService  - Bundle FXGL: {}
10:52:07.271 [FXGL Background Thread 1 ] DEBUG UpdaterService       - Checking for updates
10:52:07.278 [FXGL Background Thread 1 ] DEBUG FXGLApplication      - Loading default localization
10:52:07.278 [FXGL Background Thread 4 ] DEBUG FXGLApplication      - Loading fonts
10:52:07.279 [FXGL Background Thread 4 ] DEBUG FXGLAssetLoaderServi - Loading from file system: jar:file:///C:/Users/majah/.m2/repository/com/github/almasb/fxgl/17.2/fxgl-17.2.jar!/fxglassets/ui/fonts/VarelaRound-Regular.ttf
10:52:07.281 [FXGL Background Thread 1 ] DEBUG FXGLAssetLoaderServi - Loading from file system: jar:file:///C:/Users/majah/.m2/repository/com/github/almasb/fxgl/17.2/fxgl-17.2.jar!/fxglassets/languages/english.lang
10:52:07.314 [FXGL Background Thread 1 ] INFO  FXGLApplication      - FXGL initialization took: 0.521 sec
10:52:07.330 [JavaFX Application Thread] DEBUG Input                - Registered new binding: action0 - D
10:52:07.330 [JavaFX Application Thread] DEBUG Input                - Registered new binding: action1 - A
10:52:07.331 [JavaFX Application Thread] DEBUG Input                - Registered new binding: action2 - W
10:52:07.332 [JavaFX Application Thread] DEBUG Input                - Registered new binding: action3 - S
10:52:07.333 [JavaFX Application Thread] DEBUG FXGLAssetLoaderServi - Loading from file system: jar:file:///C:/Users/majah/.m2/repository/com/github/almasb/fxgl/17.2/fxgl-17.2.jar!/fxglassets/textures/fxgl_icon.png
10:52:07.360 [JavaFX Application Thread] DEBUG FXGLAssetLoaderServi - Loading from file system: jar:file:///C:/Users/majah/.m2/repository/com/github/almasb/fxgl/17.2/fxgl-17.2.jar!/fxglassets/textures/fxgl_default_cursor.png
10:52:07.363 [JavaFX Application Thread] DEBUG Input                - Registered new binding: Screenshot - CTRL+8
10:52:07.363 [JavaFX Application Thread] DEBUG Input                - Registered new binding: System info dump - CTRL+9
10:52:07.364 [JavaFX Application Thread] DEBUG Input                - Registered new binding: Restart - CTRL+R
10:52:07.364 [JavaFX Application Thread] DEBUG Input                - Registered new binding: Toggle Debug Camera - CTRL+7
10:52:07.367 [JavaFX Application Thread] DEBUG LoopRunner           - Starting loop
10:52:07.367 [JavaFX Application Thread] DEBUG LoopRunner           - Initializing JavaFX AnimationTimerLoop
10:52:07.369 [JavaFX Application Thread] DEBUG GameApplicationServi - Starting new game
10:52:07.369 [JavaFX Application Thread] DEBUG Input                - Clearing active input actions
10:52:07.382 [JavaFX Application Thread] DEBUG GameApplicationServi - Removing overlay from FXGLStartupScene and adding to FXGLLoadingScene
10:52:07.383 [JavaFX Application Thread] DEBUG PrimaryStageWindow   - FXGLStartupScene -> FXGLLoadingScene
10:52:07.383 [JavaFX Application Thread] DEBUG GameApplicationServi - Clearing previous game
10:52:07.383 [JavaFX Application Thread] DEBUG GameScene            - Clearing game scene
10:52:07.383 [JavaFX Application Thread] DEBUG GameWorld            - Clearing game world
10:52:07.383 [JavaFX Application Thread] DEBUG PhysicsWorld         - Clearing physics world
10:52:07.385 [FXGL Background Thread 1 ] DEBUG FXGLApplication      - Initializing game
10:52:07.393 [FXGL Background Thread 1 ] DEBUG FXGLAssetLoaderServi - Loading from file system: file:/C:/Users/majah/IdeaProjects/BasicGameApp/target/classes/assets/textures/girl_colored.png
10:52:07.404 [FXGL Background Thread 1 ] DEBUG FXGLAssetLoaderServi - Loading from file system: file:/C:/Users/majah/IdeaProjects/BasicGameApp/target/classes/assets/textures/girl_bbox.png
10:52:07.417 [FXGL Background Thread 4 ] DEBUG FXGLAssetLoaderServi - Loading from file system: jar:file:///C:/Users/majah/.m2/repository/com/github/almasb/fxgl/17.2/fxgl-17.2.jar!/fxglassets/ui/fonts/Abel-Regular.ttf
10:52:07.424 [FXGL Background Thread 4 ] DEBUG FXGLAssetLoaderServi - Loading from file system: jar:file:///C:/Users/majah/.m2/repository/com/github/almasb/fxgl/17.2/fxgl-17.2.jar!/fxglassets/ui/fonts/TerminalLandMono-Regular.otf
10:52:07.432 [FXGL Background Thread 4 ] DEBUG FXGLAssetLoaderServi - Loading from file system: jar:file:///C:/Users/majah/.m2/repository/com/github/almasb/fxgl/17.2/fxgl-17.2.jar!/fxglassets/ui/fonts/Courier-Prime.ttf
10:52:07.455 [JavaFX Application Thread] DEBUG FXGLApplication      - Registering font factories with UI factory
10:52:07.466 [FXGL Background Thread 1 ] INFO  FXGLApplication      - Game initialization took: 0.082 sec
10:52:07.484 [FXGL Background Thread 2 ] WARN  UpdaterService       - Failed to find updates: java.net.UnknownHostException: raw.githubusercontent.com
10:52:07.530 [JavaFX Application Thread] DEBUG Input                - Clearing active input actions
10:52:07.540 [JavaFX Application Thread] DEBUG GameApplicationServi - Removing overlay from FXGLLoadingScene and adding to GameScene
10:52:07.540 [JavaFX Application Thread] DEBUG PrimaryStageWindow   - FXGLLoadingScene -> GameScene
10:52:08.030 [JavaFX Application Thread] DEBUG FXGLAssetLoaderServi - Loading from file system: file:/C:/Users/majah/IdeaProjects/BasicGameApp/target/classes/assets/textures/zombie_colored.png
10:52:08.116 [JavaFX Application Thread] DEBUG FXGLAssetLoaderServi - Loading from file system: file:/C:/Users/majah/IdeaProjects/BasicGameApp/target/classes/assets/textures/eagle_colored.png
10:52:10.276 [FXGL Background Thread 3 ] DEBUG Engine               - Logging environment variables
10:52:10.278 [FXGL Background Thread 3 ] DEBUG Engine               - achievements: []
10:52:10.278 [FXGL Background Thread 3 ] DEBUG Engine               - actualHeight: 800.0
10:52:10.278 [FXGL Background Thread 3 ] DEBUG Engine               - actualHeightProperty: ReadOnlyDoubleProperty [value: 800.0]
10:52:10.278 [FXGL Background Thread 3 ] DEBUG Engine               - actualWidth: 800.0
10:52:10.279 [FXGL Background Thread 3 ] DEBUG Engine               - actualWidthProperty: ReadOnlyDoubleProperty [value: 800.0]
10:52:10.279 [FXGL Background Thread 3 ] DEBUG Engine               - appIcon: fxgl_icon.png
10:52:10.279 [FXGL Background Thread 3 ] DEBUG Engine               - applicationMode: DEVELOPER
10:52:10.279 [FXGL Background Thread 3 ] DEBUG Engine               - cSSList: [fxgl_dark.css]
10:52:10.280 [FXGL Background Thread 3 ] DEBUG Engine               - collisionDetectionStrategy: BRUTE_FORCE
10:52:10.280 [FXGL Background Thread 3 ] DEBUG Engine               - configClass: Optional.empty
10:52:10.280 [FXGL Background Thread 3 ] DEBUG Engine               - credits: []
10:52:10.281 [FXGL Background Thread 3 ] DEBUG Engine               - defaultCursor: CursorInfo(imageName=fxgl_default_cursor.png, hotspotX=7.0, hotspotY=6.0)
10:52:10.282 [FXGL Background Thread 3 ] DEBUG Engine               - devBBoxColorProperty: ObjectProperty [value: 0xff0000ff]
10:52:10.282 [FXGL Background Thread 3 ] DEBUG Engine               - devEnableDebugCameraProperty: BooleanProperty [value: false]
10:52:10.282 [FXGL Background Thread 3 ] DEBUG Engine               - devSensorColorProperty: ObjectProperty [value: 0xffff00ff]
10:52:10.282 [FXGL Background Thread 3 ] DEBUG Engine               - devShowBBoxProperty: BooleanProperty [value: false]
10:52:10.283 [FXGL Background Thread 3 ] DEBUG Engine               - devShowPositionProperty: BooleanProperty [value: false]
10:52:10.283 [FXGL Background Thread 3 ] DEBUG Engine               - enabledMenuItems: []
10:52:10.284 [FXGL Background Thread 3 ] DEBUG Engine               - engineServices: [class com.almasb.fxgl.app.services.FXGLAssetLoaderService, class com.almasb.fxgl.app.FXGLApplication$GameApplicationService, class com.almasb.fxgl.app.services.FXGLDialogService, class com.almasb.fxgl.app.services.IOTaskExecutorService, class com.almasb.fxgl.io.FileSystemService, class com.almasb.fxgl.localization.LocalizationService, class com.almasb.fxgl.app.services.SystemBundleService, class com.almasb.fxgl.profile.SaveLoadService, class com.almasb.fxgl.ui.FXGLUIFactoryServiceProvider, class com.almasb.fxgl.ui.FXGLDialogFactoryServiceProvider, class com.almasb.fxgl.audio.AudioPlayer, class com.almasb.fxgl.notification.impl.NotificationServiceProvider, class com.almasb.fxgl.achievement.AchievementService, class com.almasb.fxgl.cutscene.CutsceneService, class com.almasb.fxgl.minigames.MiniGameService, class com.almasb.fxgl.net.NetService, class com.almasb.fxgl.app.services.UpdaterService, class com.almasb.fxgl.dev.DevService]
10:52:10.284 [FXGL Background Thread 3 ] DEBUG Engine               - fontGame: Abel-Regular.ttf
10:52:10.284 [FXGL Background Thread 3 ] DEBUG Engine               - fontMono: TerminalLandMono-Regular.otf
10:52:10.284 [FXGL Background Thread 3 ] DEBUG Engine               - fontText: Courier-Prime.ttf
10:52:10.284 [FXGL Background Thread 3 ] DEBUG Engine               - fontUI: VarelaRound-Regular.ttf
10:52:10.284 [FXGL Background Thread 3 ] DEBUG Engine               - fullScreen: BooleanProperty [value: false]
10:52:10.285 [FXGL Background Thread 3 ] DEBUG Engine               - gameDifficulty: MEDIUM
10:52:10.285 [FXGL Background Thread 3 ] DEBUG Engine               - gameDifficultyProperty: ObjectProperty [value: MEDIUM]
10:52:10.285 [FXGL Background Thread 3 ] DEBUG Engine               - globalMusicVolume: 0.5
10:52:10.285 [FXGL Background Thread 3 ] DEBUG Engine               - globalMusicVolumeProperty: DoubleProperty [value: 0.5]
10:52:10.285 [FXGL Background Thread 3 ] DEBUG Engine               - globalSoundVolume: 0.5
10:52:10.286 [FXGL Background Thread 3 ] DEBUG Engine               - globalSoundVolumeProperty: DoubleProperty [value: 0.5]
10:52:10.286 [FXGL Background Thread 3 ] DEBUG Engine               - height: 800
10:52:10.286 [FXGL Background Thread 3 ] DEBUG Engine               - is3D: false
10:52:10.286 [FXGL Background Thread 3 ] DEBUG Engine               - isAndroid: false
10:52:10.286 [FXGL Background Thread 3 ] DEBUG Engine               - isBrowser: false
10:52:10.286 [FXGL Background Thread 3 ] DEBUG Engine               - isClickFeedbackEnabled: false
10:52:10.286 [FXGL Background Thread 3 ] DEBUG Engine               - isCloseConfirmation: false
10:52:10.287 [FXGL Background Thread 3 ] DEBUG Engine               - isDesktop: true
10:52:10.287 [FXGL Background Thread 3 ] DEBUG Engine               - isDeveloperMenuEnabled: false
10:52:10.287 [FXGL Background Thread 3 ] DEBUG Engine               - isEmbedded: false
10:52:10.287 [FXGL Background Thread 3 ] DEBUG Engine               - isEntityPreloadEnabled: true
10:52:10.287 [FXGL Background Thread 3 ] DEBUG Engine               - isExperimentalTiledLargeMap: false
10:52:10.287 [FXGL Background Thread 3 ] DEBUG Engine               - isFileSystemWriteAllowed: true
10:52:10.288 [FXGL Background Thread 3 ] DEBUG Engine               - isFullScreenAllowed: false
10:52:10.288 [FXGL Background Thread 3 ] DEBUG Engine               - isFullScreenFromStart: false
10:52:10.288 [FXGL Background Thread 3 ] DEBUG Engine               - isGameMenuEnabled: true
10:52:10.288 [FXGL Background Thread 3 ] DEBUG Engine               - isIOS: false
10:52:10.288 [FXGL Background Thread 3 ] DEBUG Engine               - isIntroEnabled: false
10:52:10.289 [FXGL Background Thread 3 ] DEBUG Engine               - isLinux: false
10:52:10.289 [FXGL Background Thread 3 ] DEBUG Engine               - isMac: false
10:52:10.289 [FXGL Background Thread 3 ] DEBUG Engine               - isMainMenuEnabled: false
10:52:10.289 [FXGL Background Thread 3 ] DEBUG Engine               - isManualResizeEnabled: false
10:52:10.290 [FXGL Background Thread 3 ] DEBUG Engine               - isMobile: false
10:52:10.290 [FXGL Background Thread 3 ] DEBUG Engine               - isNative: false
10:52:10.290 [FXGL Background Thread 3 ] DEBUG Engine               - isPauseMusicWhenMinimized: true
10:52:10.290 [FXGL Background Thread 3 ] DEBUG Engine               - isPreserveResizeRatio: false
10:52:10.290 [FXGL Background Thread 3 ] DEBUG Engine               - isProfilingEnabled: false
10:52:10.291 [FXGL Background Thread 3 ] DEBUG Engine               - isScaleAffectedOnResize: true
10:52:10.291 [FXGL Background Thread 3 ] DEBUG Engine               - isSingleStep: false
10:52:10.291 [FXGL Background Thread 3 ] DEBUG Engine               - isUserProfileEnabled: false
10:52:10.291 [FXGL Background Thread 3 ] DEBUG Engine               - isWindows: true
10:52:10.291 [FXGL Background Thread 3 ] DEBUG Engine               - language: ObjectProperty [value: ENGLISH]
10:52:10.292 [FXGL Background Thread 3 ] DEBUG Engine               - menuKey: ESCAPE
10:52:10.292 [FXGL Background Thread 3 ] DEBUG Engine               - mouseSensitivity: 0.2
10:52:10.292 [FXGL Background Thread 3 ] DEBUG Engine               - notificationViewClass: class com.almasb.fxgl.notification.view.XboxNotificationView
10:52:10.292 [FXGL Background Thread 3 ] DEBUG Engine               - pixelsPerMeter: 50.0
10:52:10.292 [FXGL Background Thread 3 ] DEBUG Engine               - platform: WINDOWS
10:52:10.293 [FXGL Background Thread 3 ] DEBUG Engine               - prefHeightProperty: ReadOnlyDoubleProperty [value: 800.0]
10:52:10.293 [FXGL Background Thread 3 ] DEBUG Engine               - prefWidthProperty: ReadOnlyDoubleProperty [value: 800.0]
10:52:10.293 [FXGL Background Thread 3 ] DEBUG Engine               - profileDir: profiles/
10:52:10.293 [FXGL Background Thread 3 ] DEBUG Engine               - profileName: StringProperty [value: DEFAULT]
10:52:10.294 [FXGL Background Thread 3 ] DEBUG Engine               - randomSeed: -1
10:52:10.294 [FXGL Background Thread 3 ] DEBUG Engine               - runtimeInfo: RuntimeInfo(platform=WINDOWS, version=17.2, build=20.08.2022 16.50)
10:52:10.294 [FXGL Background Thread 3 ] DEBUG Engine               - saveFileExt: sav
10:52:10.295 [FXGL Background Thread 3 ] DEBUG Engine               - scaledHeightProp$fxgl: DoubleProperty [bound, value: 800.0]
10:52:10.295 [FXGL Background Thread 3 ] DEBUG Engine               - scaledWidthProp$fxgl: DoubleProperty [bound, value: 800.0]
10:52:10.295 [FXGL Background Thread 3 ] DEBUG Engine               - sceneFactory: com.example.basicgameapp.sceneFactory@7279dc64
10:52:10.295 [FXGL Background Thread 3 ] DEBUG Engine               - secondsIn24h: 60
10:52:10.295 [FXGL Background Thread 3 ] DEBUG Engine               - soundMenuBack: menu/back.wav
10:52:10.295 [FXGL Background Thread 3 ] DEBUG Engine               - soundMenuPress: menu/press.wav
10:52:10.295 [FXGL Background Thread 3 ] DEBUG Engine               - soundMenuSelect: menu/select.wav
10:52:10.295 [FXGL Background Thread 3 ] DEBUG Engine               - soundNotification: core/notification.wav
10:52:10.295 [FXGL Background Thread 3 ] DEBUG Engine               - stageStyle: DECORATED
10:52:10.296 [FXGL Background Thread 3 ] DEBUG Engine               - supportedLanguages: [ENGLISH, FRENCH, GERMAN, HUNGARIAN, RUSSIAN]
10:52:10.296 [FXGL Background Thread 3 ] DEBUG Engine               - ticksPerSecond: -1
10:52:10.296 [FXGL Background Thread 3 ] DEBUG Engine               - title: WorldHELL 0 
10:52:10.296 [FXGL Background Thread 3 ] DEBUG Engine               - urlGithub: https://github.com/AlmasB/FXGL
10:52:10.296 [FXGL Background Thread 3 ] DEBUG Engine               - urlLeaderboard: http://fxgl-top.herokuapp.com/
10:52:10.296 [FXGL Background Thread 3 ] DEBUG Engine               - urlPOM: https://raw.githubusercontent.com/AlmasB/FXGL/release/README.md
10:52:10.296 [FXGL Background Thread 3 ] DEBUG Engine               - userAppClass: class com.example.basicgameapp.BasicGameApp
10:52:10.296 [FXGL Background Thread 3 ] DEBUG Engine               - version: 0.1
10:52:10.297 [FXGL Background Thread 3 ] DEBUG Engine               - versionCheckDays: 7
10:52:10.297 [FXGL Background Thread 3 ] DEBUG Engine               - width: 800
10:52:10.297 [FXGL Background Thread 3 ] DEBUG Engine               - Logging services
10:52:10.297 [FXGL Background Thread 3 ] DEBUG Engine               - class com.almasb.fxgl.app.services.FXGLAssetLoaderService
10:52:10.297 [FXGL Background Thread 3 ] DEBUG Engine               - class com.almasb.fxgl.app.FXGLApplication$GameApplicationService
10:52:10.298 [FXGL Background Thread 3 ] DEBUG Engine               - class com.almasb.fxgl.app.services.FXGLDialogService
10:52:10.298 [FXGL Background Thread 3 ] DEBUG Engine               - class com.almasb.fxgl.app.services.IOTaskExecutorService
10:52:10.298 [FXGL Background Thread 3 ] DEBUG Engine               - class com.almasb.fxgl.io.FileSystemService
10:52:10.298 [FXGL Background Thread 3 ] DEBUG Engine               - class com.almasb.fxgl.localization.LocalizationService
10:52:10.298 [FXGL Background Thread 3 ] DEBUG Engine               - class com.almasb.fxgl.app.services.SystemBundleService
10:52:10.298 [FXGL Background Thread 3 ] DEBUG Engine               - class com.almasb.fxgl.profile.SaveLoadService
10:52:10.298 [FXGL Background Thread 3 ] DEBUG Engine               - class com.almasb.fxgl.ui.FXGLUIFactoryServiceProvider
10:52:10.298 [FXGL Background Thread 3 ] DEBUG Engine               - class com.almasb.fxgl.ui.FXGLDialogFactoryServiceProvider
10:52:10.298 [FXGL Background Thread 3 ] DEBUG Engine               - class com.almasb.fxgl.audio.AudioPlayer
10:52:10.299 [FXGL Background Thread 3 ] DEBUG Engine               - class com.almasb.fxgl.notification.impl.NotificationServiceProvider
10:52:10.299 [FXGL Background Thread 3 ] DEBUG Engine               - class com.almasb.fxgl.achievement.AchievementService
10:52:10.299 [FXGL Background Thread 3 ] DEBUG Engine               - class com.almasb.fxgl.cutscene.CutsceneService
10:52:10.299 [FXGL Background Thread 3 ] DEBUG Engine               - class com.almasb.fxgl.minigames.MiniGameService
10:52:10.299 [FXGL Background Thread 3 ] DEBUG Engine               - class com.almasb.fxgl.net.NetService
10:52:10.299 [FXGL Background Thread 3 ] DEBUG Engine               - class com.almasb.fxgl.app.services.UpdaterService
10:52:10.299 [FXGL Background Thread 3 ] DEBUG Engine               - class com.almasb.fxgl.dev.DevService
10:52:11.916 [JavaFX Application Thread] DEBUG FXGLAssetLoaderServi - Loading from file system: file:/C:/Users/majah/IdeaProjects/BasicGameApp/target/classes/assets/sounds/slayy.wav
10:52:34.587 [JavaFX Application Thread] DEBUG FXGLAssetLoaderServi - Loading from file system: file:/C:/Users/majah/IdeaProjects/BasicGameApp/target/classes/assets/sounds/eagle_death.wav
10:52:55.703 [JavaFX Application Thread] DEBUG PrimaryStageWindow   - Push state: FXGLDefaultMenu
10:52:55.712 [JavaFX Application Thread] DEBUG Input                - Clearing active input actions
10:52:55.721 [JavaFX Application Thread] DEBUG GameApplicationServi - Removing overlay from GameScene and adding to FXGLDefaultMenu
10:52:55.722 [JavaFX Application Thread] DEBUG PrimaryStageWindow   - GameScene -> FXGLDefaultMenu
10:53:06.051 [JavaFX Application Thread] DEBUG PrimaryStageWindow   - Pop state: FXGLDefaultMenu
10:53:06.051 [JavaFX Application Thread] DEBUG Input                - Clearing active input actions
10:53:06.052 [JavaFX Application Thread] DEBUG GameApplicationServi - Removing overlay from FXGLDefaultMenu and adding to GameScene
10:53:06.053 [JavaFX Application Thread] DEBUG PrimaryStageWindow   - GameScene <- FXGLDefaultMenu
10:53:56.696 [JavaFX Application Thread] DEBUG PrimaryStageWindow   - Push state: FXGLDefaultMenu
10:53:56.697 [JavaFX Application Thread] DEBUG Input                - Clearing active input actions
10:53:56.700 [JavaFX Application Thread] DEBUG GameApplicationServi - Removing overlay from GameScene and adding to FXGLDefaultMenu
10:53:56.700 [JavaFX Application Thread] DEBUG PrimaryStageWindow   - GameScene -> FXGLDefaultMenu
10:54:00.856 [JavaFX Application Thread] DEBUG FXGL.DefaultMenu     - createContentControls()
10:54:03.223 [JavaFX Application Thread] DEBUG FXGL.DefaultMenu     - createContentGameplay()
10:54:06.170 [JavaFX Application Thread] DEBUG FXGL.DefaultMenu     - createContentAudio()
10:54:06.907 [JavaFX Application Thread] DEBUG FXGL.DefaultMenu     - createContentVideo()
10:54:12.261 [JavaFX Application Thread] DEBUG FXGLAssetLoaderServi - Loading from file system: jar:file:///C:/Users/majah/.m2/repository/com/github/almasb/fxgl/17.2/fxgl-17.2.jar!/fxglassets/languages/french.lang
10:54:18.676 [JavaFX Application Thread] DEBUG FXGLAssetLoaderServi - Loading from file system: jar:file:///C:/Users/majah/.m2/repository/com/github/almasb/fxgl/17.2/fxgl-17.2.jar!/fxglassets/languages/german.lang
10:54:30.962 [JavaFX Application Thread] DEBUG PrimaryStageWindow   - Push state: PressAnyKeyState
10:54:30.962 [JavaFX Application Thread] DEBUG Input                - Clearing active input actions
10:54:30.963 [JavaFX Application Thread] DEBUG GameApplicationServi - Removing overlay from FXGLDefaultMenu and adding to PressAnyKeyState
10:54:30.963 [JavaFX Application Thread] DEBUG PrimaryStageWindow   - FXGLDefaultMenu -> PressAnyKeyState
10:54:31.235 [JavaFX Application Thread] DEBUG PrimaryStageWindow   - Pop state: PressAnyKeyState
10:54:31.236 [JavaFX Application Thread] DEBUG Input                - Clearing active input actions
10:54:31.236 [JavaFX Application Thread] DEBUG GameApplicationServi - Removing overlay from PressAnyKeyState and adding to FXGLDefaultMenu
10:54:31.236 [JavaFX Application Thread] DEBUG PrimaryStageWindow   - FXGLDefaultMenu <- PressAnyKeyState
10:54:33.140 [JavaFX Application Thread] DEBUG PrimaryStageWindow   - Push state: PressAnyKeyState
10:54:33.141 [JavaFX Application Thread] DEBUG Input                - Clearing active input actions
10:54:33.141 [JavaFX Application Thread] DEBUG GameApplicationServi - Removing overlay from FXGLDefaultMenu and adding to PressAnyKeyState
10:54:33.141 [JavaFX Application Thread] DEBUG PrimaryStageWindow   - FXGLDefaultMenu -> PressAnyKeyState
10:54:34.164 [JavaFX Application Thread] DEBUG PrimaryStageWindow   - Pop state: PressAnyKeyState
10:54:34.164 [JavaFX Application Thread] DEBUG Input                - Clearing active input actions
10:54:34.164 [JavaFX Application Thread] DEBUG GameApplicationServi - Removing overlay from PressAnyKeyState and adding to FXGLDefaultMenu
10:54:34.164 [JavaFX Application Thread] DEBUG PrimaryStageWindow   - FXGLDefaultMenu <- PressAnyKeyState
10:54:35.941 [JavaFX Application Thread] DEBUG PrimaryStageWindow   - Push state: PressAnyKeyState
10:54:35.941 [JavaFX Application Thread] DEBUG Input                - Clearing active input actions
10:54:35.941 [JavaFX Application Thread] DEBUG GameApplicationServi - Removing overlay from FXGLDefaultMenu and adding to PressAnyKeyState
10:54:35.941 [JavaFX Application Thread] DEBUG PrimaryStageWindow   - FXGLDefaultMenu -> PressAnyKeyState
10:54:36.317 [JavaFX Application Thread] DEBUG PrimaryStageWindow   - Pop state: PressAnyKeyState
10:54:36.317 [JavaFX Application Thread] DEBUG Input                - Clearing active input actions
10:54:36.318 [JavaFX Application Thread] DEBUG GameApplicationServi - Removing overlay from PressAnyKeyState and adding to FXGLDefaultMenu
10:54:36.318 [JavaFX Application Thread] DEBUG PrimaryStageWindow   - FXGLDefaultMenu <- PressAnyKeyState
10:54:38.179 [JavaFX Application Thread] DEBUG PrimaryStageWindow   - Push state: PressAnyKeyState
10:54:38.179 [JavaFX Application Thread] DEBUG Input                - Clearing active input actions
10:54:38.180 [JavaFX Application Thread] DEBUG GameApplicationServi - Removing overlay from FXGLDefaultMenu and adding to PressAnyKeyState
10:54:38.180 [JavaFX Application Thread] DEBUG PrimaryStageWindow   - FXGLDefaultMenu -> PressAnyKeyState
10:54:42.481 [JavaFX Application Thread] DEBUG PrimaryStageWindow   - Pop state: PressAnyKeyState
10:54:42.481 [JavaFX Application Thread] DEBUG Input                - Clearing active input actions
10:54:42.482 [JavaFX Application Thread] DEBUG GameApplicationServi - Removing overlay from PressAnyKeyState and adding to FXGLDefaultMenu
10:54:42.482 [JavaFX Application Thread] DEBUG PrimaryStageWindow   - FXGLDefaultMenu <- PressAnyKeyState
10:54:42.697 [JavaFX Application Thread] DEBUG PrimaryStageWindow   - Push state: PressAnyKeyState
10:54:42.697 [JavaFX Application Thread] DEBUG Input                - Clearing active input actions
10:54:42.697 [JavaFX Application Thread] DEBUG GameApplicationServi - Removing overlay from FXGLDefaultMenu and adding to PressAnyKeyState
10:54:42.698 [JavaFX Application Thread] DEBUG PrimaryStageWindow   - FXGLDefaultMenu -> PressAnyKeyState
10:54:46.161 [JavaFX Application Thread] DEBUG PrimaryStageWindow   - Pop state: PressAnyKeyState
10:54:46.161 [JavaFX Application Thread] DEBUG Input                - Clearing active input actions
10:54:46.161 [JavaFX Application Thread] DEBUG GameApplicationServi - Removing overlay from PressAnyKeyState and adding to FXGLDefaultMenu
10:54:46.161 [JavaFX Application Thread] DEBUG PrimaryStageWindow   - FXGLDefaultMenu <- PressAnyKeyState
10:54:50.824 [JavaFX Application Thread] DEBUG PrimaryStageWindow   - Push state: PressAnyKeyState
10:54:50.824 [JavaFX Application Thread] DEBUG Input                - Clearing active input actions
10:54:50.824 [JavaFX Application Thread] DEBUG GameApplicationServi - Removing overlay from FXGLDefaultMenu and adding to PressAnyKeyState
10:54:50.824 [JavaFX Application Thread] DEBUG PrimaryStageWindow   - FXGLDefaultMenu -> PressAnyKeyState
10:54:51.188 [JavaFX Application Thread] DEBUG PrimaryStageWindow   - Pop state: PressAnyKeyState
10:54:51.188 [JavaFX Application Thread] DEBUG Input                - Clearing active input actions
10:54:51.188 [JavaFX Application Thread] DEBUG GameApplicationServi - Removing overlay from PressAnyKeyState and adding to FXGLDefaultMenu
10:54:51.188 [JavaFX Application Thread] DEBUG PrimaryStageWindow   - FXGLDefaultMenu <- PressAnyKeyState
10:54:52.874 [JavaFX Application Thread] DEBUG PrimaryStageWindow   - Push state: PressAnyKeyState
10:54:52.874 [JavaFX Application Thread] DEBUG Input                - Clearing active input actions
10:54:52.874 [JavaFX Application Thread] DEBUG GameApplicationServi - Removing overlay from FXGLDefaultMenu and adding to PressAnyKeyState
10:54:52.875 [JavaFX Application Thread] DEBUG PrimaryStageWindow   - FXGLDefaultMenu -> PressAnyKeyState
10:54:53.149 [JavaFX Application Thread] DEBUG PrimaryStageWindow   - Pop state: PressAnyKeyState
10:54:53.149 [JavaFX Application Thread] DEBUG Input                - Clearing active input actions
10:54:53.149 [JavaFX Application Thread] DEBUG GameApplicationServi - Removing overlay from PressAnyKeyState and adding to FXGLDefaultMenu
10:54:53.150 [JavaFX Application Thread] DEBUG PrimaryStageWindow   - FXGLDefaultMenu <- PressAnyKeyState
10:54:54.891 [JavaFX Application Thread] DEBUG PrimaryStageWindow   - Push state: PressAnyKeyState
10:54:54.891 [JavaFX Application Thread] DEBUG Input                - Clearing active input actions
10:54:54.891 [JavaFX Application Thread] DEBUG GameApplicationServi - Removing overlay from FXGLDefaultMenu and adding to PressAnyKeyState
10:54:54.891 [JavaFX Application Thread] DEBUG PrimaryStageWindow   - FXGLDefaultMenu -> PressAnyKeyState
10:54:55.196 [JavaFX Application Thread] DEBUG PrimaryStageWindow   - Pop state: PressAnyKeyState
10:54:55.196 [JavaFX Application Thread] DEBUG Input                - Clearing active input actions
10:54:55.196 [JavaFX Application Thread] DEBUG GameApplicationServi - Removing overlay from PressAnyKeyState and adding to FXGLDefaultMenu
10:54:55.196 [JavaFX Application Thread] DEBUG PrimaryStageWindow   - FXGLDefaultMenu <- PressAnyKeyState
10:55:00.726 [JavaFX Application Thread] DEBUG Menu                 - fireResume()
10:55:00.727 [JavaFX Application Thread] DEBUG PrimaryStageWindow   - Pop state: FXGLDefaultMenu
10:55:00.727 [JavaFX Application Thread] DEBUG Input                - Clearing active input actions
10:55:00.728 [JavaFX Application Thread] DEBUG GameApplicationServi - Removing overlay from FXGLDefaultMenu and adding to GameScene
10:55:00.728 [JavaFX Application Thread] DEBUG PrimaryStageWindow   - GameScene <- FXGLDefaultMenu
10:55:05.426 [JavaFX Application Thread] DEBUG PrimaryStageWindow   - Push state: FXGLDefaultMenu
10:55:05.426 [JavaFX Application Thread] DEBUG Input                - Clearing active input actions
10:55:05.430 [JavaFX Application Thread] DEBUG GameApplicationServi - Removing overlay from GameScene and adding to FXGLDefaultMenu
10:55:05.430 [JavaFX Application Thread] DEBUG PrimaryStageWindow   - GameScene -> FXGLDefaultMenu
10:55:06.562 [JavaFX Application Thread] DEBUG Menu                 - fireResume()
10:55:06.563 [JavaFX Application Thread] DEBUG PrimaryStageWindow   - Pop state: FXGLDefaultMenu
10:55:06.563 [JavaFX Application Thread] DEBUG Input                - Clearing active input actions
10:55:06.563 [JavaFX Application Thread] DEBUG GameApplicationServi - Removing overlay from FXGLDefaultMenu and adding to GameScene
10:55:06.563 [JavaFX Application Thread] DEBUG PrimaryStageWindow   - GameScene <- FXGLDefaultMenu
10:55:07.192 [JavaFX Application Thread] DEBUG PrimaryStageWindow   - Push state: FXGLDefaultMenu
10:55:07.192 [JavaFX Application Thread] DEBUG Input                - Clearing active input actions
10:55:07.196 [JavaFX Application Thread] DEBUG GameApplicationServi - Removing overlay from GameScene and adding to FXGLDefaultMenu
10:55:07.196 [JavaFX Application Thread] DEBUG PrimaryStageWindow   - GameScene -> FXGLDefaultMenu
10:55:07.528 [JavaFX Application Thread] DEBUG PrimaryStageWindow   - Pop state: FXGLDefaultMenu
10:55:07.528 [JavaFX Application Thread] DEBUG Input                - Clearing active input actions
10:55:07.528 [JavaFX Application Thread] DEBUG GameApplicationServi - Removing overlay from FXGLDefaultMenu and adding to GameScene
10:55:07.529 [JavaFX Application Thread] DEBUG PrimaryStageWindow   - GameScene <- FXGLDefaultMenu
10:55:19.930 [JavaFX Application Thread] DEBUG PrimaryStageWindow   - Push state: FXGLDefaultMenu
10:55:19.931 [JavaFX Application Thread] DEBUG Input                - Clearing active input actions
10:55:19.932 [JavaFX Application Thread] DEBUG GameApplicationServi - Removing overlay from GameScene and adding to FXGLDefaultMenu
10:55:19.932 [JavaFX Application Thread] DEBUG PrimaryStageWindow   - GameScene -> FXGLDefaultMenu
10:55:21.815 [JavaFX Application Thread] DEBUG Menu                 - fireResume()
10:55:21.816 [JavaFX Application Thread] DEBUG PrimaryStageWindow   - Pop state: FXGLDefaultMenu
10:55:21.816 [JavaFX Application Thread] DEBUG Input                - Clearing active input actions
10:55:21.817 [JavaFX Application Thread] DEBUG GameApplicationServi - Removing overlay from FXGLDefaultMenu and adding to GameScene
10:55:21.817 [JavaFX Application Thread] DEBUG PrimaryStageWindow   - GameScene <- FXGLDefaultMenu
10:55:22.257 [JavaFX Application Thread] DEBUG PrimaryStageWindow   - Push state: FXGLDefaultMenu
10:55:22.257 [JavaFX Application Thread] DEBUG Input                - Clearing active input actions
10:55:22.259 [JavaFX Application Thread] DEBUG GameApplicationServi - Removing overlay from GameScene and adding to FXGLDefaultMenu
10:55:22.259 [JavaFX Application Thread] DEBUG PrimaryStageWindow   - GameScene -> FXGLDefaultMenu
10:55:24.558 [JavaFX Application Thread] DEBUG PrimaryStageWindow   - Push state: DialogSubScene
10:55:24.558 [JavaFX Application Thread] DEBUG Input                - Clearing active input actions
10:55:24.558 [JavaFX Application Thread] DEBUG GameApplicationServi - Removing overlay from FXGLDefaultMenu and adding to DialogSubScene
10:55:24.558 [JavaFX Application Thread] DEBUG PrimaryStageWindow   - FXGLDefaultMenu -> DialogSubScene
10:55:25.876 [JavaFX Application Thread] DEBUG PrimaryStageWindow   - Pop state: DialogSubScene
10:55:25.876 [JavaFX Application Thread] DEBUG Input                - Clearing active input actions
10:55:25.877 [JavaFX Application Thread] DEBUG GameApplicationServi - Removing overlay from DialogSubScene and adding to FXGLDefaultMenu
10:55:25.877 [JavaFX Application Thread] DEBUG PrimaryStageWindow   - FXGLDefaultMenu <- DialogSubScene
10:55:25.877 [JavaFX Application Thread] DEBUG Menu                 - restoreDefaultSettings()
10:55:31.955 [JavaFX Application Thread] DEBUG PrimaryStageWindow   - Push state: PressAnyKeyState
10:55:31.956 [JavaFX Application Thread] DEBUG Input                - Clearing active input actions
10:55:31.956 [JavaFX Application Thread] DEBUG GameApplicationServi - Removing overlay from FXGLDefaultMenu and adding to PressAnyKeyState
10:55:31.956 [JavaFX Application Thread] DEBUG PrimaryStageWindow   - FXGLDefaultMenu -> PressAnyKeyState
10:55:31.960 [JavaFX Application Thread] DEBUG PrimaryStageWindow   - Pop state: PressAnyKeyState
10:55:31.960 [JavaFX Application Thread] DEBUG Input                - Clearing active input actions
10:55:31.960 [JavaFX Application Thread] DEBUG GameApplicationServi - Removing overlay from PressAnyKeyState and adding to FXGLDefaultMenu
10:55:31.960 [JavaFX Application Thread] DEBUG PrimaryStageWindow   - FXGLDefaultMenu <- PressAnyKeyState
10:55:33.307 [JavaFX Application Thread] DEBUG PrimaryStageWindow   - Push state: PressAnyKeyState
10:55:33.307 [JavaFX Application Thread] DEBUG Input                - Clearing active input actions
10:55:33.308 [JavaFX Application Thread] DEBUG GameApplicationServi - Removing overlay from FXGLDefaultMenu and adding to PressAnyKeyState
10:55:33.308 [JavaFX Application Thread] DEBUG PrimaryStageWindow   - FXGLDefaultMenu -> PressAnyKeyState
10:55:36.193 [JavaFX Application Thread] DEBUG PrimaryStageWindow   - Pop state: PressAnyKeyState
10:55:36.193 [JavaFX Application Thread] DEBUG Input                - Clearing active input actions
10:55:36.193 [JavaFX Application Thread] DEBUG GameApplicationServi - Removing overlay from PressAnyKeyState and adding to FXGLDefaultMenu
10:55:36.193 [JavaFX Application Thread] DEBUG PrimaryStageWindow   - FXGLDefaultMenu <- PressAnyKeyState
10:55:36.195 [JavaFX Application Thread] DEBUG PrimaryStageWindow   - Pop state: FXGLDefaultMenu
10:55:36.195 [JavaFX Application Thread] DEBUG Input                - Clearing active input actions
10:55:36.195 [JavaFX Application Thread] DEBUG GameApplicationServi - Removing overlay from FXGLDefaultMenu and adding to GameScene
10:55:36.195 [JavaFX Application Thread] DEBUG PrimaryStageWindow   - GameScene <- FXGLDefaultMenu
10:55:36.856 [JavaFX Application Thread] DEBUG PrimaryStageWindow   - Push state: FXGLDefaultMenu
10:55:36.857 [JavaFX Application Thread] DEBUG Input                - Clearing active input actions
10:55:36.859 [JavaFX Application Thread] DEBUG GameApplicationServi - Removing overlay from GameScene and adding to FXGLDefaultMenu
10:55:36.859 [JavaFX Application Thread] DEBUG PrimaryStageWindow   - GameScene -> FXGLDefaultMenu
10:55:42.212 [JavaFX Application Thread] DEBUG PrimaryStageWindow   - Push state: PressAnyKeyState
10:55:42.212 [JavaFX Application Thread] DEBUG Input                - Clearing active input actions
10:55:42.213 [JavaFX Application Thread] DEBUG GameApplicationServi - Removing overlay from FXGLDefaultMenu and adding to PressAnyKeyState
10:55:42.213 [JavaFX Application Thread] DEBUG PrimaryStageWindow   - FXGLDefaultMenu -> PressAnyKeyState
10:55:42.535 [JavaFX Application Thread] DEBUG PrimaryStageWindow   - Pop state: PressAnyKeyState
10:55:42.535 [JavaFX Application Thread] DEBUG Input                - Clearing active input actions
10:55:42.535 [JavaFX Application Thread] DEBUG GameApplicationServi - Removing overlay from PressAnyKeyState and adding to FXGLDefaultMenu
10:55:42.535 [JavaFX Application Thread] DEBUG PrimaryStageWindow   - FXGLDefaultMenu <- PressAnyKeyState
10:55:43.927 [JavaFX Application Thread] DEBUG PrimaryStageWindow   - Push state: PressAnyKeyState
10:55:43.928 [JavaFX Application Thread] DEBUG Input                - Clearing active input actions
10:55:43.928 [JavaFX Application Thread] DEBUG GameApplicationServi - Removing overlay from FXGLDefaultMenu and adding to PressAnyKeyState
10:55:43.928 [JavaFX Application Thread] DEBUG PrimaryStageWindow   - FXGLDefaultMenu -> PressAnyKeyState
10:55:44.885 [JavaFX Application Thread] DEBUG PrimaryStageWindow   - Pop state: PressAnyKeyState
10:55:44.885 [JavaFX Application Thread] DEBUG Input                - Clearing active input actions
10:55:44.885 [JavaFX Application Thread] DEBUG GameApplicationServi - Removing overlay from PressAnyKeyState and adding to FXGLDefaultMenu
10:55:44.885 [JavaFX Application Thread] DEBUG PrimaryStageWindow   - FXGLDefaultMenu <- PressAnyKeyState
10:55:50.472 [JavaFX Application Thread] DEBUG PrimaryStageWindow   - Push state: PressAnyKeyState
10:55:50.472 [JavaFX Application Thread] DEBUG Input                - Clearing active input actions
10:55:50.473 [JavaFX Application Thread] DEBUG GameApplicationServi - Removing overlay from FXGLDefaultMenu and adding to PressAnyKeyState
10:55:50.473 [JavaFX Application Thread] DEBUG PrimaryStageWindow   - FXGLDefaultMenu -> PressAnyKeyState
10:55:51.183 [JavaFX Application Thread] DEBUG PrimaryStageWindow   - Pop state: PressAnyKeyState
10:55:51.183 [JavaFX Application Thread] DEBUG Input                - Clearing active input actions
10:55:51.183 [JavaFX Application Thread] DEBUG GameApplicationServi - Removing overlay from PressAnyKeyState and adding to FXGLDefaultMenu
10:55:51.183 [JavaFX Application Thread] DEBUG PrimaryStageWindow   - FXGLDefaultMenu <- PressAnyKeyState
10:55:53.010 [JavaFX Application Thread] DEBUG PrimaryStageWindow   - Push state: PressAnyKeyState
10:55:53.010 [JavaFX Application Thread] DEBUG Input                - Clearing active input actions
10:55:53.011 [JavaFX Application Thread] DEBUG GameApplicationServi - Removing overlay from FXGLDefaultMenu and adding to PressAnyKeyState
10:55:53.011 [JavaFX Application Thread] DEBUG PrimaryStageWindow   - FXGLDefaultMenu -> PressAnyKeyState
10:55:57.272 [JavaFX Application Thread] DEBUG PrimaryStageWindow   - Pop state: PressAnyKeyState
10:55:57.273 [JavaFX Application Thread] DEBUG Input                - Clearing active input actions
10:55:57.273 [JavaFX Application Thread] DEBUG GameApplicationServi - Removing overlay from PressAnyKeyState and adding to FXGLDefaultMenu
10:55:57.273 [JavaFX Application Thread] DEBUG PrimaryStageWindow   - FXGLDefaultMenu <- PressAnyKeyState
10:55:59.156 [JavaFX Application Thread] DEBUG PrimaryStageWindow   - Push state: PressAnyKeyState
10:55:59.156 [JavaFX Application Thread] DEBUG Input                - Clearing active input actions
10:55:59.156 [JavaFX Application Thread] DEBUG GameApplicationServi - Removing overlay from FXGLDefaultMenu and adding to PressAnyKeyState
10:55:59.156 [JavaFX Application Thread] DEBUG PrimaryStageWindow   - FXGLDefaultMenu -> PressAnyKeyState
10:56:04.568 [JavaFX Application Thread] DEBUG PrimaryStageWindow   - Pop state: PressAnyKeyState
10:56:04.568 [JavaFX Application Thread] DEBUG Input                - Clearing active input actions
10:56:04.568 [JavaFX Application Thread] DEBUG GameApplicationServi - Removing overlay from PressAnyKeyState and adding to FXGLDefaultMenu
10:56:04.568 [JavaFX Application Thread] DEBUG PrimaryStageWindow   - FXGLDefaultMenu <- PressAnyKeyState
10:56:05.344 [JavaFX Application Thread] DEBUG PrimaryStageWindow   - Push state: PressAnyKeyState
10:56:05.344 [JavaFX Application Thread] DEBUG Input                - Clearing active input actions
10:56:05.344 [JavaFX Application Thread] DEBUG GameApplicationServi - Removing overlay from FXGLDefaultMenu and adding to PressAnyKeyState
10:56:05.344 [JavaFX Application Thread] DEBUG PrimaryStageWindow   - FXGLDefaultMenu -> PressAnyKeyState
10:56:06.616 [JavaFX Application Thread] DEBUG PrimaryStageWindow   - Pop state: PressAnyKeyState
10:56:06.617 [JavaFX Application Thread] DEBUG Input                - Clearing active input actions
10:56:06.617 [JavaFX Application Thread] DEBUG GameApplicationServi - Removing overlay from PressAnyKeyState and adding to FXGLDefaultMenu
10:56:06.617 [JavaFX Application Thread] DEBUG PrimaryStageWindow   - FXGLDefaultMenu <- PressAnyKeyState
10:56:12.792 [JavaFX Application Thread] DEBUG PrimaryStageWindow   - Push state: PressAnyKeyState
10:56:12.792 [JavaFX Application Thread] DEBUG Input                - Clearing active input actions
10:56:12.792 [JavaFX Application Thread] DEBUG GameApplicationServi - Removing overlay from FXGLDefaultMenu and adding to PressAnyKeyState
10:56:12.793 [JavaFX Application Thread] DEBUG PrimaryStageWindow   - FXGLDefaultMenu -> PressAnyKeyState
10:56:13.708 [JavaFX Application Thread] DEBUG PrimaryStageWindow   - Pop state: PressAnyKeyState
10:56:13.708 [JavaFX Application Thread] DEBUG Input                - Clearing active input actions
10:56:13.708 [JavaFX Application Thread] DEBUG GameApplicationServi - Removing overlay from PressAnyKeyState and adding to FXGLDefaultMenu
10:56:13.708 [JavaFX Application Thread] DEBUG PrimaryStageWindow   - FXGLDefaultMenu <- PressAnyKeyState
10:56:15.043 [JavaFX Application Thread] DEBUG PrimaryStageWindow   - Pop state: FXGLDefaultMenu
10:56:15.043 [JavaFX Application Thread] DEBUG Input                - Clearing active input actions
10:56:15.043 [JavaFX Application Thread] DEBUG GameApplicationServi - Removing overlay from FXGLDefaultMenu and adding to GameScene
10:56:15.044 [JavaFX Application Thread] DEBUG PrimaryStageWindow   - GameScene <- FXGLDefaultMenu
10:56:45.991 [JavaFX Application Thread] DEBUG FXGLApplication      - Exiting FXGL
10:56:45.991 [JavaFX Application Thread] DEBUG LoopRunner           - Stopping loop
10:56:45.991 [JavaFX Application Thread] DEBUG SystemBundleService  - Saving FXGL system data
10:56:45.995 [JavaFX Application Thread] DEBUG FileSystemAccess     - Writing to: C:\Users\majah\IdeaProjects\BasicGameApp\system\fxgl.bundle
10:56:46.000 [JavaFX Application Thread] DEBUG Async                - Shutting down background threads
10:56:46.000 [JavaFX Application Thread] DEBUG PrimaryStageWindow   - Closing main window
10:56:46.041 [JavaFX Application Thread] DEBUG Logger               - Closing Logger
