12:41:06.613 [main                     ] DEBUG Logger               - Configured Logger
12:41:06.626 [main                     ] DEBUG GameApplication      - Logging settings
Title: WorldHELL 0 
Version: 0.1
Width: 800
Height: 800
Fullscreen: false
Intro: false
Profiling: false
Single step:false
App Mode: DEVELOPER
Menu Key: ESCAPE
Stage Style: DECORATED
Scene Factory: class com.example.basicgameapp.sceneFactory

12:41:06.828 [JavaFX Application Thread] DEBUG FXGLApplication      - Initializing FXGL
12:41:06.831 [JavaFX Application Thread] INFO  Engine               - FXGL-17.2 (20.08.2022 16.50) on LINUX (J:21.0.1 FX:20.0.1)
12:41:06.832 [JavaFX Application Thread] DEBUG Engine               - JRE Vendor Name: Oracle Corporation
12:41:06.832 [JavaFX Application Thread] DEBUG Engine               - Running on OS: Linux version 6.6.4-arch1-1
12:41:06.832 [JavaFX Application Thread] DEBUG Engine               - Architecture: amd64
12:41:06.832 [JavaFX Application Thread] INFO  Engine               - Source code and latest versions at: https://github.com/AlmasB/FXGL
12:41:06.832 [JavaFX Application Thread] INFO  Engine               -       Ask questions and discuss at: https://github.com/AlmasB/FXGL/discussions
12:41:06.832 [JavaFX Application Thread] INFO  Engine               -              Join the FXGL chat at: https://gitter.im/AlmasB/FXGL
12:41:06.878 [JavaFX Application Thread] DEBUG PrimaryStageWindow   - Creating a JavaFX scene
12:41:06.958 [JavaFX Application Thread] DEBUG PrimaryStageWindow   - Target settings size: 800.0 x 800.0
12:41:06.959 [JavaFX Application Thread] DEBUG PrimaryStageWindow   - Scaled scene size:    800.0 x 800.0
12:41:06.959 [JavaFX Application Thread] DEBUG PrimaryStageWindow   - Scaled ratio: (1.0, 1.0)
12:41:06.959 [JavaFX Application Thread] DEBUG PrimaryStageWindow   - Set initial scene to FXGLStartupScene
12:41:06.961 [JavaFX Application Thread] DEBUG PrimaryStageWindow   - Opening main window
12:41:06.985 [JavaFX Application Thread] DEBUG PrimaryStageWindow   - Window border size: (2.0, 29.0)
12:41:06.985 [JavaFX Application Thread] DEBUG PrimaryStageWindow   - Scaled size: 800.0 x 800.0
12:41:06.985 [JavaFX Application Thread] DEBUG PrimaryStageWindow   - Scaled ratio: (1.0, 1.0)
12:41:06.985 [JavaFX Application Thread] DEBUG PrimaryStageWindow   - Scene size: 800.0 x 800.0
12:41:06.985 [JavaFX Application Thread] DEBUG PrimaryStageWindow   - Stage size: 802.0 x 829.0
12:41:06.989 [FXGL Background Thread 1 ] DEBUG Engine               - Initializing environment variables
12:41:07.023 [FXGL Background Thread 1 ] DEBUG FXGLAssetLoaderServi - User app class for loading assets: class com.example.basicgameapp.BasicGameApp
12:41:07.024 [FXGL Background Thread 1 ] DEBUG GameApplicationServi - Applying CSS: fxgl_dark.css
12:41:07.024 [FXGL Background Thread 1 ] DEBUG FXGLAssetLoaderServi - Loading from file system: jar:file:///home/renz/.m2/repository/com/github/almasb/fxgl/17.2/fxgl-17.2.jar!/fxglassets/ui/css/fxgl_dark.css
12:41:07.058 [FXGL Background Thread 1 ] DEBUG GameApplicationServi - Initializing application scenes
12:41:07.098 [FXGL Background Thread 1 ] DEBUG GameWorld            - Game world initialized
12:41:07.126 [FXGL Background Thread 1 ] DEBUG PhysicsWorld         - Physics world initialized: appHeight=800, physics.ppm=50.0
12:41:07.126 [FXGL Background Thread 1 ] DEBUG PhysicsWorld         - Using strategy: BRUTE_FORCE
12:41:07.129 [FXGL Background Thread 1 ] DEBUG GameScene            - Game scene initialized: 800x800
12:41:07.130 [FXGL Background Thread 1 ] DEBUG GameApplicationServi - Application scenes initialized
12:41:07.140 [FXGL Background Thread 1 ] DEBUG SystemBundleService  - Loading FXGL system data
12:41:07.142 [FXGL Background Thread 1 ] DEBUG FileSystemAccess     - Reading from: /home/renz/Documents/world-hell/BasicGameApp/system/fxgl.bundle
12:41:07.146 [FXGL Background Thread 1 ] DEBUG SystemBundleService  - Bundle FXGL: {}
12:41:07.147 [FXGL Background Thread 1 ] DEBUG UpdaterService       - Checking for updates
12:41:07.149 [FXGL Background Thread 4 ] DEBUG FXGLApplication      - Loading fonts
12:41:07.150 [FXGL Background Thread 1 ] DEBUG FXGLApplication      - Loading default localization
12:41:07.150 [FXGL Background Thread 4 ] DEBUG FXGLAssetLoaderServi - Loading from file system: jar:file:///home/renz/.m2/repository/com/github/almasb/fxgl/17.2/fxgl-17.2.jar!/fxglassets/ui/fonts/VarelaRound-Regular.ttf
12:41:07.150 [FXGL Background Thread 1 ] DEBUG FXGLAssetLoaderServi - Loading from file system: jar:file:///home/renz/.m2/repository/com/github/almasb/fxgl/17.2/fxgl-17.2.jar!/fxglassets/languages/english.lang
12:41:07.154 [FXGL Background Thread 4 ] DEBUG FXGLAssetLoaderServi - Loading from file system: jar:file:///home/renz/.m2/repository/com/github/almasb/fxgl/17.2/fxgl-17.2.jar!/fxglassets/ui/fonts/Abel-Regular.ttf
12:41:07.154 [FXGL Background Thread 4 ] DEBUG FXGLAssetLoaderServi - Loading from file system: jar:file:///home/renz/.m2/repository/com/github/almasb/fxgl/17.2/fxgl-17.2.jar!/fxglassets/ui/fonts/TerminalLandMono-Regular.otf
12:41:07.155 [FXGL Background Thread 4 ] DEBUG FXGLAssetLoaderServi - Loading from file system: jar:file:///home/renz/.m2/repository/com/github/almasb/fxgl/17.2/fxgl-17.2.jar!/fxglassets/ui/fonts/Courier-Prime.ttf
12:41:07.157 [JavaFX Application Thread] DEBUG FXGLApplication      - Registering font factories with UI factory
12:41:07.158 [FXGL Background Thread 1 ] INFO  FXGLApplication      - FXGL initialization took: 0.168 sec
12:41:07.165 [JavaFX Application Thread] DEBUG Input                - Registered new binding: action0 - D
12:41:07.166 [JavaFX Application Thread] DEBUG Input                - Registered new binding: action1 - A
12:41:07.166 [JavaFX Application Thread] DEBUG Input                - Registered new binding: action2 - W
12:41:07.167 [JavaFX Application Thread] DEBUG Input                - Registered new binding: action3 - S
12:41:07.167 [JavaFX Application Thread] DEBUG FXGLAssetLoaderServi - Loading from file system: jar:file:///home/renz/.m2/repository/com/github/almasb/fxgl/17.2/fxgl-17.2.jar!/fxglassets/textures/fxgl_icon.png
12:41:07.199 [JavaFX Application Thread] DEBUG FXGLAssetLoaderServi - Loading from file system: jar:file:///home/renz/.m2/repository/com/github/almasb/fxgl/17.2/fxgl-17.2.jar!/fxglassets/textures/fxgl_default_cursor.png
12:41:07.202 [JavaFX Application Thread] DEBUG Input                - Registered new binding: Screenshot - CTRL+8
12:41:07.202 [JavaFX Application Thread] DEBUG Input                - Registered new binding: System info dump - CTRL+9
12:41:07.202 [JavaFX Application Thread] DEBUG Input                - Registered new binding: Restart - CTRL+R
12:41:07.203 [JavaFX Application Thread] DEBUG Input                - Registered new binding: Toggle Debug Camera - CTRL+7
12:41:07.205 [JavaFX Application Thread] DEBUG LoopRunner           - Starting loop
12:41:07.205 [JavaFX Application Thread] DEBUG LoopRunner           - Initializing JavaFX AnimationTimerLoop
12:41:07.208 [JavaFX Application Thread] DEBUG Input                - Clearing active input actions
12:41:07.227 [JavaFX Application Thread] DEBUG GameApplicationServi - Removing overlay from FXGLStartupScene and adding to FXGLMainMenuDummyScene
12:41:07.228 [JavaFX Application Thread] DEBUG PrimaryStageWindow   - FXGLStartupScene -> FXGLMainMenuDummyScene
12:41:07.228 [JavaFX Application Thread] DEBUG PrimaryStageWindow   - Push state: Menu
12:41:07.228 [JavaFX Application Thread] DEBUG Input                - Clearing active input actions
12:41:07.228 [JavaFX Application Thread] DEBUG GameApplicationServi - Removing overlay from FXGLMainMenuDummyScene and adding to Menu
12:41:07.229 [JavaFX Application Thread] DEBUG PrimaryStageWindow   - FXGLMainMenuDummyScene -> Menu
12:41:07.802 [FXGL Background Thread 2 ] INFO  UpdaterService       - Your current version:  17.2
12:41:07.802 [FXGL Background Thread 2 ] INFO  UpdaterService       - Latest stable version: 17.3
12:41:09.536 [JavaFX Application Thread] DEBUG FXGLApplication      - Exiting FXGL
12:41:09.536 [JavaFX Application Thread] DEBUG LoopRunner           - Stopping loop
12:41:09.536 [JavaFX Application Thread] DEBUG SystemBundleService  - Saving FXGL system data
12:41:09.539 [JavaFX Application Thread] DEBUG FileSystemAccess     - Writing to: /home/renz/Documents/world-hell/BasicGameApp/system/fxgl.bundle
12:41:09.544 [JavaFX Application Thread] DEBUG Async                - Shutting down background threads
12:41:09.544 [JavaFX Application Thread] DEBUG PrimaryStageWindow   - Closing main window
12:41:09.547 [JavaFX Application Thread] DEBUG Logger               - Closing Logger
