12:17:07.997 [main                     ] DEBUG Logger               - Configured Logger
12:17:08.021 [main                     ] DEBUG GameApplication      - Logging settings
Title: WorldHELL 0 
Version: 0.1
Width: 800
Height: 800
Fullscreen: false
Intro: false
Profiling: false
Single step:false
App Mode: DEVELOPER
Menu Key: ESCAPE
Stage Style: DECORATED
Scene Factory: class com.example.basicgameapp.BasicGameApp$1

12:17:08.262 [JavaFX Application Thread] DEBUG FXGLApplication      - Initializing FXGL
12:17:08.266 [JavaFX Application Thread] INFO  Engine               - FXGL-17.2 (20.08.2022 16.50) on WINDOWS (J:21.0.1 FX:20.0.1)
12:17:08.266 [JavaFX Application Thread] DEBUG Engine               - JRE Vendor Name: Oracle Corporation
12:17:08.267 [JavaFX Application Thread] DEBUG Engine               - Running on OS: Windows 11 version 10.0
12:17:08.267 [JavaFX Application Thread] DEBUG Engine               - Architecture: amd64
12:17:08.267 [JavaFX Application Thread] INFO  Engine               - Source code and latest versions at: https://github.com/AlmasB/FXGL
12:17:08.267 [JavaFX Application Thread] INFO  Engine               -       Ask questions and discuss at: https://github.com/AlmasB/FXGL/discussions
12:17:08.267 [JavaFX Application Thread] INFO  Engine               -              Join the FXGL chat at: https://gitter.im/AlmasB/FXGL
12:17:08.341 [JavaFX Application Thread] DEBUG PrimaryStageWindow   - Creating a JavaFX scene
12:17:08.384 [JavaFX Application Thread] DEBUG PrimaryStageWindow   - Target settings size: 800.0 x 800.0
12:17:08.384 [JavaFX Application Thread] DEBUG PrimaryStageWindow   - Scaled scene size:    800.0 x 800.0
12:17:08.384 [JavaFX Application Thread] DEBUG PrimaryStageWindow   - Scaled ratio: (1.0, 1.0)
12:17:08.385 [JavaFX Application Thread] DEBUG PrimaryStageWindow   - Set initial scene to FXGLStartupScene
12:17:08.388 [JavaFX Application Thread] DEBUG PrimaryStageWindow   - Opening main window
12:17:08.457 [JavaFX Application Thread] DEBUG PrimaryStageWindow   - Window border size: (14.4000244140625, 37.5999755859375)
12:17:08.457 [JavaFX Application Thread] DEBUG PrimaryStageWindow   - Scaled size: 800.0 x 800.0
12:17:08.457 [JavaFX Application Thread] DEBUG PrimaryStageWindow   - Scaled ratio: (1.0, 1.0)
12:17:08.458 [JavaFX Application Thread] DEBUG PrimaryStageWindow   - Scene size: 800.0 x 800.0
12:17:08.458 [JavaFX Application Thread] DEBUG PrimaryStageWindow   - Stage size: 814.4000244140625 x 837.5999755859375
12:17:08.465 [FXGL Background Thread 1 ] DEBUG Engine               - Initializing environment variables
12:17:08.525 [FXGL Background Thread 1 ] DEBUG FXGLAssetLoaderServi - User app class for loading assets: class com.example.basicgameapp.BasicGameApp
12:17:08.526 [FXGL Background Thread 1 ] DEBUG GameApplicationServi - Applying CSS: fxgl_dark.css
12:17:08.527 [FXGL Background Thread 1 ] DEBUG FXGLAssetLoaderServi - Loading from file system: jar:file:///C:/Users/majah/.m2/repository/com/github/almasb/fxgl/17.2/fxgl-17.2.jar!/fxglassets/ui/css/fxgl_dark.css
12:17:08.566 [FXGL Background Thread 1 ] DEBUG GameApplicationServi - Initializing application scenes
12:17:08.597 [FXGL Background Thread 1 ] DEBUG GameWorld            - Game world initialized
12:17:08.668 [FXGL Background Thread 1 ] DEBUG PhysicsWorld         - Physics world initialized: appHeight=800, physics.ppm=50.0
12:17:08.669 [FXGL Background Thread 1 ] DEBUG PhysicsWorld         - Using strategy: BRUTE_FORCE
12:17:08.674 [FXGL Background Thread 1 ] DEBUG GameScene            - Game scene initialized: 800x800
12:17:08.682 [FXGL Background Thread 1 ] DEBUG FXGLAssetLoaderServi - Loading from file system: file:/C:/Users/majah/OneDrive/Desktop/wH/world-hell/BasicGameApp/target/classes/assets/textures/BG.png
12:17:08.748 [FXGL Background Thread 1 ] DEBUG GameApplicationServi - Application scenes initialized
12:17:08.766 [FXGL Background Thread 1 ] DEBUG SystemBundleService  - Loading FXGL system data
12:17:08.770 [FXGL Background Thread 1 ] DEBUG FileSystemAccess     - Reading from: C:\Users\majah\OneDrive\Desktop\wH\world-hell\BasicGameApp\system\fxgl.bundle
12:17:08.780 [FXGL Background Thread 1 ] DEBUG SystemBundleService  - Bundle FXGL: {}
12:17:08.780 [FXGL Background Thread 1 ] DEBUG UpdaterService       - Checking for updates
12:17:08.784 [FXGL Background Thread 4 ] DEBUG FXGLApplication      - Loading fonts
12:17:08.784 [FXGL Background Thread 1 ] DEBUG FXGLApplication      - Loading default localization
12:17:08.784 [FXGL Background Thread 4 ] DEBUG FXGLAssetLoaderServi - Loading from file system: jar:file:///C:/Users/majah/.m2/repository/com/github/almasb/fxgl/17.2/fxgl-17.2.jar!/fxglassets/ui/fonts/VarelaRound-Regular.ttf
12:17:08.785 [FXGL Background Thread 1 ] DEBUG FXGLAssetLoaderServi - Loading from file system: jar:file:///C:/Users/majah/.m2/repository/com/github/almasb/fxgl/17.2/fxgl-17.2.jar!/fxglassets/languages/english.lang
12:17:08.805 [FXGL Background Thread 1 ] INFO  FXGLApplication      - FXGL initialization took: 0.340 sec
12:17:08.816 [JavaFX Application Thread] DEBUG Input                - Registered new binding: action0 - D
12:17:08.817 [JavaFX Application Thread] DEBUG Input                - Registered new binding: action1 - A
12:17:08.817 [JavaFX Application Thread] DEBUG Input                - Registered new binding: action2 - W
12:17:08.818 [JavaFX Application Thread] DEBUG Input                - Registered new binding: action3 - S
12:17:08.818 [JavaFX Application Thread] DEBUG FXGLAssetLoaderServi - Loading from file system: file:/C:/Users/majah/OneDrive/Desktop/wH/world-hell/BasicGameApp/target/classes/assets/music/Rip%20&%20Tear%20Doom%20OST.mp3
12:17:08.820 [FXGL Background Thread 4 ] DEBUG FXGLAssetLoaderServi - Loading from file system: jar:file:///C:/Users/majah/.m2/repository/com/github/almasb/fxgl/17.2/fxgl-17.2.jar!/fxglassets/ui/fonts/Abel-Regular.ttf
12:17:08.830 [FXGL Background Thread 4 ] DEBUG FXGLAssetLoaderServi - Loading from file system: jar:file:///C:/Users/majah/.m2/repository/com/github/almasb/fxgl/17.2/fxgl-17.2.jar!/fxglassets/ui/fonts/TerminalLandMono-Regular.otf
12:17:08.839 [FXGL Background Thread 4 ] DEBUG FXGLAssetLoaderServi - Loading from file system: jar:file:///C:/Users/majah/.m2/repository/com/github/almasb/fxgl/17.2/fxgl-17.2.jar!/fxglassets/ui/fonts/Courier-Prime.ttf
12:17:08.932 [JavaFX Application Thread] DEBUG AudioPlayer          - Playing music com.almasb.fxgl.audio.Music@5638733
12:17:08.932 [JavaFX Application Thread] DEBUG FXGLAssetLoaderServi - Loading from file system: jar:file:///C:/Users/majah/.m2/repository/com/github/almasb/fxgl/17.2/fxgl-17.2.jar!/fxglassets/textures/fxgl_icon.png
12:17:08.949 [JavaFX Application Thread] DEBUG FXGLAssetLoaderServi - Loading from file system: jar:file:///C:/Users/majah/.m2/repository/com/github/almasb/fxgl/17.2/fxgl-17.2.jar!/fxglassets/textures/fxgl_default_cursor.png
12:17:08.950 [JavaFX Application Thread] DEBUG Input                - Registered new binding: Screenshot - CTRL+8
12:17:08.951 [JavaFX Application Thread] DEBUG Input                - Registered new binding: System info dump - CTRL+9
12:17:08.951 [JavaFX Application Thread] DEBUG Input                - Registered new binding: Restart - CTRL+R
12:17:08.952 [JavaFX Application Thread] DEBUG Input                - Registered new binding: Toggle Debug Camera - CTRL+7
12:17:08.954 [JavaFX Application Thread] DEBUG LoopRunner           - Starting loop
12:17:08.954 [JavaFX Application Thread] DEBUG LoopRunner           - Initializing JavaFX AnimationTimerLoop
12:17:08.956 [JavaFX Application Thread] DEBUG Input                - Clearing active input actions
12:17:08.977 [JavaFX Application Thread] DEBUG GameApplicationServi - Removing overlay from FXGLStartupScene and adding to FXGLMainMenuDummyScene
12:17:08.978 [JavaFX Application Thread] DEBUG PrimaryStageWindow   - FXGLStartupScene -> FXGLMainMenuDummyScene
12:17:08.978 [JavaFX Application Thread] DEBUG PrimaryStageWindow   - Push state: WorldHellMenu
12:17:08.978 [JavaFX Application Thread] DEBUG Input                - Clearing active input actions
12:17:08.980 [JavaFX Application Thread] DEBUG GameApplicationServi - Removing overlay from FXGLMainMenuDummyScene and adding to WorldHellMenu
12:17:08.981 [JavaFX Application Thread] DEBUG PrimaryStageWindow   - FXGLMainMenuDummyScene -> WorldHellMenu
12:17:09.011 [JavaFX Application Thread] DEBUG FXGLApplication      - Registering font factories with UI factory
12:17:09.565 [FXGL Background Thread 2 ] INFO  UpdaterService       - Your current version:  17.2
12:17:09.565 [FXGL Background Thread 2 ] INFO  UpdaterService       - Latest stable version: 17.3
12:17:10.377 [JavaFX Application Thread] DEBUG FXGLAssetLoaderServi - Loading from file system: file:/C:/Users/majah/OneDrive/Desktop/wH/world-hell/BasicGameApp/target/classes/assets/textures/rog2.png
12:17:11.782 [FXGL Background Thread 3 ] DEBUG Engine               - Logging environment variables
12:17:11.784 [FXGL Background Thread 3 ] DEBUG Engine               - achievements: []
12:17:11.784 [FXGL Background Thread 3 ] DEBUG Engine               - actualHeight: 800.0
12:17:11.784 [FXGL Background Thread 3 ] DEBUG Engine               - actualHeightProperty: ReadOnlyDoubleProperty [value: 800.0]
12:17:11.784 [FXGL Background Thread 3 ] DEBUG Engine               - actualWidth: 800.0
12:17:11.785 [FXGL Background Thread 3 ] DEBUG Engine               - actualWidthProperty: ReadOnlyDoubleProperty [value: 800.0]
12:17:11.785 [FXGL Background Thread 3 ] DEBUG Engine               - appIcon: fxgl_icon.png
12:17:11.785 [FXGL Background Thread 3 ] DEBUG Engine               - applicationMode: DEVELOPER
12:17:11.785 [FXGL Background Thread 3 ] DEBUG Engine               - cSSList: [fxgl_dark.css]
12:17:11.786 [FXGL Background Thread 3 ] DEBUG Engine               - collisionDetectionStrategy: BRUTE_FORCE
12:17:11.786 [FXGL Background Thread 3 ] DEBUG Engine               - configClass: Optional.empty
12:17:11.786 [FXGL Background Thread 3 ] DEBUG Engine               - credits: []
12:17:11.788 [FXGL Background Thread 3 ] DEBUG Engine               - defaultCursor: CursorInfo(imageName=fxgl_default_cursor.png, hotspotX=7.0, hotspotY=6.0)
12:17:11.788 [FXGL Background Thread 3 ] DEBUG Engine               - devBBoxColorProperty: ObjectProperty [value: 0xff0000ff]
12:17:11.788 [FXGL Background Thread 3 ] DEBUG Engine               - devEnableDebugCameraProperty: BooleanProperty [value: false]
12:17:11.788 [FXGL Background Thread 3 ] DEBUG Engine               - devSensorColorProperty: ObjectProperty [value: 0xffff00ff]
12:17:11.789 [FXGL Background Thread 3 ] DEBUG Engine               - devShowBBoxProperty: BooleanProperty [value: false]
12:17:11.789 [FXGL Background Thread 3 ] DEBUG Engine               - devShowPositionProperty: BooleanProperty [value: false]
12:17:11.789 [FXGL Background Thread 3 ] DEBUG Engine               - enabledMenuItems: []
12:17:11.789 [FXGL Background Thread 3 ] DEBUG Engine               - engineServices: [class com.almasb.fxgl.app.services.FXGLAssetLoaderService, class com.almasb.fxgl.app.FXGLApplication$GameApplicationService, class com.almasb.fxgl.app.services.FXGLDialogService, class com.almasb.fxgl.app.services.IOTaskExecutorService, class com.almasb.fxgl.io.FileSystemService, class com.almasb.fxgl.localization.LocalizationService, class com.almasb.fxgl.app.services.SystemBundleService, class com.almasb.fxgl.profile.SaveLoadService, class com.almasb.fxgl.ui.FXGLUIFactoryServiceProvider, class com.almasb.fxgl.ui.FXGLDialogFactoryServiceProvider, class com.almasb.fxgl.audio.AudioPlayer, class com.almasb.fxgl.notification.impl.NotificationServiceProvider, class com.almasb.fxgl.achievement.AchievementService, class com.almasb.fxgl.cutscene.CutsceneService, class com.almasb.fxgl.minigames.MiniGameService, class com.almasb.fxgl.net.NetService, class com.almasb.fxgl.app.services.UpdaterService, class com.almasb.fxgl.dev.DevService]
12:17:11.789 [FXGL Background Thread 3 ] DEBUG Engine               - fontGame: Abel-Regular.ttf
12:17:11.789 [FXGL Background Thread 3 ] DEBUG Engine               - fontMono: TerminalLandMono-Regular.otf
12:17:11.789 [FXGL Background Thread 3 ] DEBUG Engine               - fontText: Courier-Prime.ttf
12:17:11.789 [FXGL Background Thread 3 ] DEBUG Engine               - fontUI: VarelaRound-Regular.ttf
12:17:11.789 [FXGL Background Thread 3 ] DEBUG Engine               - fullScreen: BooleanProperty [value: false]
12:17:11.789 [FXGL Background Thread 3 ] DEBUG Engine               - gameDifficulty: MEDIUM
12:17:11.789 [FXGL Background Thread 3 ] DEBUG Engine               - gameDifficultyProperty: ObjectProperty [value: MEDIUM]
12:17:11.789 [FXGL Background Thread 3 ] DEBUG Engine               - globalMusicVolume: 0.5
12:17:11.789 [FXGL Background Thread 3 ] DEBUG Engine               - globalMusicVolumeProperty: DoubleProperty [value: 0.2]
12:17:11.789 [FXGL Background Thread 3 ] DEBUG Engine               - globalSoundVolume: 0.5
12:17:11.789 [FXGL Background Thread 3 ] DEBUG Engine               - globalSoundVolumeProperty: DoubleProperty [value: 0.5]
12:17:11.789 [FXGL Background Thread 3 ] DEBUG Engine               - height: 800
12:17:11.790 [FXGL Background Thread 3 ] DEBUG Engine               - is3D: false
12:17:11.790 [FXGL Background Thread 3 ] DEBUG Engine               - isAndroid: false
12:17:11.790 [FXGL Background Thread 3 ] DEBUG Engine               - isBrowser: false
12:17:11.790 [FXGL Background Thread 3 ] DEBUG Engine               - isClickFeedbackEnabled: false
12:17:11.790 [FXGL Background Thread 3 ] DEBUG Engine               - isCloseConfirmation: false
12:17:11.790 [FXGL Background Thread 3 ] DEBUG Engine               - isDesktop: true
12:17:11.790 [FXGL Background Thread 3 ] DEBUG Engine               - isDeveloperMenuEnabled: false
12:17:11.790 [FXGL Background Thread 3 ] DEBUG Engine               - isEmbedded: false
12:17:11.790 [FXGL Background Thread 3 ] DEBUG Engine               - isEntityPreloadEnabled: true
12:17:11.790 [FXGL Background Thread 3 ] DEBUG Engine               - isExperimentalTiledLargeMap: false
12:17:11.790 [FXGL Background Thread 3 ] DEBUG Engine               - isFileSystemWriteAllowed: true
12:17:11.790 [FXGL Background Thread 3 ] DEBUG Engine               - isFullScreenAllowed: false
12:17:11.790 [FXGL Background Thread 3 ] DEBUG Engine               - isFullScreenFromStart: false
12:17:11.790 [FXGL Background Thread 3 ] DEBUG Engine               - isGameMenuEnabled: true
12:17:11.790 [FXGL Background Thread 3 ] DEBUG Engine               - isIOS: false
12:17:11.790 [FXGL Background Thread 3 ] DEBUG Engine               - isIntroEnabled: false
12:17:11.790 [FXGL Background Thread 3 ] DEBUG Engine               - isLinux: false
12:17:11.790 [FXGL Background Thread 3 ] DEBUG Engine               - isMac: false
12:17:11.791 [FXGL Background Thread 3 ] DEBUG Engine               - isMainMenuEnabled: true
12:17:11.791 [FXGL Background Thread 3 ] DEBUG Engine               - isManualResizeEnabled: false
12:17:11.791 [FXGL Background Thread 3 ] DEBUG Engine               - isMobile: false
12:17:11.791 [FXGL Background Thread 3 ] DEBUG Engine               - isNative: false
12:17:11.791 [FXGL Background Thread 3 ] DEBUG Engine               - isPauseMusicWhenMinimized: true
12:17:11.791 [FXGL Background Thread 3 ] DEBUG Engine               - isPreserveResizeRatio: false
12:17:11.791 [FXGL Background Thread 3 ] DEBUG Engine               - isProfilingEnabled: false
12:17:11.791 [FXGL Background Thread 3 ] DEBUG Engine               - isScaleAffectedOnResize: true
12:17:11.791 [FXGL Background Thread 3 ] DEBUG Engine               - isSingleStep: false
12:17:11.791 [FXGL Background Thread 3 ] DEBUG Engine               - isUserProfileEnabled: false
12:17:11.791 [FXGL Background Thread 3 ] DEBUG Engine               - isWindows: true
12:17:11.791 [FXGL Background Thread 3 ] DEBUG Engine               - language: ObjectProperty [value: ENGLISH]
12:17:11.791 [FXGL Background Thread 3 ] DEBUG Engine               - menuKey: ESCAPE
12:17:11.791 [FXGL Background Thread 3 ] DEBUG Engine               - mouseSensitivity: 0.2
12:17:11.791 [FXGL Background Thread 3 ] DEBUG Engine               - notificationViewClass: class com.almasb.fxgl.notification.view.XboxNotificationView
12:17:11.791 [FXGL Background Thread 3 ] DEBUG Engine               - pixelsPerMeter: 50.0
12:17:11.791 [FXGL Background Thread 3 ] DEBUG Engine               - platform: WINDOWS
12:17:11.791 [FXGL Background Thread 3 ] DEBUG Engine               - prefHeightProperty: ReadOnlyDoubleProperty [value: 800.0]
12:17:11.791 [FXGL Background Thread 3 ] DEBUG Engine               - prefWidthProperty: ReadOnlyDoubleProperty [value: 800.0]
12:17:11.791 [FXGL Background Thread 3 ] DEBUG Engine               - profileDir: profiles/
12:17:11.791 [FXGL Background Thread 3 ] DEBUG Engine               - profileName: StringProperty [value: DEFAULT]
12:17:11.791 [FXGL Background Thread 3 ] DEBUG Engine               - randomSeed: -1
12:17:11.792 [FXGL Background Thread 3 ] DEBUG Engine               - runtimeInfo: RuntimeInfo(platform=WINDOWS, version=17.2, build=20.08.2022 16.50)
12:17:11.792 [FXGL Background Thread 3 ] DEBUG Engine               - saveFileExt: sav
12:17:11.792 [FXGL Background Thread 3 ] DEBUG Engine               - scaledHeightProp$fxgl: DoubleProperty [bound, value: 800.0]
12:17:11.792 [FXGL Background Thread 3 ] DEBUG Engine               - scaledWidthProp$fxgl: DoubleProperty [bound, value: 800.0]
12:17:11.792 [FXGL Background Thread 3 ] DEBUG Engine               - sceneFactory: com.example.basicgameapp.BasicGameApp$1@484f0822
12:17:11.792 [FXGL Background Thread 3 ] DEBUG Engine               - secondsIn24h: 60
12:17:11.792 [FXGL Background Thread 3 ] DEBUG Engine               - soundMenuBack: menu/back.wav
12:17:11.792 [FXGL Background Thread 3 ] DEBUG Engine               - soundMenuPress: menu/press.wav
12:17:11.792 [FXGL Background Thread 3 ] DEBUG Engine               - soundMenuSelect: menu/select.wav
12:17:11.792 [FXGL Background Thread 3 ] DEBUG Engine               - soundNotification: core/notification.wav
12:17:11.792 [FXGL Background Thread 3 ] DEBUG Engine               - stageStyle: DECORATED
12:17:11.792 [FXGL Background Thread 3 ] DEBUG Engine               - supportedLanguages: [ENGLISH, FRENCH, GERMAN, HUNGARIAN, RUSSIAN]
12:17:11.792 [FXGL Background Thread 3 ] DEBUG Engine               - ticksPerSecond: -1
12:17:11.792 [FXGL Background Thread 3 ] DEBUG Engine               - title: WorldHELL 0 
12:17:11.792 [FXGL Background Thread 3 ] DEBUG Engine               - urlGithub: https://github.com/AlmasB/FXGL
12:17:11.792 [FXGL Background Thread 3 ] DEBUG Engine               - urlLeaderboard: http://fxgl-top.herokuapp.com/
12:17:11.792 [FXGL Background Thread 3 ] DEBUG Engine               - urlPOM: https://raw.githubusercontent.com/AlmasB/FXGL/release/README.md
12:17:11.792 [FXGL Background Thread 3 ] DEBUG Engine               - userAppClass: class com.example.basicgameapp.BasicGameApp
12:17:11.793 [FXGL Background Thread 3 ] DEBUG Engine               - version: 0.1
12:17:11.793 [FXGL Background Thread 3 ] DEBUG Engine               - versionCheckDays: 7
12:17:11.793 [FXGL Background Thread 3 ] DEBUG Engine               - width: 800
12:17:11.793 [FXGL Background Thread 3 ] DEBUG Engine               - Logging services
12:17:11.793 [FXGL Background Thread 3 ] DEBUG Engine               - class com.almasb.fxgl.app.services.FXGLAssetLoaderService
12:17:11.793 [FXGL Background Thread 3 ] DEBUG Engine               - class com.almasb.fxgl.app.FXGLApplication$GameApplicationService
12:17:11.793 [FXGL Background Thread 3 ] DEBUG Engine               - class com.almasb.fxgl.app.services.FXGLDialogService
12:17:11.793 [FXGL Background Thread 3 ] DEBUG Engine               - class com.almasb.fxgl.app.services.IOTaskExecutorService
12:17:11.793 [FXGL Background Thread 3 ] DEBUG Engine               - class com.almasb.fxgl.io.FileSystemService
12:17:11.793 [FXGL Background Thread 3 ] DEBUG Engine               - class com.almasb.fxgl.localization.LocalizationService
12:17:11.793 [FXGL Background Thread 3 ] DEBUG Engine               - class com.almasb.fxgl.app.services.SystemBundleService
12:17:11.793 [FXGL Background Thread 3 ] DEBUG Engine               - class com.almasb.fxgl.profile.SaveLoadService
12:17:11.793 [FXGL Background Thread 3 ] DEBUG Engine               - class com.almasb.fxgl.ui.FXGLUIFactoryServiceProvider
12:17:11.793 [FXGL Background Thread 3 ] DEBUG Engine               - class com.almasb.fxgl.ui.FXGLDialogFactoryServiceProvider
12:17:11.793 [FXGL Background Thread 3 ] DEBUG Engine               - class com.almasb.fxgl.audio.AudioPlayer
12:17:11.793 [FXGL Background Thread 3 ] DEBUG Engine               - class com.almasb.fxgl.notification.impl.NotificationServiceProvider
12:17:11.793 [FXGL Background Thread 3 ] DEBUG Engine               - class com.almasb.fxgl.achievement.AchievementService
12:17:11.793 [FXGL Background Thread 3 ] DEBUG Engine               - class com.almasb.fxgl.cutscene.CutsceneService
12:17:11.793 [FXGL Background Thread 3 ] DEBUG Engine               - class com.almasb.fxgl.minigames.MiniGameService
12:17:11.793 [FXGL Background Thread 3 ] DEBUG Engine               - class com.almasb.fxgl.net.NetService
12:17:11.793 [FXGL Background Thread 3 ] DEBUG Engine               - class com.almasb.fxgl.app.services.UpdaterService
12:17:11.793 [FXGL Background Thread 3 ] DEBUG Engine               - class com.almasb.fxgl.dev.DevService
12:17:15.907 [JavaFX Application Thread] DEBUG PrimaryStageWindow   - Pop state: WorldHellMenu
12:17:15.907 [JavaFX Application Thread] DEBUG Input                - Clearing active input actions
12:17:15.907 [JavaFX Application Thread] DEBUG GameApplicationServi - Removing overlay from WorldHellMenu and adding to FXGLMainMenuDummyScene
12:17:15.908 [JavaFX Application Thread] DEBUG PrimaryStageWindow   - FXGLMainMenuDummyScene <- WorldHellMenu
12:17:15.908 [JavaFX Application Thread] WARN  PrimaryStageWindow   - Cannot set to FXGLMainMenuDummyScene. Probably because subscenes are present.
12:17:15.908 [JavaFX Application Thread] DEBUG PrimaryStageWindow   - Push state: WorldHellMenu
12:17:15.909 [JavaFX Application Thread] DEBUG Input                - Clearing active input actions
12:17:15.909 [JavaFX Application Thread] DEBUG GameApplicationServi - Removing overlay from FXGLMainMenuDummyScene and adding to WorldHellMenu
12:17:15.909 [JavaFX Application Thread] DEBUG PrimaryStageWindow   - FXGLMainMenuDummyScene -> WorldHellMenu
12:17:16.935 [JavaFX Application Thread] DEBUG FXGLAssetLoaderServi - Loading from file system: file:/C:/Users/majah/OneDrive/Desktop/wH/world-hell/BasicGameApp/target/classes/assets/textures/theDevelopers.jpg
12:17:18.218 [JavaFX Application Thread] DEBUG PrimaryStageWindow   - Pop state: WorldHellMenu
12:17:18.218 [JavaFX Application Thread] DEBUG Input                - Clearing active input actions
12:17:18.218 [JavaFX Application Thread] DEBUG GameApplicationServi - Removing overlay from WorldHellMenu and adding to FXGLMainMenuDummyScene
12:17:18.218 [JavaFX Application Thread] DEBUG PrimaryStageWindow   - FXGLMainMenuDummyScene <- WorldHellMenu
12:17:18.219 [JavaFX Application Thread] WARN  PrimaryStageWindow   - Cannot set to FXGLMainMenuDummyScene. Probably because subscenes are present.
12:17:18.219 [JavaFX Application Thread] DEBUG PrimaryStageWindow   - Push state: WorldHellMenu
12:17:18.219 [JavaFX Application Thread] DEBUG Input                - Clearing active input actions
12:17:18.219 [JavaFX Application Thread] DEBUG GameApplicationServi - Removing overlay from FXGLMainMenuDummyScene and adding to WorldHellMenu
12:17:18.219 [JavaFX Application Thread] DEBUG PrimaryStageWindow   - FXGLMainMenuDummyScene -> WorldHellMenu
12:17:19.907 [JavaFX Application Thread] DEBUG FXGLApplication      - Exiting FXGL
12:17:19.907 [JavaFX Application Thread] DEBUG LoopRunner           - Stopping loop
12:17:19.907 [JavaFX Application Thread] DEBUG SystemBundleService  - Saving FXGL system data
12:17:19.911 [JavaFX Application Thread] DEBUG FileSystemAccess     - Writing to: C:\Users\majah\OneDrive\Desktop\wH\world-hell\BasicGameApp\system\fxgl.bundle
12:17:19.915 [JavaFX Application Thread] DEBUG Async                - Shutting down background threads
12:17:19.915 [JavaFX Application Thread] DEBUG PrimaryStageWindow   - Closing main window
12:17:19.942 [JavaFX Application Thread] DEBUG Logger               - Closing Logger
