22:39:45.404 [main                     ] DEBUG Logger               - Configured Logger
22:39:45.421 [main                     ] DEBUG GameApplication      - Logging settings
Title: WorldHELL 0 
Version: 0.1
Width: 800
Height: 800
Fullscreen: false
Intro: false
Profiling: false
Single step:false
App Mode: DEVELOPER
Menu Key: ESCAPE
Stage Style: DECORATED
Scene Factory: class com.example.basicgameapp.BasicGameApp$1

22:39:45.672 [JavaFX Application Thread] DEBUG FXGLApplication      - Initializing FXGL
22:39:45.675 [JavaFX Application Thread] INFO  Engine               - FXGL-17.2 (20.08.2022 16.50) on WINDOWS (J:20.0.2 FX:20.0.1)
22:39:45.676 [JavaFX Application Thread] DEBUG Engine               - JRE Vendor Name: Oracle Corporation
22:39:45.676 [JavaFX Application Thread] DEBUG Engine               - Running on OS: Windows 11 version 10.0
22:39:45.676 [JavaFX Application Thread] DEBUG Engine               - Architecture: amd64
22:39:45.676 [JavaFX Application Thread] INFO  Engine               - Source code and latest versions at: https://github.com/AlmasB/FXGL
22:39:45.676 [JavaFX Application Thread] INFO  Engine               -       Ask questions and discuss at: https://github.com/AlmasB/FXGL/discussions
22:39:45.676 [JavaFX Application Thread] INFO  Engine               -              Join the FXGL chat at: https://gitter.im/AlmasB/FXGL
22:39:45.743 [JavaFX Application Thread] DEBUG PrimaryStageWindow   - Creating a JavaFX scene
22:39:45.784 [JavaFX Application Thread] DEBUG PrimaryStageWindow   - Target settings size: 800.0 x 800.0
22:39:45.784 [JavaFX Application Thread] DEBUG PrimaryStageWindow   - Scaled scene size:    800.0 x 800.0
22:39:45.785 [JavaFX Application Thread] DEBUG PrimaryStageWindow   - Scaled ratio: (1.0, 1.0)
22:39:45.785 [JavaFX Application Thread] DEBUG PrimaryStageWindow   - Set initial scene to FXGLStartupScene
22:39:45.788 [JavaFX Application Thread] DEBUG PrimaryStageWindow   - Opening main window
22:39:45.851 [JavaFX Application Thread] DEBUG PrimaryStageWindow   - Window border size: (14.4000244140625, 37.5999755859375)
22:39:45.851 [JavaFX Application Thread] DEBUG PrimaryStageWindow   - Scaled size: 800.0 x 800.0
22:39:45.851 [JavaFX Application Thread] DEBUG PrimaryStageWindow   - Scaled ratio: (1.0, 1.0)
22:39:45.851 [JavaFX Application Thread] DEBUG PrimaryStageWindow   - Scene size: 800.0 x 800.0
22:39:45.852 [JavaFX Application Thread] DEBUG PrimaryStageWindow   - Stage size: 814.4000244140625 x 837.5999755859375
22:39:45.861 [FXGL Background Thread 1 ] DEBUG Engine               - Initializing environment variables
22:39:45.910 [FXGL Background Thread 1 ] DEBUG FXGLAssetLoaderServi - User app class for loading assets: class com.example.basicgameapp.BasicGameApp
22:39:45.911 [FXGL Background Thread 1 ] DEBUG GameApplicationServi - Applying CSS: fxgl_dark.css
22:39:45.912 [FXGL Background Thread 1 ] DEBUG FXGLAssetLoaderServi - Loading from file system: jar:file:///C:/Users/majah/.m2/repository/com/github/almasb/fxgl/17.2/fxgl-17.2.jar!/fxglassets/ui/css/fxgl_dark.css
22:39:45.947 [FXGL Background Thread 1 ] DEBUG GameApplicationServi - Initializing application scenes
22:39:45.986 [FXGL Background Thread 1 ] DEBUG GameWorld            - Game world initialized
22:39:46.043 [FXGL Background Thread 1 ] DEBUG PhysicsWorld         - Physics world initialized: appHeight=800, physics.ppm=50.0
22:39:46.043 [FXGL Background Thread 1 ] DEBUG PhysicsWorld         - Using strategy: BRUTE_FORCE
22:39:46.046 [FXGL Background Thread 1 ] DEBUG GameScene            - Game scene initialized: 800x800
22:39:46.049 [FXGL Background Thread 1 ] DEBUG FXGLAssetLoaderServi - Loading from file system: file:/C:/Users/majah/OneDrive/Desktop/world-hell/BasicGameApp/target/classes/assets/textures/BG.png
22:39:46.111 [FXGL Background Thread 1 ] DEBUG GameApplicationServi - Application scenes initialized
22:39:46.122 [FXGL Background Thread 1 ] DEBUG SystemBundleService  - Loading FXGL system data
22:39:46.125 [FXGL Background Thread 1 ] DEBUG FileSystemAccess     - Reading from: C:\Users\majah\OneDrive\Desktop\world-hell\BasicGameApp\system\fxgl.bundle
22:39:46.131 [FXGL Background Thread 1 ] DEBUG SystemBundleService  - Bundle FXGL: {}
22:39:46.131 [FXGL Background Thread 1 ] DEBUG UpdaterService       - Checking for updates
22:39:46.134 [FXGL Background Thread 4 ] DEBUG FXGLApplication      - Loading fonts
22:39:46.134 [FXGL Background Thread 1 ] DEBUG FXGLApplication      - Loading default localization
22:39:46.134 [FXGL Background Thread 4 ] DEBUG FXGLAssetLoaderServi - Loading from file system: jar:file:///C:/Users/majah/.m2/repository/com/github/almasb/fxgl/17.2/fxgl-17.2.jar!/fxglassets/ui/fonts/VarelaRound-Regular.ttf
22:39:46.135 [FXGL Background Thread 1 ] DEBUG FXGLAssetLoaderServi - Loading from file system: jar:file:///C:/Users/majah/.m2/repository/com/github/almasb/fxgl/17.2/fxgl-17.2.jar!/fxglassets/languages/english.lang
22:39:46.152 [FXGL Background Thread 1 ] INFO  FXGLApplication      - FXGL initialization took: 0.291 sec
22:39:46.162 [JavaFX Application Thread] DEBUG Input                - Registered new binding: action0 - D
22:39:46.163 [JavaFX Application Thread] DEBUG Input                - Registered new binding: action1 - A
22:39:46.163 [JavaFX Application Thread] DEBUG Input                - Registered new binding: action2 - W
22:39:46.164 [JavaFX Application Thread] DEBUG Input                - Registered new binding: action3 - S
22:39:46.164 [JavaFX Application Thread] DEBUG FXGLAssetLoaderServi - Loading from file system: jar:file:///C:/Users/majah/.m2/repository/com/github/almasb/fxgl/17.2/fxgl-17.2.jar!/fxglassets/textures/fxgl_icon.png
22:39:46.179 [JavaFX Application Thread] DEBUG FXGLAssetLoaderServi - Loading from file system: jar:file:///C:/Users/majah/.m2/repository/com/github/almasb/fxgl/17.2/fxgl-17.2.jar!/fxglassets/textures/fxgl_default_cursor.png
22:39:46.181 [JavaFX Application Thread] DEBUG Input                - Registered new binding: Screenshot - CTRL+8
22:39:46.182 [JavaFX Application Thread] DEBUG Input                - Registered new binding: System info dump - CTRL+9
22:39:46.182 [JavaFX Application Thread] DEBUG Input                - Registered new binding: Restart - CTRL+R
22:39:46.183 [JavaFX Application Thread] DEBUG Input                - Registered new binding: Toggle Debug Camera - CTRL+7
22:39:46.186 [JavaFX Application Thread] DEBUG LoopRunner           - Starting loop
22:39:46.187 [JavaFX Application Thread] DEBUG LoopRunner           - Initializing JavaFX AnimationTimerLoop
22:39:46.190 [JavaFX Application Thread] DEBUG Input                - Clearing active input actions
22:39:46.197 [JavaFX Application Thread] DEBUG GameApplicationServi - Removing overlay from FXGLStartupScene and adding to FXGLMainMenuDummyScene
22:39:46.197 [JavaFX Application Thread] DEBUG PrimaryStageWindow   - FXGLStartupScene -> FXGLMainMenuDummyScene
22:39:46.197 [JavaFX Application Thread] DEBUG PrimaryStageWindow   - Push state: WorldHellMenu
22:39:46.197 [JavaFX Application Thread] DEBUG Input                - Clearing active input actions
22:39:46.200 [JavaFX Application Thread] DEBUG GameApplicationServi - Removing overlay from FXGLMainMenuDummyScene and adding to WorldHellMenu
22:39:46.201 [JavaFX Application Thread] DEBUG PrimaryStageWindow   - FXGLMainMenuDummyScene -> WorldHellMenu
22:39:46.254 [FXGL Background Thread 4 ] DEBUG FXGLAssetLoaderServi - Loading from file system: jar:file:///C:/Users/majah/.m2/repository/com/github/almasb/fxgl/17.2/fxgl-17.2.jar!/fxglassets/ui/fonts/Abel-Regular.ttf
22:39:46.258 [FXGL Background Thread 4 ] DEBUG FXGLAssetLoaderServi - Loading from file system: jar:file:///C:/Users/majah/.m2/repository/com/github/almasb/fxgl/17.2/fxgl-17.2.jar!/fxglassets/ui/fonts/TerminalLandMono-Regular.otf
22:39:46.262 [FXGL Background Thread 4 ] DEBUG FXGLAssetLoaderServi - Loading from file system: jar:file:///C:/Users/majah/.m2/repository/com/github/almasb/fxgl/17.2/fxgl-17.2.jar!/fxglassets/ui/fonts/Courier-Prime.ttf
22:39:46.269 [JavaFX Application Thread] DEBUG FXGLApplication      - Registering font factories with UI factory
22:39:46.479 [FXGL Background Thread 2 ] INFO  UpdaterService       - Your current version:  17.2
22:39:46.479 [FXGL Background Thread 2 ] INFO  UpdaterService       - Latest stable version: 17.3
22:39:47.917 [JavaFX Application Thread] DEBUG Menu                 - fireNewGame()
22:39:47.918 [JavaFX Application Thread] DEBUG GameApplicationServi - Starting new game
22:39:47.918 [JavaFX Application Thread] DEBUG PrimaryStageWindow   - Pop state: WorldHellMenu
22:39:47.918 [JavaFX Application Thread] DEBUG Input                - Clearing active input actions
22:39:47.920 [JavaFX Application Thread] DEBUG GameApplicationServi - Removing overlay from WorldHellMenu and adding to FXGLMainMenuDummyScene
22:39:47.920 [JavaFX Application Thread] DEBUG PrimaryStageWindow   - FXGLMainMenuDummyScene <- WorldHellMenu
22:39:47.921 [JavaFX Application Thread] DEBUG Input                - Clearing active input actions
22:39:47.929 [JavaFX Application Thread] DEBUG GameApplicationServi - Removing overlay from FXGLMainMenuDummyScene and adding to FXGLLoadingScene
22:39:47.929 [JavaFX Application Thread] DEBUG PrimaryStageWindow   - FXGLMainMenuDummyScene -> FXGLLoadingScene
22:39:47.929 [JavaFX Application Thread] DEBUG GameApplicationServi - Clearing previous game
22:39:47.929 [JavaFX Application Thread] DEBUG GameScene            - Clearing game scene
22:39:47.929 [JavaFX Application Thread] DEBUG GameWorld            - Clearing game world
22:39:47.929 [JavaFX Application Thread] DEBUG PhysicsWorld         - Clearing physics world
22:39:47.931 [FXGL Background Thread 2 ] DEBUG FXGLApplication      - Initializing game
22:39:47.932 [FXGL Background Thread 2 ] DEBUG FXGLAssetLoaderServi - Loading from file system: file:/C:/Users/majah/OneDrive/Desktop/world-hell/BasicGameApp/target/classes/assets/music/Doom%20Eternal%20OST%20-%20The%20Only%20Thing%20They%20Fear%20Is%20You%20(Mick%20Gordon)%20%5BDoom%20Eternal%20Theme%5D.mp3
22:39:48.072 [FXGL Background Thread 2 ] DEBUG AudioPlayer          - Playing music com.almasb.fxgl.audio.Music@67ad7095
22:39:48.076 [FXGL Background Thread 2 ] DEBUG FXGLAssetLoaderServi - Loading from file system: file:/C:/Users/majah/OneDrive/Desktop/world-hell/BasicGameApp/target/classes/assets/textures/background.jpg
22:39:48.092 [FXGL Background Thread 2 ] DEBUG FXGLAssetLoaderServi - Loading from file system: file:/C:/Users/majah/OneDrive/Desktop/world-hell/BasicGameApp/target/classes/assets/textures/girl_colored.png
22:39:48.113 [FXGL Background Thread 2 ] INFO  FXGLApplication      - Game initialization took: 0.182 sec
22:39:48.122 [JavaFX Application Thread] DEBUG Input                - Clearing active input actions
22:39:48.128 [JavaFX Application Thread] DEBUG GameApplicationServi - Removing overlay from FXGLLoadingScene and adding to GameScene
22:39:48.128 [JavaFX Application Thread] DEBUG PrimaryStageWindow   - FXGLLoadingScene -> GameScene
22:39:48.643 [JavaFX Application Thread] DEBUG FXGLAssetLoaderServi - Loading from file system: file:/C:/Users/majah/OneDrive/Desktop/world-hell/BasicGameApp/target/classes/assets/textures/zombie_colored.png
22:39:48.648 [JavaFX Application Thread] DEBUG FXGLAssetLoaderServi - Loading from file system: file:/C:/Users/majah/OneDrive/Desktop/world-hell/BasicGameApp/target/classes/assets/textures/eagle_colored.png
22:39:48.652 [JavaFX Application Thread] DEBUG FXGLAssetLoaderServi - Loading from file system: file:/C:/Users/majah/OneDrive/Desktop/world-hell/BasicGameApp/target/classes/assets/textures/joshua.jpg
22:39:49.135 [FXGL Background Thread 3 ] DEBUG Engine               - Logging environment variables
22:39:49.136 [FXGL Background Thread 3 ] DEBUG Engine               - achievements: []
22:39:49.136 [FXGL Background Thread 3 ] DEBUG Engine               - actualHeight: 800.0
22:39:49.136 [FXGL Background Thread 3 ] DEBUG Engine               - actualHeightProperty: ReadOnlyDoubleProperty [value: 800.0]
22:39:49.136 [FXGL Background Thread 3 ] DEBUG Engine               - actualWidth: 800.0
22:39:49.136 [FXGL Background Thread 3 ] DEBUG Engine               - actualWidthProperty: ReadOnlyDoubleProperty [value: 800.0]
22:39:49.136 [FXGL Background Thread 3 ] DEBUG Engine               - appIcon: fxgl_icon.png
22:39:49.136 [FXGL Background Thread 3 ] DEBUG Engine               - applicationMode: DEVELOPER
22:39:49.136 [FXGL Background Thread 3 ] DEBUG Engine               - cSSList: [fxgl_dark.css]
22:39:49.136 [JavaFX Application Thread] DEBUG FXGLAssetLoaderServi - Loading from file system: file:/C:/Users/majah/OneDrive/Desktop/world-hell/BasicGameApp/target/classes/assets/textures/swipe.png
22:39:49.136 [FXGL Background Thread 3 ] DEBUG Engine               - collisionDetectionStrategy: BRUTE_FORCE
22:39:49.136 [FXGL Background Thread 3 ] DEBUG Engine               - configClass: Optional.empty
22:39:49.136 [FXGL Background Thread 3 ] DEBUG Engine               - credits: []
22:39:49.138 [FXGL Background Thread 3 ] DEBUG Engine               - defaultCursor: CursorInfo(imageName=fxgl_default_cursor.png, hotspotX=7.0, hotspotY=6.0)
22:39:49.138 [FXGL Background Thread 3 ] DEBUG Engine               - devBBoxColorProperty: ObjectProperty [value: 0xff0000ff]
22:39:49.138 [FXGL Background Thread 3 ] DEBUG Engine               - devEnableDebugCameraProperty: BooleanProperty [value: false]
22:39:49.138 [FXGL Background Thread 3 ] DEBUG Engine               - devSensorColorProperty: ObjectProperty [value: 0xffff00ff]
22:39:49.138 [FXGL Background Thread 3 ] DEBUG Engine               - devShowBBoxProperty: BooleanProperty [value: false]
22:39:49.138 [FXGL Background Thread 3 ] DEBUG Engine               - devShowPositionProperty: BooleanProperty [value: false]
22:39:49.139 [FXGL Background Thread 3 ] DEBUG Engine               - enabledMenuItems: []
22:39:49.139 [FXGL Background Thread 3 ] DEBUG Engine               - engineServices: [class com.almasb.fxgl.app.services.FXGLAssetLoaderService, class com.almasb.fxgl.app.FXGLApplication$GameApplicationService, class com.almasb.fxgl.app.services.FXGLDialogService, class com.almasb.fxgl.app.services.IOTaskExecutorService, class com.almasb.fxgl.io.FileSystemService, class com.almasb.fxgl.localization.LocalizationService, class com.almasb.fxgl.app.services.SystemBundleService, class com.almasb.fxgl.profile.SaveLoadService, class com.almasb.fxgl.ui.FXGLUIFactoryServiceProvider, class com.almasb.fxgl.ui.FXGLDialogFactoryServiceProvider, class com.almasb.fxgl.audio.AudioPlayer, class com.almasb.fxgl.notification.impl.NotificationServiceProvider, class com.almasb.fxgl.achievement.AchievementService, class com.almasb.fxgl.cutscene.CutsceneService, class com.almasb.fxgl.minigames.MiniGameService, class com.almasb.fxgl.net.NetService, class com.almasb.fxgl.app.services.UpdaterService, class com.almasb.fxgl.dev.DevService]
22:39:49.139 [FXGL Background Thread 3 ] DEBUG Engine               - fontGame: Abel-Regular.ttf
22:39:49.139 [FXGL Background Thread 3 ] DEBUG Engine               - fontMono: TerminalLandMono-Regular.otf
22:39:49.139 [FXGL Background Thread 3 ] DEBUG Engine               - fontText: Courier-Prime.ttf
22:39:49.139 [FXGL Background Thread 3 ] DEBUG Engine               - fontUI: VarelaRound-Regular.ttf
22:39:49.139 [FXGL Background Thread 3 ] DEBUG Engine               - fullScreen: BooleanProperty [value: false]
22:39:49.139 [FXGL Background Thread 3 ] DEBUG Engine               - gameDifficulty: MEDIUM
22:39:49.139 [FXGL Background Thread 3 ] DEBUG Engine               - gameDifficultyProperty: ObjectProperty [value: MEDIUM]
22:39:49.139 [FXGL Background Thread 3 ] DEBUG Engine               - globalMusicVolume: 0.5
22:39:49.139 [FXGL Background Thread 3 ] DEBUG Engine               - globalMusicVolumeProperty: DoubleProperty [value: 0.5]
22:39:49.139 [FXGL Background Thread 3 ] DEBUG Engine               - globalSoundVolume: 0.5
22:39:49.139 [FXGL Background Thread 3 ] DEBUG Engine               - globalSoundVolumeProperty: DoubleProperty [value: 0.5]
22:39:49.139 [FXGL Background Thread 3 ] DEBUG Engine               - height: 800
22:39:49.139 [FXGL Background Thread 3 ] DEBUG Engine               - is3D: false
22:39:49.139 [FXGL Background Thread 3 ] DEBUG Engine               - isAndroid: false
22:39:49.141 [FXGL Background Thread 3 ] DEBUG Engine               - isBrowser: false
22:39:49.141 [FXGL Background Thread 3 ] DEBUG Engine               - isClickFeedbackEnabled: false
22:39:49.141 [FXGL Background Thread 3 ] DEBUG Engine               - isCloseConfirmation: false
22:39:49.141 [FXGL Background Thread 3 ] DEBUG Engine               - isDesktop: true
22:39:49.141 [FXGL Background Thread 3 ] DEBUG Engine               - isDeveloperMenuEnabled: false
22:39:49.141 [FXGL Background Thread 3 ] DEBUG Engine               - isEmbedded: false
22:39:49.141 [FXGL Background Thread 3 ] DEBUG Engine               - isEntityPreloadEnabled: true
22:39:49.142 [FXGL Background Thread 3 ] DEBUG Engine               - isExperimentalTiledLargeMap: false
22:39:49.142 [FXGL Background Thread 3 ] DEBUG Engine               - isFileSystemWriteAllowed: true
22:39:49.142 [FXGL Background Thread 3 ] DEBUG Engine               - isFullScreenAllowed: false
22:39:49.142 [FXGL Background Thread 3 ] DEBUG Engine               - isFullScreenFromStart: false
22:39:49.142 [FXGL Background Thread 3 ] DEBUG Engine               - isGameMenuEnabled: true
22:39:49.142 [FXGL Background Thread 3 ] DEBUG Engine               - isIOS: false
22:39:49.142 [FXGL Background Thread 3 ] DEBUG Engine               - isIntroEnabled: false
22:39:49.142 [FXGL Background Thread 3 ] DEBUG Engine               - isLinux: false
22:39:49.142 [FXGL Background Thread 3 ] DEBUG Engine               - isMac: false
22:39:49.142 [FXGL Background Thread 3 ] DEBUG Engine               - isMainMenuEnabled: true
22:39:49.142 [FXGL Background Thread 3 ] DEBUG Engine               - isManualResizeEnabled: false
22:39:49.142 [FXGL Background Thread 3 ] DEBUG Engine               - isMobile: false
22:39:49.142 [FXGL Background Thread 3 ] DEBUG Engine               - isNative: false
22:39:49.142 [FXGL Background Thread 3 ] DEBUG Engine               - isPauseMusicWhenMinimized: true
22:39:49.142 [FXGL Background Thread 3 ] DEBUG Engine               - isPreserveResizeRatio: false
22:39:49.143 [FXGL Background Thread 3 ] DEBUG Engine               - isProfilingEnabled: false
22:39:49.143 [FXGL Background Thread 3 ] DEBUG Engine               - isScaleAffectedOnResize: true
22:39:49.143 [FXGL Background Thread 3 ] DEBUG Engine               - isSingleStep: false
22:39:49.143 [FXGL Background Thread 3 ] DEBUG Engine               - isUserProfileEnabled: false
22:39:49.143 [FXGL Background Thread 3 ] DEBUG Engine               - isWindows: true
22:39:49.143 [FXGL Background Thread 3 ] DEBUG Engine               - language: ObjectProperty [value: ENGLISH]
22:39:49.143 [FXGL Background Thread 3 ] DEBUG Engine               - menuKey: ESCAPE
22:39:49.143 [FXGL Background Thread 3 ] DEBUG Engine               - mouseSensitivity: 0.2
22:39:49.144 [FXGL Background Thread 3 ] DEBUG Engine               - notificationViewClass: class com.almasb.fxgl.notification.view.XboxNotificationView
22:39:49.144 [FXGL Background Thread 3 ] DEBUG Engine               - pixelsPerMeter: 50.0
22:39:49.144 [FXGL Background Thread 3 ] DEBUG Engine               - platform: WINDOWS
22:39:49.144 [FXGL Background Thread 3 ] DEBUG Engine               - prefHeightProperty: ReadOnlyDoubleProperty [value: 800.0]
22:39:49.144 [FXGL Background Thread 3 ] DEBUG Engine               - prefWidthProperty: ReadOnlyDoubleProperty [value: 800.0]
22:39:49.145 [FXGL Background Thread 3 ] DEBUG Engine               - profileDir: profiles/
22:39:49.145 [FXGL Background Thread 3 ] DEBUG Engine               - profileName: StringProperty [value: DEFAULT]
22:39:49.145 [FXGL Background Thread 3 ] DEBUG Engine               - randomSeed: -1
22:39:49.145 [FXGL Background Thread 3 ] DEBUG Engine               - runtimeInfo: RuntimeInfo(platform=WINDOWS, version=17.2, build=20.08.2022 16.50)
22:39:49.145 [FXGL Background Thread 3 ] DEBUG Engine               - saveFileExt: sav
22:39:49.145 [FXGL Background Thread 3 ] DEBUG Engine               - scaledHeightProp$fxgl: DoubleProperty [bound, value: 800.0]
22:39:49.146 [FXGL Background Thread 3 ] DEBUG Engine               - scaledWidthProp$fxgl: DoubleProperty [bound, value: 800.0]
22:39:49.146 [FXGL Background Thread 3 ] DEBUG Engine               - sceneFactory: com.example.basicgameapp.BasicGameApp$1@6e871162
22:39:49.146 [FXGL Background Thread 3 ] DEBUG Engine               - secondsIn24h: 60
22:39:49.146 [FXGL Background Thread 3 ] DEBUG Engine               - soundMenuBack: menu/back.wav
22:39:49.146 [FXGL Background Thread 3 ] DEBUG Engine               - soundMenuPress: menu/press.wav
22:39:49.146 [FXGL Background Thread 3 ] DEBUG Engine               - soundMenuSelect: menu/select.wav
22:39:49.146 [FXGL Background Thread 3 ] DEBUG Engine               - soundNotification: core/notification.wav
22:39:49.146 [FXGL Background Thread 3 ] DEBUG Engine               - stageStyle: DECORATED
22:39:49.146 [FXGL Background Thread 3 ] DEBUG Engine               - supportedLanguages: [ENGLISH, FRENCH, GERMAN, HUNGARIAN, RUSSIAN]
22:39:49.146 [FXGL Background Thread 3 ] DEBUG Engine               - ticksPerSecond: -1
22:39:49.146 [FXGL Background Thread 3 ] DEBUG Engine               - title: WorldHELL 0 
22:39:49.146 [FXGL Background Thread 3 ] DEBUG Engine               - urlGithub: https://github.com/AlmasB/FXGL
22:39:49.146 [FXGL Background Thread 3 ] DEBUG Engine               - urlLeaderboard: http://fxgl-top.herokuapp.com/
22:39:49.146 [FXGL Background Thread 3 ] DEBUG Engine               - urlPOM: https://raw.githubusercontent.com/AlmasB/FXGL/release/README.md
22:39:49.147 [FXGL Background Thread 3 ] DEBUG Engine               - userAppClass: class com.example.basicgameapp.BasicGameApp
22:39:49.147 [FXGL Background Thread 3 ] DEBUG Engine               - version: 0.1
22:39:49.147 [FXGL Background Thread 3 ] DEBUG Engine               - versionCheckDays: 7
22:39:49.147 [FXGL Background Thread 3 ] DEBUG Engine               - width: 800
22:39:49.147 [FXGL Background Thread 3 ] DEBUG Engine               - Logging services
22:39:49.147 [FXGL Background Thread 3 ] DEBUG Engine               - class com.almasb.fxgl.app.services.FXGLAssetLoaderService
22:39:49.147 [FXGL Background Thread 3 ] DEBUG Engine               - class com.almasb.fxgl.app.FXGLApplication$GameApplicationService
22:39:49.147 [FXGL Background Thread 3 ] DEBUG Engine               - class com.almasb.fxgl.app.services.FXGLDialogService
22:39:49.147 [FXGL Background Thread 3 ] DEBUG Engine               - class com.almasb.fxgl.app.services.IOTaskExecutorService
22:39:49.147 [FXGL Background Thread 3 ] DEBUG Engine               - class com.almasb.fxgl.io.FileSystemService
22:39:49.147 [FXGL Background Thread 3 ] DEBUG Engine               - class com.almasb.fxgl.localization.LocalizationService
22:39:49.147 [FXGL Background Thread 3 ] DEBUG Engine               - class com.almasb.fxgl.app.services.SystemBundleService
22:39:49.147 [FXGL Background Thread 3 ] DEBUG Engine               - class com.almasb.fxgl.profile.SaveLoadService
22:39:49.147 [FXGL Background Thread 3 ] DEBUG Engine               - class com.almasb.fxgl.ui.FXGLUIFactoryServiceProvider
22:39:49.147 [FXGL Background Thread 3 ] DEBUG Engine               - class com.almasb.fxgl.ui.FXGLDialogFactoryServiceProvider
22:39:49.147 [FXGL Background Thread 3 ] DEBUG Engine               - class com.almasb.fxgl.audio.AudioPlayer
22:39:49.147 [FXGL Background Thread 3 ] DEBUG Engine               - class com.almasb.fxgl.notification.impl.NotificationServiceProvider
22:39:49.147 [FXGL Background Thread 3 ] DEBUG Engine               - class com.almasb.fxgl.achievement.AchievementService
22:39:49.147 [FXGL Background Thread 3 ] DEBUG Engine               - class com.almasb.fxgl.cutscene.CutsceneService
22:39:49.147 [FXGL Background Thread 3 ] DEBUG Engine               - class com.almasb.fxgl.minigames.MiniGameService
22:39:49.147 [FXGL Background Thread 3 ] DEBUG Engine               - class com.almasb.fxgl.net.NetService
22:39:49.148 [FXGL Background Thread 3 ] DEBUG Engine               - class com.almasb.fxgl.app.services.UpdaterService
22:39:49.148 [FXGL Background Thread 3 ] DEBUG Engine               - class com.almasb.fxgl.dev.DevService
22:39:49.940 [JavaFX Application Thread] DEBUG FXGLApplication      - Exiting FXGL
22:39:49.941 [JavaFX Application Thread] DEBUG LoopRunner           - Stopping loop
22:39:49.941 [JavaFX Application Thread] DEBUG SystemBundleService  - Saving FXGL system data
22:39:49.944 [JavaFX Application Thread] DEBUG FileSystemAccess     - Writing to: C:\Users\majah\OneDrive\Desktop\world-hell\BasicGameApp\system\fxgl.bundle
22:39:49.948 [JavaFX Application Thread] DEBUG Async                - Shutting down background threads
22:39:49.948 [JavaFX Application Thread] DEBUG PrimaryStageWindow   - Closing main window
22:39:49.977 [JavaFX Application Thread] DEBUG Logger               - Closing Logger
