04:49:55.615 [main                     ] DEBUG Logger               - Configured Logger
04:49:55.632 [main                     ] DEBUG GameApplication      - Logging settings
Title: WorldHELL 0 
Version: 0.1
Width: 800
Height: 800
Fullscreen: false
Intro: false
Profiling: false
Single step:false
App Mode: DEVELOPER
Menu Key: ESCAPE
Stage Style: DECORATED
Scene Factory: class com.almasb.fxgl.app.scene.SceneFactory

04:49:55.885 [JavaFX Application Thread] DEBUG FXGLApplication      - Initializing FXGL
04:49:55.889 [JavaFX Application Thread] INFO  Engine               - FXGL-17.2 (20.08.2022 16.50) on WINDOWS (J:20.0.2 FX:20.0.1)
04:49:55.889 [JavaFX Application Thread] DEBUG Engine               - JRE Vendor Name: Oracle Corporation
04:49:55.890 [JavaFX Application Thread] DEBUG Engine               - Running on OS: Windows 11 version 10.0
04:49:55.890 [JavaFX Application Thread] DEBUG Engine               - Architecture: amd64
04:49:55.890 [JavaFX Application Thread] INFO  Engine               - Source code and latest versions at: https://github.com/AlmasB/FXGL
04:49:55.890 [JavaFX Application Thread] INFO  Engine               -       Ask questions and discuss at: https://github.com/AlmasB/FXGL/discussions
04:49:55.890 [JavaFX Application Thread] INFO  Engine               -              Join the FXGL chat at: https://gitter.im/AlmasB/FXGL
04:49:55.954 [JavaFX Application Thread] DEBUG PrimaryStageWindow   - Creating a JavaFX scene
04:49:55.993 [JavaFX Application Thread] DEBUG PrimaryStageWindow   - Target settings size: 800.0 x 800.0
04:49:55.994 [JavaFX Application Thread] DEBUG PrimaryStageWindow   - Scaled scene size:    800.0 x 800.0
04:49:55.994 [JavaFX Application Thread] DEBUG PrimaryStageWindow   - Scaled ratio: (1.0, 1.0)
04:49:55.995 [JavaFX Application Thread] DEBUG PrimaryStageWindow   - Set initial scene to FXGLStartupScene
04:49:55.997 [JavaFX Application Thread] DEBUG PrimaryStageWindow   - Opening main window
04:49:56.063 [JavaFX Application Thread] DEBUG PrimaryStageWindow   - Window border size: (14.4000244140625, 37.5999755859375)
04:49:56.063 [JavaFX Application Thread] DEBUG PrimaryStageWindow   - Scaled size: 800.0 x 800.0
04:49:56.064 [JavaFX Application Thread] DEBUG PrimaryStageWindow   - Scaled ratio: (1.0, 1.0)
04:49:56.064 [JavaFX Application Thread] DEBUG PrimaryStageWindow   - Scene size: 800.0 x 800.0
04:49:56.064 [JavaFX Application Thread] DEBUG PrimaryStageWindow   - Stage size: 814.4000244140625 x 837.5999755859375
04:49:56.072 [FXGL Background Thread 1 ] DEBUG Engine               - Initializing environment variables
04:49:56.123 [FXGL Background Thread 1 ] DEBUG FXGLAssetLoaderServi - User app class for loading assets: class com.example.basicgameapp.BasicGameApp
04:49:56.123 [FXGL Background Thread 1 ] DEBUG GameApplicationServi - Applying CSS: fxgl_dark.css
04:49:56.124 [FXGL Background Thread 1 ] DEBUG FXGLAssetLoaderServi - Loading from file system: jar:file:///C:/Users/majah/.m2/repository/com/github/almasb/fxgl/17.2/fxgl-17.2.jar!/fxglassets/ui/css/fxgl_dark.css
04:49:56.161 [FXGL Background Thread 1 ] DEBUG GameApplicationServi - Initializing application scenes
04:49:56.201 [FXGL Background Thread 1 ] DEBUG GameWorld            - Game world initialized
04:49:56.271 [FXGL Background Thread 1 ] DEBUG PhysicsWorld         - Physics world initialized: appHeight=800, physics.ppm=50.0
04:49:56.271 [FXGL Background Thread 1 ] DEBUG PhysicsWorld         - Using strategy: BRUTE_FORCE
04:49:56.275 [FXGL Background Thread 1 ] DEBUG GameScene            - Game scene initialized: 800x800
04:49:56.286 [FXGL Background Thread 1 ] DEBUG FXGL.DefaultMenu     - createMenuBodyMainMenu()
04:49:56.295 [FXGL Background Thread 1 ] DEBUG FXGL.DefaultMenu     - createOptionsMenu()
04:49:56.303 [FXGL Background Thread 1 ] DEBUG FXGLAssetLoaderServi - Loading from file system: jar:file:///C:/Users/majah/.m2/repository/com/github/almasb/fxgl/17.2/fxgl-17.2.jar!/fxglassets/textures/particles/smoke.png
04:49:56.381 [FXGL Background Thread 1 ] DEBUG FXGLAssetLoaderServi - Loading from file system: jar:file:///C:/Users/majah/.m2/repository/com/github/almasb/fxgl/17.2/fxgl-17.2.jar!/fxglassets/textures/particles/trace_horizontal.png
04:49:56.408 [FXGL Background Thread 1 ] DEBUG FXGL.DefaultMenu     - createMenuBodyGameMenu()
04:49:56.409 [FXGL Background Thread 1 ] DEBUG FXGL.DefaultMenu     - createOptionsMenu()
04:49:56.420 [FXGL Background Thread 1 ] DEBUG GameApplicationServi - Application scenes initialized
04:49:56.431 [FXGL Background Thread 1 ] DEBUG SystemBundleService  - Loading FXGL system data
04:49:56.434 [FXGL Background Thread 1 ] DEBUG FileSystemAccess     - Reading from: C:\Users\majah\OneDrive\Desktop\world-hell\BasicGameApp\system\fxgl.bundle
04:49:56.442 [FXGL Background Thread 1 ] DEBUG SystemBundleService  - Bundle FXGL: {}
04:49:56.442 [FXGL Background Thread 1 ] DEBUG UpdaterService       - Checking for updates
04:49:56.446 [FXGL Background Thread 4 ] DEBUG FXGLApplication      - Loading fonts
04:49:56.446 [FXGL Background Thread 1 ] DEBUG FXGLApplication      - Loading default localization
04:49:56.447 [FXGL Background Thread 4 ] DEBUG FXGLAssetLoaderServi - Loading from file system: jar:file:///C:/Users/majah/.m2/repository/com/github/almasb/fxgl/17.2/fxgl-17.2.jar!/fxglassets/ui/fonts/VarelaRound-Regular.ttf
04:49:56.447 [FXGL Background Thread 1 ] DEBUG FXGLAssetLoaderServi - Loading from file system: jar:file:///C:/Users/majah/.m2/repository/com/github/almasb/fxgl/17.2/fxgl-17.2.jar!/fxglassets/languages/english.lang
04:49:56.466 [FXGL Background Thread 1 ] INFO  FXGLApplication      - FXGL initialization took: 0.393 sec
04:49:56.474 [JavaFX Application Thread] DEBUG Input                - Registered new binding: action0 - D
04:49:56.474 [JavaFX Application Thread] DEBUG Input                - Registered new binding: action1 - A
04:49:56.475 [JavaFX Application Thread] DEBUG Input                - Registered new binding: action2 - W
04:49:56.475 [JavaFX Application Thread] DEBUG Input                - Registered new binding: action3 - S
04:49:56.475 [JavaFX Application Thread] DEBUG FXGLAssetLoaderServi - Loading from file system: jar:file:///C:/Users/majah/.m2/repository/com/github/almasb/fxgl/17.2/fxgl-17.2.jar!/fxglassets/textures/fxgl_icon.png
04:49:56.491 [JavaFX Application Thread] DEBUG FXGLAssetLoaderServi - Loading from file system: jar:file:///C:/Users/majah/.m2/repository/com/github/almasb/fxgl/17.2/fxgl-17.2.jar!/fxglassets/textures/fxgl_default_cursor.png
04:49:56.493 [JavaFX Application Thread] DEBUG Input                - Registered new binding: Screenshot - CTRL+8
04:49:56.494 [JavaFX Application Thread] DEBUG Input                - Registered new binding: System info dump - CTRL+9
04:49:56.495 [JavaFX Application Thread] DEBUG Input                - Registered new binding: Restart - CTRL+R
04:49:56.496 [JavaFX Application Thread] DEBUG Input                - Registered new binding: Toggle Debug Camera - CTRL+7
04:49:56.498 [JavaFX Application Thread] DEBUG LoopRunner           - Starting loop
04:49:56.498 [JavaFX Application Thread] DEBUG LoopRunner           - Initializing JavaFX AnimationTimerLoop
04:49:56.502 [JavaFX Application Thread] DEBUG Input                - Clearing active input actions
04:49:56.509 [JavaFX Application Thread] DEBUG GameApplicationServi - Removing overlay from FXGLStartupScene and adding to FXGLMainMenuDummyScene
04:49:56.509 [JavaFX Application Thread] DEBUG PrimaryStageWindow   - FXGLStartupScene -> FXGLMainMenuDummyScene
04:49:56.510 [JavaFX Application Thread] DEBUG PrimaryStageWindow   - Push state: FXGLDefaultMenu
04:49:56.520 [JavaFX Application Thread] DEBUG Input                - Clearing active input actions
04:49:56.527 [JavaFX Application Thread] DEBUG GameApplicationServi - Removing overlay from FXGLMainMenuDummyScene and adding to FXGLDefaultMenu
04:49:56.528 [JavaFX Application Thread] DEBUG PrimaryStageWindow   - FXGLMainMenuDummyScene -> FXGLDefaultMenu
04:49:56.548 [FXGL Background Thread 4 ] DEBUG FXGLAssetLoaderServi - Loading from file system: jar:file:///C:/Users/majah/.m2/repository/com/github/almasb/fxgl/17.2/fxgl-17.2.jar!/fxglassets/ui/fonts/Abel-Regular.ttf
04:49:56.552 [FXGL Background Thread 4 ] DEBUG FXGLAssetLoaderServi - Loading from file system: jar:file:///C:/Users/majah/.m2/repository/com/github/almasb/fxgl/17.2/fxgl-17.2.jar!/fxglassets/ui/fonts/TerminalLandMono-Regular.otf
04:49:56.556 [FXGL Background Thread 4 ] DEBUG FXGLAssetLoaderServi - Loading from file system: jar:file:///C:/Users/majah/.m2/repository/com/github/almasb/fxgl/17.2/fxgl-17.2.jar!/fxglassets/ui/fonts/Courier-Prime.ttf
04:49:56.604 [JavaFX Application Thread] DEBUG FXGLApplication      - Registering font factories with UI factory
04:49:56.823 [FXGL Background Thread 2 ] INFO  UpdaterService       - Your current version:  17.2
04:49:56.823 [FXGL Background Thread 2 ] INFO  UpdaterService       - Latest stable version: 17.3
04:49:58.550 [JavaFX Application Thread] DEBUG Menu                 - fireNewGame()
04:49:58.550 [JavaFX Application Thread] DEBUG GameApplicationServi - Starting new game
04:49:58.552 [JavaFX Application Thread] DEBUG PrimaryStageWindow   - Pop state: FXGLDefaultMenu
04:49:58.552 [JavaFX Application Thread] DEBUG Input                - Clearing active input actions
04:49:58.553 [JavaFX Application Thread] DEBUG GameApplicationServi - Removing overlay from FXGLDefaultMenu and adding to FXGLMainMenuDummyScene
04:49:58.554 [JavaFX Application Thread] DEBUG PrimaryStageWindow   - FXGLMainMenuDummyScene <- FXGLDefaultMenu
04:49:58.554 [JavaFX Application Thread] DEBUG Input                - Clearing active input actions
04:49:58.561 [JavaFX Application Thread] DEBUG GameApplicationServi - Removing overlay from FXGLMainMenuDummyScene and adding to FXGLLoadingScene
04:49:58.562 [JavaFX Application Thread] DEBUG PrimaryStageWindow   - FXGLMainMenuDummyScene -> FXGLLoadingScene
04:49:58.562 [JavaFX Application Thread] DEBUG GameApplicationServi - Clearing previous game
04:49:58.562 [JavaFX Application Thread] DEBUG GameScene            - Clearing game scene
04:49:58.562 [JavaFX Application Thread] DEBUG GameWorld            - Clearing game world
04:49:58.562 [JavaFX Application Thread] DEBUG PhysicsWorld         - Clearing physics world
04:49:58.565 [FXGL Background Thread 2 ] DEBUG FXGLApplication      - Initializing game
04:49:58.566 [FXGL Background Thread 2 ] DEBUG FXGLAssetLoaderServi - Loading from file system: file:/C:/Users/majah/OneDrive/Desktop/world-hell/BasicGameApp/target/classes/assets/textures/background.jpg
04:49:58.588 [FXGL Background Thread 2 ] DEBUG FXGLAssetLoaderServi - Loading from file system: file:/C:/Users/majah/OneDrive/Desktop/world-hell/BasicGameApp/target/classes/assets/textures/girl_colored.png
04:49:58.615 [FXGL Background Thread 2 ] INFO  FXGLApplication      - Game initialization took: 0.050 sec
04:49:58.616 [JavaFX Application Thread] DEBUG Input                - Clearing active input actions
04:49:58.622 [JavaFX Application Thread] DEBUG GameApplicationServi - Removing overlay from FXGLLoadingScene and adding to GameScene
04:49:58.623 [JavaFX Application Thread] DEBUG PrimaryStageWindow   - FXGLLoadingScene -> GameScene
04:49:59.048 [JavaFX Application Thread] DEBUG FXGLAssetLoaderServi - Loading from file system: file:/C:/Users/majah/OneDrive/Desktop/world-hell/BasicGameApp/target/classes/assets/textures/zombie_colored.png
04:49:59.059 [JavaFX Application Thread] DEBUG FXGLAssetLoaderServi - Loading from file system: file:/C:/Users/majah/OneDrive/Desktop/world-hell/BasicGameApp/target/classes/assets/textures/eagle_colored.png
04:49:59.062 [JavaFX Application Thread] DEBUG FXGLAssetLoaderServi - Loading from file system: file:/C:/Users/majah/OneDrive/Desktop/world-hell/BasicGameApp/target/classes/assets/textures/joshua.jpg
04:49:59.445 [FXGL Background Thread 3 ] DEBUG Engine               - Logging environment variables
04:49:59.446 [FXGL Background Thread 3 ] DEBUG Engine               - achievements: []
04:49:59.447 [FXGL Background Thread 3 ] DEBUG Engine               - actualHeight: 800.0
04:49:59.447 [FXGL Background Thread 3 ] DEBUG Engine               - actualHeightProperty: ReadOnlyDoubleProperty [value: 800.0]
04:49:59.447 [FXGL Background Thread 3 ] DEBUG Engine               - actualWidth: 800.0
04:49:59.447 [FXGL Background Thread 3 ] DEBUG Engine               - actualWidthProperty: ReadOnlyDoubleProperty [value: 800.0]
04:49:59.447 [FXGL Background Thread 3 ] DEBUG Engine               - appIcon: fxgl_icon.png
04:49:59.447 [FXGL Background Thread 3 ] DEBUG Engine               - applicationMode: DEVELOPER
04:49:59.448 [FXGL Background Thread 3 ] DEBUG Engine               - cSSList: [fxgl_dark.css]
04:49:59.448 [FXGL Background Thread 3 ] DEBUG Engine               - collisionDetectionStrategy: BRUTE_FORCE
04:49:59.448 [FXGL Background Thread 3 ] DEBUG Engine               - configClass: Optional.empty
04:49:59.448 [FXGL Background Thread 3 ] DEBUG Engine               - credits: []
04:49:59.449 [FXGL Background Thread 3 ] DEBUG Engine               - defaultCursor: CursorInfo(imageName=fxgl_default_cursor.png, hotspotX=7.0, hotspotY=6.0)
04:49:59.449 [FXGL Background Thread 3 ] DEBUG Engine               - devBBoxColorProperty: ObjectProperty [value: 0xff0000ff]
04:49:59.449 [FXGL Background Thread 3 ] DEBUG Engine               - devEnableDebugCameraProperty: BooleanProperty [value: false]
04:49:59.449 [FXGL Background Thread 3 ] DEBUG Engine               - devSensorColorProperty: ObjectProperty [value: 0xffff00ff]
04:49:59.449 [FXGL Background Thread 3 ] DEBUG Engine               - devShowBBoxProperty: BooleanProperty [value: false]
04:49:59.449 [FXGL Background Thread 3 ] DEBUG Engine               - devShowPositionProperty: BooleanProperty [value: false]
04:49:59.449 [FXGL Background Thread 3 ] DEBUG Engine               - enabledMenuItems: []
04:49:59.449 [FXGL Background Thread 3 ] DEBUG Engine               - engineServices: [class com.almasb.fxgl.app.services.FXGLAssetLoaderService, class com.almasb.fxgl.app.FXGLApplication$GameApplicationService, class com.almasb.fxgl.app.services.FXGLDialogService, class com.almasb.fxgl.app.services.IOTaskExecutorService, class com.almasb.fxgl.io.FileSystemService, class com.almasb.fxgl.localization.LocalizationService, class com.almasb.fxgl.app.services.SystemBundleService, class com.almasb.fxgl.profile.SaveLoadService, class com.almasb.fxgl.ui.FXGLUIFactoryServiceProvider, class com.almasb.fxgl.ui.FXGLDialogFactoryServiceProvider, class com.almasb.fxgl.audio.AudioPlayer, class com.almasb.fxgl.notification.impl.NotificationServiceProvider, class com.almasb.fxgl.achievement.AchievementService, class com.almasb.fxgl.cutscene.CutsceneService, class com.almasb.fxgl.minigames.MiniGameService, class com.almasb.fxgl.net.NetService, class com.almasb.fxgl.app.services.UpdaterService, class com.almasb.fxgl.dev.DevService]
04:49:59.449 [FXGL Background Thread 3 ] DEBUG Engine               - fontGame: Abel-Regular.ttf
04:49:59.450 [FXGL Background Thread 3 ] DEBUG Engine               - fontMono: TerminalLandMono-Regular.otf
04:49:59.450 [FXGL Background Thread 3 ] DEBUG Engine               - fontText: Courier-Prime.ttf
04:49:59.450 [FXGL Background Thread 3 ] DEBUG Engine               - fontUI: VarelaRound-Regular.ttf
04:49:59.450 [FXGL Background Thread 3 ] DEBUG Engine               - fullScreen: BooleanProperty [value: false]
04:49:59.450 [FXGL Background Thread 3 ] DEBUG Engine               - gameDifficulty: MEDIUM
04:49:59.450 [FXGL Background Thread 3 ] DEBUG Engine               - gameDifficultyProperty: ObjectProperty [value: MEDIUM]
04:49:59.450 [FXGL Background Thread 3 ] DEBUG Engine               - globalMusicVolume: 0.5
04:49:59.450 [FXGL Background Thread 3 ] DEBUG Engine               - globalMusicVolumeProperty: DoubleProperty [value: 0.5]
04:49:59.450 [FXGL Background Thread 3 ] DEBUG Engine               - globalSoundVolume: 0.5
04:49:59.450 [FXGL Background Thread 3 ] DEBUG Engine               - globalSoundVolumeProperty: DoubleProperty [value: 0.5]
04:49:59.450 [FXGL Background Thread 3 ] DEBUG Engine               - height: 800
04:49:59.451 [FXGL Background Thread 3 ] DEBUG Engine               - is3D: false
04:49:59.451 [FXGL Background Thread 3 ] DEBUG Engine               - isAndroid: false
04:49:59.451 [FXGL Background Thread 3 ] DEBUG Engine               - isBrowser: false
04:49:59.451 [FXGL Background Thread 3 ] DEBUG Engine               - isClickFeedbackEnabled: false
04:49:59.451 [FXGL Background Thread 3 ] DEBUG Engine               - isCloseConfirmation: false
04:49:59.451 [FXGL Background Thread 3 ] DEBUG Engine               - isDesktop: true
04:49:59.451 [FXGL Background Thread 3 ] DEBUG Engine               - isDeveloperMenuEnabled: false
04:49:59.451 [FXGL Background Thread 3 ] DEBUG Engine               - isEmbedded: false
04:49:59.451 [FXGL Background Thread 3 ] DEBUG Engine               - isEntityPreloadEnabled: true
04:49:59.451 [FXGL Background Thread 3 ] DEBUG Engine               - isExperimentalTiledLargeMap: false
04:49:59.451 [FXGL Background Thread 3 ] DEBUG Engine               - isFileSystemWriteAllowed: true
04:49:59.451 [FXGL Background Thread 3 ] DEBUG Engine               - isFullScreenAllowed: false
04:49:59.451 [FXGL Background Thread 3 ] DEBUG Engine               - isFullScreenFromStart: false
04:49:59.451 [FXGL Background Thread 3 ] DEBUG Engine               - isGameMenuEnabled: true
04:49:59.451 [FXGL Background Thread 3 ] DEBUG Engine               - isIOS: false
04:49:59.452 [FXGL Background Thread 3 ] DEBUG Engine               - isIntroEnabled: false
04:49:59.452 [FXGL Background Thread 3 ] DEBUG Engine               - isLinux: false
04:49:59.452 [FXGL Background Thread 3 ] DEBUG Engine               - isMac: false
04:49:59.452 [FXGL Background Thread 3 ] DEBUG Engine               - isMainMenuEnabled: true
04:49:59.452 [FXGL Background Thread 3 ] DEBUG Engine               - isManualResizeEnabled: false
04:49:59.452 [FXGL Background Thread 3 ] DEBUG Engine               - isMobile: false
04:49:59.452 [FXGL Background Thread 3 ] DEBUG Engine               - isNative: false
04:49:59.452 [FXGL Background Thread 3 ] DEBUG Engine               - isPauseMusicWhenMinimized: true
04:49:59.452 [FXGL Background Thread 3 ] DEBUG Engine               - isPreserveResizeRatio: false
04:49:59.452 [FXGL Background Thread 3 ] DEBUG Engine               - isProfilingEnabled: false
04:49:59.452 [FXGL Background Thread 3 ] DEBUG Engine               - isScaleAffectedOnResize: true
04:49:59.452 [FXGL Background Thread 3 ] DEBUG Engine               - isSingleStep: false
04:49:59.452 [FXGL Background Thread 3 ] DEBUG Engine               - isUserProfileEnabled: false
04:49:59.452 [FXGL Background Thread 3 ] DEBUG Engine               - isWindows: true
04:49:59.452 [FXGL Background Thread 3 ] DEBUG Engine               - language: ObjectProperty [value: ENGLISH]
04:49:59.452 [FXGL Background Thread 3 ] DEBUG Engine               - menuKey: ESCAPE
04:49:59.452 [FXGL Background Thread 3 ] DEBUG Engine               - mouseSensitivity: 0.2
04:49:59.452 [FXGL Background Thread 3 ] DEBUG Engine               - notificationViewClass: class com.almasb.fxgl.notification.view.XboxNotificationView
04:49:59.452 [FXGL Background Thread 3 ] DEBUG Engine               - pixelsPerMeter: 50.0
04:49:59.452 [FXGL Background Thread 3 ] DEBUG Engine               - platform: WINDOWS
04:49:59.452 [FXGL Background Thread 3 ] DEBUG Engine               - prefHeightProperty: ReadOnlyDoubleProperty [value: 800.0]
04:49:59.452 [FXGL Background Thread 3 ] DEBUG Engine               - prefWidthProperty: ReadOnlyDoubleProperty [value: 800.0]
04:49:59.452 [FXGL Background Thread 3 ] DEBUG Engine               - profileDir: profiles/
04:49:59.453 [FXGL Background Thread 3 ] DEBUG Engine               - profileName: StringProperty [value: DEFAULT]
04:49:59.453 [FXGL Background Thread 3 ] DEBUG Engine               - randomSeed: -1
04:49:59.453 [FXGL Background Thread 3 ] DEBUG Engine               - runtimeInfo: RuntimeInfo(platform=WINDOWS, version=17.2, build=20.08.2022 16.50)
04:49:59.453 [FXGL Background Thread 3 ] DEBUG Engine               - saveFileExt: sav
04:49:59.453 [FXGL Background Thread 3 ] DEBUG Engine               - scaledHeightProp$fxgl: DoubleProperty [bound, value: 800.0]
04:49:59.453 [FXGL Background Thread 3 ] DEBUG Engine               - scaledWidthProp$fxgl: DoubleProperty [bound, value: 800.0]
04:49:59.453 [FXGL Background Thread 3 ] DEBUG Engine               - sceneFactory: com.almasb.fxgl.app.scene.SceneFactory@5d0903fe
04:49:59.453 [FXGL Background Thread 3 ] DEBUG Engine               - secondsIn24h: 60
04:49:59.453 [FXGL Background Thread 3 ] DEBUG Engine               - soundMenuBack: menu/back.wav
04:49:59.453 [FXGL Background Thread 3 ] DEBUG Engine               - soundMenuPress: menu/press.wav
04:49:59.454 [FXGL Background Thread 3 ] DEBUG Engine               - soundMenuSelect: menu/select.wav
04:49:59.454 [FXGL Background Thread 3 ] DEBUG Engine               - soundNotification: core/notification.wav
04:49:59.454 [FXGL Background Thread 3 ] DEBUG Engine               - stageStyle: DECORATED
04:49:59.454 [FXGL Background Thread 3 ] DEBUG Engine               - supportedLanguages: [ENGLISH, FRENCH, GERMAN, HUNGARIAN, RUSSIAN]
04:49:59.454 [FXGL Background Thread 3 ] DEBUG Engine               - ticksPerSecond: -1
04:49:59.454 [FXGL Background Thread 3 ] DEBUG Engine               - title: WorldHELL 0 
04:49:59.454 [FXGL Background Thread 3 ] DEBUG Engine               - urlGithub: https://github.com/AlmasB/FXGL
04:49:59.454 [FXGL Background Thread 3 ] DEBUG Engine               - urlLeaderboard: http://fxgl-top.herokuapp.com/
04:49:59.454 [FXGL Background Thread 3 ] DEBUG Engine               - urlPOM: https://raw.githubusercontent.com/AlmasB/FXGL/release/README.md
04:49:59.454 [FXGL Background Thread 3 ] DEBUG Engine               - userAppClass: class com.example.basicgameapp.BasicGameApp
04:49:59.454 [FXGL Background Thread 3 ] DEBUG Engine               - version: 0.1
04:49:59.454 [FXGL Background Thread 3 ] DEBUG Engine               - versionCheckDays: 7
04:49:59.454 [FXGL Background Thread 3 ] DEBUG Engine               - width: 800
04:49:59.454 [FXGL Background Thread 3 ] DEBUG Engine               - Logging services
04:49:59.454 [FXGL Background Thread 3 ] DEBUG Engine               - class com.almasb.fxgl.app.services.FXGLAssetLoaderService
04:49:59.454 [FXGL Background Thread 3 ] DEBUG Engine               - class com.almasb.fxgl.app.FXGLApplication$GameApplicationService
04:49:59.454 [FXGL Background Thread 3 ] DEBUG Engine               - class com.almasb.fxgl.app.services.FXGLDialogService
04:49:59.454 [FXGL Background Thread 3 ] DEBUG Engine               - class com.almasb.fxgl.app.services.IOTaskExecutorService
04:49:59.454 [FXGL Background Thread 3 ] DEBUG Engine               - class com.almasb.fxgl.io.FileSystemService
04:49:59.454 [FXGL Background Thread 3 ] DEBUG Engine               - class com.almasb.fxgl.localization.LocalizationService
04:49:59.454 [FXGL Background Thread 3 ] DEBUG Engine               - class com.almasb.fxgl.app.services.SystemBundleService
04:49:59.454 [FXGL Background Thread 3 ] DEBUG Engine               - class com.almasb.fxgl.profile.SaveLoadService
04:49:59.454 [FXGL Background Thread 3 ] DEBUG Engine               - class com.almasb.fxgl.ui.FXGLUIFactoryServiceProvider
04:49:59.454 [FXGL Background Thread 3 ] DEBUG Engine               - class com.almasb.fxgl.ui.FXGLDialogFactoryServiceProvider
04:49:59.454 [FXGL Background Thread 3 ] DEBUG Engine               - class com.almasb.fxgl.audio.AudioPlayer
04:49:59.454 [FXGL Background Thread 3 ] DEBUG Engine               - class com.almasb.fxgl.notification.impl.NotificationServiceProvider
04:49:59.454 [FXGL Background Thread 3 ] DEBUG Engine               - class com.almasb.fxgl.achievement.AchievementService
04:49:59.454 [FXGL Background Thread 3 ] DEBUG Engine               - class com.almasb.fxgl.cutscene.CutsceneService
04:49:59.454 [FXGL Background Thread 3 ] DEBUG Engine               - class com.almasb.fxgl.minigames.MiniGameService
04:49:59.455 [FXGL Background Thread 3 ] DEBUG Engine               - class com.almasb.fxgl.net.NetService
04:49:59.455 [FXGL Background Thread 3 ] DEBUG Engine               - class com.almasb.fxgl.app.services.UpdaterService
04:49:59.455 [FXGL Background Thread 3 ] DEBUG Engine               - class com.almasb.fxgl.dev.DevService
04:49:59.493 [JavaFX Application Thread] DEBUG FXGLAssetLoaderServi - Loading from file system: file:/C:/Users/majah/OneDrive/Desktop/world-hell/BasicGameApp/target/classes/assets/textures/swipe.png
04:50:05.527 [JavaFX Application Thread] DEBUG FXGLAssetLoaderServi - Loading from file system: file:/C:/Users/majah/OneDrive/Desktop/world-hell/BasicGameApp/target/classes/assets/sounds/eagle_death.wav
04:50:05.594 [JavaFX Application Thread] WARN  FXGLAssetLoaderServi - Asset "/assets/textures/pisos.png" was not found!
04:50:05.595 [JavaFX Application Thread] WARN  FXGLAssetLoaderServi - Failed to load IMAGE
04:50:07.557 [JavaFX Application Thread] DEBUG FXGLAssetLoaderServi - Loading from file system: file:/C:/Users/majah/OneDrive/Desktop/world-hell/BasicGameApp/target/classes/assets/sounds/slayy.wav
04:50:10.518 [JavaFX Application Thread] WARN  FXGLAssetLoaderServi - Asset "/assets/textures/pisos.png" was not found!
04:50:10.519 [JavaFX Application Thread] WARN  FXGLAssetLoaderServi - Failed to load IMAGE
04:50:10.521 [JavaFX Application Thread] WARN  FXGLAssetLoaderServi - Asset "/assets/textures/pisos.png" was not found!
04:50:10.521 [JavaFX Application Thread] WARN  FXGLAssetLoaderServi - Failed to load IMAGE
04:50:11.527 [JavaFX Application Thread] WARN  FXGLAssetLoaderServi - Asset "/assets/textures/pisos.png" was not found!
04:50:11.528 [JavaFX Application Thread] WARN  FXGLAssetLoaderServi - Failed to load IMAGE
04:50:12.519 [JavaFX Application Thread] WARN  FXGLAssetLoaderServi - Asset "/assets/textures/pisos.png" was not found!
04:50:12.519 [JavaFX Application Thread] WARN  FXGLAssetLoaderServi - Failed to load IMAGE
04:50:16.645 [JavaFX Application Thread] DEBUG FXGLApplication      - Exiting FXGL
04:50:16.645 [JavaFX Application Thread] DEBUG LoopRunner           - Stopping loop
04:50:16.645 [JavaFX Application Thread] DEBUG SystemBundleService  - Saving FXGL system data
04:50:16.649 [JavaFX Application Thread] DEBUG FileSystemAccess     - Writing to: C:\Users\majah\OneDrive\Desktop\world-hell\BasicGameApp\system\fxgl.bundle
04:50:16.652 [JavaFX Application Thread] DEBUG Async                - Shutting down background threads
04:50:16.652 [JavaFX Application Thread] DEBUG PrimaryStageWindow   - Closing main window
04:50:16.685 [JavaFX Application Thread] DEBUG Logger               - Closing Logger
