11:36:51.198 [main                     ] DEBUG Logger               - Configured Logger
11:36:51.216 [main                     ] DEBUG GameApplication      - Logging settings
Title: WorldHELL 0 
Version: 0.1
Width: 800
Height: 800
Fullscreen: false
Intro: false
Profiling: false
Single step:false
App Mode: DEVELOPER
Menu Key: ESCAPE
Stage Style: DECORATED
Scene Factory: class com.example.basicgameapp.BasicGameApp$1

11:36:51.402 [JavaFX Application Thread] DEBUG FXGLApplication      - Initializing FXGL
11:36:51.405 [JavaFX Application Thread] INFO  Engine               - FXGL-17.2 (20.08.2022 16.50) on LINUX (J:21.0.1 FX:20.0.1)
11:36:51.405 [JavaFX Application Thread] DEBUG Engine               - JRE Vendor Name: Oracle Corporation
11:36:51.406 [JavaFX Application Thread] DEBUG Engine               - Running on OS: Linux version 6.6.6-arch1-1
11:36:51.406 [JavaFX Application Thread] DEBUG Engine               - Architecture: amd64
11:36:51.406 [JavaFX Application Thread] INFO  Engine               - Source code and latest versions at: https://github.com/AlmasB/FXGL
11:36:51.406 [JavaFX Application Thread] INFO  Engine               -       Ask questions and discuss at: https://github.com/AlmasB/FXGL/discussions
11:36:51.406 [JavaFX Application Thread] INFO  Engine               -              Join the FXGL chat at: https://gitter.im/AlmasB/FXGL
11:36:51.457 [JavaFX Application Thread] DEBUG PrimaryStageWindow   - Creating a JavaFX scene
11:36:51.531 [JavaFX Application Thread] DEBUG PrimaryStageWindow   - Target settings size: 800.0 x 800.0
11:36:51.531 [JavaFX Application Thread] DEBUG PrimaryStageWindow   - Scaled scene size:    800.0 x 800.0
11:36:51.532 [JavaFX Application Thread] DEBUG PrimaryStageWindow   - Scaled ratio: (1.0, 1.0)
11:36:51.532 [JavaFX Application Thread] DEBUG PrimaryStageWindow   - Set initial scene to FXGLStartupScene
11:36:51.533 [JavaFX Application Thread] DEBUG PrimaryStageWindow   - Opening main window
11:36:51.552 [JavaFX Application Thread] DEBUG PrimaryStageWindow   - Window border size: (0.0, 28.0)
11:36:51.552 [JavaFX Application Thread] DEBUG PrimaryStageWindow   - Scaled size: 800.0 x 800.0
11:36:51.552 [JavaFX Application Thread] DEBUG PrimaryStageWindow   - Scaled ratio: (1.0, 1.0)
11:36:51.553 [JavaFX Application Thread] DEBUG PrimaryStageWindow   - Scene size: 800.0 x 800.0
11:36:51.553 [JavaFX Application Thread] DEBUG PrimaryStageWindow   - Stage size: 800.0 x 828.0
11:36:51.556 [FXGL Background Thread 1 ] DEBUG Engine               - Initializing environment variables
11:36:51.584 [FXGL Background Thread 1 ] DEBUG FXGLAssetLoaderServi - User app class for loading assets: class com.example.basicgameapp.BasicGameApp
11:36:51.585 [FXGL Background Thread 1 ] DEBUG GameApplicationServi - Applying CSS: fxgl_dark.css
11:36:51.585 [FXGL Background Thread 1 ] DEBUG FXGLAssetLoaderServi - Loading from file system: jar:file:///home/johnt/.m2/repository/com/github/almasb/fxgl/17.2/fxgl-17.2.jar!/fxglassets/ui/css/fxgl_dark.css
11:36:51.610 [FXGL Background Thread 1 ] DEBUG GameApplicationServi - Initializing application scenes
11:36:51.644 [FXGL Background Thread 1 ] DEBUG GameWorld            - Game world initialized
11:36:51.670 [FXGL Background Thread 1 ] DEBUG PhysicsWorld         - Physics world initialized: appHeight=800, physics.ppm=50.0
11:36:51.670 [FXGL Background Thread 1 ] DEBUG PhysicsWorld         - Using strategy: BRUTE_FORCE
11:36:51.672 [FXGL Background Thread 1 ] DEBUG GameScene            - Game scene initialized: 800x800
11:36:51.674 [FXGL Background Thread 1 ] DEBUG FXGLAssetLoaderServi - Loading from file system: file:/home/johnt/Documents/world-hell/BasicGameApp/target/classes/assets/textures/BG.png
11:36:51.717 [FXGL Background Thread 1 ] DEBUG GameApplicationServi - Application scenes initialized
11:36:51.725 [FXGL Background Thread 1 ] DEBUG SystemBundleService  - Loading FXGL system data
11:36:51.727 [FXGL Background Thread 1 ] DEBUG FileSystemAccess     - Reading from: /home/johnt/Documents/world-hell/BasicGameApp/system/fxgl.bundle
11:36:51.731 [FXGL Background Thread 1 ] DEBUG SystemBundleService  - Bundle FXGL: {}
11:36:51.731 [FXGL Background Thread 1 ] DEBUG UpdaterService       - Checking for updates
11:36:51.733 [FXGL Background Thread 4 ] DEBUG FXGLApplication      - Loading fonts
11:36:51.733 [FXGL Background Thread 1 ] DEBUG FXGLApplication      - Loading default localization
11:36:51.733 [FXGL Background Thread 4 ] DEBUG FXGLAssetLoaderServi - Loading from file system: jar:file:///home/johnt/.m2/repository/com/github/almasb/fxgl/17.2/fxgl-17.2.jar!/fxglassets/ui/fonts/VarelaRound-Regular.ttf
11:36:51.733 [FXGL Background Thread 1 ] DEBUG FXGLAssetLoaderServi - Loading from file system: jar:file:///home/johnt/.m2/repository/com/github/almasb/fxgl/17.2/fxgl-17.2.jar!/fxglassets/languages/english.lang
11:36:51.739 [FXGL Background Thread 4 ] DEBUG FXGLAssetLoaderServi - Loading from file system: jar:file:///home/johnt/.m2/repository/com/github/almasb/fxgl/17.2/fxgl-17.2.jar!/fxglassets/ui/fonts/Abel-Regular.ttf
11:36:51.740 [FXGL Background Thread 4 ] DEBUG FXGLAssetLoaderServi - Loading from file system: jar:file:///home/johnt/.m2/repository/com/github/almasb/fxgl/17.2/fxgl-17.2.jar!/fxglassets/ui/fonts/TerminalLandMono-Regular.otf
11:36:51.741 [FXGL Background Thread 4 ] DEBUG FXGLAssetLoaderServi - Loading from file system: jar:file:///home/johnt/.m2/repository/com/github/almasb/fxgl/17.2/fxgl-17.2.jar!/fxglassets/ui/fonts/Courier-Prime.ttf
11:36:51.743 [FXGL Background Thread 1 ] INFO  FXGLApplication      - FXGL initialization took: 0.186 sec
11:36:51.748 [JavaFX Application Thread] DEBUG Input                - Registered new binding: action0 - D
11:36:51.748 [JavaFX Application Thread] DEBUG Input                - Registered new binding: action1 - A
11:36:51.748 [JavaFX Application Thread] DEBUG Input                - Registered new binding: action2 - W
11:36:51.748 [JavaFX Application Thread] DEBUG Input                - Registered new binding: action3 - S
11:36:51.748 [JavaFX Application Thread] DEBUG FXGLAssetLoaderServi - Loading from file system: file:/home/johnt/Documents/world-hell/BasicGameApp/target/classes/assets/music/Rip%20&%20Tear%20Doom%20OST.mp3
11:36:51.835 [JavaFX Application Thread] DEBUG AudioPlayer          - Playing music com.almasb.fxgl.audio.Music@79f51c39
11:36:51.836 [JavaFX Application Thread] DEBUG FXGLAssetLoaderServi - Loading from file system: jar:file:///home/johnt/.m2/repository/com/github/almasb/fxgl/17.2/fxgl-17.2.jar!/fxglassets/textures/fxgl_icon.png
11:36:51.853 [JavaFX Application Thread] DEBUG FXGLAssetLoaderServi - Loading from file system: jar:file:///home/johnt/.m2/repository/com/github/almasb/fxgl/17.2/fxgl-17.2.jar!/fxglassets/textures/fxgl_default_cursor.png
11:36:51.855 [JavaFX Application Thread] DEBUG Input                - Registered new binding: Screenshot - CTRL+8
11:36:51.855 [JavaFX Application Thread] DEBUG Input                - Registered new binding: System info dump - CTRL+9
11:36:51.855 [JavaFX Application Thread] DEBUG Input                - Registered new binding: Restart - CTRL+R
11:36:51.855 [JavaFX Application Thread] DEBUG Input                - Registered new binding: Toggle Debug Camera - CTRL+7
11:36:51.857 [JavaFX Application Thread] DEBUG LoopRunner           - Starting loop
11:36:51.857 [JavaFX Application Thread] DEBUG LoopRunner           - Initializing JavaFX AnimationTimerLoop
11:36:51.858 [JavaFX Application Thread] DEBUG Input                - Clearing active input actions
11:36:51.864 [JavaFX Application Thread] DEBUG GameApplicationServi - Removing overlay from FXGLStartupScene and adding to FXGLMainMenuDummyScene
11:36:51.865 [JavaFX Application Thread] DEBUG PrimaryStageWindow   - FXGLStartupScene -> FXGLMainMenuDummyScene
11:36:51.865 [JavaFX Application Thread] DEBUG PrimaryStageWindow   - Push state: WorldHellMenu
11:36:51.865 [JavaFX Application Thread] DEBUG Input                - Clearing active input actions
11:36:51.867 [JavaFX Application Thread] DEBUG GameApplicationServi - Removing overlay from FXGLMainMenuDummyScene and adding to WorldHellMenu
11:36:51.872 [JavaFX Application Thread] DEBUG PrimaryStageWindow   - FXGLMainMenuDummyScene -> WorldHellMenu
11:36:51.872 [JavaFX Application Thread] DEBUG FXGLApplication      - Registering font factories with UI factory
11:36:52.546 [FXGL Background Thread 2 ] INFO  UpdaterService       - Your current version:  17.2
11:36:52.546 [FXGL Background Thread 2 ] INFO  UpdaterService       - Latest stable version: 17.3
11:36:52.995 [JavaFX Application Thread] DEBUG FXGLApplication      - Exiting FXGL
11:36:52.995 [JavaFX Application Thread] DEBUG LoopRunner           - Stopping loop
11:36:52.996 [JavaFX Application Thread] DEBUG SystemBundleService  - Saving FXGL system data
11:36:52.999 [JavaFX Application Thread] DEBUG FileSystemAccess     - Writing to: /home/johnt/Documents/world-hell/BasicGameApp/system/fxgl.bundle
11:36:53.003 [JavaFX Application Thread] DEBUG Async                - Shutting down background threads
11:36:53.003 [JavaFX Application Thread] DEBUG PrimaryStageWindow   - Closing main window
11:36:53.005 [JavaFX Application Thread] DEBUG Logger               - Closing Logger
