15:20:15.940 [main                     ] DEBUG Logger               - Configured Logger
15:20:15.960 [main                     ] DEBUG GameApplication      - Logging settings
Title: WorldHELL 0 
Version: 0.1
Width: 800
Height: 800
Fullscreen: false
Intro: false
Profiling: false
Single step:false
App Mode: DEVELOPER
Menu Key: ESCAPE
Stage Style: DECORATED
Scene Factory: class com.example.basicgameapp.BasicGameApp$1

15:20:16.135 [JavaFX Application Thread] DEBUG FXGLApplication      - Initializing FXGL
15:20:16.137 [JavaFX Application Thread] INFO  Engine               - FXGL-17.2 (20.08.2022 16.50) on LINUX (J:21.0.1 FX:20.0.1)
15:20:16.138 [JavaFX Application Thread] DEBUG Engine               - JRE Vendor Name: Oracle Corporation
15:20:16.138 [JavaFX Application Thread] DEBUG Engine               - Running on OS: Linux version 6.6.6-arch1-1
15:20:16.138 [JavaFX Application Thread] DEBUG Engine               - Architecture: amd64
15:20:16.138 [JavaFX Application Thread] INFO  Engine               - Source code and latest versions at: https://github.com/AlmasB/FXGL
15:20:16.138 [JavaFX Application Thread] INFO  Engine               -       Ask questions and discuss at: https://github.com/AlmasB/FXGL/discussions
15:20:16.138 [JavaFX Application Thread] INFO  Engine               -              Join the FXGL chat at: https://gitter.im/AlmasB/FXGL
15:20:16.180 [JavaFX Application Thread] DEBUG PrimaryStageWindow   - Creating a JavaFX scene
15:20:16.251 [JavaFX Application Thread] DEBUG PrimaryStageWindow   - Target settings size: 800.0 x 800.0
15:20:16.251 [JavaFX Application Thread] DEBUG PrimaryStageWindow   - Scaled scene size:    800.0 x 800.0
15:20:16.251 [JavaFX Application Thread] DEBUG PrimaryStageWindow   - Scaled ratio: (1.0, 1.0)
15:20:16.251 [JavaFX Application Thread] DEBUG PrimaryStageWindow   - Set initial scene to FXGLStartupScene
15:20:16.253 [JavaFX Application Thread] DEBUG PrimaryStageWindow   - Opening main window
15:20:16.271 [JavaFX Application Thread] DEBUG PrimaryStageWindow   - Window border size: (0.0, 28.0)
15:20:16.271 [JavaFX Application Thread] DEBUG PrimaryStageWindow   - Scaled size: 800.0 x 800.0
15:20:16.271 [JavaFX Application Thread] DEBUG PrimaryStageWindow   - Scaled ratio: (1.0, 1.0)
15:20:16.271 [JavaFX Application Thread] DEBUG PrimaryStageWindow   - Scene size: 800.0 x 800.0
15:20:16.271 [JavaFX Application Thread] DEBUG PrimaryStageWindow   - Stage size: 800.0 x 828.0
15:20:16.274 [FXGL Background Thread 1 ] DEBUG Engine               - Initializing environment variables
15:20:16.297 [FXGL Background Thread 1 ] DEBUG FXGLAssetLoaderServi - User app class for loading assets: class com.example.basicgameapp.BasicGameApp
15:20:16.297 [FXGL Background Thread 1 ] DEBUG GameApplicationServi - Applying CSS: fxgl_dark.css
15:20:16.297 [FXGL Background Thread 1 ] DEBUG FXGLAssetLoaderServi - Loading from file system: jar:file:///home/johnt/.m2/repository/com/github/almasb/fxgl/17.2/fxgl-17.2.jar!/fxglassets/ui/css/fxgl_dark.css
15:20:16.320 [FXGL Background Thread 1 ] DEBUG GameApplicationServi - Initializing application scenes
15:20:16.353 [FXGL Background Thread 1 ] DEBUG GameWorld            - Game world initialized
15:20:16.380 [FXGL Background Thread 1 ] DEBUG PhysicsWorld         - Physics world initialized: appHeight=800, physics.ppm=50.0
15:20:16.381 [FXGL Background Thread 1 ] DEBUG PhysicsWorld         - Using strategy: BRUTE_FORCE
15:20:16.382 [FXGL Background Thread 1 ] DEBUG GameScene            - Game scene initialized: 800x800
15:20:16.384 [FXGL Background Thread 1 ] DEBUG FXGLAssetLoaderServi - Loading from file system: file:/home/johnt/Documents/world-hell/BasicGameApp/target/classes/assets/textures/BG.png
15:20:16.424 [FXGL Background Thread 1 ] DEBUG GameApplicationServi - Application scenes initialized
15:20:16.431 [FXGL Background Thread 1 ] DEBUG SystemBundleService  - Loading FXGL system data
15:20:16.433 [FXGL Background Thread 1 ] DEBUG FileSystemAccess     - Reading from: /home/johnt/Documents/world-hell/BasicGameApp/system/fxgl.bundle
15:20:16.437 [FXGL Background Thread 1 ] DEBUG SystemBundleService  - Bundle FXGL: {}
15:20:16.437 [FXGL Background Thread 1 ] DEBUG UpdaterService       - Checking for updates
15:20:16.439 [FXGL Background Thread 4 ] DEBUG FXGLApplication      - Loading fonts
15:20:16.439 [FXGL Background Thread 1 ] DEBUG FXGLApplication      - Loading default localization
15:20:16.439 [FXGL Background Thread 4 ] DEBUG FXGLAssetLoaderServi - Loading from file system: jar:file:///home/johnt/.m2/repository/com/github/almasb/fxgl/17.2/fxgl-17.2.jar!/fxglassets/ui/fonts/VarelaRound-Regular.ttf
15:20:16.440 [FXGL Background Thread 1 ] DEBUG FXGLAssetLoaderServi - Loading from file system: jar:file:///home/johnt/.m2/repository/com/github/almasb/fxgl/17.2/fxgl-17.2.jar!/fxglassets/languages/english.lang
15:20:16.443 [FXGL Background Thread 4 ] DEBUG FXGLAssetLoaderServi - Loading from file system: jar:file:///home/johnt/.m2/repository/com/github/almasb/fxgl/17.2/fxgl-17.2.jar!/fxglassets/ui/fonts/Abel-Regular.ttf
15:20:16.443 [FXGL Background Thread 4 ] DEBUG FXGLAssetLoaderServi - Loading from file system: jar:file:///home/johnt/.m2/repository/com/github/almasb/fxgl/17.2/fxgl-17.2.jar!/fxglassets/ui/fonts/TerminalLandMono-Regular.otf
15:20:16.444 [FXGL Background Thread 4 ] DEBUG FXGLAssetLoaderServi - Loading from file system: jar:file:///home/johnt/.m2/repository/com/github/almasb/fxgl/17.2/fxgl-17.2.jar!/fxglassets/ui/fonts/Courier-Prime.ttf
15:20:16.446 [JavaFX Application Thread] DEBUG FXGLApplication      - Registering font factories with UI factory
15:20:16.449 [FXGL Background Thread 1 ] INFO  FXGLApplication      - FXGL initialization took: 0.175 sec
15:20:16.455 [JavaFX Application Thread] DEBUG Input                - Registered new binding: action0 - D
15:20:16.455 [JavaFX Application Thread] DEBUG Input                - Registered new binding: action1 - A
15:20:16.455 [JavaFX Application Thread] DEBUG Input                - Registered new binding: action2 - W
15:20:16.456 [JavaFX Application Thread] DEBUG Input                - Registered new binding: action3 - S
15:20:16.456 [JavaFX Application Thread] DEBUG FXGLAssetLoaderServi - Loading from file system: jar:file:///home/johnt/.m2/repository/com/github/almasb/fxgl/17.2/fxgl-17.2.jar!/fxglassets/textures/fxgl_icon.png
15:20:16.469 [JavaFX Application Thread] DEBUG FXGLAssetLoaderServi - Loading from file system: jar:file:///home/johnt/.m2/repository/com/github/almasb/fxgl/17.2/fxgl-17.2.jar!/fxglassets/textures/fxgl_default_cursor.png
15:20:16.470 [JavaFX Application Thread] DEBUG Input                - Registered new binding: Screenshot - CTRL+8
15:20:16.470 [JavaFX Application Thread] DEBUG Input                - Registered new binding: System info dump - CTRL+9
15:20:16.471 [JavaFX Application Thread] DEBUG Input                - Registered new binding: Restart - CTRL+R
15:20:16.471 [JavaFX Application Thread] DEBUG Input                - Registered new binding: Toggle Debug Camera - CTRL+7
15:20:16.471 [JavaFX Application Thread] DEBUG LoopRunner           - Starting loop
15:20:16.472 [JavaFX Application Thread] DEBUG LoopRunner           - Initializing JavaFX AnimationTimerLoop
15:20:16.472 [JavaFX Application Thread] DEBUG Input                - Clearing active input actions
15:20:16.476 [JavaFX Application Thread] DEBUG GameApplicationServi - Removing overlay from FXGLStartupScene and adding to FXGLMainMenuDummyScene
15:20:16.477 [JavaFX Application Thread] DEBUG PrimaryStageWindow   - FXGLStartupScene -> FXGLMainMenuDummyScene
15:20:16.477 [JavaFX Application Thread] DEBUG PrimaryStageWindow   - Push state: WorldHellMenu
15:20:16.477 [JavaFX Application Thread] DEBUG Input                - Clearing active input actions
15:20:16.478 [JavaFX Application Thread] DEBUG GameApplicationServi - Removing overlay from FXGLMainMenuDummyScene and adding to WorldHellMenu
15:20:16.478 [JavaFX Application Thread] DEBUG PrimaryStageWindow   - FXGLMainMenuDummyScene -> WorldHellMenu
15:20:16.669 [FXGL Background Thread 2 ] INFO  UpdaterService       - Your current version:  17.2
15:20:16.669 [FXGL Background Thread 2 ] INFO  UpdaterService       - Latest stable version: 17.3
15:20:17.174 [JavaFX Application Thread] DEBUG Menu                 - fireNewGame()
15:20:17.175 [JavaFX Application Thread] DEBUG GameApplicationServi - Starting new game
15:20:17.175 [JavaFX Application Thread] DEBUG PrimaryStageWindow   - Pop state: WorldHellMenu
15:20:17.175 [JavaFX Application Thread] DEBUG Input                - Clearing active input actions
15:20:17.176 [JavaFX Application Thread] DEBUG GameApplicationServi - Removing overlay from WorldHellMenu and adding to FXGLMainMenuDummyScene
15:20:17.177 [JavaFX Application Thread] DEBUG PrimaryStageWindow   - FXGLMainMenuDummyScene <- WorldHellMenu
15:20:17.178 [JavaFX Application Thread] DEBUG Input                - Clearing active input actions
15:20:17.187 [JavaFX Application Thread] DEBUG GameApplicationServi - Removing overlay from FXGLMainMenuDummyScene and adding to FXGLLoadingScene
15:20:17.188 [JavaFX Application Thread] DEBUG PrimaryStageWindow   - FXGLMainMenuDummyScene -> FXGLLoadingScene
15:20:17.188 [JavaFX Application Thread] DEBUG GameApplicationServi - Clearing previous game
15:20:17.188 [JavaFX Application Thread] DEBUG GameScene            - Clearing game scene
15:20:17.188 [JavaFX Application Thread] DEBUG GameWorld            - Clearing game world
15:20:17.188 [JavaFX Application Thread] DEBUG PhysicsWorld         - Clearing physics world
15:20:17.189 [FXGL Background Thread 2 ] DEBUG FXGLApplication      - Initializing game
15:20:17.190 [FXGL Background Thread 2 ] DEBUG FXGLAssetLoaderServi - Loading from file system: file:/home/johnt/Documents/world-hell/BasicGameApp/target/classes/assets/music/Doom%20Eternal%20OST%20-%20The%20Only%20Thing%20They%20Fear%20Is%20You%20(Mick%20Gordon)%20%5BDoom%20Eternal%20Theme%5D.mp3
15:20:17.272 [FXGL Background Thread 2 ] DEBUG AudioPlayer          - Playing music com.almasb.fxgl.audio.Music@1422ce42
15:20:17.273 [FXGL Background Thread 2 ] DEBUG FXGLAssetLoaderServi - Loading from file system: file:/home/johnt/Documents/world-hell/BasicGameApp/target/classes/assets/textures/background.jpg
15:20:17.281 [FXGL Background Thread 2 ] DEBUG FXGLAssetLoaderServi - Loading from file system: file:/home/johnt/Documents/world-hell/BasicGameApp/target/classes/assets/textures/girl_colored.png
15:20:17.290 [FXGL Background Thread 2 ] WARN  FXGL.ProgressBar     - Current value > max value. Setting max value as current
15:20:17.296 [FXGL Background Thread 2 ] INFO  FXGLApplication      - Game initialization took: 0.106 sec
15:20:17.296 [JavaFX Application Thread] DEBUG Input                - Clearing active input actions
15:20:17.299 [JavaFX Application Thread] DEBUG GameApplicationServi - Removing overlay from FXGLLoadingScene and adding to GameScene
15:20:17.299 [JavaFX Application Thread] DEBUG PrimaryStageWindow   - FXGLLoadingScene -> GameScene
15:20:17.807 [JavaFX Application Thread] DEBUG FXGLAssetLoaderServi - Loading from file system: file:/home/johnt/Documents/world-hell/BasicGameApp/target/classes/assets/textures/zombie_colored.png
15:20:17.810 [JavaFX Application Thread] DEBUG FXGLAssetLoaderServi - Loading from file system: file:/home/johnt/Documents/world-hell/BasicGameApp/target/classes/assets/textures/eagle_colored.png
15:20:17.812 [JavaFX Application Thread] DEBUG FXGLAssetLoaderServi - Loading from file system: file:/home/johnt/Documents/world-hell/BasicGameApp/target/classes/assets/textures/joshua.jpg
15:20:18.288 [JavaFX Application Thread] DEBUG FXGLAssetLoaderServi - Loading from file system: file:/home/johnt/Documents/world-hell/BasicGameApp/target/classes/assets/textures/swipe.png
15:20:19.439 [FXGL Background Thread 3 ] DEBUG Engine               - Logging environment variables
15:20:19.439 [FXGL Background Thread 3 ] DEBUG Engine               - achievements: []
15:20:19.440 [FXGL Background Thread 3 ] DEBUG Engine               - actualHeight: 800.0
15:20:19.440 [FXGL Background Thread 3 ] DEBUG Engine               - actualHeightProperty: ReadOnlyDoubleProperty [value: 800.0]
15:20:19.440 [FXGL Background Thread 3 ] DEBUG Engine               - actualWidth: 800.0
15:20:19.440 [FXGL Background Thread 3 ] DEBUG Engine               - actualWidthProperty: ReadOnlyDoubleProperty [value: 800.0]
15:20:19.440 [FXGL Background Thread 3 ] DEBUG Engine               - appIcon: fxgl_icon.png
15:20:19.440 [FXGL Background Thread 3 ] DEBUG Engine               - applicationMode: DEVELOPER
15:20:19.440 [FXGL Background Thread 3 ] DEBUG Engine               - cSSList: [fxgl_dark.css]
15:20:19.440 [FXGL Background Thread 3 ] DEBUG Engine               - collisionDetectionStrategy: BRUTE_FORCE
15:20:19.441 [FXGL Background Thread 3 ] DEBUG Engine               - configClass: Optional.empty
15:20:19.441 [FXGL Background Thread 3 ] DEBUG Engine               - credits: []
15:20:19.444 [FXGL Background Thread 3 ] DEBUG Engine               - defaultCursor: CursorInfo(imageName=fxgl_default_cursor.png, hotspotX=7.0, hotspotY=6.0)
15:20:19.444 [FXGL Background Thread 3 ] DEBUG Engine               - devBBoxColorProperty: ObjectProperty [value: 0xff0000ff]
15:20:19.444 [FXGL Background Thread 3 ] DEBUG Engine               - devEnableDebugCameraProperty: BooleanProperty [value: false]
15:20:19.444 [FXGL Background Thread 3 ] DEBUG Engine               - devSensorColorProperty: ObjectProperty [value: 0xffff00ff]
15:20:19.444 [FXGL Background Thread 3 ] DEBUG Engine               - devShowBBoxProperty: BooleanProperty [value: false]
15:20:19.444 [FXGL Background Thread 3 ] DEBUG Engine               - devShowPositionProperty: BooleanProperty [value: false]
15:20:19.445 [FXGL Background Thread 3 ] DEBUG Engine               - enabledMenuItems: []
15:20:19.445 [FXGL Background Thread 3 ] DEBUG Engine               - engineServices: [class com.almasb.fxgl.app.services.FXGLAssetLoaderService, class com.almasb.fxgl.app.FXGLApplication$GameApplicationService, class com.almasb.fxgl.app.services.FXGLDialogService, class com.almasb.fxgl.app.services.IOTaskExecutorService, class com.almasb.fxgl.io.FileSystemService, class com.almasb.fxgl.localization.LocalizationService, class com.almasb.fxgl.app.services.SystemBundleService, class com.almasb.fxgl.profile.SaveLoadService, class com.almasb.fxgl.ui.FXGLUIFactoryServiceProvider, class com.almasb.fxgl.ui.FXGLDialogFactoryServiceProvider, class com.almasb.fxgl.audio.AudioPlayer, class com.almasb.fxgl.notification.impl.NotificationServiceProvider, class com.almasb.fxgl.achievement.AchievementService, class com.almasb.fxgl.cutscene.CutsceneService, class com.almasb.fxgl.minigames.MiniGameService, class com.almasb.fxgl.net.NetService, class com.almasb.fxgl.app.services.UpdaterService, class com.almasb.fxgl.dev.DevService]
15:20:19.445 [FXGL Background Thread 3 ] DEBUG Engine               - fontGame: Abel-Regular.ttf
15:20:19.445 [FXGL Background Thread 3 ] DEBUG Engine               - fontMono: TerminalLandMono-Regular.otf
15:20:19.445 [FXGL Background Thread 3 ] DEBUG Engine               - fontText: Courier-Prime.ttf
15:20:19.445 [FXGL Background Thread 3 ] DEBUG Engine               - fontUI: VarelaRound-Regular.ttf
15:20:19.445 [FXGL Background Thread 3 ] DEBUG Engine               - fullScreen: BooleanProperty [value: false]
15:20:19.445 [FXGL Background Thread 3 ] DEBUG Engine               - gameDifficulty: MEDIUM
15:20:19.445 [FXGL Background Thread 3 ] DEBUG Engine               - gameDifficultyProperty: ObjectProperty [value: MEDIUM]
15:20:19.445 [FXGL Background Thread 3 ] DEBUG Engine               - globalMusicVolume: 0.5
15:20:19.445 [FXGL Background Thread 3 ] DEBUG Engine               - globalMusicVolumeProperty: DoubleProperty [value: 0.5]
15:20:19.446 [FXGL Background Thread 3 ] DEBUG Engine               - globalSoundVolume: 0.5
15:20:19.446 [FXGL Background Thread 3 ] DEBUG Engine               - globalSoundVolumeProperty: DoubleProperty [value: 0.5]
15:20:19.446 [FXGL Background Thread 3 ] DEBUG Engine               - height: 800
15:20:19.446 [FXGL Background Thread 3 ] DEBUG Engine               - is3D: false
15:20:19.446 [FXGL Background Thread 3 ] DEBUG Engine               - isAndroid: false
15:20:19.446 [FXGL Background Thread 3 ] DEBUG Engine               - isBrowser: false
15:20:19.446 [FXGL Background Thread 3 ] DEBUG Engine               - isClickFeedbackEnabled: false
15:20:19.446 [FXGL Background Thread 3 ] DEBUG Engine               - isCloseConfirmation: false
15:20:19.446 [FXGL Background Thread 3 ] DEBUG Engine               - isDesktop: true
15:20:19.446 [FXGL Background Thread 3 ] DEBUG Engine               - isDeveloperMenuEnabled: false
15:20:19.446 [FXGL Background Thread 3 ] DEBUG Engine               - isEmbedded: false
15:20:19.447 [FXGL Background Thread 3 ] DEBUG Engine               - isEntityPreloadEnabled: true
15:20:19.447 [FXGL Background Thread 3 ] DEBUG Engine               - isExperimentalTiledLargeMap: false
15:20:19.447 [FXGL Background Thread 3 ] DEBUG Engine               - isFileSystemWriteAllowed: true
15:20:19.447 [FXGL Background Thread 3 ] DEBUG Engine               - isFullScreenAllowed: false
15:20:19.447 [FXGL Background Thread 3 ] DEBUG Engine               - isFullScreenFromStart: false
15:20:19.447 [FXGL Background Thread 3 ] DEBUG Engine               - isGameMenuEnabled: true
15:20:19.447 [FXGL Background Thread 3 ] DEBUG Engine               - isIOS: false
15:20:19.447 [FXGL Background Thread 3 ] DEBUG Engine               - isIntroEnabled: false
15:20:19.447 [FXGL Background Thread 3 ] DEBUG Engine               - isLinux: true
15:20:19.447 [FXGL Background Thread 3 ] DEBUG Engine               - isMac: false
15:20:19.447 [FXGL Background Thread 3 ] DEBUG Engine               - isMainMenuEnabled: true
15:20:19.447 [FXGL Background Thread 3 ] DEBUG Engine               - isManualResizeEnabled: false
15:20:19.447 [FXGL Background Thread 3 ] DEBUG Engine               - isMobile: false
15:20:19.447 [FXGL Background Thread 3 ] DEBUG Engine               - isNative: false
15:20:19.448 [FXGL Background Thread 3 ] DEBUG Engine               - isPauseMusicWhenMinimized: true
15:20:19.448 [FXGL Background Thread 3 ] DEBUG Engine               - isPreserveResizeRatio: false
15:20:19.448 [FXGL Background Thread 3 ] DEBUG Engine               - isProfilingEnabled: false
15:20:19.448 [FXGL Background Thread 3 ] DEBUG Engine               - isScaleAffectedOnResize: true
15:20:19.448 [FXGL Background Thread 3 ] DEBUG Engine               - isSingleStep: false
15:20:19.448 [FXGL Background Thread 3 ] DEBUG Engine               - isUserProfileEnabled: false
15:20:19.448 [FXGL Background Thread 3 ] DEBUG Engine               - isWindows: false
15:20:19.448 [FXGL Background Thread 3 ] DEBUG Engine               - language: ObjectProperty [value: ENGLISH]
15:20:19.448 [FXGL Background Thread 3 ] DEBUG Engine               - menuKey: ESCAPE
15:20:19.448 [FXGL Background Thread 3 ] DEBUG Engine               - mouseSensitivity: 0.2
15:20:19.448 [FXGL Background Thread 3 ] DEBUG Engine               - notificationViewClass: class com.almasb.fxgl.notification.view.XboxNotificationView
15:20:19.448 [FXGL Background Thread 3 ] DEBUG Engine               - pixelsPerMeter: 50.0
15:20:19.448 [FXGL Background Thread 3 ] DEBUG Engine               - platform: LINUX
15:20:19.448 [FXGL Background Thread 3 ] DEBUG Engine               - prefHeightProperty: ReadOnlyDoubleProperty [value: 800.0]
15:20:19.448 [FXGL Background Thread 3 ] DEBUG Engine               - prefWidthProperty: ReadOnlyDoubleProperty [value: 800.0]
15:20:19.448 [FXGL Background Thread 3 ] DEBUG Engine               - profileDir: profiles/
15:20:19.448 [FXGL Background Thread 3 ] DEBUG Engine               - profileName: StringProperty [value: DEFAULT]
15:20:19.448 [FXGL Background Thread 3 ] DEBUG Engine               - randomSeed: -1
15:20:19.449 [FXGL Background Thread 3 ] DEBUG Engine               - runtimeInfo: RuntimeInfo(platform=LINUX, version=17.2, build=20.08.2022 16.50)
15:20:19.449 [FXGL Background Thread 3 ] DEBUG Engine               - saveFileExt: sav
15:20:19.449 [FXGL Background Thread 3 ] DEBUG Engine               - scaledHeightProp$fxgl: DoubleProperty [bound, value: 800.0]
15:20:19.449 [FXGL Background Thread 3 ] DEBUG Engine               - scaledWidthProp$fxgl: DoubleProperty [bound, value: 800.0]
15:20:19.449 [FXGL Background Thread 3 ] DEBUG Engine               - sceneFactory: com.example.basicgameapp.BasicGameApp$1@107db172
15:20:19.449 [FXGL Background Thread 3 ] DEBUG Engine               - secondsIn24h: 60
15:20:19.449 [FXGL Background Thread 3 ] DEBUG Engine               - soundMenuBack: menu/back.wav
15:20:19.449 [FXGL Background Thread 3 ] DEBUG Engine               - soundMenuPress: menu/press.wav
15:20:19.449 [FXGL Background Thread 3 ] DEBUG Engine               - soundMenuSelect: menu/select.wav
15:20:19.449 [FXGL Background Thread 3 ] DEBUG Engine               - soundNotification: core/notification.wav
15:20:19.449 [FXGL Background Thread 3 ] DEBUG Engine               - stageStyle: DECORATED
15:20:19.449 [FXGL Background Thread 3 ] DEBUG Engine               - supportedLanguages: [ENGLISH, FRENCH, GERMAN, HUNGARIAN, RUSSIAN]
15:20:19.449 [FXGL Background Thread 3 ] DEBUG Engine               - ticksPerSecond: -1
15:20:19.449 [FXGL Background Thread 3 ] DEBUG Engine               - title: WorldHELL 0 
15:20:19.449 [FXGL Background Thread 3 ] DEBUG Engine               - urlGithub: https://github.com/AlmasB/FXGL
15:20:19.449 [FXGL Background Thread 3 ] DEBUG Engine               - urlLeaderboard: http://fxgl-top.herokuapp.com/
15:20:19.449 [FXGL Background Thread 3 ] DEBUG Engine               - urlPOM: https://raw.githubusercontent.com/AlmasB/FXGL/release/README.md
15:20:19.449 [FXGL Background Thread 3 ] DEBUG Engine               - userAppClass: class com.example.basicgameapp.BasicGameApp
15:20:19.449 [FXGL Background Thread 3 ] DEBUG Engine               - version: 0.1
15:20:19.449 [FXGL Background Thread 3 ] DEBUG Engine               - versionCheckDays: 7
15:20:19.449 [FXGL Background Thread 3 ] DEBUG Engine               - width: 800
15:20:19.449 [FXGL Background Thread 3 ] DEBUG Engine               - Logging services
15:20:19.449 [FXGL Background Thread 3 ] DEBUG Engine               - class com.almasb.fxgl.app.services.FXGLAssetLoaderService
15:20:19.450 [FXGL Background Thread 3 ] DEBUG Engine               - class com.almasb.fxgl.app.FXGLApplication$GameApplicationService
15:20:19.450 [FXGL Background Thread 3 ] DEBUG Engine               - class com.almasb.fxgl.app.services.FXGLDialogService
15:20:19.450 [FXGL Background Thread 3 ] DEBUG Engine               - class com.almasb.fxgl.app.services.IOTaskExecutorService
15:20:19.450 [FXGL Background Thread 3 ] DEBUG Engine               - class com.almasb.fxgl.io.FileSystemService
15:20:19.450 [FXGL Background Thread 3 ] DEBUG Engine               - class com.almasb.fxgl.localization.LocalizationService
15:20:19.450 [FXGL Background Thread 3 ] DEBUG Engine               - class com.almasb.fxgl.app.services.SystemBundleService
15:20:19.450 [FXGL Background Thread 3 ] DEBUG Engine               - class com.almasb.fxgl.profile.SaveLoadService
15:20:19.450 [FXGL Background Thread 3 ] DEBUG Engine               - class com.almasb.fxgl.ui.FXGLUIFactoryServiceProvider
15:20:19.450 [FXGL Background Thread 3 ] DEBUG Engine               - class com.almasb.fxgl.ui.FXGLDialogFactoryServiceProvider
15:20:19.450 [FXGL Background Thread 3 ] DEBUG Engine               - class com.almasb.fxgl.audio.AudioPlayer
15:20:19.450 [FXGL Background Thread 3 ] DEBUG Engine               - class com.almasb.fxgl.notification.impl.NotificationServiceProvider
15:20:19.450 [FXGL Background Thread 3 ] DEBUG Engine               - class com.almasb.fxgl.achievement.AchievementService
15:20:19.450 [FXGL Background Thread 3 ] DEBUG Engine               - class com.almasb.fxgl.cutscene.CutsceneService
15:20:19.450 [FXGL Background Thread 3 ] DEBUG Engine               - class com.almasb.fxgl.minigames.MiniGameService
15:20:19.450 [FXGL Background Thread 3 ] DEBUG Engine               - class com.almasb.fxgl.net.NetService
15:20:19.450 [FXGL Background Thread 3 ] DEBUG Engine               - class com.almasb.fxgl.app.services.UpdaterService
15:20:19.450 [FXGL Background Thread 3 ] DEBUG Engine               - class com.almasb.fxgl.dev.DevService
15:20:22.294 [JavaFX Application Thread] DEBUG FXGLAssetLoaderServi - Loading from file system: file:/home/johnt/Documents/world-hell/BasicGameApp/target/classes/assets/sounds/slayy.wav
15:20:22.302 [JavaFX Application Thread] DEBUG FXGLAssetLoaderServi - Loading from file system: file:/home/johnt/Documents/world-hell/BasicGameApp/target/classes/assets/textures/pisos.png
15:20:23.310 [JavaFX Application Thread] DEBUG FXGLAssetLoaderServi - Loading from file system: file:/home/johnt/Documents/world-hell/BasicGameApp/target/classes/assets/sounds/eagle_death.wav
15:20:23.941 [JavaFX Application Thread] DEBUG FXGLAssetLoaderServi - Loading from file system: file:/home/johnt/Documents/world-hell/BasicGameApp/target/classes/assets/sounds/ai.wav
15:20:30.485 [JavaFX Application Thread] DEBUG FXGLApplication      - Exiting FXGL
15:20:30.485 [JavaFX Application Thread] DEBUG LoopRunner           - Stopping loop
15:20:30.485 [JavaFX Application Thread] DEBUG SystemBundleService  - Saving FXGL system data
15:20:30.486 [JavaFX Application Thread] DEBUG FileSystemAccess     - Writing to: /home/johnt/Documents/world-hell/BasicGameApp/system/fxgl.bundle
15:20:30.489 [JavaFX Application Thread] DEBUG Async                - Shutting down background threads
15:20:30.490 [JavaFX Application Thread] DEBUG PrimaryStageWindow   - Closing main window
15:20:30.491 [JavaFX Application Thread] DEBUG Logger               - Closing Logger
