04:54:39.429 [main                     ] DEBUG Logger               - Configured Logger
04:54:39.450 [main                     ] DEBUG GameApplication      - Logging settings
Title: WorldHELL 0 
Version: 0.1
Width: 800
Height: 800
Fullscreen: false
Intro: false
Profiling: false
Single step:false
App Mode: DEVELOPER
Menu Key: ESCAPE
Stage Style: DECORATED
Scene Factory: class com.almasb.fxgl.app.scene.SceneFactory

04:54:39.709 [JavaFX Application Thread] DEBUG FXGLApplication      - Initializing FXGL
04:54:39.712 [JavaFX Application Thread] INFO  Engine               - FXGL-17.2 (20.08.2022 16.50) on WINDOWS (J:20.0.2 FX:20.0.1)
04:54:39.712 [JavaFX Application Thread] DEBUG Engine               - JRE Vendor Name: Oracle Corporation
04:54:39.713 [JavaFX Application Thread] DEBUG Engine               - Running on OS: Windows 11 version 10.0
04:54:39.713 [JavaFX Application Thread] DEBUG Engine               - Architecture: amd64
04:54:39.713 [JavaFX Application Thread] INFO  Engine               - Source code and latest versions at: https://github.com/AlmasB/FXGL
04:54:39.713 [JavaFX Application Thread] INFO  Engine               -       Ask questions and discuss at: https://github.com/AlmasB/FXGL/discussions
04:54:39.713 [JavaFX Application Thread] INFO  Engine               -              Join the FXGL chat at: https://gitter.im/AlmasB/FXGL
04:54:39.780 [JavaFX Application Thread] DEBUG PrimaryStageWindow   - Creating a JavaFX scene
04:54:39.822 [JavaFX Application Thread] DEBUG PrimaryStageWindow   - Target settings size: 800.0 x 800.0
04:54:39.822 [JavaFX Application Thread] DEBUG PrimaryStageWindow   - Scaled scene size:    800.0 x 800.0
04:54:39.823 [JavaFX Application Thread] DEBUG PrimaryStageWindow   - Scaled ratio: (1.0, 1.0)
04:54:39.823 [JavaFX Application Thread] DEBUG PrimaryStageWindow   - Set initial scene to FXGLStartupScene
04:54:39.827 [JavaFX Application Thread] DEBUG PrimaryStageWindow   - Opening main window
04:54:39.888 [JavaFX Application Thread] DEBUG PrimaryStageWindow   - Window border size: (14.4000244140625, 37.5999755859375)
04:54:39.889 [JavaFX Application Thread] DEBUG PrimaryStageWindow   - Scaled size: 800.0 x 800.0
04:54:39.889 [JavaFX Application Thread] DEBUG PrimaryStageWindow   - Scaled ratio: (1.0, 1.0)
04:54:39.890 [JavaFX Application Thread] DEBUG PrimaryStageWindow   - Scene size: 800.0 x 800.0
04:54:39.890 [JavaFX Application Thread] DEBUG PrimaryStageWindow   - Stage size: 814.4000244140625 x 837.5999755859375
04:54:39.898 [FXGL Background Thread 1 ] DEBUG Engine               - Initializing environment variables
04:54:39.958 [FXGL Background Thread 1 ] DEBUG FXGLAssetLoaderServi - User app class for loading assets: class com.example.basicgameapp.BasicGameApp
04:54:39.958 [FXGL Background Thread 1 ] DEBUG GameApplicationServi - Applying CSS: fxgl_dark.css
04:54:39.960 [FXGL Background Thread 1 ] DEBUG FXGLAssetLoaderServi - Loading from file system: jar:file:///C:/Users/majah/.m2/repository/com/github/almasb/fxgl/17.2/fxgl-17.2.jar!/fxglassets/ui/css/fxgl_dark.css
04:54:39.997 [FXGL Background Thread 1 ] DEBUG GameApplicationServi - Initializing application scenes
04:54:40.029 [FXGL Background Thread 1 ] DEBUG GameWorld            - Game world initialized
04:54:40.089 [FXGL Background Thread 1 ] DEBUG PhysicsWorld         - Physics world initialized: appHeight=800, physics.ppm=50.0
04:54:40.090 [FXGL Background Thread 1 ] DEBUG PhysicsWorld         - Using strategy: BRUTE_FORCE
04:54:40.094 [FXGL Background Thread 1 ] DEBUG GameScene            - Game scene initialized: 800x800
04:54:40.107 [FXGL Background Thread 1 ] DEBUG FXGL.DefaultMenu     - createMenuBodyMainMenu()
04:54:40.121 [FXGL Background Thread 1 ] DEBUG FXGL.DefaultMenu     - createOptionsMenu()
04:54:40.131 [FXGL Background Thread 1 ] DEBUG FXGLAssetLoaderServi - Loading from file system: jar:file:///C:/Users/majah/.m2/repository/com/github/almasb/fxgl/17.2/fxgl-17.2.jar!/fxglassets/textures/particles/smoke.png
04:54:40.207 [FXGL Background Thread 1 ] DEBUG FXGLAssetLoaderServi - Loading from file system: jar:file:///C:/Users/majah/.m2/repository/com/github/almasb/fxgl/17.2/fxgl-17.2.jar!/fxglassets/textures/particles/trace_horizontal.png
04:54:40.229 [FXGL Background Thread 1 ] DEBUG FXGL.DefaultMenu     - createMenuBodyGameMenu()
04:54:40.230 [FXGL Background Thread 1 ] DEBUG FXGL.DefaultMenu     - createOptionsMenu()
04:54:40.240 [FXGL Background Thread 1 ] DEBUG GameApplicationServi - Application scenes initialized
04:54:40.251 [FXGL Background Thread 1 ] DEBUG SystemBundleService  - Loading FXGL system data
04:54:40.256 [FXGL Background Thread 1 ] DEBUG FileSystemAccess     - Reading from: C:\Users\majah\OneDrive\Desktop\world-hell\BasicGameApp\system\fxgl.bundle
04:54:40.264 [FXGL Background Thread 1 ] DEBUG SystemBundleService  - Bundle FXGL: {}
04:54:40.265 [FXGL Background Thread 1 ] DEBUG UpdaterService       - Checking for updates
04:54:40.269 [FXGL Background Thread 4 ] DEBUG FXGLApplication      - Loading fonts
04:54:40.269 [FXGL Background Thread 1 ] DEBUG FXGLApplication      - Loading default localization
04:54:40.269 [FXGL Background Thread 4 ] DEBUG FXGLAssetLoaderServi - Loading from file system: jar:file:///C:/Users/majah/.m2/repository/com/github/almasb/fxgl/17.2/fxgl-17.2.jar!/fxglassets/ui/fonts/VarelaRound-Regular.ttf
04:54:40.269 [FXGL Background Thread 1 ] DEBUG FXGLAssetLoaderServi - Loading from file system: jar:file:///C:/Users/majah/.m2/repository/com/github/almasb/fxgl/17.2/fxgl-17.2.jar!/fxglassets/languages/english.lang
04:54:40.286 [FXGL Background Thread 1 ] INFO  FXGLApplication      - FXGL initialization took: 0.388 sec
04:54:40.298 [JavaFX Application Thread] DEBUG Input                - Registered new binding: action0 - D
04:54:40.298 [JavaFX Application Thread] DEBUG Input                - Registered new binding: action1 - A
04:54:40.299 [JavaFX Application Thread] DEBUG Input                - Registered new binding: action2 - W
04:54:40.299 [JavaFX Application Thread] DEBUG Input                - Registered new binding: action3 - S
04:54:40.299 [JavaFX Application Thread] DEBUG FXGLAssetLoaderServi - Loading from file system: jar:file:///C:/Users/majah/.m2/repository/com/github/almasb/fxgl/17.2/fxgl-17.2.jar!/fxglassets/textures/fxgl_icon.png
04:54:40.313 [JavaFX Application Thread] DEBUG FXGLAssetLoaderServi - Loading from file system: jar:file:///C:/Users/majah/.m2/repository/com/github/almasb/fxgl/17.2/fxgl-17.2.jar!/fxglassets/textures/fxgl_default_cursor.png
04:54:40.316 [JavaFX Application Thread] DEBUG Input                - Registered new binding: Screenshot - CTRL+8
04:54:40.316 [JavaFX Application Thread] DEBUG Input                - Registered new binding: System info dump - CTRL+9
04:54:40.316 [JavaFX Application Thread] DEBUG Input                - Registered new binding: Restart - CTRL+R
04:54:40.317 [JavaFX Application Thread] DEBUG Input                - Registered new binding: Toggle Debug Camera - CTRL+7
04:54:40.319 [JavaFX Application Thread] DEBUG LoopRunner           - Starting loop
04:54:40.319 [JavaFX Application Thread] DEBUG LoopRunner           - Initializing JavaFX AnimationTimerLoop
04:54:40.323 [JavaFX Application Thread] DEBUG Input                - Clearing active input actions
04:54:40.330 [JavaFX Application Thread] DEBUG GameApplicationServi - Removing overlay from FXGLStartupScene and adding to FXGLMainMenuDummyScene
04:54:40.331 [JavaFX Application Thread] DEBUG PrimaryStageWindow   - FXGLStartupScene -> FXGLMainMenuDummyScene
04:54:40.331 [JavaFX Application Thread] DEBUG PrimaryStageWindow   - Push state: FXGLDefaultMenu
04:54:40.336 [JavaFX Application Thread] DEBUG Input                - Clearing active input actions
04:54:40.345 [JavaFX Application Thread] DEBUG GameApplicationServi - Removing overlay from FXGLMainMenuDummyScene and adding to FXGLDefaultMenu
04:54:40.345 [JavaFX Application Thread] DEBUG PrimaryStageWindow   - FXGLMainMenuDummyScene -> FXGLDefaultMenu
04:54:40.377 [FXGL Background Thread 4 ] DEBUG FXGLAssetLoaderServi - Loading from file system: jar:file:///C:/Users/majah/.m2/repository/com/github/almasb/fxgl/17.2/fxgl-17.2.jar!/fxglassets/ui/fonts/Abel-Regular.ttf
04:54:40.381 [FXGL Background Thread 4 ] DEBUG FXGLAssetLoaderServi - Loading from file system: jar:file:///C:/Users/majah/.m2/repository/com/github/almasb/fxgl/17.2/fxgl-17.2.jar!/fxglassets/ui/fonts/TerminalLandMono-Regular.otf
04:54:40.387 [FXGL Background Thread 4 ] DEBUG FXGLAssetLoaderServi - Loading from file system: jar:file:///C:/Users/majah/.m2/repository/com/github/almasb/fxgl/17.2/fxgl-17.2.jar!/fxglassets/ui/fonts/Courier-Prime.ttf
04:54:40.427 [JavaFX Application Thread] DEBUG FXGLApplication      - Registering font factories with UI factory
04:54:40.966 [FXGL Background Thread 2 ] INFO  UpdaterService       - Your current version:  17.2
04:54:40.966 [FXGL Background Thread 2 ] INFO  UpdaterService       - Latest stable version: 17.3
04:54:41.941 [JavaFX Application Thread] DEBUG Menu                 - fireNewGame()
04:54:41.942 [JavaFX Application Thread] DEBUG GameApplicationServi - Starting new game
04:54:41.944 [JavaFX Application Thread] DEBUG PrimaryStageWindow   - Pop state: FXGLDefaultMenu
04:54:41.944 [JavaFX Application Thread] DEBUG Input                - Clearing active input actions
04:54:41.945 [JavaFX Application Thread] DEBUG GameApplicationServi - Removing overlay from FXGLDefaultMenu and adding to FXGLMainMenuDummyScene
04:54:41.945 [JavaFX Application Thread] DEBUG PrimaryStageWindow   - FXGLMainMenuDummyScene <- FXGLDefaultMenu
04:54:41.945 [JavaFX Application Thread] DEBUG Input                - Clearing active input actions
04:54:41.954 [JavaFX Application Thread] DEBUG GameApplicationServi - Removing overlay from FXGLMainMenuDummyScene and adding to FXGLLoadingScene
04:54:41.954 [JavaFX Application Thread] DEBUG PrimaryStageWindow   - FXGLMainMenuDummyScene -> FXGLLoadingScene
04:54:41.954 [JavaFX Application Thread] DEBUG GameApplicationServi - Clearing previous game
04:54:41.954 [JavaFX Application Thread] DEBUG GameScene            - Clearing game scene
04:54:41.954 [JavaFX Application Thread] DEBUG GameWorld            - Clearing game world
04:54:41.955 [JavaFX Application Thread] DEBUG PhysicsWorld         - Clearing physics world
04:54:41.965 [FXGL Background Thread 2 ] DEBUG FXGLApplication      - Initializing game
04:54:41.967 [FXGL Background Thread 2 ] DEBUG FXGLAssetLoaderServi - Loading from file system: file:/C:/Users/majah/OneDrive/Desktop/world-hell/BasicGameApp/target/classes/assets/textures/background.jpg
04:54:41.990 [FXGL Background Thread 2 ] DEBUG FXGLAssetLoaderServi - Loading from file system: file:/C:/Users/majah/OneDrive/Desktop/world-hell/BasicGameApp/target/classes/assets/textures/girl_colored.png
04:54:42.013 [FXGL Background Thread 2 ] INFO  FXGLApplication      - Game initialization took: 0.048 sec
04:54:42.013 [JavaFX Application Thread] DEBUG Input                - Clearing active input actions
04:54:42.021 [JavaFX Application Thread] DEBUG GameApplicationServi - Removing overlay from FXGLLoadingScene and adding to GameScene
04:54:42.022 [JavaFX Application Thread] DEBUG PrimaryStageWindow   - FXGLLoadingScene -> GameScene
04:54:42.474 [JavaFX Application Thread] DEBUG FXGLAssetLoaderServi - Loading from file system: file:/C:/Users/majah/OneDrive/Desktop/world-hell/BasicGameApp/target/classes/assets/textures/zombie_colored.png
04:54:42.479 [JavaFX Application Thread] DEBUG FXGLAssetLoaderServi - Loading from file system: file:/C:/Users/majah/OneDrive/Desktop/world-hell/BasicGameApp/target/classes/assets/textures/eagle_colored.png
04:54:42.483 [JavaFX Application Thread] DEBUG FXGLAssetLoaderServi - Loading from file system: file:/C:/Users/majah/OneDrive/Desktop/world-hell/BasicGameApp/target/classes/assets/textures/joshua.jpg
04:54:42.937 [JavaFX Application Thread] DEBUG FXGLAssetLoaderServi - Loading from file system: file:/C:/Users/majah/OneDrive/Desktop/world-hell/BasicGameApp/target/classes/assets/textures/swipe.png
04:54:43.268 [FXGL Background Thread 3 ] DEBUG Engine               - Logging environment variables
04:54:43.269 [FXGL Background Thread 3 ] DEBUG Engine               - achievements: []
04:54:43.269 [FXGL Background Thread 3 ] DEBUG Engine               - actualHeight: 800.0
04:54:43.269 [FXGL Background Thread 3 ] DEBUG Engine               - actualHeightProperty: ReadOnlyDoubleProperty [value: 800.0]
04:54:43.269 [FXGL Background Thread 3 ] DEBUG Engine               - actualWidth: 800.0
04:54:43.269 [FXGL Background Thread 3 ] DEBUG Engine               - actualWidthProperty: ReadOnlyDoubleProperty [value: 800.0]
04:54:43.270 [FXGL Background Thread 3 ] DEBUG Engine               - appIcon: fxgl_icon.png
04:54:43.270 [FXGL Background Thread 3 ] DEBUG Engine               - applicationMode: DEVELOPER
04:54:43.270 [FXGL Background Thread 3 ] DEBUG Engine               - cSSList: [fxgl_dark.css]
04:54:43.270 [FXGL Background Thread 3 ] DEBUG Engine               - collisionDetectionStrategy: BRUTE_FORCE
04:54:43.270 [FXGL Background Thread 3 ] DEBUG Engine               - configClass: Optional.empty
04:54:43.270 [FXGL Background Thread 3 ] DEBUG Engine               - credits: []
04:54:43.271 [FXGL Background Thread 3 ] DEBUG Engine               - defaultCursor: CursorInfo(imageName=fxgl_default_cursor.png, hotspotX=7.0, hotspotY=6.0)
04:54:43.271 [FXGL Background Thread 3 ] DEBUG Engine               - devBBoxColorProperty: ObjectProperty [value: 0xff0000ff]
04:54:43.271 [FXGL Background Thread 3 ] DEBUG Engine               - devEnableDebugCameraProperty: BooleanProperty [value: false]
04:54:43.271 [FXGL Background Thread 3 ] DEBUG Engine               - devSensorColorProperty: ObjectProperty [value: 0xffff00ff]
04:54:43.271 [FXGL Background Thread 3 ] DEBUG Engine               - devShowBBoxProperty: BooleanProperty [value: false]
04:54:43.271 [FXGL Background Thread 3 ] DEBUG Engine               - devShowPositionProperty: BooleanProperty [value: false]
04:54:43.271 [FXGL Background Thread 3 ] DEBUG Engine               - enabledMenuItems: []
04:54:43.272 [FXGL Background Thread 3 ] DEBUG Engine               - engineServices: [class com.almasb.fxgl.app.services.FXGLAssetLoaderService, class com.almasb.fxgl.app.FXGLApplication$GameApplicationService, class com.almasb.fxgl.app.services.FXGLDialogService, class com.almasb.fxgl.app.services.IOTaskExecutorService, class com.almasb.fxgl.io.FileSystemService, class com.almasb.fxgl.localization.LocalizationService, class com.almasb.fxgl.app.services.SystemBundleService, class com.almasb.fxgl.profile.SaveLoadService, class com.almasb.fxgl.ui.FXGLUIFactoryServiceProvider, class com.almasb.fxgl.ui.FXGLDialogFactoryServiceProvider, class com.almasb.fxgl.audio.AudioPlayer, class com.almasb.fxgl.notification.impl.NotificationServiceProvider, class com.almasb.fxgl.achievement.AchievementService, class com.almasb.fxgl.cutscene.CutsceneService, class com.almasb.fxgl.minigames.MiniGameService, class com.almasb.fxgl.net.NetService, class com.almasb.fxgl.app.services.UpdaterService, class com.almasb.fxgl.dev.DevService]
04:54:43.272 [FXGL Background Thread 3 ] DEBUG Engine               - fontGame: Abel-Regular.ttf
04:54:43.272 [FXGL Background Thread 3 ] DEBUG Engine               - fontMono: TerminalLandMono-Regular.otf
04:54:43.272 [FXGL Background Thread 3 ] DEBUG Engine               - fontText: Courier-Prime.ttf
04:54:43.272 [FXGL Background Thread 3 ] DEBUG Engine               - fontUI: VarelaRound-Regular.ttf
04:54:43.272 [FXGL Background Thread 3 ] DEBUG Engine               - fullScreen: BooleanProperty [value: false]
04:54:43.272 [FXGL Background Thread 3 ] DEBUG Engine               - gameDifficulty: MEDIUM
04:54:43.272 [FXGL Background Thread 3 ] DEBUG Engine               - gameDifficultyProperty: ObjectProperty [value: MEDIUM]
04:54:43.272 [FXGL Background Thread 3 ] DEBUG Engine               - globalMusicVolume: 0.5
04:54:43.272 [FXGL Background Thread 3 ] DEBUG Engine               - globalMusicVolumeProperty: DoubleProperty [value: 0.5]
04:54:43.272 [FXGL Background Thread 3 ] DEBUG Engine               - globalSoundVolume: 0.5
04:54:43.272 [FXGL Background Thread 3 ] DEBUG Engine               - globalSoundVolumeProperty: DoubleProperty [value: 0.5]
04:54:43.273 [FXGL Background Thread 3 ] DEBUG Engine               - height: 800
04:54:43.273 [FXGL Background Thread 3 ] DEBUG Engine               - is3D: false
04:54:43.273 [FXGL Background Thread 3 ] DEBUG Engine               - isAndroid: false
04:54:43.273 [FXGL Background Thread 3 ] DEBUG Engine               - isBrowser: false
04:54:43.273 [FXGL Background Thread 3 ] DEBUG Engine               - isClickFeedbackEnabled: false
04:54:43.273 [FXGL Background Thread 3 ] DEBUG Engine               - isCloseConfirmation: false
04:54:43.273 [FXGL Background Thread 3 ] DEBUG Engine               - isDesktop: true
04:54:43.273 [FXGL Background Thread 3 ] DEBUG Engine               - isDeveloperMenuEnabled: false
04:54:43.273 [FXGL Background Thread 3 ] DEBUG Engine               - isEmbedded: false
04:54:43.273 [FXGL Background Thread 3 ] DEBUG Engine               - isEntityPreloadEnabled: true
04:54:43.273 [FXGL Background Thread 3 ] DEBUG Engine               - isExperimentalTiledLargeMap: false
04:54:43.273 [FXGL Background Thread 3 ] DEBUG Engine               - isFileSystemWriteAllowed: true
04:54:43.273 [FXGL Background Thread 3 ] DEBUG Engine               - isFullScreenAllowed: false
04:54:43.273 [FXGL Background Thread 3 ] DEBUG Engine               - isFullScreenFromStart: false
04:54:43.274 [FXGL Background Thread 3 ] DEBUG Engine               - isGameMenuEnabled: true
04:54:43.274 [FXGL Background Thread 3 ] DEBUG Engine               - isIOS: false
04:54:43.274 [FXGL Background Thread 3 ] DEBUG Engine               - isIntroEnabled: false
04:54:43.274 [FXGL Background Thread 3 ] DEBUG Engine               - isLinux: false
04:54:43.274 [FXGL Background Thread 3 ] DEBUG Engine               - isMac: false
04:54:43.274 [FXGL Background Thread 3 ] DEBUG Engine               - isMainMenuEnabled: true
04:54:43.274 [FXGL Background Thread 3 ] DEBUG Engine               - isManualResizeEnabled: false
04:54:43.274 [FXGL Background Thread 3 ] DEBUG Engine               - isMobile: false
04:54:43.274 [FXGL Background Thread 3 ] DEBUG Engine               - isNative: false
04:54:43.274 [FXGL Background Thread 3 ] DEBUG Engine               - isPauseMusicWhenMinimized: true
04:54:43.274 [FXGL Background Thread 3 ] DEBUG Engine               - isPreserveResizeRatio: false
04:54:43.274 [FXGL Background Thread 3 ] DEBUG Engine               - isProfilingEnabled: false
04:54:43.274 [FXGL Background Thread 3 ] DEBUG Engine               - isScaleAffectedOnResize: true
04:54:43.274 [FXGL Background Thread 3 ] DEBUG Engine               - isSingleStep: false
04:54:43.274 [FXGL Background Thread 3 ] DEBUG Engine               - isUserProfileEnabled: false
04:54:43.274 [FXGL Background Thread 3 ] DEBUG Engine               - isWindows: true
04:54:43.274 [FXGL Background Thread 3 ] DEBUG Engine               - language: ObjectProperty [value: ENGLISH]
04:54:43.274 [FXGL Background Thread 3 ] DEBUG Engine               - menuKey: ESCAPE
04:54:43.275 [FXGL Background Thread 3 ] DEBUG Engine               - mouseSensitivity: 0.2
04:54:43.275 [FXGL Background Thread 3 ] DEBUG Engine               - notificationViewClass: class com.almasb.fxgl.notification.view.XboxNotificationView
04:54:43.275 [FXGL Background Thread 3 ] DEBUG Engine               - pixelsPerMeter: 50.0
04:54:43.275 [FXGL Background Thread 3 ] DEBUG Engine               - platform: WINDOWS
04:54:43.275 [FXGL Background Thread 3 ] DEBUG Engine               - prefHeightProperty: ReadOnlyDoubleProperty [value: 800.0]
04:54:43.275 [FXGL Background Thread 3 ] DEBUG Engine               - prefWidthProperty: ReadOnlyDoubleProperty [value: 800.0]
04:54:43.275 [FXGL Background Thread 3 ] DEBUG Engine               - profileDir: profiles/
04:54:43.275 [FXGL Background Thread 3 ] DEBUG Engine               - profileName: StringProperty [value: DEFAULT]
04:54:43.275 [FXGL Background Thread 3 ] DEBUG Engine               - randomSeed: -1
04:54:43.276 [FXGL Background Thread 3 ] DEBUG Engine               - runtimeInfo: RuntimeInfo(platform=WINDOWS, version=17.2, build=20.08.2022 16.50)
04:54:43.276 [FXGL Background Thread 3 ] DEBUG Engine               - saveFileExt: sav
04:54:43.276 [FXGL Background Thread 3 ] DEBUG Engine               - scaledHeightProp$fxgl: DoubleProperty [bound, value: 800.0]
04:54:43.276 [FXGL Background Thread 3 ] DEBUG Engine               - scaledWidthProp$fxgl: DoubleProperty [bound, value: 800.0]
04:54:43.276 [FXGL Background Thread 3 ] DEBUG Engine               - sceneFactory: com.almasb.fxgl.app.scene.SceneFactory@4b6b6bce
04:54:43.276 [FXGL Background Thread 3 ] DEBUG Engine               - secondsIn24h: 60
04:54:43.276 [FXGL Background Thread 3 ] DEBUG Engine               - soundMenuBack: menu/back.wav
04:54:43.276 [FXGL Background Thread 3 ] DEBUG Engine               - soundMenuPress: menu/press.wav
04:54:43.276 [FXGL Background Thread 3 ] DEBUG Engine               - soundMenuSelect: menu/select.wav
04:54:43.276 [FXGL Background Thread 3 ] DEBUG Engine               - soundNotification: core/notification.wav
04:54:43.276 [FXGL Background Thread 3 ] DEBUG Engine               - stageStyle: DECORATED
04:54:43.277 [FXGL Background Thread 3 ] DEBUG Engine               - supportedLanguages: [ENGLISH, FRENCH, GERMAN, HUNGARIAN, RUSSIAN]
04:54:43.277 [FXGL Background Thread 3 ] DEBUG Engine               - ticksPerSecond: -1
04:54:43.277 [FXGL Background Thread 3 ] DEBUG Engine               - title: WorldHELL 0 
04:54:43.277 [FXGL Background Thread 3 ] DEBUG Engine               - urlGithub: https://github.com/AlmasB/FXGL
04:54:43.277 [FXGL Background Thread 3 ] DEBUG Engine               - urlLeaderboard: http://fxgl-top.herokuapp.com/
04:54:43.277 [FXGL Background Thread 3 ] DEBUG Engine               - urlPOM: https://raw.githubusercontent.com/AlmasB/FXGL/release/README.md
04:54:43.277 [FXGL Background Thread 3 ] DEBUG Engine               - userAppClass: class com.example.basicgameapp.BasicGameApp
04:54:43.277 [FXGL Background Thread 3 ] DEBUG Engine               - version: 0.1
04:54:43.277 [FXGL Background Thread 3 ] DEBUG Engine               - versionCheckDays: 7
04:54:43.277 [FXGL Background Thread 3 ] DEBUG Engine               - width: 800
04:54:43.277 [FXGL Background Thread 3 ] DEBUG Engine               - Logging services
04:54:43.277 [FXGL Background Thread 3 ] DEBUG Engine               - class com.almasb.fxgl.app.services.FXGLAssetLoaderService
04:54:43.277 [FXGL Background Thread 3 ] DEBUG Engine               - class com.almasb.fxgl.app.FXGLApplication$GameApplicationService
04:54:43.277 [FXGL Background Thread 3 ] DEBUG Engine               - class com.almasb.fxgl.app.services.FXGLDialogService
04:54:43.277 [FXGL Background Thread 3 ] DEBUG Engine               - class com.almasb.fxgl.app.services.IOTaskExecutorService
04:54:43.277 [FXGL Background Thread 3 ] DEBUG Engine               - class com.almasb.fxgl.io.FileSystemService
04:54:43.277 [FXGL Background Thread 3 ] DEBUG Engine               - class com.almasb.fxgl.localization.LocalizationService
04:54:43.277 [FXGL Background Thread 3 ] DEBUG Engine               - class com.almasb.fxgl.app.services.SystemBundleService
04:54:43.277 [FXGL Background Thread 3 ] DEBUG Engine               - class com.almasb.fxgl.profile.SaveLoadService
04:54:43.277 [FXGL Background Thread 3 ] DEBUG Engine               - class com.almasb.fxgl.ui.FXGLUIFactoryServiceProvider
04:54:43.278 [FXGL Background Thread 3 ] DEBUG Engine               - class com.almasb.fxgl.ui.FXGLDialogFactoryServiceProvider
04:54:43.278 [FXGL Background Thread 3 ] DEBUG Engine               - class com.almasb.fxgl.audio.AudioPlayer
04:54:43.278 [FXGL Background Thread 3 ] DEBUG Engine               - class com.almasb.fxgl.notification.impl.NotificationServiceProvider
04:54:43.278 [FXGL Background Thread 3 ] DEBUG Engine               - class com.almasb.fxgl.achievement.AchievementService
04:54:43.278 [FXGL Background Thread 3 ] DEBUG Engine               - class com.almasb.fxgl.cutscene.CutsceneService
04:54:43.278 [FXGL Background Thread 3 ] DEBUG Engine               - class com.almasb.fxgl.minigames.MiniGameService
04:54:43.278 [FXGL Background Thread 3 ] DEBUG Engine               - class com.almasb.fxgl.net.NetService
04:54:43.278 [FXGL Background Thread 3 ] DEBUG Engine               - class com.almasb.fxgl.app.services.UpdaterService
04:54:43.278 [FXGL Background Thread 3 ] DEBUG Engine               - class com.almasb.fxgl.dev.DevService
04:54:45.864 [JavaFX Application Thread] DEBUG FXGLAssetLoaderServi - Loading from file system: file:/C:/Users/majah/OneDrive/Desktop/world-hell/BasicGameApp/target/classes/assets/sounds/eagle_death.wav
04:54:45.939 [JavaFX Application Thread] DEBUG FXGLAssetLoaderServi - Loading from file system: file:/C:/Users/majah/OneDrive/Desktop/world-hell/BasicGameApp/target/classes/assets/textures/pisos.png
04:54:49.864 [JavaFX Application Thread] DEBUG FXGLAssetLoaderServi - Loading from file system: file:/C:/Users/majah/OneDrive/Desktop/world-hell/BasicGameApp/target/classes/assets/sounds/slayy.wav
04:54:56.376 [JavaFX Application Thread] DEBUG FXGLApplication      - Exiting FXGL
04:54:56.377 [JavaFX Application Thread] DEBUG LoopRunner           - Stopping loop
04:54:56.377 [JavaFX Application Thread] DEBUG SystemBundleService  - Saving FXGL system data
04:54:56.381 [JavaFX Application Thread] DEBUG FileSystemAccess     - Writing to: C:\Users\majah\OneDrive\Desktop\world-hell\BasicGameApp\system\fxgl.bundle
04:54:56.384 [JavaFX Application Thread] DEBUG Async                - Shutting down background threads
04:54:56.384 [JavaFX Application Thread] DEBUG PrimaryStageWindow   - Closing main window
04:54:56.417 [JavaFX Application Thread] DEBUG Logger               - Closing Logger
