23:07:12.066 [main                     ] DEBUG Logger               - Configured Logger
23:07:12.099 [main                     ] DEBUG GameApplication      - Logging settings
Title: WorldHELL 0 
Version: 0.1
Width: 800
Height: 800
Fullscreen: false
Intro: false
Profiling: false
Single step:false
App Mode: DEVELOPER
Menu Key: ESCAPE
Stage Style: DECORATED
Scene Factory: class com.example.basicgameapp.BasicGameApp$1

23:07:12.373 [JavaFX Application Thread] DEBUG FXGLApplication      - Initializing FXGL
23:07:12.377 [JavaFX Application Thread] INFO  Engine               - FXGL-17.2 (20.08.2022 16.50) on WINDOWS (J:20.0.2 FX:20.0.1)
23:07:12.377 [JavaFX Application Thread] DEBUG Engine               - JRE Vendor Name: Oracle Corporation
23:07:12.377 [JavaFX Application Thread] DEBUG Engine               - Running on OS: Windows 11 version 10.0
23:07:12.377 [JavaFX Application Thread] DEBUG Engine               - Architecture: amd64
23:07:12.377 [JavaFX Application Thread] INFO  Engine               - Source code and latest versions at: https://github.com/AlmasB/FXGL
23:07:12.377 [JavaFX Application Thread] INFO  Engine               -       Ask questions and discuss at: https://github.com/AlmasB/FXGL/discussions
23:07:12.378 [JavaFX Application Thread] INFO  Engine               -              Join the FXGL chat at: https://gitter.im/AlmasB/FXGL
23:07:12.446 [JavaFX Application Thread] DEBUG PrimaryStageWindow   - Creating a JavaFX scene
23:07:12.491 [JavaFX Application Thread] DEBUG PrimaryStageWindow   - Target settings size: 800.0 x 800.0
23:07:12.492 [JavaFX Application Thread] DEBUG PrimaryStageWindow   - Scaled scene size:    800.0 x 800.0
23:07:12.492 [JavaFX Application Thread] DEBUG PrimaryStageWindow   - Scaled ratio: (1.0, 1.0)
23:07:12.493 [JavaFX Application Thread] DEBUG PrimaryStageWindow   - Set initial scene to FXGLStartupScene
23:07:12.496 [JavaFX Application Thread] DEBUG PrimaryStageWindow   - Opening main window
23:07:12.570 [JavaFX Application Thread] DEBUG PrimaryStageWindow   - Window border size: (14.4000244140625, 37.5999755859375)
23:07:12.571 [JavaFX Application Thread] DEBUG PrimaryStageWindow   - Scaled size: 800.0 x 800.0
23:07:12.571 [JavaFX Application Thread] DEBUG PrimaryStageWindow   - Scaled ratio: (1.0, 1.0)
23:07:12.571 [JavaFX Application Thread] DEBUG PrimaryStageWindow   - Scene size: 800.0 x 800.0
23:07:12.572 [JavaFX Application Thread] DEBUG PrimaryStageWindow   - Stage size: 814.4000244140625 x 837.5999755859375
23:07:12.583 [FXGL Background Thread 1 ] DEBUG Engine               - Initializing environment variables
23:07:12.638 [FXGL Background Thread 1 ] DEBUG FXGLAssetLoaderServi - User app class for loading assets: class com.example.basicgameapp.BasicGameApp
23:07:12.639 [FXGL Background Thread 1 ] DEBUG GameApplicationServi - Applying CSS: fxgl_dark.css
23:07:12.639 [FXGL Background Thread 1 ] DEBUG FXGLAssetLoaderServi - Loading from file system: jar:file:///C:/Users/majah/.m2/repository/com/github/almasb/fxgl/17.2/fxgl-17.2.jar!/fxglassets/ui/css/fxgl_dark.css
23:07:12.679 [FXGL Background Thread 1 ] DEBUG GameApplicationServi - Initializing application scenes
23:07:12.715 [FXGL Background Thread 1 ] DEBUG GameWorld            - Game world initialized
23:07:12.782 [FXGL Background Thread 1 ] DEBUG PhysicsWorld         - Physics world initialized: appHeight=800, physics.ppm=50.0
23:07:12.783 [FXGL Background Thread 1 ] DEBUG PhysicsWorld         - Using strategy: BRUTE_FORCE
23:07:12.787 [FXGL Background Thread 1 ] DEBUG GameScene            - Game scene initialized: 800x800
23:07:12.791 [FXGL Background Thread 1 ] DEBUG FXGLAssetLoaderServi - Loading from file system: file:/C:/Users/majah/OneDrive/Desktop/world-hell/BasicGameApp/target/classes/assets/textures/BG.png
23:07:12.862 [FXGL Background Thread 1 ] DEBUG GameApplicationServi - Application scenes initialized
23:07:12.879 [FXGL Background Thread 1 ] DEBUG SystemBundleService  - Loading FXGL system data
23:07:12.883 [FXGL Background Thread 1 ] DEBUG FileSystemAccess     - Reading from: C:\Users\majah\OneDrive\Desktop\world-hell\BasicGameApp\system\fxgl.bundle
23:07:12.893 [FXGL Background Thread 1 ] DEBUG SystemBundleService  - Bundle FXGL: {}
23:07:12.893 [FXGL Background Thread 1 ] DEBUG UpdaterService       - Checking for updates
23:07:12.897 [FXGL Background Thread 4 ] DEBUG FXGLApplication      - Loading fonts
23:07:12.898 [FXGL Background Thread 1 ] DEBUG FXGLApplication      - Loading default localization
23:07:12.898 [FXGL Background Thread 4 ] DEBUG FXGLAssetLoaderServi - Loading from file system: jar:file:///C:/Users/majah/.m2/repository/com/github/almasb/fxgl/17.2/fxgl-17.2.jar!/fxglassets/ui/fonts/VarelaRound-Regular.ttf
23:07:12.898 [FXGL Background Thread 1 ] DEBUG FXGLAssetLoaderServi - Loading from file system: jar:file:///C:/Users/majah/.m2/repository/com/github/almasb/fxgl/17.2/fxgl-17.2.jar!/fxglassets/languages/english.lang
23:07:12.917 [FXGL Background Thread 1 ] INFO  FXGLApplication      - FXGL initialization took: 0.333 sec
23:07:12.926 [JavaFX Application Thread] DEBUG Input                - Registered new binding: action0 - D
23:07:12.928 [JavaFX Application Thread] DEBUG Input                - Registered new binding: action1 - A
23:07:12.928 [JavaFX Application Thread] DEBUG Input                - Registered new binding: action2 - W
23:07:12.928 [JavaFX Application Thread] DEBUG Input                - Registered new binding: action3 - S
23:07:12.929 [JavaFX Application Thread] DEBUG FXGLAssetLoaderServi - Loading from file system: jar:file:///C:/Users/majah/.m2/repository/com/github/almasb/fxgl/17.2/fxgl-17.2.jar!/fxglassets/textures/fxgl_icon.png
23:07:12.944 [JavaFX Application Thread] DEBUG FXGLAssetLoaderServi - Loading from file system: jar:file:///C:/Users/majah/.m2/repository/com/github/almasb/fxgl/17.2/fxgl-17.2.jar!/fxglassets/textures/fxgl_default_cursor.png
23:07:12.945 [JavaFX Application Thread] DEBUG Input                - Registered new binding: Screenshot - CTRL+8
23:07:12.946 [JavaFX Application Thread] DEBUG Input                - Registered new binding: System info dump - CTRL+9
23:07:12.946 [JavaFX Application Thread] DEBUG Input                - Registered new binding: Restart - CTRL+R
23:07:12.947 [JavaFX Application Thread] DEBUG Input                - Registered new binding: Toggle Debug Camera - CTRL+7
23:07:12.949 [JavaFX Application Thread] DEBUG LoopRunner           - Starting loop
23:07:12.949 [JavaFX Application Thread] DEBUG LoopRunner           - Initializing JavaFX AnimationTimerLoop
23:07:12.952 [JavaFX Application Thread] DEBUG Input                - Clearing active input actions
23:07:12.962 [JavaFX Application Thread] DEBUG GameApplicationServi - Removing overlay from FXGLStartupScene and adding to FXGLMainMenuDummyScene
23:07:12.963 [JavaFX Application Thread] DEBUG PrimaryStageWindow   - FXGLStartupScene -> FXGLMainMenuDummyScene
23:07:12.963 [JavaFX Application Thread] DEBUG PrimaryStageWindow   - Push state: WorldHellMenu
23:07:12.963 [JavaFX Application Thread] DEBUG Input                - Clearing active input actions
23:07:12.966 [JavaFX Application Thread] DEBUG GameApplicationServi - Removing overlay from FXGLMainMenuDummyScene and adding to WorldHellMenu
23:07:12.967 [JavaFX Application Thread] DEBUG PrimaryStageWindow   - FXGLMainMenuDummyScene -> WorldHellMenu
23:07:13.039 [FXGL Background Thread 4 ] DEBUG FXGLAssetLoaderServi - Loading from file system: jar:file:///C:/Users/majah/.m2/repository/com/github/almasb/fxgl/17.2/fxgl-17.2.jar!/fxglassets/ui/fonts/Abel-Regular.ttf
23:07:13.042 [FXGL Background Thread 4 ] DEBUG FXGLAssetLoaderServi - Loading from file system: jar:file:///C:/Users/majah/.m2/repository/com/github/almasb/fxgl/17.2/fxgl-17.2.jar!/fxglassets/ui/fonts/TerminalLandMono-Regular.otf
23:07:13.048 [FXGL Background Thread 4 ] DEBUG FXGLAssetLoaderServi - Loading from file system: jar:file:///C:/Users/majah/.m2/repository/com/github/almasb/fxgl/17.2/fxgl-17.2.jar!/fxglassets/ui/fonts/Courier-Prime.ttf
23:07:13.054 [JavaFX Application Thread] DEBUG FXGLApplication      - Registering font factories with UI factory
23:07:13.313 [FXGL Background Thread 2 ] INFO  UpdaterService       - Your current version:  17.2
23:07:13.314 [FXGL Background Thread 2 ] INFO  UpdaterService       - Latest stable version: 17.3
23:07:15.897 [FXGL Background Thread 3 ] DEBUG Engine               - Logging environment variables
23:07:15.898 [FXGL Background Thread 3 ] DEBUG Engine               - achievements: []
23:07:15.898 [FXGL Background Thread 3 ] DEBUG Engine               - actualHeight: 800.0
23:07:15.899 [FXGL Background Thread 3 ] DEBUG Engine               - actualHeightProperty: ReadOnlyDoubleProperty [value: 800.0]
23:07:15.899 [FXGL Background Thread 3 ] DEBUG Engine               - actualWidth: 800.0
23:07:15.899 [FXGL Background Thread 3 ] DEBUG Engine               - actualWidthProperty: ReadOnlyDoubleProperty [value: 800.0]
23:07:15.899 [FXGL Background Thread 3 ] DEBUG Engine               - appIcon: fxgl_icon.png
23:07:15.899 [FXGL Background Thread 3 ] DEBUG Engine               - applicationMode: DEVELOPER
23:07:15.899 [FXGL Background Thread 3 ] DEBUG Engine               - cSSList: [fxgl_dark.css]
23:07:15.899 [FXGL Background Thread 3 ] DEBUG Engine               - collisionDetectionStrategy: BRUTE_FORCE
23:07:15.899 [FXGL Background Thread 3 ] DEBUG Engine               - configClass: Optional.empty
23:07:15.900 [FXGL Background Thread 3 ] DEBUG Engine               - credits: []
23:07:15.901 [FXGL Background Thread 3 ] DEBUG Engine               - defaultCursor: CursorInfo(imageName=fxgl_default_cursor.png, hotspotX=7.0, hotspotY=6.0)
23:07:15.901 [FXGL Background Thread 3 ] DEBUG Engine               - devBBoxColorProperty: ObjectProperty [value: 0xff0000ff]
23:07:15.901 [FXGL Background Thread 3 ] DEBUG Engine               - devEnableDebugCameraProperty: BooleanProperty [value: false]
23:07:15.901 [FXGL Background Thread 3 ] DEBUG Engine               - devSensorColorProperty: ObjectProperty [value: 0xffff00ff]
23:07:15.901 [FXGL Background Thread 3 ] DEBUG Engine               - devShowBBoxProperty: BooleanProperty [value: false]
23:07:15.901 [FXGL Background Thread 3 ] DEBUG Engine               - devShowPositionProperty: BooleanProperty [value: false]
23:07:15.902 [FXGL Background Thread 3 ] DEBUG Engine               - enabledMenuItems: []
23:07:15.902 [FXGL Background Thread 3 ] DEBUG Engine               - engineServices: [class com.almasb.fxgl.app.services.FXGLAssetLoaderService, class com.almasb.fxgl.app.FXGLApplication$GameApplicationService, class com.almasb.fxgl.app.services.FXGLDialogService, class com.almasb.fxgl.app.services.IOTaskExecutorService, class com.almasb.fxgl.io.FileSystemService, class com.almasb.fxgl.localization.LocalizationService, class com.almasb.fxgl.app.services.SystemBundleService, class com.almasb.fxgl.profile.SaveLoadService, class com.almasb.fxgl.ui.FXGLUIFactoryServiceProvider, class com.almasb.fxgl.ui.FXGLDialogFactoryServiceProvider, class com.almasb.fxgl.audio.AudioPlayer, class com.almasb.fxgl.notification.impl.NotificationServiceProvider, class com.almasb.fxgl.achievement.AchievementService, class com.almasb.fxgl.cutscene.CutsceneService, class com.almasb.fxgl.minigames.MiniGameService, class com.almasb.fxgl.net.NetService, class com.almasb.fxgl.app.services.UpdaterService, class com.almasb.fxgl.dev.DevService]
23:07:15.902 [FXGL Background Thread 3 ] DEBUG Engine               - fontGame: Abel-Regular.ttf
23:07:15.902 [FXGL Background Thread 3 ] DEBUG Engine               - fontMono: TerminalLandMono-Regular.otf
23:07:15.902 [FXGL Background Thread 3 ] DEBUG Engine               - fontText: Courier-Prime.ttf
23:07:15.902 [FXGL Background Thread 3 ] DEBUG Engine               - fontUI: VarelaRound-Regular.ttf
23:07:15.902 [FXGL Background Thread 3 ] DEBUG Engine               - fullScreen: BooleanProperty [value: false]
23:07:15.902 [FXGL Background Thread 3 ] DEBUG Engine               - gameDifficulty: MEDIUM
23:07:15.902 [FXGL Background Thread 3 ] DEBUG Engine               - gameDifficultyProperty: ObjectProperty [value: MEDIUM]
23:07:15.902 [FXGL Background Thread 3 ] DEBUG Engine               - globalMusicVolume: 0.5
23:07:15.902 [FXGL Background Thread 3 ] DEBUG Engine               - globalMusicVolumeProperty: DoubleProperty [value: 0.5]
23:07:15.903 [FXGL Background Thread 3 ] DEBUG Engine               - globalSoundVolume: 0.5
23:07:15.903 [FXGL Background Thread 3 ] DEBUG Engine               - globalSoundVolumeProperty: DoubleProperty [value: 0.5]
23:07:15.903 [FXGL Background Thread 3 ] DEBUG Engine               - height: 800
23:07:15.903 [FXGL Background Thread 3 ] DEBUG Engine               - is3D: false
23:07:15.903 [FXGL Background Thread 3 ] DEBUG Engine               - isAndroid: false
23:07:15.903 [FXGL Background Thread 3 ] DEBUG Engine               - isBrowser: false
23:07:15.903 [FXGL Background Thread 3 ] DEBUG Engine               - isClickFeedbackEnabled: false
23:07:15.903 [FXGL Background Thread 3 ] DEBUG Engine               - isCloseConfirmation: false
23:07:15.903 [FXGL Background Thread 3 ] DEBUG Engine               - isDesktop: true
23:07:15.903 [FXGL Background Thread 3 ] DEBUG Engine               - isDeveloperMenuEnabled: false
23:07:15.903 [FXGL Background Thread 3 ] DEBUG Engine               - isEmbedded: false
23:07:15.903 [FXGL Background Thread 3 ] DEBUG Engine               - isEntityPreloadEnabled: true
23:07:15.903 [FXGL Background Thread 3 ] DEBUG Engine               - isExperimentalTiledLargeMap: false
23:07:15.903 [FXGL Background Thread 3 ] DEBUG Engine               - isFileSystemWriteAllowed: true
23:07:15.904 [FXGL Background Thread 3 ] DEBUG Engine               - isFullScreenAllowed: false
23:07:15.904 [FXGL Background Thread 3 ] DEBUG Engine               - isFullScreenFromStart: false
23:07:15.904 [FXGL Background Thread 3 ] DEBUG Engine               - isGameMenuEnabled: true
23:07:15.904 [FXGL Background Thread 3 ] DEBUG Engine               - isIOS: false
23:07:15.904 [FXGL Background Thread 3 ] DEBUG Engine               - isIntroEnabled: false
23:07:15.904 [FXGL Background Thread 3 ] DEBUG Engine               - isLinux: false
23:07:15.904 [FXGL Background Thread 3 ] DEBUG Engine               - isMac: false
23:07:15.904 [FXGL Background Thread 3 ] DEBUG Engine               - isMainMenuEnabled: true
23:07:15.904 [FXGL Background Thread 3 ] DEBUG Engine               - isManualResizeEnabled: false
23:07:15.904 [FXGL Background Thread 3 ] DEBUG Engine               - isMobile: false
23:07:15.904 [FXGL Background Thread 3 ] DEBUG Engine               - isNative: false
23:07:15.904 [FXGL Background Thread 3 ] DEBUG Engine               - isPauseMusicWhenMinimized: true
23:07:15.904 [FXGL Background Thread 3 ] DEBUG Engine               - isPreserveResizeRatio: false
23:07:15.904 [FXGL Background Thread 3 ] DEBUG Engine               - isProfilingEnabled: false
23:07:15.905 [FXGL Background Thread 3 ] DEBUG Engine               - isScaleAffectedOnResize: true
23:07:15.905 [FXGL Background Thread 3 ] DEBUG Engine               - isSingleStep: false
23:07:15.905 [FXGL Background Thread 3 ] DEBUG Engine               - isUserProfileEnabled: false
23:07:15.905 [FXGL Background Thread 3 ] DEBUG Engine               - isWindows: true
23:07:15.905 [FXGL Background Thread 3 ] DEBUG Engine               - language: ObjectProperty [value: ENGLISH]
23:07:15.905 [FXGL Background Thread 3 ] DEBUG Engine               - menuKey: ESCAPE
23:07:15.905 [FXGL Background Thread 3 ] DEBUG Engine               - mouseSensitivity: 0.2
23:07:15.905 [FXGL Background Thread 3 ] DEBUG Engine               - notificationViewClass: class com.almasb.fxgl.notification.view.XboxNotificationView
23:07:15.905 [FXGL Background Thread 3 ] DEBUG Engine               - pixelsPerMeter: 50.0
23:07:15.905 [FXGL Background Thread 3 ] DEBUG Engine               - platform: WINDOWS
23:07:15.905 [FXGL Background Thread 3 ] DEBUG Engine               - prefHeightProperty: ReadOnlyDoubleProperty [value: 800.0]
23:07:15.905 [FXGL Background Thread 3 ] DEBUG Engine               - prefWidthProperty: ReadOnlyDoubleProperty [value: 800.0]
23:07:15.905 [FXGL Background Thread 3 ] DEBUG Engine               - profileDir: profiles/
23:07:15.906 [FXGL Background Thread 3 ] DEBUG Engine               - profileName: StringProperty [value: DEFAULT]
23:07:15.906 [FXGL Background Thread 3 ] DEBUG Engine               - randomSeed: -1
23:07:15.907 [FXGL Background Thread 3 ] DEBUG Engine               - runtimeInfo: RuntimeInfo(platform=WINDOWS, version=17.2, build=20.08.2022 16.50)
23:07:15.908 [FXGL Background Thread 3 ] DEBUG Engine               - saveFileExt: sav
23:07:15.908 [FXGL Background Thread 3 ] DEBUG Engine               - scaledHeightProp$fxgl: DoubleProperty [bound, value: 800.0]
23:07:15.908 [FXGL Background Thread 3 ] DEBUG Engine               - scaledWidthProp$fxgl: DoubleProperty [bound, value: 800.0]
23:07:15.908 [FXGL Background Thread 3 ] DEBUG Engine               - sceneFactory: com.example.basicgameapp.BasicGameApp$1@77765579
23:07:15.908 [FXGL Background Thread 3 ] DEBUG Engine               - secondsIn24h: 60
23:07:15.908 [FXGL Background Thread 3 ] DEBUG Engine               - soundMenuBack: menu/back.wav
23:07:15.908 [FXGL Background Thread 3 ] DEBUG Engine               - soundMenuPress: menu/press.wav
23:07:15.908 [FXGL Background Thread 3 ] DEBUG Engine               - soundMenuSelect: menu/select.wav
23:07:15.908 [FXGL Background Thread 3 ] DEBUG Engine               - soundNotification: core/notification.wav
23:07:15.908 [FXGL Background Thread 3 ] DEBUG Engine               - stageStyle: DECORATED
23:07:15.908 [FXGL Background Thread 3 ] DEBUG Engine               - supportedLanguages: [ENGLISH, FRENCH, GERMAN, HUNGARIAN, RUSSIAN]
23:07:15.908 [FXGL Background Thread 3 ] DEBUG Engine               - ticksPerSecond: -1
23:07:15.908 [FXGL Background Thread 3 ] DEBUG Engine               - title: WorldHELL 0 
23:07:15.908 [FXGL Background Thread 3 ] DEBUG Engine               - urlGithub: https://github.com/AlmasB/FXGL
23:07:15.908 [FXGL Background Thread 3 ] DEBUG Engine               - urlLeaderboard: http://fxgl-top.herokuapp.com/
23:07:15.908 [FXGL Background Thread 3 ] DEBUG Engine               - urlPOM: https://raw.githubusercontent.com/AlmasB/FXGL/release/README.md
23:07:15.908 [FXGL Background Thread 3 ] DEBUG Engine               - userAppClass: class com.example.basicgameapp.BasicGameApp
23:07:15.909 [FXGL Background Thread 3 ] DEBUG Engine               - version: 0.1
23:07:15.909 [FXGL Background Thread 3 ] DEBUG Engine               - versionCheckDays: 7
23:07:15.909 [FXGL Background Thread 3 ] DEBUG Engine               - width: 800
23:07:15.909 [FXGL Background Thread 3 ] DEBUG Engine               - Logging services
23:07:15.909 [FXGL Background Thread 3 ] DEBUG Engine               - class com.almasb.fxgl.app.services.FXGLAssetLoaderService
23:07:15.909 [FXGL Background Thread 3 ] DEBUG Engine               - class com.almasb.fxgl.app.FXGLApplication$GameApplicationService
23:07:15.909 [FXGL Background Thread 3 ] DEBUG Engine               - class com.almasb.fxgl.app.services.FXGLDialogService
23:07:15.909 [FXGL Background Thread 3 ] DEBUG Engine               - class com.almasb.fxgl.app.services.IOTaskExecutorService
23:07:15.909 [FXGL Background Thread 3 ] DEBUG Engine               - class com.almasb.fxgl.io.FileSystemService
23:07:15.909 [FXGL Background Thread 3 ] DEBUG Engine               - class com.almasb.fxgl.localization.LocalizationService
23:07:15.909 [FXGL Background Thread 3 ] DEBUG Engine               - class com.almasb.fxgl.app.services.SystemBundleService
23:07:15.909 [FXGL Background Thread 3 ] DEBUG Engine               - class com.almasb.fxgl.profile.SaveLoadService
23:07:15.909 [FXGL Background Thread 3 ] DEBUG Engine               - class com.almasb.fxgl.ui.FXGLUIFactoryServiceProvider
23:07:15.909 [FXGL Background Thread 3 ] DEBUG Engine               - class com.almasb.fxgl.ui.FXGLDialogFactoryServiceProvider
23:07:15.909 [FXGL Background Thread 3 ] DEBUG Engine               - class com.almasb.fxgl.audio.AudioPlayer
23:07:15.909 [FXGL Background Thread 3 ] DEBUG Engine               - class com.almasb.fxgl.notification.impl.NotificationServiceProvider
23:07:15.909 [FXGL Background Thread 3 ] DEBUG Engine               - class com.almasb.fxgl.achievement.AchievementService
23:07:15.909 [FXGL Background Thread 3 ] DEBUG Engine               - class com.almasb.fxgl.cutscene.CutsceneService
23:07:15.909 [FXGL Background Thread 3 ] DEBUG Engine               - class com.almasb.fxgl.minigames.MiniGameService
23:07:15.909 [FXGL Background Thread 3 ] DEBUG Engine               - class com.almasb.fxgl.net.NetService
23:07:15.909 [FXGL Background Thread 3 ] DEBUG Engine               - class com.almasb.fxgl.app.services.UpdaterService
23:07:15.909 [FXGL Background Thread 3 ] DEBUG Engine               - class com.almasb.fxgl.dev.DevService
23:07:33.639 [JavaFX Application Thread] DEBUG FXGLApplication      - Exiting FXGL
23:07:33.640 [JavaFX Application Thread] DEBUG LoopRunner           - Stopping loop
23:07:33.640 [JavaFX Application Thread] DEBUG SystemBundleService  - Saving FXGL system data
23:07:33.644 [JavaFX Application Thread] DEBUG FileSystemAccess     - Writing to: C:\Users\majah\OneDrive\Desktop\world-hell\BasicGameApp\system\fxgl.bundle
23:07:33.646 [JavaFX Application Thread] DEBUG Async                - Shutting down background threads
23:07:33.646 [JavaFX Application Thread] DEBUG PrimaryStageWindow   - Closing main window
23:07:33.675 [JavaFX Application Thread] DEBUG Logger               - Closing Logger
