19:04:56.861 [main                     ] DEBUG Logger               - Configured Logger
19:04:56.884 [main                     ] DEBUG GameApplication      - Logging settings
Title: WorldHELL 0 
Version: 0.1
Width: 800
Height: 800
Fullscreen: false
Intro: false
Profiling: false
Single step:false
App Mode: DEVELOPER
Menu Key: ESCAPE
Stage Style: DECORATED
Scene Factory: class com.example.basicgameapp.sceneFactory

19:04:57.154 [JavaFX Application Thread] DEBUG FXGLApplication      - Initializing FXGL
19:04:57.158 [JavaFX Application Thread] INFO  Engine               - FXGL-17.2 (20.08.2022 16.50) on WINDOWS (J:20.0.2 FX:20.0.1)
19:04:57.158 [JavaFX Application Thread] DEBUG Engine               - JRE Vendor Name: Oracle Corporation
19:04:57.158 [JavaFX Application Thread] DEBUG Engine               - Running on OS: Windows 11 version 10.0
19:04:57.159 [JavaFX Application Thread] DEBUG Engine               - Architecture: amd64
19:04:57.159 [JavaFX Application Thread] INFO  Engine               - Source code and latest versions at: https://github.com/AlmasB/FXGL
19:04:57.159 [JavaFX Application Thread] INFO  Engine               -       Ask questions and discuss at: https://github.com/AlmasB/FXGL/discussions
19:04:57.159 [JavaFX Application Thread] INFO  Engine               -              Join the FXGL chat at: https://gitter.im/AlmasB/FXGL
19:04:57.226 [JavaFX Application Thread] DEBUG PrimaryStageWindow   - Creating a JavaFX scene
19:04:57.267 [JavaFX Application Thread] DEBUG PrimaryStageWindow   - Target settings size: 800.0 x 800.0
19:04:57.267 [JavaFX Application Thread] DEBUG PrimaryStageWindow   - Scaled scene size:    800.0 x 800.0
19:04:57.267 [JavaFX Application Thread] DEBUG PrimaryStageWindow   - Scaled ratio: (1.0, 1.0)
19:04:57.268 [JavaFX Application Thread] DEBUG PrimaryStageWindow   - Set initial scene to FXGLStartupScene
19:04:57.271 [JavaFX Application Thread] DEBUG PrimaryStageWindow   - Opening main window
19:04:57.337 [JavaFX Application Thread] DEBUG PrimaryStageWindow   - Window border size: (14.4000244140625, 37.5999755859375)
19:04:57.337 [JavaFX Application Thread] DEBUG PrimaryStageWindow   - Scaled size: 800.0 x 800.0
19:04:57.338 [JavaFX Application Thread] DEBUG PrimaryStageWindow   - Scaled ratio: (1.0, 1.0)
19:04:57.338 [JavaFX Application Thread] DEBUG PrimaryStageWindow   - Scene size: 800.0 x 800.0
19:04:57.338 [JavaFX Application Thread] DEBUG PrimaryStageWindow   - Stage size: 814.4000244140625 x 837.5999755859375
19:04:57.347 [FXGL Background Thread 1 ] DEBUG Engine               - Initializing environment variables
19:04:57.397 [FXGL Background Thread 1 ] DEBUG FXGLAssetLoaderServi - User app class for loading assets: class com.example.basicgameapp.BasicGameApp
19:04:57.397 [FXGL Background Thread 1 ] DEBUG GameApplicationServi - Applying CSS: fxgl_dark.css
19:04:57.398 [FXGL Background Thread 1 ] DEBUG FXGLAssetLoaderServi - Loading from file system: jar:file:///C:/Users/majah/.m2/repository/com/github/almasb/fxgl/17.2/fxgl-17.2.jar!/fxglassets/ui/css/fxgl_dark.css
19:04:57.437 [FXGL Background Thread 1 ] DEBUG GameApplicationServi - Initializing application scenes
19:04:57.485 [FXGL Background Thread 1 ] DEBUG GameWorld            - Game world initialized
19:04:57.557 [FXGL Background Thread 1 ] DEBUG PhysicsWorld         - Physics world initialized: appHeight=800, physics.ppm=50.0
19:04:57.557 [FXGL Background Thread 1 ] DEBUG PhysicsWorld         - Using strategy: BRUTE_FORCE
19:04:57.561 [FXGL Background Thread 1 ] DEBUG GameScene            - Game scene initialized: 800x800
19:04:57.563 [FXGL Background Thread 1 ] DEBUG GameApplicationServi - Application scenes initialized
19:04:57.579 [FXGL Background Thread 1 ] DEBUG SystemBundleService  - Loading FXGL system data
19:04:57.584 [FXGL Background Thread 1 ] DEBUG FileSystemAccess     - Reading from: C:\Users\majah\IdeaProjects\BasicGameApp\system\fxgl.bundle
19:04:57.594 [FXGL Background Thread 1 ] DEBUG SystemBundleService  - Bundle FXGL: {}
19:04:57.595 [FXGL Background Thread 1 ] DEBUG UpdaterService       - Checking for updates
19:04:57.600 [FXGL Background Thread 4 ] DEBUG FXGLApplication      - Loading fonts
19:04:57.601 [FXGL Background Thread 1 ] DEBUG FXGLApplication      - Loading default localization
19:04:57.601 [FXGL Background Thread 4 ] DEBUG FXGLAssetLoaderServi - Loading from file system: jar:file:///C:/Users/majah/.m2/repository/com/github/almasb/fxgl/17.2/fxgl-17.2.jar!/fxglassets/ui/fonts/VarelaRound-Regular.ttf
19:04:57.602 [FXGL Background Thread 1 ] DEBUG FXGLAssetLoaderServi - Loading from file system: jar:file:///C:/Users/majah/.m2/repository/com/github/almasb/fxgl/17.2/fxgl-17.2.jar!/fxglassets/languages/english.lang
19:04:57.621 [FXGL Background Thread 1 ] INFO  FXGLApplication      - FXGL initialization took: 0.274 sec
19:04:57.631 [JavaFX Application Thread] DEBUG Input                - Registered new binding: action0 - D
19:04:57.632 [JavaFX Application Thread] DEBUG Input                - Registered new binding: action1 - A
19:04:57.632 [JavaFX Application Thread] DEBUG Input                - Registered new binding: action2 - W
19:04:57.633 [JavaFX Application Thread] DEBUG Input                - Registered new binding: action3 - S
19:04:57.633 [JavaFX Application Thread] DEBUG FXGLAssetLoaderServi - Loading from file system: jar:file:///C:/Users/majah/.m2/repository/com/github/almasb/fxgl/17.2/fxgl-17.2.jar!/fxglassets/textures/fxgl_icon.png
19:04:57.671 [JavaFX Application Thread] DEBUG FXGLAssetLoaderServi - Loading from file system: jar:file:///C:/Users/majah/.m2/repository/com/github/almasb/fxgl/17.2/fxgl-17.2.jar!/fxglassets/textures/fxgl_default_cursor.png
19:04:57.674 [JavaFX Application Thread] DEBUG Input                - Registered new binding: Screenshot - CTRL+8
19:04:57.675 [JavaFX Application Thread] DEBUG Input                - Registered new binding: System info dump - CTRL+9
19:04:57.675 [JavaFX Application Thread] DEBUG Input                - Registered new binding: Restart - CTRL+R
19:04:57.676 [JavaFX Application Thread] DEBUG Input                - Registered new binding: Toggle Debug Camera - CTRL+7
19:04:57.678 [JavaFX Application Thread] DEBUG LoopRunner           - Starting loop
19:04:57.678 [JavaFX Application Thread] DEBUG LoopRunner           - Initializing JavaFX AnimationTimerLoop
19:04:57.679 [JavaFX Application Thread] DEBUG GameApplicationServi - Starting new game
19:04:57.679 [JavaFX Application Thread] DEBUG Input                - Clearing active input actions
19:04:57.690 [JavaFX Application Thread] DEBUG GameApplicationServi - Removing overlay from FXGLStartupScene and adding to FXGLLoadingScene
19:04:57.690 [JavaFX Application Thread] DEBUG PrimaryStageWindow   - FXGLStartupScene -> FXGLLoadingScene
19:04:57.690 [JavaFX Application Thread] DEBUG GameApplicationServi - Clearing previous game
19:04:57.690 [JavaFX Application Thread] DEBUG GameScene            - Clearing game scene
19:04:57.690 [JavaFX Application Thread] DEBUG GameWorld            - Clearing game world
19:04:57.691 [JavaFX Application Thread] DEBUG PhysicsWorld         - Clearing physics world
19:04:57.693 [FXGL Background Thread 1 ] DEBUG FXGLApplication      - Initializing game
19:04:57.700 [FXGL Background Thread 1 ] DEBUG FXGLAssetLoaderServi - Loading from file system: file:/C:/Users/majah/IdeaProjects/BasicGameApp/target/classes/assets/textures/girl_colored.png
19:04:57.718 [FXGL Background Thread 4 ] DEBUG FXGLAssetLoaderServi - Loading from file system: jar:file:///C:/Users/majah/.m2/repository/com/github/almasb/fxgl/17.2/fxgl-17.2.jar!/fxglassets/ui/fonts/Abel-Regular.ttf
19:04:57.721 [FXGL Background Thread 4 ] DEBUG FXGLAssetLoaderServi - Loading from file system: jar:file:///C:/Users/majah/.m2/repository/com/github/almasb/fxgl/17.2/fxgl-17.2.jar!/fxglassets/ui/fonts/TerminalLandMono-Regular.otf
19:04:57.727 [FXGL Background Thread 4 ] DEBUG FXGLAssetLoaderServi - Loading from file system: jar:file:///C:/Users/majah/.m2/repository/com/github/almasb/fxgl/17.2/fxgl-17.2.jar!/fxglassets/ui/fonts/Courier-Prime.ttf
19:04:57.732 [FXGL Background Thread 1 ] INFO  FXGLApplication      - Game initialization took: 0.038 sec
19:04:57.747 [JavaFX Application Thread] DEBUG Input                - Clearing active input actions
19:04:57.753 [JavaFX Application Thread] DEBUG GameApplicationServi - Removing overlay from FXGLLoadingScene and adding to GameScene
19:04:57.753 [JavaFX Application Thread] DEBUG PrimaryStageWindow   - FXGLLoadingScene -> GameScene
19:04:57.753 [JavaFX Application Thread] DEBUG FXGLApplication      - Registering font factories with UI factory
19:04:57.992 [FXGL Background Thread 2 ] INFO  UpdaterService       - Your current version:  17.2
19:04:57.992 [FXGL Background Thread 2 ] INFO  UpdaterService       - Latest stable version: 17.3
19:04:58.269 [JavaFX Application Thread] DEBUG FXGLAssetLoaderServi - Loading from file system: file:/C:/Users/majah/IdeaProjects/BasicGameApp/target/classes/assets/textures/zombie_colored.png
19:04:58.275 [JavaFX Application Thread] DEBUG FXGLAssetLoaderServi - Loading from file system: file:/C:/Users/majah/IdeaProjects/BasicGameApp/target/classes/assets/textures/eagle_colored.png
19:04:58.278 [JavaFX Application Thread] DEBUG FXGLAssetLoaderServi - Loading from file system: file:/C:/Users/majah/IdeaProjects/BasicGameApp/target/classes/assets/textures/bird_colored.png
19:04:59.928 [JavaFX Application Thread] DEBUG PrimaryStageWindow   - Push state: Menu
19:04:59.928 [JavaFX Application Thread] DEBUG Input                - Clearing active input actions
19:04:59.928 [JavaFX Application Thread] DEBUG GameApplicationServi - Removing overlay from GameScene and adding to Menu
19:04:59.929 [JavaFX Application Thread] DEBUG PrimaryStageWindow   - GameScene -> Menu
19:05:00.501 [JavaFX Application Thread] DEBUG PrimaryStageWindow   - Pop state: Menu
19:05:00.501 [JavaFX Application Thread] DEBUG Input                - Clearing active input actions
19:05:00.501 [JavaFX Application Thread] DEBUG GameApplicationServi - Removing overlay from Menu and adding to GameScene
19:05:00.503 [JavaFX Application Thread] DEBUG PrimaryStageWindow   - GameScene <- Menu
19:05:00.599 [FXGL Background Thread 3 ] DEBUG Engine               - Logging environment variables
19:05:00.599 [FXGL Background Thread 3 ] DEBUG Engine               - achievements: []
19:05:00.599 [FXGL Background Thread 3 ] DEBUG Engine               - actualHeight: 800.0
19:05:00.599 [FXGL Background Thread 3 ] DEBUG Engine               - actualHeightProperty: ReadOnlyDoubleProperty [value: 800.0]
19:05:00.600 [FXGL Background Thread 3 ] DEBUG Engine               - actualWidth: 800.0
19:05:00.600 [FXGL Background Thread 3 ] DEBUG Engine               - actualWidthProperty: ReadOnlyDoubleProperty [value: 800.0]
19:05:00.600 [FXGL Background Thread 3 ] DEBUG Engine               - appIcon: fxgl_icon.png
19:05:00.600 [FXGL Background Thread 3 ] DEBUG Engine               - applicationMode: DEVELOPER
19:05:00.600 [FXGL Background Thread 3 ] DEBUG Engine               - cSSList: [fxgl_dark.css]
19:05:00.600 [FXGL Background Thread 3 ] DEBUG Engine               - collisionDetectionStrategy: BRUTE_FORCE
19:05:00.600 [FXGL Background Thread 3 ] DEBUG Engine               - configClass: Optional.empty
19:05:00.600 [FXGL Background Thread 3 ] DEBUG Engine               - credits: []
19:05:00.600 [FXGL Background Thread 3 ] DEBUG Engine               - defaultCursor: CursorInfo(imageName=fxgl_default_cursor.png, hotspotX=7.0, hotspotY=6.0)
19:05:00.601 [FXGL Background Thread 3 ] DEBUG Engine               - devBBoxColorProperty: ObjectProperty [value: 0xff0000ff]
19:05:00.601 [FXGL Background Thread 3 ] DEBUG Engine               - devEnableDebugCameraProperty: BooleanProperty [value: false]
19:05:00.601 [FXGL Background Thread 3 ] DEBUG Engine               - devSensorColorProperty: ObjectProperty [value: 0xffff00ff]
19:05:00.601 [FXGL Background Thread 3 ] DEBUG Engine               - devShowBBoxProperty: BooleanProperty [value: false]
19:05:00.601 [FXGL Background Thread 3 ] DEBUG Engine               - devShowPositionProperty: BooleanProperty [value: false]
19:05:00.601 [FXGL Background Thread 3 ] DEBUG Engine               - enabledMenuItems: []
19:05:00.601 [FXGL Background Thread 3 ] DEBUG Engine               - engineServices: [class com.almasb.fxgl.app.services.FXGLAssetLoaderService, class com.almasb.fxgl.app.FXGLApplication$GameApplicationService, class com.almasb.fxgl.app.services.FXGLDialogService, class com.almasb.fxgl.app.services.IOTaskExecutorService, class com.almasb.fxgl.io.FileSystemService, class com.almasb.fxgl.localization.LocalizationService, class com.almasb.fxgl.app.services.SystemBundleService, class com.almasb.fxgl.profile.SaveLoadService, class com.almasb.fxgl.ui.FXGLUIFactoryServiceProvider, class com.almasb.fxgl.ui.FXGLDialogFactoryServiceProvider, class com.almasb.fxgl.audio.AudioPlayer, class com.almasb.fxgl.notification.impl.NotificationServiceProvider, class com.almasb.fxgl.achievement.AchievementService, class com.almasb.fxgl.cutscene.CutsceneService, class com.almasb.fxgl.minigames.MiniGameService, class com.almasb.fxgl.net.NetService, class com.almasb.fxgl.app.services.UpdaterService, class com.almasb.fxgl.dev.DevService]
19:05:00.601 [FXGL Background Thread 3 ] DEBUG Engine               - fontGame: Abel-Regular.ttf
19:05:00.601 [FXGL Background Thread 3 ] DEBUG Engine               - fontMono: TerminalLandMono-Regular.otf
19:05:00.601 [FXGL Background Thread 3 ] DEBUG Engine               - fontText: Courier-Prime.ttf
19:05:00.601 [FXGL Background Thread 3 ] DEBUG Engine               - fontUI: VarelaRound-Regular.ttf
19:05:00.601 [FXGL Background Thread 3 ] DEBUG Engine               - fullScreen: BooleanProperty [value: false]
19:05:00.601 [FXGL Background Thread 3 ] DEBUG Engine               - gameDifficulty: MEDIUM
19:05:00.601 [FXGL Background Thread 3 ] DEBUG Engine               - gameDifficultyProperty: ObjectProperty [value: MEDIUM]
19:05:00.601 [FXGL Background Thread 3 ] DEBUG Engine               - globalMusicVolume: 0.5
19:05:00.601 [FXGL Background Thread 3 ] DEBUG Engine               - globalMusicVolumeProperty: DoubleProperty [value: 0.5]
19:05:00.601 [FXGL Background Thread 3 ] DEBUG Engine               - globalSoundVolume: 0.5
19:05:00.602 [FXGL Background Thread 3 ] DEBUG Engine               - globalSoundVolumeProperty: DoubleProperty [value: 0.5]
19:05:00.602 [FXGL Background Thread 3 ] DEBUG Engine               - height: 800
19:05:00.602 [FXGL Background Thread 3 ] DEBUG Engine               - is3D: false
19:05:00.602 [FXGL Background Thread 3 ] DEBUG Engine               - isAndroid: false
19:05:00.602 [FXGL Background Thread 3 ] DEBUG Engine               - isBrowser: false
19:05:00.602 [FXGL Background Thread 3 ] DEBUG Engine               - isClickFeedbackEnabled: false
19:05:00.602 [FXGL Background Thread 3 ] DEBUG Engine               - isCloseConfirmation: false
19:05:00.602 [FXGL Background Thread 3 ] DEBUG Engine               - isDesktop: true
19:05:00.602 [FXGL Background Thread 3 ] DEBUG Engine               - isDeveloperMenuEnabled: false
19:05:00.602 [FXGL Background Thread 3 ] DEBUG Engine               - isEmbedded: false
19:05:00.602 [FXGL Background Thread 3 ] DEBUG Engine               - isEntityPreloadEnabled: true
19:05:00.602 [FXGL Background Thread 3 ] DEBUG Engine               - isExperimentalTiledLargeMap: false
19:05:00.602 [FXGL Background Thread 3 ] DEBUG Engine               - isFileSystemWriteAllowed: true
19:05:00.602 [FXGL Background Thread 3 ] DEBUG Engine               - isFullScreenAllowed: false
19:05:00.602 [FXGL Background Thread 3 ] DEBUG Engine               - isFullScreenFromStart: false
19:05:00.602 [FXGL Background Thread 3 ] DEBUG Engine               - isGameMenuEnabled: true
19:05:00.602 [FXGL Background Thread 3 ] DEBUG Engine               - isIOS: false
19:05:00.602 [FXGL Background Thread 3 ] DEBUG Engine               - isIntroEnabled: false
19:05:00.602 [FXGL Background Thread 3 ] DEBUG Engine               - isLinux: false
19:05:00.602 [FXGL Background Thread 3 ] DEBUG Engine               - isMac: false
19:05:00.602 [FXGL Background Thread 3 ] DEBUG Engine               - isMainMenuEnabled: false
19:05:00.602 [FXGL Background Thread 3 ] DEBUG Engine               - isManualResizeEnabled: false
19:05:00.602 [FXGL Background Thread 3 ] DEBUG Engine               - isMobile: false
19:05:00.603 [FXGL Background Thread 3 ] DEBUG Engine               - isNative: false
19:05:00.603 [FXGL Background Thread 3 ] DEBUG Engine               - isPauseMusicWhenMinimized: true
19:05:00.603 [FXGL Background Thread 3 ] DEBUG Engine               - isPreserveResizeRatio: false
19:05:00.603 [FXGL Background Thread 3 ] DEBUG Engine               - isProfilingEnabled: false
19:05:00.603 [FXGL Background Thread 3 ] DEBUG Engine               - isScaleAffectedOnResize: true
19:05:00.603 [FXGL Background Thread 3 ] DEBUG Engine               - isSingleStep: false
19:05:00.603 [FXGL Background Thread 3 ] DEBUG Engine               - isUserProfileEnabled: false
19:05:00.603 [FXGL Background Thread 3 ] DEBUG Engine               - isWindows: true
19:05:00.603 [FXGL Background Thread 3 ] DEBUG Engine               - language: ObjectProperty [value: ENGLISH]
19:05:00.603 [FXGL Background Thread 3 ] DEBUG Engine               - menuKey: ESCAPE
19:05:00.603 [FXGL Background Thread 3 ] DEBUG Engine               - mouseSensitivity: 0.2
19:05:00.603 [FXGL Background Thread 3 ] DEBUG Engine               - notificationViewClass: class com.almasb.fxgl.notification.view.XboxNotificationView
19:05:00.603 [FXGL Background Thread 3 ] DEBUG Engine               - pixelsPerMeter: 50.0
19:05:00.603 [FXGL Background Thread 3 ] DEBUG Engine               - platform: WINDOWS
19:05:00.603 [FXGL Background Thread 3 ] DEBUG Engine               - prefHeightProperty: ReadOnlyDoubleProperty [value: 800.0]
19:05:00.603 [FXGL Background Thread 3 ] DEBUG Engine               - prefWidthProperty: ReadOnlyDoubleProperty [value: 800.0]
19:05:00.603 [FXGL Background Thread 3 ] DEBUG Engine               - profileDir: profiles/
19:05:00.603 [FXGL Background Thread 3 ] DEBUG Engine               - profileName: StringProperty [value: DEFAULT]
19:05:00.603 [FXGL Background Thread 3 ] DEBUG Engine               - randomSeed: -1
19:05:00.604 [FXGL Background Thread 3 ] DEBUG Engine               - runtimeInfo: RuntimeInfo(platform=WINDOWS, version=17.2, build=20.08.2022 16.50)
19:05:00.604 [FXGL Background Thread 3 ] DEBUG Engine               - saveFileExt: sav
19:05:00.604 [FXGL Background Thread 3 ] DEBUG Engine               - scaledHeightProp$fxgl: DoubleProperty [bound, value: 800.0]
19:05:00.604 [FXGL Background Thread 3 ] DEBUG Engine               - scaledWidthProp$fxgl: DoubleProperty [bound, value: 800.0]
19:05:00.604 [FXGL Background Thread 3 ] DEBUG Engine               - sceneFactory: com.example.basicgameapp.sceneFactory@6ada16cc
19:05:00.604 [FXGL Background Thread 3 ] DEBUG Engine               - secondsIn24h: 60
19:05:00.604 [FXGL Background Thread 3 ] DEBUG Engine               - soundMenuBack: menu/back.wav
19:05:00.604 [FXGL Background Thread 3 ] DEBUG Engine               - soundMenuPress: menu/press.wav
19:05:00.604 [FXGL Background Thread 3 ] DEBUG Engine               - soundMenuSelect: menu/select.wav
19:05:00.604 [FXGL Background Thread 3 ] DEBUG Engine               - soundNotification: core/notification.wav
19:05:00.604 [FXGL Background Thread 3 ] DEBUG Engine               - stageStyle: DECORATED
19:05:00.604 [FXGL Background Thread 3 ] DEBUG Engine               - supportedLanguages: [ENGLISH, FRENCH, GERMAN, HUNGARIAN, RUSSIAN]
19:05:00.604 [FXGL Background Thread 3 ] DEBUG Engine               - ticksPerSecond: -1
19:05:00.604 [FXGL Background Thread 3 ] DEBUG Engine               - title: WorldHELL 0 
19:05:00.605 [FXGL Background Thread 3 ] DEBUG Engine               - urlGithub: https://github.com/AlmasB/FXGL
19:05:00.605 [FXGL Background Thread 3 ] DEBUG Engine               - urlLeaderboard: http://fxgl-top.herokuapp.com/
19:05:00.605 [FXGL Background Thread 3 ] DEBUG Engine               - urlPOM: https://raw.githubusercontent.com/AlmasB/FXGL/release/README.md
19:05:00.605 [FXGL Background Thread 3 ] DEBUG Engine               - userAppClass: class com.example.basicgameapp.BasicGameApp
19:05:00.605 [FXGL Background Thread 3 ] DEBUG Engine               - version: 0.1
19:05:00.605 [FXGL Background Thread 3 ] DEBUG Engine               - versionCheckDays: 7
19:05:00.605 [FXGL Background Thread 3 ] DEBUG Engine               - width: 800
19:05:00.605 [FXGL Background Thread 3 ] DEBUG Engine               - Logging services
19:05:00.605 [FXGL Background Thread 3 ] DEBUG Engine               - class com.almasb.fxgl.app.services.FXGLAssetLoaderService
19:05:00.605 [FXGL Background Thread 3 ] DEBUG Engine               - class com.almasb.fxgl.app.FXGLApplication$GameApplicationService
19:05:00.605 [FXGL Background Thread 3 ] DEBUG Engine               - class com.almasb.fxgl.app.services.FXGLDialogService
19:05:00.605 [FXGL Background Thread 3 ] DEBUG Engine               - class com.almasb.fxgl.app.services.IOTaskExecutorService
19:05:00.605 [FXGL Background Thread 3 ] DEBUG Engine               - class com.almasb.fxgl.io.FileSystemService
19:05:00.605 [FXGL Background Thread 3 ] DEBUG Engine               - class com.almasb.fxgl.localization.LocalizationService
19:05:00.605 [FXGL Background Thread 3 ] DEBUG Engine               - class com.almasb.fxgl.app.services.SystemBundleService
19:05:00.605 [FXGL Background Thread 3 ] DEBUG Engine               - class com.almasb.fxgl.profile.SaveLoadService
19:05:00.605 [FXGL Background Thread 3 ] DEBUG Engine               - class com.almasb.fxgl.ui.FXGLUIFactoryServiceProvider
19:05:00.605 [FXGL Background Thread 3 ] DEBUG Engine               - class com.almasb.fxgl.ui.FXGLDialogFactoryServiceProvider
19:05:00.605 [FXGL Background Thread 3 ] DEBUG Engine               - class com.almasb.fxgl.audio.AudioPlayer
19:05:00.605 [FXGL Background Thread 3 ] DEBUG Engine               - class com.almasb.fxgl.notification.impl.NotificationServiceProvider
19:05:00.605 [FXGL Background Thread 3 ] DEBUG Engine               - class com.almasb.fxgl.achievement.AchievementService
19:05:00.605 [FXGL Background Thread 3 ] DEBUG Engine               - class com.almasb.fxgl.cutscene.CutsceneService
19:05:00.605 [FXGL Background Thread 3 ] DEBUG Engine               - class com.almasb.fxgl.minigames.MiniGameService
19:05:00.605 [FXGL Background Thread 3 ] DEBUG Engine               - class com.almasb.fxgl.net.NetService
19:05:00.605 [FXGL Background Thread 3 ] DEBUG Engine               - class com.almasb.fxgl.app.services.UpdaterService
19:05:00.605 [FXGL Background Thread 3 ] DEBUG Engine               - class com.almasb.fxgl.dev.DevService
19:05:00.926 [JavaFX Application Thread] DEBUG PrimaryStageWindow   - Push state: Menu
19:05:00.926 [JavaFX Application Thread] DEBUG Input                - Clearing active input actions
19:05:00.927 [JavaFX Application Thread] DEBUG GameApplicationServi - Removing overlay from GameScene and adding to Menu
19:05:00.927 [JavaFX Application Thread] DEBUG PrimaryStageWindow   - GameScene -> Menu
19:05:01.232 [JavaFX Application Thread] DEBUG PrimaryStageWindow   - Pop state: Menu
19:05:01.232 [JavaFX Application Thread] DEBUG Input                - Clearing active input actions
19:05:01.233 [JavaFX Application Thread] DEBUG GameApplicationServi - Removing overlay from Menu and adding to GameScene
19:05:01.233 [JavaFX Application Thread] DEBUG PrimaryStageWindow   - GameScene <- Menu
19:05:01.545 [JavaFX Application Thread] DEBUG PrimaryStageWindow   - Push state: Menu
19:05:01.545 [JavaFX Application Thread] DEBUG Input                - Clearing active input actions
19:05:01.546 [JavaFX Application Thread] DEBUG GameApplicationServi - Removing overlay from GameScene and adding to Menu
19:05:01.546 [JavaFX Application Thread] DEBUG PrimaryStageWindow   - GameScene -> Menu
19:05:01.838 [JavaFX Application Thread] DEBUG PrimaryStageWindow   - Pop state: Menu
19:05:01.838 [JavaFX Application Thread] DEBUG Input                - Clearing active input actions
19:05:01.839 [JavaFX Application Thread] DEBUG GameApplicationServi - Removing overlay from Menu and adding to GameScene
19:05:01.840 [JavaFX Application Thread] DEBUG PrimaryStageWindow   - GameScene <- Menu
19:05:02.102 [JavaFX Application Thread] DEBUG PrimaryStageWindow   - Push state: Menu
19:05:02.103 [JavaFX Application Thread] DEBUG Input                - Clearing active input actions
19:05:02.103 [JavaFX Application Thread] DEBUG GameApplicationServi - Removing overlay from GameScene and adding to Menu
19:05:02.103 [JavaFX Application Thread] DEBUG PrimaryStageWindow   - GameScene -> Menu
19:05:05.083 [JavaFX Application Thread] DEBUG PrimaryStageWindow   - Pop state: Menu
19:05:05.083 [JavaFX Application Thread] DEBUG Input                - Clearing active input actions
19:05:05.084 [JavaFX Application Thread] DEBUG GameApplicationServi - Removing overlay from Menu and adding to GameScene
19:05:05.084 [JavaFX Application Thread] DEBUG PrimaryStageWindow   - GameScene <- Menu
19:05:05.708 [JavaFX Application Thread] DEBUG PrimaryStageWindow   - Push state: Menu
19:05:05.708 [JavaFX Application Thread] DEBUG Input                - Clearing active input actions
19:05:05.708 [JavaFX Application Thread] DEBUG GameApplicationServi - Removing overlay from GameScene and adding to Menu
19:05:05.709 [JavaFX Application Thread] DEBUG PrimaryStageWindow   - GameScene -> Menu
19:05:06.389 [JavaFX Application Thread] DEBUG PrimaryStageWindow   - Pop state: Menu
19:05:06.390 [JavaFX Application Thread] DEBUG Input                - Clearing active input actions
19:05:06.390 [JavaFX Application Thread] DEBUG GameApplicationServi - Removing overlay from Menu and adding to GameScene
19:05:06.391 [JavaFX Application Thread] DEBUG PrimaryStageWindow   - GameScene <- Menu
19:05:06.730 [JavaFX Application Thread] DEBUG PrimaryStageWindow   - Push state: Menu
19:05:06.730 [JavaFX Application Thread] DEBUG Input                - Clearing active input actions
19:05:06.730 [JavaFX Application Thread] DEBUG GameApplicationServi - Removing overlay from GameScene and adding to Menu
19:05:06.731 [JavaFX Application Thread] DEBUG PrimaryStageWindow   - GameScene -> Menu
19:05:07.171 [JavaFX Application Thread] DEBUG PrimaryStageWindow   - Pop state: Menu
19:05:07.171 [JavaFX Application Thread] DEBUG Input                - Clearing active input actions
19:05:07.172 [JavaFX Application Thread] DEBUG GameApplicationServi - Removing overlay from Menu and adding to GameScene
19:05:07.172 [JavaFX Application Thread] DEBUG PrimaryStageWindow   - GameScene <- Menu
19:05:07.640 [JavaFX Application Thread] DEBUG PrimaryStageWindow   - Push state: Menu
19:05:07.640 [JavaFX Application Thread] DEBUG Input                - Clearing active input actions
19:05:07.640 [JavaFX Application Thread] DEBUG GameApplicationServi - Removing overlay from GameScene and adding to Menu
19:05:07.641 [JavaFX Application Thread] DEBUG PrimaryStageWindow   - GameScene -> Menu
19:05:08.036 [JavaFX Application Thread] DEBUG PrimaryStageWindow   - Pop state: Menu
19:05:08.036 [JavaFX Application Thread] DEBUG Input                - Clearing active input actions
19:05:08.037 [JavaFX Application Thread] DEBUG GameApplicationServi - Removing overlay from Menu and adding to GameScene
19:05:08.037 [JavaFX Application Thread] DEBUG PrimaryStageWindow   - GameScene <- Menu
19:05:08.376 [JavaFX Application Thread] DEBUG PrimaryStageWindow   - Push state: Menu
19:05:08.376 [JavaFX Application Thread] DEBUG Input                - Clearing active input actions
19:05:08.376 [JavaFX Application Thread] DEBUG GameApplicationServi - Removing overlay from GameScene and adding to Menu
19:05:08.377 [JavaFX Application Thread] DEBUG PrimaryStageWindow   - GameScene -> Menu
19:05:08.736 [JavaFX Application Thread] DEBUG PrimaryStageWindow   - Pop state: Menu
19:05:08.736 [JavaFX Application Thread] DEBUG Input                - Clearing active input actions
19:05:08.737 [JavaFX Application Thread] DEBUG GameApplicationServi - Removing overlay from Menu and adding to GameScene
19:05:08.737 [JavaFX Application Thread] DEBUG PrimaryStageWindow   - GameScene <- Menu
19:05:09.075 [JavaFX Application Thread] DEBUG PrimaryStageWindow   - Push state: Menu
19:05:09.075 [JavaFX Application Thread] DEBUG Input                - Clearing active input actions
19:05:09.075 [JavaFX Application Thread] DEBUG GameApplicationServi - Removing overlay from GameScene and adding to Menu
19:05:09.076 [JavaFX Application Thread] DEBUG PrimaryStageWindow   - GameScene -> Menu
19:05:09.429 [JavaFX Application Thread] DEBUG PrimaryStageWindow   - Pop state: Menu
19:05:09.430 [JavaFX Application Thread] DEBUG Input                - Clearing active input actions
19:05:09.430 [JavaFX Application Thread] DEBUG GameApplicationServi - Removing overlay from Menu and adding to GameScene
19:05:09.431 [JavaFX Application Thread] DEBUG PrimaryStageWindow   - GameScene <- Menu
19:05:09.826 [JavaFX Application Thread] DEBUG PrimaryStageWindow   - Push state: Menu
19:05:09.827 [JavaFX Application Thread] DEBUG Input                - Clearing active input actions
19:05:09.827 [JavaFX Application Thread] DEBUG GameApplicationServi - Removing overlay from GameScene and adding to Menu
19:05:09.827 [JavaFX Application Thread] DEBUG PrimaryStageWindow   - GameScene -> Menu
19:05:10.192 [JavaFX Application Thread] DEBUG PrimaryStageWindow   - Pop state: Menu
19:05:10.192 [JavaFX Application Thread] DEBUG Input                - Clearing active input actions
19:05:10.193 [JavaFX Application Thread] DEBUG GameApplicationServi - Removing overlay from Menu and adding to GameScene
19:05:10.193 [JavaFX Application Thread] DEBUG PrimaryStageWindow   - GameScene <- Menu
19:05:10.525 [JavaFX Application Thread] DEBUG PrimaryStageWindow   - Push state: Menu
19:05:10.525 [JavaFX Application Thread] DEBUG Input                - Clearing active input actions
19:05:10.525 [JavaFX Application Thread] DEBUG GameApplicationServi - Removing overlay from GameScene and adding to Menu
19:05:10.525 [JavaFX Application Thread] DEBUG PrimaryStageWindow   - GameScene -> Menu
19:05:10.853 [JavaFX Application Thread] DEBUG PrimaryStageWindow   - Pop state: Menu
19:05:10.853 [JavaFX Application Thread] DEBUG Input                - Clearing active input actions
19:05:10.853 [JavaFX Application Thread] DEBUG GameApplicationServi - Removing overlay from Menu and adding to GameScene
19:05:10.853 [JavaFX Application Thread] DEBUG PrimaryStageWindow   - GameScene <- Menu
19:05:11.128 [JavaFX Application Thread] DEBUG PrimaryStageWindow   - Push state: Menu
19:05:11.128 [JavaFX Application Thread] DEBUG Input                - Clearing active input actions
19:05:11.128 [JavaFX Application Thread] DEBUG GameApplicationServi - Removing overlay from GameScene and adding to Menu
19:05:11.129 [JavaFX Application Thread] DEBUG PrimaryStageWindow   - GameScene -> Menu
19:05:11.397 [JavaFX Application Thread] DEBUG PrimaryStageWindow   - Pop state: Menu
19:05:11.397 [JavaFX Application Thread] DEBUG Input                - Clearing active input actions
19:05:11.398 [JavaFX Application Thread] DEBUG GameApplicationServi - Removing overlay from Menu and adding to GameScene
19:05:11.399 [JavaFX Application Thread] DEBUG PrimaryStageWindow   - GameScene <- Menu
19:05:11.642 [JavaFX Application Thread] DEBUG PrimaryStageWindow   - Push state: Menu
19:05:11.643 [JavaFX Application Thread] DEBUG Input                - Clearing active input actions
19:05:11.643 [JavaFX Application Thread] DEBUG GameApplicationServi - Removing overlay from GameScene and adding to Menu
19:05:11.643 [JavaFX Application Thread] DEBUG PrimaryStageWindow   - GameScene -> Menu
19:05:11.853 [JavaFX Application Thread] DEBUG PrimaryStageWindow   - Pop state: Menu
19:05:11.853 [JavaFX Application Thread] DEBUG Input                - Clearing active input actions
19:05:11.854 [JavaFX Application Thread] DEBUG GameApplicationServi - Removing overlay from Menu and adding to GameScene
19:05:11.854 [JavaFX Application Thread] DEBUG PrimaryStageWindow   - GameScene <- Menu
19:05:12.069 [JavaFX Application Thread] DEBUG PrimaryStageWindow   - Push state: Menu
19:05:12.069 [JavaFX Application Thread] DEBUG Input                - Clearing active input actions
19:05:12.070 [JavaFX Application Thread] DEBUG GameApplicationServi - Removing overlay from GameScene and adding to Menu
19:05:12.070 [JavaFX Application Thread] DEBUG PrimaryStageWindow   - GameScene -> Menu
19:05:12.272 [JavaFX Application Thread] DEBUG PrimaryStageWindow   - Pop state: Menu
19:05:12.272 [JavaFX Application Thread] DEBUG Input                - Clearing active input actions
19:05:12.273 [JavaFX Application Thread] DEBUG GameApplicationServi - Removing overlay from Menu and adding to GameScene
19:05:12.273 [JavaFX Application Thread] DEBUG PrimaryStageWindow   - GameScene <- Menu
19:05:12.473 [JavaFX Application Thread] DEBUG PrimaryStageWindow   - Push state: Menu
19:05:12.474 [JavaFX Application Thread] DEBUG Input                - Clearing active input actions
19:05:12.474 [JavaFX Application Thread] DEBUG GameApplicationServi - Removing overlay from GameScene and adding to Menu
19:05:12.474 [JavaFX Application Thread] DEBUG PrimaryStageWindow   - GameScene -> Menu
19:05:12.667 [JavaFX Application Thread] DEBUG PrimaryStageWindow   - Pop state: Menu
19:05:12.667 [JavaFX Application Thread] DEBUG Input                - Clearing active input actions
19:05:12.667 [JavaFX Application Thread] DEBUG GameApplicationServi - Removing overlay from Menu and adding to GameScene
19:05:12.667 [JavaFX Application Thread] DEBUG PrimaryStageWindow   - GameScene <- Menu
19:05:12.763 [JavaFX Application Thread] DEBUG FXGLAssetLoaderServi - Loading from file system: file:/C:/Users/majah/IdeaProjects/BasicGameApp/target/classes/assets/sounds/slayy.wav
19:05:12.857 [JavaFX Application Thread] DEBUG PrimaryStageWindow   - Push state: Menu
19:05:12.857 [JavaFX Application Thread] DEBUG Input                - Clearing active input actions
19:05:12.858 [JavaFX Application Thread] DEBUG GameApplicationServi - Removing overlay from GameScene and adding to Menu
19:05:12.858 [JavaFX Application Thread] DEBUG PrimaryStageWindow   - GameScene -> Menu
19:05:13.067 [JavaFX Application Thread] DEBUG PrimaryStageWindow   - Pop state: Menu
19:05:13.067 [JavaFX Application Thread] DEBUG Input                - Clearing active input actions
19:05:13.067 [JavaFX Application Thread] DEBUG GameApplicationServi - Removing overlay from Menu and adding to GameScene
19:05:13.067 [JavaFX Application Thread] DEBUG PrimaryStageWindow   - GameScene <- Menu
19:05:13.267 [JavaFX Application Thread] DEBUG PrimaryStageWindow   - Push state: Menu
19:05:13.267 [JavaFX Application Thread] DEBUG Input                - Clearing active input actions
19:05:13.267 [JavaFX Application Thread] DEBUG GameApplicationServi - Removing overlay from GameScene and adding to Menu
19:05:13.267 [JavaFX Application Thread] DEBUG PrimaryStageWindow   - GameScene -> Menu
19:05:13.460 [JavaFX Application Thread] DEBUG PrimaryStageWindow   - Pop state: Menu
19:05:13.460 [JavaFX Application Thread] DEBUG Input                - Clearing active input actions
19:05:13.460 [JavaFX Application Thread] DEBUG GameApplicationServi - Removing overlay from Menu and adding to GameScene
19:05:13.461 [JavaFX Application Thread] DEBUG PrimaryStageWindow   - GameScene <- Menu
19:05:13.695 [JavaFX Application Thread] DEBUG PrimaryStageWindow   - Push state: Menu
19:05:13.695 [JavaFX Application Thread] DEBUG Input                - Clearing active input actions
19:05:13.696 [JavaFX Application Thread] DEBUG GameApplicationServi - Removing overlay from GameScene and adding to Menu
19:05:13.696 [JavaFX Application Thread] DEBUG PrimaryStageWindow   - GameScene -> Menu
19:05:13.952 [JavaFX Application Thread] DEBUG PrimaryStageWindow   - Pop state: Menu
19:05:13.952 [JavaFX Application Thread] DEBUG Input                - Clearing active input actions
19:05:13.952 [JavaFX Application Thread] DEBUG GameApplicationServi - Removing overlay from Menu and adding to GameScene
19:05:13.952 [JavaFX Application Thread] DEBUG PrimaryStageWindow   - GameScene <- Menu
19:05:14.293 [JavaFX Application Thread] DEBUG PrimaryStageWindow   - Push state: Menu
19:05:14.293 [JavaFX Application Thread] DEBUG Input                - Clearing active input actions
19:05:14.293 [JavaFX Application Thread] DEBUG GameApplicationServi - Removing overlay from GameScene and adding to Menu
19:05:14.294 [JavaFX Application Thread] DEBUG PrimaryStageWindow   - GameScene -> Menu
19:05:14.510 [JavaFX Application Thread] DEBUG PrimaryStageWindow   - Pop state: Menu
19:05:14.510 [JavaFX Application Thread] DEBUG Input                - Clearing active input actions
19:05:14.511 [JavaFX Application Thread] DEBUG GameApplicationServi - Removing overlay from Menu and adding to GameScene
19:05:14.511 [JavaFX Application Thread] DEBUG PrimaryStageWindow   - GameScene <- Menu
19:05:14.809 [JavaFX Application Thread] DEBUG PrimaryStageWindow   - Push state: Menu
19:05:14.809 [JavaFX Application Thread] DEBUG Input                - Clearing active input actions
19:05:14.809 [JavaFX Application Thread] DEBUG GameApplicationServi - Removing overlay from GameScene and adding to Menu
19:05:14.809 [JavaFX Application Thread] DEBUG PrimaryStageWindow   - GameScene -> Menu
19:05:15.068 [JavaFX Application Thread] DEBUG PrimaryStageWindow   - Pop state: Menu
19:05:15.068 [JavaFX Application Thread] DEBUG Input                - Clearing active input actions
19:05:15.068 [JavaFX Application Thread] DEBUG GameApplicationServi - Removing overlay from Menu and adding to GameScene
19:05:15.068 [JavaFX Application Thread] DEBUG PrimaryStageWindow   - GameScene <- Menu
19:05:15.416 [JavaFX Application Thread] DEBUG PrimaryStageWindow   - Push state: Menu
19:05:15.416 [JavaFX Application Thread] DEBUG Input                - Clearing active input actions
19:05:15.416 [JavaFX Application Thread] DEBUG GameApplicationServi - Removing overlay from GameScene and adding to Menu
19:05:15.416 [JavaFX Application Thread] DEBUG PrimaryStageWindow   - GameScene -> Menu
19:05:15.659 [JavaFX Application Thread] DEBUG PrimaryStageWindow   - Pop state: Menu
19:05:15.659 [JavaFX Application Thread] DEBUG Input                - Clearing active input actions
19:05:15.660 [JavaFX Application Thread] DEBUG GameApplicationServi - Removing overlay from Menu and adding to GameScene
19:05:15.660 [JavaFX Application Thread] DEBUG PrimaryStageWindow   - GameScene <- Menu
19:05:16.091 [JavaFX Application Thread] DEBUG PrimaryStageWindow   - Push state: Menu
19:05:16.091 [JavaFX Application Thread] DEBUG Input                - Clearing active input actions
19:05:16.091 [JavaFX Application Thread] DEBUG GameApplicationServi - Removing overlay from GameScene and adding to Menu
19:05:16.091 [JavaFX Application Thread] DEBUG PrimaryStageWindow   - GameScene -> Menu
19:05:16.514 [JavaFX Application Thread] DEBUG PrimaryStageWindow   - Pop state: Menu
19:05:16.514 [JavaFX Application Thread] DEBUG Input                - Clearing active input actions
19:05:16.514 [JavaFX Application Thread] DEBUG GameApplicationServi - Removing overlay from Menu and adding to GameScene
19:05:16.514 [JavaFX Application Thread] DEBUG PrimaryStageWindow   - GameScene <- Menu
19:05:17.015 [JavaFX Application Thread] DEBUG PrimaryStageWindow   - Push state: Menu
19:05:17.015 [JavaFX Application Thread] DEBUG Input                - Clearing active input actions
19:05:17.017 [JavaFX Application Thread] DEBUG GameApplicationServi - Removing overlay from GameScene and adding to Menu
19:05:17.017 [JavaFX Application Thread] DEBUG PrimaryStageWindow   - GameScene -> Menu
19:05:17.445 [JavaFX Application Thread] DEBUG PrimaryStageWindow   - Pop state: Menu
19:05:17.445 [JavaFX Application Thread] DEBUG Input                - Clearing active input actions
19:05:17.446 [JavaFX Application Thread] DEBUG GameApplicationServi - Removing overlay from Menu and adding to GameScene
19:05:17.446 [JavaFX Application Thread] DEBUG PrimaryStageWindow   - GameScene <- Menu
19:05:17.925 [JavaFX Application Thread] DEBUG PrimaryStageWindow   - Push state: Menu
19:05:17.925 [JavaFX Application Thread] DEBUG Input                - Clearing active input actions
19:05:17.927 [JavaFX Application Thread] DEBUG GameApplicationServi - Removing overlay from GameScene and adding to Menu
19:05:17.927 [JavaFX Application Thread] DEBUG PrimaryStageWindow   - GameScene -> Menu
19:05:18.387 [JavaFX Application Thread] DEBUG PrimaryStageWindow   - Pop state: Menu
19:05:18.387 [JavaFX Application Thread] DEBUG Input                - Clearing active input actions
19:05:18.387 [JavaFX Application Thread] DEBUG GameApplicationServi - Removing overlay from Menu and adding to GameScene
19:05:18.388 [JavaFX Application Thread] DEBUG PrimaryStageWindow   - GameScene <- Menu
19:05:18.827 [JavaFX Application Thread] DEBUG PrimaryStageWindow   - Push state: Menu
19:05:18.827 [JavaFX Application Thread] DEBUG Input                - Clearing active input actions
19:05:18.827 [JavaFX Application Thread] DEBUG GameApplicationServi - Removing overlay from GameScene and adding to Menu
19:05:18.828 [JavaFX Application Thread] DEBUG PrimaryStageWindow   - GameScene -> Menu
19:05:19.213 [JavaFX Application Thread] DEBUG PrimaryStageWindow   - Pop state: Menu
19:05:19.214 [JavaFX Application Thread] DEBUG Input                - Clearing active input actions
19:05:19.214 [JavaFX Application Thread] DEBUG GameApplicationServi - Removing overlay from Menu and adding to GameScene
19:05:19.214 [JavaFX Application Thread] DEBUG PrimaryStageWindow   - GameScene <- Menu
19:05:19.712 [JavaFX Application Thread] DEBUG PrimaryStageWindow   - Push state: Menu
19:05:19.712 [JavaFX Application Thread] DEBUG Input                - Clearing active input actions
19:05:19.712 [JavaFX Application Thread] DEBUG GameApplicationServi - Removing overlay from GameScene and adding to Menu
19:05:19.712 [JavaFX Application Thread] DEBUG PrimaryStageWindow   - GameScene -> Menu
19:05:20.051 [JavaFX Application Thread] DEBUG PrimaryStageWindow   - Pop state: Menu
19:05:20.051 [JavaFX Application Thread] DEBUG Input                - Clearing active input actions
19:05:20.051 [JavaFX Application Thread] DEBUG GameApplicationServi - Removing overlay from Menu and adding to GameScene
19:05:20.051 [JavaFX Application Thread] DEBUG PrimaryStageWindow   - GameScene <- Menu
19:05:20.107 [JavaFX Application Thread] DEBUG FXGLAssetLoaderServi - Loading from file system: file:/C:/Users/majah/IdeaProjects/BasicGameApp/target/classes/assets/sounds/eagle_death.wav
19:05:20.434 [JavaFX Application Thread] DEBUG PrimaryStageWindow   - Push state: Menu
19:05:20.434 [JavaFX Application Thread] DEBUG Input                - Clearing active input actions
19:05:20.434 [JavaFX Application Thread] DEBUG GameApplicationServi - Removing overlay from GameScene and adding to Menu
19:05:20.434 [JavaFX Application Thread] DEBUG PrimaryStageWindow   - GameScene -> Menu
19:05:20.873 [JavaFX Application Thread] DEBUG PrimaryStageWindow   - Pop state: Menu
19:05:20.873 [JavaFX Application Thread] DEBUG Input                - Clearing active input actions
19:05:20.873 [JavaFX Application Thread] DEBUG GameApplicationServi - Removing overlay from Menu and adding to GameScene
19:05:20.873 [JavaFX Application Thread] DEBUG PrimaryStageWindow   - GameScene <- Menu
19:05:21.558 [JavaFX Application Thread] DEBUG PrimaryStageWindow   - Push state: Menu
19:05:21.558 [JavaFX Application Thread] DEBUG Input                - Clearing active input actions
19:05:21.558 [JavaFX Application Thread] DEBUG GameApplicationServi - Removing overlay from GameScene and adding to Menu
19:05:21.558 [JavaFX Application Thread] DEBUG PrimaryStageWindow   - GameScene -> Menu
19:05:21.941 [JavaFX Application Thread] DEBUG PrimaryStageWindow   - Pop state: Menu
19:05:21.941 [JavaFX Application Thread] DEBUG Input                - Clearing active input actions
19:05:21.941 [JavaFX Application Thread] DEBUG GameApplicationServi - Removing overlay from Menu and adding to GameScene
19:05:21.941 [JavaFX Application Thread] DEBUG PrimaryStageWindow   - GameScene <- Menu
19:06:52.340 [JavaFX Application Thread] DEBUG FXGLApplication      - Exiting FXGL
19:06:52.341 [JavaFX Application Thread] DEBUG LoopRunner           - Stopping loop
19:06:52.341 [JavaFX Application Thread] DEBUG SystemBundleService  - Saving FXGL system data
19:06:52.347 [JavaFX Application Thread] DEBUG FileSystemAccess     - Writing to: C:\Users\majah\IdeaProjects\BasicGameApp\system\fxgl.bundle
19:06:52.350 [JavaFX Application Thread] DEBUG Async                - Shutting down background threads
19:06:52.350 [JavaFX Application Thread] DEBUG PrimaryStageWindow   - Closing main window
19:06:52.376 [JavaFX Application Thread] DEBUG Logger               - Closing Logger
