12:37:03.928 [main                     ] DEBUG Logger               - Configured Logger
12:37:03.951 [main                     ] DEBUG GameApplication      - Logging settings
Title: WorldHELL 0 
Version: 0.1
Width: 800
Height: 800
Fullscreen: false
Intro: false
Profiling: false
Single step:false
App Mode: DEVELOPER
Menu Key: ESCAPE
Stage Style: DECORATED
Scene Factory: class com.example.basicgameapp.sceneFactory

12:37:04.144 [JavaFX Application Thread] DEBUG FXGLApplication      - Initializing FXGL
12:37:04.147 [JavaFX Application Thread] INFO  Engine               - FXGL-17.2 (20.08.2022 16.50) on LINUX (J:21.0.1 FX:20.0.1)
12:37:04.147 [JavaFX Application Thread] DEBUG Engine               - JRE Vendor Name: Oracle Corporation
12:37:04.147 [JavaFX Application Thread] DEBUG Engine               - Running on OS: Linux version 6.6.4-arch1-1
12:37:04.147 [JavaFX Application Thread] DEBUG Engine               - Architecture: amd64
12:37:04.148 [JavaFX Application Thread] INFO  Engine               - Source code and latest versions at: https://github.com/AlmasB/FXGL
12:37:04.148 [JavaFX Application Thread] INFO  Engine               -       Ask questions and discuss at: https://github.com/AlmasB/FXGL/discussions
12:37:04.148 [JavaFX Application Thread] INFO  Engine               -              Join the FXGL chat at: https://gitter.im/AlmasB/FXGL
12:37:04.194 [JavaFX Application Thread] DEBUG PrimaryStageWindow   - Creating a JavaFX scene
12:37:04.279 [JavaFX Application Thread] DEBUG PrimaryStageWindow   - Target settings size: 800.0 x 800.0
12:37:04.279 [JavaFX Application Thread] DEBUG PrimaryStageWindow   - Scaled scene size:    800.0 x 800.0
12:37:04.279 [JavaFX Application Thread] DEBUG PrimaryStageWindow   - Scaled ratio: (1.0, 1.0)
12:37:04.280 [JavaFX Application Thread] DEBUG PrimaryStageWindow   - Set initial scene to FXGLStartupScene
12:37:04.282 [JavaFX Application Thread] DEBUG PrimaryStageWindow   - Opening main window
12:37:04.308 [JavaFX Application Thread] DEBUG PrimaryStageWindow   - Window border size: (2.0, 29.0)
12:37:04.308 [JavaFX Application Thread] DEBUG PrimaryStageWindow   - Scaled size: 800.0 x 800.0
12:37:04.308 [JavaFX Application Thread] DEBUG PrimaryStageWindow   - Scaled ratio: (1.0, 1.0)
12:37:04.308 [JavaFX Application Thread] DEBUG PrimaryStageWindow   - Scene size: 800.0 x 800.0
12:37:04.308 [JavaFX Application Thread] DEBUG PrimaryStageWindow   - Stage size: 802.0 x 829.0
12:37:04.312 [FXGL Background Thread 1 ] DEBUG Engine               - Initializing environment variables
12:37:04.349 [FXGL Background Thread 1 ] DEBUG FXGLAssetLoaderServi - User app class for loading assets: class com.example.basicgameapp.BasicGameApp
12:37:04.350 [FXGL Background Thread 1 ] DEBUG GameApplicationServi - Applying CSS: fxgl_dark.css
12:37:04.350 [FXGL Background Thread 1 ] DEBUG FXGLAssetLoaderServi - Loading from file system: jar:file:///home/renz/.m2/repository/com/github/almasb/fxgl/17.2/fxgl-17.2.jar!/fxglassets/ui/css/fxgl_dark.css
12:37:04.375 [FXGL Background Thread 1 ] DEBUG GameApplicationServi - Initializing application scenes
12:37:04.419 [FXGL Background Thread 1 ] DEBUG GameWorld            - Game world initialized
12:37:04.447 [FXGL Background Thread 1 ] DEBUG PhysicsWorld         - Physics world initialized: appHeight=800, physics.ppm=50.0
12:37:04.447 [FXGL Background Thread 1 ] DEBUG PhysicsWorld         - Using strategy: BRUTE_FORCE
12:37:04.450 [FXGL Background Thread 1 ] DEBUG GameScene            - Game scene initialized: 800x800
12:37:04.451 [FXGL Background Thread 1 ] DEBUG GameApplicationServi - Application scenes initialized
12:37:04.461 [FXGL Background Thread 1 ] DEBUG SystemBundleService  - Loading FXGL system data
12:37:04.463 [FXGL Background Thread 1 ] DEBUG FileSystemAccess     - Reading from: /home/renz/Documents/world-hell/BasicGameApp/system/fxgl.bundle
12:37:04.469 [FXGL Background Thread 1 ] DEBUG SystemBundleService  - Bundle FXGL: {}
12:37:04.469 [FXGL Background Thread 1 ] DEBUG UpdaterService       - Checking for updates
12:37:04.473 [FXGL Background Thread 4 ] DEBUG FXGLApplication      - Loading fonts
12:37:04.473 [FXGL Background Thread 1 ] DEBUG FXGLApplication      - Loading default localization
12:37:04.473 [FXGL Background Thread 4 ] DEBUG FXGLAssetLoaderServi - Loading from file system: jar:file:///home/renz/.m2/repository/com/github/almasb/fxgl/17.2/fxgl-17.2.jar!/fxglassets/ui/fonts/VarelaRound-Regular.ttf
12:37:04.473 [FXGL Background Thread 1 ] DEBUG FXGLAssetLoaderServi - Loading from file system: jar:file:///home/renz/.m2/repository/com/github/almasb/fxgl/17.2/fxgl-17.2.jar!/fxglassets/languages/english.lang
12:37:04.477 [FXGL Background Thread 4 ] DEBUG FXGLAssetLoaderServi - Loading from file system: jar:file:///home/renz/.m2/repository/com/github/almasb/fxgl/17.2/fxgl-17.2.jar!/fxglassets/ui/fonts/Abel-Regular.ttf
12:37:04.478 [FXGL Background Thread 4 ] DEBUG FXGLAssetLoaderServi - Loading from file system: jar:file:///home/renz/.m2/repository/com/github/almasb/fxgl/17.2/fxgl-17.2.jar!/fxglassets/ui/fonts/TerminalLandMono-Regular.otf
12:37:04.479 [FXGL Background Thread 4 ] DEBUG FXGLAssetLoaderServi - Loading from file system: jar:file:///home/renz/.m2/repository/com/github/almasb/fxgl/17.2/fxgl-17.2.jar!/fxglassets/ui/fonts/Courier-Prime.ttf
12:37:04.483 [FXGL Background Thread 1 ] INFO  FXGLApplication      - FXGL initialization took: 0.171 sec
12:37:04.484 [JavaFX Application Thread] DEBUG FXGLApplication      - Registering font factories with UI factory
12:37:04.491 [JavaFX Application Thread] DEBUG Input                - Registered new binding: action0 - D
12:37:04.491 [JavaFX Application Thread] DEBUG Input                - Registered new binding: action1 - A
12:37:04.492 [JavaFX Application Thread] DEBUG Input                - Registered new binding: action2 - W
12:37:04.492 [JavaFX Application Thread] DEBUG Input                - Registered new binding: action3 - S
12:37:04.492 [JavaFX Application Thread] DEBUG FXGLAssetLoaderServi - Loading from file system: jar:file:///home/renz/.m2/repository/com/github/almasb/fxgl/17.2/fxgl-17.2.jar!/fxglassets/textures/fxgl_icon.png
12:37:04.518 [JavaFX Application Thread] DEBUG FXGLAssetLoaderServi - Loading from file system: jar:file:///home/renz/.m2/repository/com/github/almasb/fxgl/17.2/fxgl-17.2.jar!/fxglassets/textures/fxgl_default_cursor.png
12:37:04.520 [JavaFX Application Thread] DEBUG Input                - Registered new binding: Screenshot - CTRL+8
12:37:04.521 [JavaFX Application Thread] DEBUG Input                - Registered new binding: System info dump - CTRL+9
12:37:04.521 [JavaFX Application Thread] DEBUG Input                - Registered new binding: Restart - CTRL+R
12:37:04.521 [JavaFX Application Thread] DEBUG Input                - Registered new binding: Toggle Debug Camera - CTRL+7
12:37:04.522 [JavaFX Application Thread] DEBUG LoopRunner           - Starting loop
12:37:04.522 [JavaFX Application Thread] DEBUG LoopRunner           - Initializing JavaFX AnimationTimerLoop
12:37:04.535 [JavaFX Application Thread] DEBUG Input                - Clearing active input actions
12:37:04.539 [JavaFX Application Thread] DEBUG GameApplicationServi - Removing overlay from FXGLStartupScene and adding to FXGLMainMenuDummyScene
12:37:04.539 [JavaFX Application Thread] DEBUG PrimaryStageWindow   - FXGLStartupScene -> FXGLMainMenuDummyScene
12:37:04.539 [JavaFX Application Thread] DEBUG PrimaryStageWindow   - Push state: Menu
12:37:04.539 [JavaFX Application Thread] DEBUG Input                - Clearing active input actions
12:37:04.540 [JavaFX Application Thread] DEBUG GameApplicationServi - Removing overlay from FXGLMainMenuDummyScene and adding to Menu
12:37:04.540 [JavaFX Application Thread] DEBUG PrimaryStageWindow   - FXGLMainMenuDummyScene -> Menu
12:37:04.708 [FXGL Background Thread 2 ] INFO  UpdaterService       - Your current version:  17.2
12:37:04.709 [FXGL Background Thread 2 ] INFO  UpdaterService       - Latest stable version: 17.3
12:37:07.472 [FXGL Background Thread 3 ] DEBUG Engine               - Logging environment variables
12:37:07.473 [FXGL Background Thread 3 ] DEBUG Engine               - achievements: []
12:37:07.474 [FXGL Background Thread 3 ] DEBUG Engine               - actualHeight: 771.0
12:37:07.474 [FXGL Background Thread 3 ] DEBUG Engine               - actualHeightProperty: ReadOnlyDoubleProperty [value: 806.0]
12:37:07.474 [FXGL Background Thread 3 ] DEBUG Engine               - actualWidth: 798.0
12:37:07.475 [FXGL Background Thread 3 ] DEBUG Engine               - actualWidthProperty: ReadOnlyDoubleProperty [value: 806.0]
12:37:07.475 [FXGL Background Thread 3 ] DEBUG Engine               - appIcon: fxgl_icon.png
12:37:07.475 [FXGL Background Thread 3 ] DEBUG Engine               - applicationMode: DEVELOPER
12:37:07.475 [FXGL Background Thread 3 ] DEBUG Engine               - cSSList: [fxgl_dark.css]
12:37:07.476 [FXGL Background Thread 3 ] DEBUG Engine               - collisionDetectionStrategy: BRUTE_FORCE
12:37:07.476 [FXGL Background Thread 3 ] DEBUG Engine               - configClass: Optional.empty
12:37:07.476 [FXGL Background Thread 3 ] DEBUG Engine               - credits: []
12:37:07.478 [FXGL Background Thread 3 ] DEBUG Engine               - defaultCursor: CursorInfo(imageName=fxgl_default_cursor.png, hotspotX=7.0, hotspotY=6.0)
12:37:07.478 [FXGL Background Thread 3 ] DEBUG Engine               - devBBoxColorProperty: ObjectProperty [value: 0xff0000ff]
12:37:07.479 [FXGL Background Thread 3 ] DEBUG Engine               - devEnableDebugCameraProperty: BooleanProperty [value: false]
12:37:07.479 [FXGL Background Thread 3 ] DEBUG Engine               - devSensorColorProperty: ObjectProperty [value: 0xffff00ff]
12:37:07.479 [FXGL Background Thread 3 ] DEBUG Engine               - devShowBBoxProperty: BooleanProperty [value: false]
12:37:07.479 [FXGL Background Thread 3 ] DEBUG Engine               - devShowPositionProperty: BooleanProperty [value: false]
12:37:07.479 [FXGL Background Thread 3 ] DEBUG Engine               - enabledMenuItems: []
12:37:07.479 [FXGL Background Thread 3 ] DEBUG Engine               - engineServices: [class com.almasb.fxgl.app.services.FXGLAssetLoaderService, class com.almasb.fxgl.app.FXGLApplication$GameApplicationService, class com.almasb.fxgl.app.services.FXGLDialogService, class com.almasb.fxgl.app.services.IOTaskExecutorService, class com.almasb.fxgl.io.FileSystemService, class com.almasb.fxgl.localization.LocalizationService, class com.almasb.fxgl.app.services.SystemBundleService, class com.almasb.fxgl.profile.SaveLoadService, class com.almasb.fxgl.ui.FXGLUIFactoryServiceProvider, class com.almasb.fxgl.ui.FXGLDialogFactoryServiceProvider, class com.almasb.fxgl.audio.AudioPlayer, class com.almasb.fxgl.notification.impl.NotificationServiceProvider, class com.almasb.fxgl.achievement.AchievementService, class com.almasb.fxgl.cutscene.CutsceneService, class com.almasb.fxgl.minigames.MiniGameService, class com.almasb.fxgl.net.NetService, class com.almasb.fxgl.app.services.UpdaterService, class com.almasb.fxgl.dev.DevService]
12:37:07.479 [FXGL Background Thread 3 ] DEBUG Engine               - fontGame: Abel-Regular.ttf
12:37:07.479 [FXGL Background Thread 3 ] DEBUG Engine               - fontMono: TerminalLandMono-Regular.otf
12:37:07.479 [FXGL Background Thread 3 ] DEBUG Engine               - fontText: Courier-Prime.ttf
12:37:07.479 [FXGL Background Thread 3 ] DEBUG Engine               - fontUI: VarelaRound-Regular.ttf
12:37:07.479 [FXGL Background Thread 3 ] DEBUG Engine               - fullScreen: BooleanProperty [value: false]
12:37:07.479 [FXGL Background Thread 3 ] DEBUG Engine               - gameDifficulty: MEDIUM
12:37:07.479 [FXGL Background Thread 3 ] DEBUG Engine               - gameDifficultyProperty: ObjectProperty [value: MEDIUM]
12:37:07.479 [FXGL Background Thread 3 ] DEBUG Engine               - globalMusicVolume: 0.5
12:37:07.479 [FXGL Background Thread 3 ] DEBUG Engine               - globalMusicVolumeProperty: DoubleProperty [value: 0.5]
12:37:07.480 [FXGL Background Thread 3 ] DEBUG Engine               - globalSoundVolume: 0.5
12:37:07.480 [FXGL Background Thread 3 ] DEBUG Engine               - globalSoundVolumeProperty: DoubleProperty [value: 0.5]
12:37:07.480 [FXGL Background Thread 3 ] DEBUG Engine               - height: 800
12:37:07.480 [FXGL Background Thread 3 ] DEBUG Engine               - is3D: false
12:37:07.480 [FXGL Background Thread 3 ] DEBUG Engine               - isAndroid: false
12:37:07.480 [FXGL Background Thread 3 ] DEBUG Engine               - isBrowser: false
12:37:07.480 [FXGL Background Thread 3 ] DEBUG Engine               - isClickFeedbackEnabled: false
12:37:07.480 [FXGL Background Thread 3 ] DEBUG Engine               - isCloseConfirmation: false
12:37:07.480 [FXGL Background Thread 3 ] DEBUG Engine               - isDesktop: true
12:37:07.480 [FXGL Background Thread 3 ] DEBUG Engine               - isDeveloperMenuEnabled: false
12:37:07.480 [FXGL Background Thread 3 ] DEBUG Engine               - isEmbedded: false
12:37:07.480 [FXGL Background Thread 3 ] DEBUG Engine               - isEntityPreloadEnabled: true
12:37:07.480 [FXGL Background Thread 3 ] DEBUG Engine               - isExperimentalTiledLargeMap: false
12:37:07.480 [FXGL Background Thread 3 ] DEBUG Engine               - isFileSystemWriteAllowed: true
12:37:07.480 [FXGL Background Thread 3 ] DEBUG Engine               - isFullScreenAllowed: false
12:37:07.480 [FXGL Background Thread 3 ] DEBUG Engine               - isFullScreenFromStart: false
12:37:07.480 [FXGL Background Thread 3 ] DEBUG Engine               - isGameMenuEnabled: true
12:37:07.481 [FXGL Background Thread 3 ] DEBUG Engine               - isIOS: false
12:37:07.481 [FXGL Background Thread 3 ] DEBUG Engine               - isIntroEnabled: false
12:37:07.481 [FXGL Background Thread 3 ] DEBUG Engine               - isLinux: true
12:37:07.481 [FXGL Background Thread 3 ] DEBUG Engine               - isMac: false
12:37:07.481 [FXGL Background Thread 3 ] DEBUG Engine               - isMainMenuEnabled: true
12:37:07.481 [FXGL Background Thread 3 ] DEBUG Engine               - isManualResizeEnabled: false
12:37:07.481 [FXGL Background Thread 3 ] DEBUG Engine               - isMobile: false
12:37:07.481 [FXGL Background Thread 3 ] DEBUG Engine               - isNative: false
12:37:07.481 [FXGL Background Thread 3 ] DEBUG Engine               - isPauseMusicWhenMinimized: true
12:37:07.481 [FXGL Background Thread 3 ] DEBUG Engine               - isPreserveResizeRatio: false
12:37:07.481 [FXGL Background Thread 3 ] DEBUG Engine               - isProfilingEnabled: false
12:37:07.481 [FXGL Background Thread 3 ] DEBUG Engine               - isScaleAffectedOnResize: true
12:37:07.481 [FXGL Background Thread 3 ] DEBUG Engine               - isSingleStep: false
12:37:07.481 [FXGL Background Thread 3 ] DEBUG Engine               - isUserProfileEnabled: false
12:37:07.481 [FXGL Background Thread 3 ] DEBUG Engine               - isWindows: false
12:37:07.481 [FXGL Background Thread 3 ] DEBUG Engine               - language: ObjectProperty [value: ENGLISH]
12:37:07.481 [FXGL Background Thread 3 ] DEBUG Engine               - menuKey: ESCAPE
12:37:07.481 [FXGL Background Thread 3 ] DEBUG Engine               - mouseSensitivity: 0.2
12:37:07.481 [FXGL Background Thread 3 ] DEBUG Engine               - notificationViewClass: class com.almasb.fxgl.notification.view.XboxNotificationView
12:37:07.481 [FXGL Background Thread 3 ] DEBUG Engine               - pixelsPerMeter: 50.0
12:37:07.481 [FXGL Background Thread 3 ] DEBUG Engine               - platform: LINUX
12:37:07.481 [FXGL Background Thread 3 ] DEBUG Engine               - prefHeightProperty: ReadOnlyDoubleProperty [value: 800.0]
12:37:07.481 [FXGL Background Thread 3 ] DEBUG Engine               - prefWidthProperty: ReadOnlyDoubleProperty [value: 800.0]
12:37:07.481 [FXGL Background Thread 3 ] DEBUG Engine               - profileDir: profiles/
12:37:07.481 [FXGL Background Thread 3 ] DEBUG Engine               - profileName: StringProperty [value: DEFAULT]
12:37:07.481 [FXGL Background Thread 3 ] DEBUG Engine               - randomSeed: -1
12:37:07.482 [FXGL Background Thread 3 ] DEBUG Engine               - runtimeInfo: RuntimeInfo(platform=LINUX, version=17.2, build=20.08.2022 16.50)
12:37:07.482 [FXGL Background Thread 3 ] DEBUG Engine               - saveFileExt: sav
12:37:07.482 [FXGL Background Thread 3 ] DEBUG Engine               - scaledHeightProp$fxgl: DoubleProperty [bound, value: 806.0]
12:37:07.482 [FXGL Background Thread 3 ] DEBUG Engine               - scaledWidthProp$fxgl: DoubleProperty [bound, value: 806.0]
12:37:07.482 [FXGL Background Thread 3 ] DEBUG Engine               - sceneFactory: com.example.basicgameapp.sceneFactory@52dadcb9
12:37:07.482 [FXGL Background Thread 3 ] DEBUG Engine               - secondsIn24h: 60
12:37:07.482 [FXGL Background Thread 3 ] DEBUG Engine               - soundMenuBack: menu/back.wav
12:37:07.482 [FXGL Background Thread 3 ] DEBUG Engine               - soundMenuPress: menu/press.wav
12:37:07.482 [FXGL Background Thread 3 ] DEBUG Engine               - soundMenuSelect: menu/select.wav
12:37:07.482 [FXGL Background Thread 3 ] DEBUG Engine               - soundNotification: core/notification.wav
12:37:07.483 [FXGL Background Thread 3 ] DEBUG Engine               - stageStyle: DECORATED
12:37:07.483 [FXGL Background Thread 3 ] DEBUG Engine               - supportedLanguages: [ENGLISH, FRENCH, GERMAN, HUNGARIAN, RUSSIAN]
12:37:07.483 [FXGL Background Thread 3 ] DEBUG Engine               - ticksPerSecond: -1
12:37:07.483 [FXGL Background Thread 3 ] DEBUG Engine               - title: WorldHELL 0 
12:37:07.483 [FXGL Background Thread 3 ] DEBUG Engine               - urlGithub: https://github.com/AlmasB/FXGL
12:37:07.483 [FXGL Background Thread 3 ] DEBUG Engine               - urlLeaderboard: http://fxgl-top.herokuapp.com/
12:37:07.483 [FXGL Background Thread 3 ] DEBUG Engine               - urlPOM: https://raw.githubusercontent.com/AlmasB/FXGL/release/README.md
12:37:07.483 [FXGL Background Thread 3 ] DEBUG Engine               - userAppClass: class com.example.basicgameapp.BasicGameApp
12:37:07.483 [FXGL Background Thread 3 ] DEBUG Engine               - version: 0.1
12:37:07.483 [FXGL Background Thread 3 ] DEBUG Engine               - versionCheckDays: 7
12:37:07.483 [FXGL Background Thread 3 ] DEBUG Engine               - width: 800
12:37:07.483 [FXGL Background Thread 3 ] DEBUG Engine               - Logging services
12:37:07.483 [FXGL Background Thread 3 ] DEBUG Engine               - class com.almasb.fxgl.app.services.FXGLAssetLoaderService
12:37:07.483 [FXGL Background Thread 3 ] DEBUG Engine               - class com.almasb.fxgl.app.FXGLApplication$GameApplicationService
12:37:07.483 [FXGL Background Thread 3 ] DEBUG Engine               - class com.almasb.fxgl.app.services.FXGLDialogService
12:37:07.483 [FXGL Background Thread 3 ] DEBUG Engine               - class com.almasb.fxgl.app.services.IOTaskExecutorService
12:37:07.483 [FXGL Background Thread 3 ] DEBUG Engine               - class com.almasb.fxgl.io.FileSystemService
12:37:07.483 [FXGL Background Thread 3 ] DEBUG Engine               - class com.almasb.fxgl.localization.LocalizationService
12:37:07.483 [FXGL Background Thread 3 ] DEBUG Engine               - class com.almasb.fxgl.app.services.SystemBundleService
12:37:07.483 [FXGL Background Thread 3 ] DEBUG Engine               - class com.almasb.fxgl.profile.SaveLoadService
12:37:07.483 [FXGL Background Thread 3 ] DEBUG Engine               - class com.almasb.fxgl.ui.FXGLUIFactoryServiceProvider
12:37:07.483 [FXGL Background Thread 3 ] DEBUG Engine               - class com.almasb.fxgl.ui.FXGLDialogFactoryServiceProvider
12:37:07.483 [FXGL Background Thread 3 ] DEBUG Engine               - class com.almasb.fxgl.audio.AudioPlayer
12:37:07.483 [FXGL Background Thread 3 ] DEBUG Engine               - class com.almasb.fxgl.notification.impl.NotificationServiceProvider
12:37:07.483 [FXGL Background Thread 3 ] DEBUG Engine               - class com.almasb.fxgl.achievement.AchievementService
12:37:07.483 [FXGL Background Thread 3 ] DEBUG Engine               - class com.almasb.fxgl.cutscene.CutsceneService
12:37:07.483 [FXGL Background Thread 3 ] DEBUG Engine               - class com.almasb.fxgl.minigames.MiniGameService
12:37:07.483 [FXGL Background Thread 3 ] DEBUG Engine               - class com.almasb.fxgl.net.NetService
12:37:07.483 [FXGL Background Thread 3 ] DEBUG Engine               - class com.almasb.fxgl.app.services.UpdaterService
12:37:07.483 [FXGL Background Thread 3 ] DEBUG Engine               - class com.almasb.fxgl.dev.DevService
12:37:08.002 [JavaFX Application Thread] DEBUG FXGLApplication      - Exiting FXGL
12:37:08.003 [JavaFX Application Thread] DEBUG LoopRunner           - Stopping loop
12:37:08.003 [JavaFX Application Thread] DEBUG SystemBundleService  - Saving FXGL system data
12:37:08.006 [JavaFX Application Thread] DEBUG FileSystemAccess     - Writing to: /home/renz/Documents/world-hell/BasicGameApp/system/fxgl.bundle
12:37:08.010 [JavaFX Application Thread] DEBUG Async                - Shutting down background threads
12:37:08.010 [JavaFX Application Thread] DEBUG PrimaryStageWindow   - Closing main window
12:37:08.014 [JavaFX Application Thread] DEBUG Logger               - Closing Logger
